#
# There is insufficient memory for the Java Runtime Environment to continue.
# Native memory allocation (malloc) failed to allocate 1400176 bytes. Error detail: Chunk::new
# Possible reasons:
#   The system is out of physical RAM or swap space
#   This process is running with CompressedOops enabled, and the Java Heap may be blocking the growth of the native heap
# Possible solutions:
#   Reduce memory load on the system
#   Increase physical memory or swap space
#   Check if swap backing store is full
#   Decrease Java heap size (-Xmx/-Xms)
#   Decrease number of Java threads
#   Decrease Java thread stack sizes (-Xss)
#   Set larger code cache with -XX:ReservedCodeCacheSize=
#   JVM is running with Unscaled Compressed Oops mode in which the Java heap is
#     placed in the first 4GB address space. The Java Heap base address is the
#     maximum limit for the native heap growth. Please use -XX:HeapBaseMinAddress
#     to set the Java Heap base and to place the Java Heap above 4GB virtual address.
# This output file may be truncated or incomplete.
#
#  Out of Memory Error (arena.cpp:191), pid=22572, tid=18140
#
# JRE version: OpenJDK Runtime Environment Temurin-17.0.12+7 (17.0.12+7) (build 17.0.12+7)
# Java VM: OpenJDK 64-Bit Server VM Temurin-17.0.12+7 (17.0.12+7, mixed mode, tiered, compressed oops, compressed class ptrs, parallel gc, windows-amd64)
# No core dump will be written. Minidumps are not enabled by default on client versions of Windows
#

---------------  S U M M A R Y ------------

Command Line: --add-modules=ALL-SYSTEM --add-opens=java.base/java.util=ALL-UNNAMED --add-opens=java.base/java.lang=ALL-UNNAMED --add-opens=java.base/sun.nio.fs=ALL-UNNAMED -Declipse.application=org.eclipse.jdt.ls.core.id1 -Dosgi.bundles.defaultStartLevel=4 -Declipse.product=org.eclipse.jdt.ls.core.product -Djava.import.generatesMetadataFilesAtProjectRoot=false -DDetectVMInstallationsJob.disabled=true -Dfile.encoding=utf8 -XX:+UseParallelGC -XX:GCTimeRatio=4 -XX:AdaptiveSizePolicyWeight=90 -Dsun.zip.disableMemoryMapping=true -Xmx1G -Xms100m -Xlog:disable -javaagent:c:\Users\tarun\.vscode\extensions\redhat.java-1.35.0-win32-x64\lombok\lombok-1.18.33.jar c:\Users\tarun\.vscode\extensions\redhat.java-1.35.0-win32-x64\server\plugins\org.eclipse.equinox.launcher_1.6.900.v20240613-2009.jar -configuration c:\Users\tarun\AppData\Roaming\Code\User\globalStorage\redhat.java\1.35.0\config_ss_win -data c:\Users\tarun\AppData\Roaming\Code\User\workspaceStorage\3e039541554babdccf2a8c9dffd2df79\redhat.java\ss_ws --pipe=\\.\pipe\lsp-1ebb7f08178a2be7762b4f5d4ce761c6-sock

Host: 12th Gen Intel(R) Core(TM) i5-1240P, 16 cores, 15G,  Windows 11 , 64 bit Build 22621 (10.0.22621.3958)
Time: Sat Sep 28 12:32:43 2024 India Standard Time elapsed time: 4.581876 seconds (0d 0h 0m 4s)

---------------  T H R E A D  ---------------

Current thread (0x0000019074fb5190):  JavaThread "C2 CompilerThread7" daemon [_thread_in_native, id=18140, stack(0x00000026de900000,0x00000026dea00000)]


Current CompileTask:
C2:   4581 4430 %     4       org.lombokweb.asm.SymbolTable::<init> @ 98 (536 bytes)

Stack: [0x00000026de900000,0x00000026dea00000]
Native frames: (J=compiled Java code, j=interpreted, Vv=VM code, C=native code)
V  [jvm.dll+0x67f929]
V  [jvm.dll+0x8371ba]
V  [jvm.dll+0x838c7e]
V  [jvm.dll+0x8392e3]
V  [jvm.dll+0x24834f]
V  [jvm.dll+0xac9d4]
V  [jvm.dll+0xad01c]
V  [jvm.dll+0x367452]
V  [jvm.dll+0x1bd376]
V  [jvm.dll+0x21aa09]
V  [jvm.dll+0x219cf1]
V  [jvm.dll+0x1a58bd]
V  [jvm.dll+0x229a2d]
V  [jvm.dll+0x227bdc]
V  [jvm.dll+0x7ec1f7]
V  [jvm.dll+0x7e65dc]
V  [jvm.dll+0x67e7f7]
C  [ucrtbase.dll+0x29333]
C  [KERNEL32.DLL+0x1257d]
C  [ntdll.dll+0x5af08]


---------------  P R O C E S S  ---------------

Threads class SMR info:
_java_thread_list=0x000001900147c420, length=52, elements={
0x0000019058a69ea0, 0x0000019058b18f60, 0x000001906c8f17b0, 0x0000019071aaf1d0,
0x0000019071aafaa0, 0x0000019071ab0610, 0x0000019071ab1310, 0x0000019071ab50d0,
0x0000019071abb0c0, 0x0000019071ae42a0, 0x0000019071c4b4d0, 0x0000019071b80600,
0x0000019071b80e10, 0x0000019071b813e0, 0x0000019071c4c910, 0x0000019071c4ce20,
0x0000019071c4b9e0, 0x0000019071c4d840, 0x0000019071c4c400, 0x0000019071c4bef0,
0x0000019071c4a090, 0x0000019071c4a5a0, 0x0000019071c4aab0, 0x0000019071c4afc0,
0x0000019075a9e530, 0x0000019075a9b290, 0x0000019075a98a10, 0x0000019075a9d600,
0x0000019075a97ae0, 0x0000019075a9ef50, 0x0000019075a98500, 0x0000019075a98f20,
0x0000019075a9f460, 0x0000019075a9e020, 0x0000019075a99430, 0x0000019075a99940,
0x0000019075a9db10, 0x0000019075a97ff0, 0x0000019075a9bcb0, 0x0000019075a9a870,
0x0000019075a9c1c0, 0x0000019075a9ea40, 0x0000019075a9d0f0, 0x0000019075a9b7a0,
0x0000019076ff4780, 0x00000190758c4af0, 0x0000019075d475c0, 0x000001907589ff40,
0x0000019074fb7170, 0x0000019074fb66d0, 0x0000019074fb5190, 0x00000190778d98b0
}

Java Threads: ( => current thread )
  0x0000019058a69ea0 JavaThread "main" [_thread_blocked, id=22560, stack(0x00000026da800000,0x00000026da900000)]
  0x0000019058b18f60 JavaThread "Reference Handler" daemon [_thread_blocked, id=19408, stack(0x00000026dab00000,0x00000026dac00000)]
  0x000001906c8f17b0 JavaThread "Finalizer" daemon [_thread_blocked, id=22608, stack(0x00000026dac00000,0x00000026dad00000)]
  0x0000019071aaf1d0 JavaThread "Signal Dispatcher" daemon [_thread_blocked, id=21804, stack(0x00000026dad00000,0x00000026dae00000)]
  0x0000019071aafaa0 JavaThread "Attach Listener" daemon [_thread_blocked, id=22592, stack(0x00000026dae00000,0x00000026daf00000)]
  0x0000019071ab0610 JavaThread "Service Thread" daemon [_thread_blocked, id=19196, stack(0x00000026daf00000,0x00000026db000000)]
  0x0000019071ab1310 JavaThread "Monitor Deflation Thread" daemon [_thread_blocked, id=1860, stack(0x00000026db000000,0x00000026db100000)]
  0x0000019071ab50d0 JavaThread "C2 CompilerThread0" daemon [_thread_in_native, id=18104, stack(0x00000026db100000,0x00000026db200000)]
  0x0000019071abb0c0 JavaThread "C1 CompilerThread0" daemon [_thread_blocked, id=23164, stack(0x00000026db200000,0x00000026db300000)]
  0x0000019071ae42a0 JavaThread "Sweeper thread" daemon [_thread_blocked, id=23516, stack(0x00000026db300000,0x00000026db400000)]
  0x0000019071c4b4d0 JavaThread "Common-Cleaner" daemon [_thread_blocked, id=16768, stack(0x00000026db400000,0x00000026db500000)]
  0x0000019071b80600 JavaThread "C1 CompilerThread1" daemon [_thread_blocked, id=22620, stack(0x00000026db500000,0x00000026db600000)]
  0x0000019071b80e10 JavaThread "C1 CompilerThread2" daemon [_thread_blocked, id=6708, stack(0x00000026db600000,0x00000026db700000)]
  0x0000019071b813e0 JavaThread "C1 CompilerThread3" daemon [_thread_blocked, id=18056, stack(0x00000026db700000,0x00000026db800000)]
  0x0000019071c4c910 JavaThread "Notification Thread" daemon [_thread_blocked, id=22720, stack(0x00000026dba00000,0x00000026dbb00000)]
  0x0000019071c4ce20 JavaThread "Active Thread: Equinox Container: df163885-2157-4e7e-8338-ce615a90a910" [_thread_blocked, id=22712, stack(0x00000026dc100000,0x00000026dc200000)]
  0x0000019071c4b9e0 JavaThread "Framework Event Dispatcher: Equinox Container: df163885-2157-4e7e-8338-ce615a90a910" daemon [_thread_blocked, id=23520, stack(0x00000026dc200000,0x00000026dc300000)]
  0x0000019071c4d840 JavaThread "Start Level: Equinox Container: df163885-2157-4e7e-8338-ce615a90a910" daemon [_thread_blocked, id=13416, stack(0x00000026dc300000,0x00000026dc400000)]
  0x0000019071c4c400 JavaThread "SCR Component Actor" daemon [_thread_blocked, id=20272, stack(0x00000026dc400000,0x00000026dc500000)]
  0x0000019071c4bef0 JavaThread "SCR Component Registry" daemon [_thread_blocked, id=23380, stack(0x00000026dc700000,0x00000026dc800000)]
  0x0000019071c4a090 JavaThread "Worker-JM" [_thread_blocked, id=23444, stack(0x00000026dc800000,0x00000026dc900000)]
  0x0000019071c4a5a0 JavaThread "JNA Cleaner" daemon [_thread_blocked, id=22644, stack(0x00000026db900000,0x00000026dba00000)]
  0x0000019071c4aab0 JavaThread "Worker-0: Shutdown..." [_thread_in_Java, id=13040, stack(0x00000026dcc00000,0x00000026dcd00000)]
  0x0000019071c4afc0 JavaThread "Worker-1" [_thread_blocked, id=22652, stack(0x00000026dcd00000,0x00000026dce00000)]
  0x0000019075a9e530 JavaThread "Thread-2" daemon [_thread_in_native, id=9280, stack(0x00000026dd100000,0x00000026dd200000)]
  0x0000019075a9b290 JavaThread "Thread-3" daemon [_thread_in_native, id=17288, stack(0x00000026dd200000,0x00000026dd300000)]
  0x0000019075a98a10 JavaThread "Thread-4" daemon [_thread_in_native, id=23060, stack(0x00000026dd300000,0x00000026dd400000)]
  0x0000019075a9d600 JavaThread "Thread-5" daemon [_thread_in_native, id=23464, stack(0x00000026dd400000,0x00000026dd500000)]
  0x0000019075a97ae0 JavaThread "Thread-6" daemon [_thread_in_native, id=16984, stack(0x00000026dd500000,0x00000026dd600000)]
  0x0000019075a9ef50 JavaThread "Thread-7" daemon [_thread_in_native, id=14972, stack(0x00000026dd600000,0x00000026dd700000)]
  0x0000019075a98500 JavaThread "Thread-8" daemon [_thread_in_native, id=8976, stack(0x00000026dd700000,0x00000026dd800000)]
  0x0000019075a98f20 JavaThread "Thread-9" daemon [_thread_in_native, id=4464, stack(0x00000026dd800000,0x00000026dd900000)]
  0x0000019075a9f460 JavaThread "Thread-10" daemon [_thread_in_native, id=4956, stack(0x00000026dd900000,0x00000026dda00000)]
  0x0000019075a9e020 JavaThread "Thread-11" daemon [_thread_in_native, id=22968, stack(0x00000026dda00000,0x00000026ddb00000)]
  0x0000019075a99430 JavaThread "Thread-12" daemon [_thread_in_native, id=23068, stack(0x00000026ddb00000,0x00000026ddc00000)]
  0x0000019075a99940 JavaThread "Thread-13" daemon [_thread_in_native, id=15228, stack(0x00000026ddc00000,0x00000026ddd00000)]
  0x0000019075a9db10 JavaThread "Thread-14" daemon [_thread_in_native, id=23192, stack(0x00000026ddd00000,0x00000026dde00000)]
  0x0000019075a97ff0 JavaThread "Thread-15" daemon [_thread_in_native, id=23252, stack(0x00000026dde00000,0x00000026ddf00000)]
  0x0000019075a9bcb0 JavaThread "Thread-16" daemon [_thread_in_native, id=22836, stack(0x00000026ddf00000,0x00000026de000000)]
  0x0000019075a9a870 JavaThread "Thread-17" daemon [_thread_in_native, id=16132, stack(0x00000026de000000,0x00000026de100000)]
  0x0000019075a9c1c0 JavaThread "Thread-18" daemon [_thread_in_native, id=23156, stack(0x00000026de100000,0x00000026de200000)]
  0x0000019075a9ea40 JavaThread "pool-2-thread-1" [_thread_blocked, id=23044, stack(0x00000026de200000,0x00000026de300000)]
  0x0000019075a9d0f0 JavaThread "WorkspaceEventsHandler" [_thread_in_vm, id=22828, stack(0x00000026de300000,0x00000026de400000)]
  0x0000019075a9b7a0 JavaThread "pool-1-thread-1" [_thread_blocked, id=22820, stack(0x00000026de400000,0x00000026de500000)]
  0x0000019076ff4780 JavaThread "C2 CompilerThread1" daemon [_thread_blocked, id=23052, stack(0x00000026db800000,0x00000026db900000)]
  0x00000190758c4af0 JavaThread "C2 CompilerThread2" daemon [_thread_in_native, id=17796, stack(0x00000026dce00000,0x00000026dcf00000)]
  0x0000019075d475c0 JavaThread "C2 CompilerThread3" daemon [_thread_in_native, id=22164, stack(0x00000026de500000,0x00000026de600000)]
  0x000001907589ff40 JavaThread "C2 CompilerThread4" daemon [_thread_in_native, id=22996, stack(0x00000026de600000,0x00000026de700000)]
  0x0000019074fb7170 JavaThread "C2 CompilerThread5" daemon [_thread_in_native, id=22948, stack(0x00000026de700000,0x00000026de800000)]
  0x0000019074fb66d0 JavaThread "C2 CompilerThread6" daemon [_thread_blocked, id=23012, stack(0x00000026de800000,0x00000026de900000)]
=>0x0000019074fb5190 JavaThread "C2 CompilerThread7" daemon [_thread_in_native, id=18140, stack(0x00000026de900000,0x00000026dea00000)]
  0x00000190778d98b0 JavaThread "ForkJoinPool.commonPool-worker-1" daemon [_thread_blocked, id=11536, stack(0x00000026dea00000,0x00000026deb00000)]

Other Threads:
  0x0000019058b15c90 VMThread "VM Thread" [stack: 0x00000026daa00000,0x00000026dab00000] [id=11928]
  0x0000019073cc1ed0 WatcherThread [stack: 0x00000026dbb00000,0x00000026dbc00000] [id=22700]
  0x0000019058a7ef20 GCTaskThread "GC Thread#0" [stack: 0x00000026da900000,0x00000026daa00000] [id=23032]
  0x000001907439c4b0 GCTaskThread "GC Thread#1" [stack: 0x00000026dbc00000,0x00000026dbd00000] [id=18508]
  0x000001907439eb90 GCTaskThread "GC Thread#2" [stack: 0x00000026dbd00000,0x00000026dbe00000] [id=22536]
  0x000001907439ee50 GCTaskThread "GC Thread#3" [stack: 0x00000026dbe00000,0x00000026dbf00000] [id=22728]
  0x000001907439f110 GCTaskThread "GC Thread#4" [stack: 0x00000026dbf00000,0x00000026dc000000] [id=22320]
  0x000001907439f3d0 GCTaskThread "GC Thread#5" [stack: 0x00000026dc000000,0x00000026dc100000] [id=22788]
  0x0000019074689e30 GCTaskThread "GC Thread#6" [stack: 0x00000026dc500000,0x00000026dc600000] [id=23396]
  0x0000019074006990 GCTaskThread "GC Thread#7" [stack: 0x00000026dc600000,0x00000026dc700000] [id=20620]
  0x000001907495c650 GCTaskThread "GC Thread#8" [stack: 0x00000026dc900000,0x00000026dca00000] [id=7280]
  0x000001907495c910 GCTaskThread "GC Thread#9" [stack: 0x00000026dca00000,0x00000026dcb00000] [id=23336]
  0x00000190749fccd0 GCTaskThread "GC Thread#10" [stack: 0x00000026dcb00000,0x00000026dcc00000] [id=23524]
  0x0000019074a36b80 GCTaskThread "GC Thread#11" [stack: 0x00000026dcf00000,0x00000026dd000000] [id=17444]
  0x0000019074a36850 GCTaskThread "GC Thread#12" [stack: 0x00000026dd000000,0x00000026dd100000] [id=22532]

Threads with active compile tasks:
C2 CompilerThread0     4613 4511   !   4       org.eclipse.osgi.internal.loader.classpath.ClasspathManager::findLocalClass (210 bytes)
C1 CompilerThread1     4613 4564   !   3       org.eclipse.jdt.internal.compiler.parser.Scanner::jumpOverMethodBody (2553 bytes)
C2 CompilerThread2     4613 4459 %     4       org.lombokweb.asm.ClassReader::readCode @ 2186 (5117 bytes)
C2 CompilerThread3     4613 4453       4       org.lombokweb.asm.ClassReader::readMethod (1066 bytes)
C2 CompilerThread4     4613 4513       4       java.lang.invoke.MethodType::makeImpl (109 bytes)
C2 CompilerThread5     4613 4550   !   4       org.eclipse.jdt.internal.compiler.parser.Scanner::getNextToken0 (3030 bytes)
C2 CompilerThread7     4613 4430 %     4       org.lombokweb.asm.SymbolTable::<init> @ 98 (536 bytes)

VM state: not at safepoint (normal execution)

VM Mutex/Monitor currently owned by a thread: None

Heap address: 0x00000000c0000000, size: 1024 MB, Compressed Oops mode: 32-bit

CDS archive(s) not mapped
Compressed class space mapped at: 0x0000000100000000-0x0000000140000000, reserved size: 1073741824
Narrow klass base: 0x0000000000000000, Narrow klass shift: 3, Narrow klass range: 0x140000000

GC Precious Log:
 CPUs: 16 total, 16 available
 Memory: 16088M
 Large Page Support: Disabled
 NUMA Support: Disabled
 Compressed Oops: Enabled (32-bit)
 Alignments: Space 512K, Generation 512K, Heap 2M
 Heap Min Capacity: 100M
 Heap Initial Capacity: 100M
 Heap Max Capacity: 1G
 Pre-touch: Disabled
 Parallel Workers: 13

Heap:
 PSYoungGen      total 17408K, used 3853K [0x00000000eab00000, 0x00000000ec100000, 0x0000000100000000)
  eden space 16896K, 21% used [0x00000000eab00000,0x00000000eae837f0,0x00000000ebb80000)
  from space 512K, 50% used [0x00000000ec080000,0x00000000ec0c0000,0x00000000ec100000)
  to   space 1024K, 0% used [0x00000000ebf00000,0x00000000ebf00000,0x00000000ec000000)
 ParOldGen       total 68608K, used 30975K [0x00000000c0000000, 0x00000000c4300000, 0x00000000eab00000)
  object space 68608K, 45% used [0x00000000c0000000,0x00000000c1e3fc50,0x00000000c4300000)
 Metaspace       used 42498K, committed 43328K, reserved 1114112K
  class space    used 4258K, committed 4608K, reserved 1048576K

Card table byte_map: [0x0000019058430000,0x0000019058640000] _byte_map_base: 0x0000019057e30000

Marking Bits: (ParMarkBitMap*) 0x00007ffc844858b0
 Begin Bits: [0x000001906a700000, 0x000001906b700000)
 End Bits:   [0x000001906b700000, 0x000001906c700000)

Polling page: 0x0000019058220000

Metaspace:

Usage:
  Non-class:     37.34 MB used.
      Class:      4.16 MB used.
       Both:     41.50 MB used.

Virtual space:
  Non-class space:       64.00 MB reserved,      37.81 MB ( 59%) committed,  1 nodes.
      Class space:        1.00 GB reserved,       4.50 MB ( <1%) committed,  1 nodes.
             Both:        1.06 GB reserved,      42.31 MB (  4%) committed. 

Chunk freelists:
   Non-Class:  10.16 MB
       Class:  11.47 MB
        Both:  21.63 MB

MaxMetaspaceSize: unlimited
CompressedClassSpaceSize: 1.00 GB
Initial GC threshold: 21.00 MB
Current GC threshold: 58.38 MB
CDS: off
MetaspaceReclaimPolicy: balanced
 - commit_granule_bytes: 65536.
 - commit_granule_words: 8192.
 - virtual_space_node_default_size: 8388608.
 - enlarge_chunks_in_place: 1.
 - new_chunks_are_fully_committed: 0.
 - uncommit_free_chunks: 1.
 - use_allocation_guard: 0.
 - handle_deallocations: 1.


Internal statistics:

num_allocs_failed_limit: 6.
num_arena_births: 450.
num_arena_deaths: 14.
num_vsnodes_births: 2.
num_vsnodes_deaths: 0.
num_space_committed: 677.
num_space_uncommitted: 0.
num_chunks_returned_to_freelist: 20.
num_chunks_taken_from_freelist: 1794.
num_chunk_merges: 8.
num_chunk_splits: 1187.
num_chunks_enlarged: 820.
num_inconsistent_stats: 0.

CodeHeap 'non-profiled nmethods': size=119168Kb used=2552Kb max_used=2552Kb free=116616Kb
 bounds [0x00000190632a0000, 0x0000019063520000, 0x000001906a700000]
CodeHeap 'profiled nmethods': size=119104Kb used=9634Kb max_used=9634Kb free=109469Kb
 bounds [0x000001905b700000, 0x000001905c070000, 0x0000019062b50000]
CodeHeap 'non-nmethods': size=7488Kb used=3009Kb max_used=3092Kb free=4478Kb
 bounds [0x0000019062b50000, 0x0000019062e60000, 0x00000190632a0000]
 total_blobs=5211 nmethods=4556 adapters=565
 compilation: enabled
              stopped_count=0, restarted_count=0
 full_count=0

Compilation events (20 events):
Event: 4.555 Thread 0x0000019071b80600 nmethod 4522 0x000001905bfefe10 code [0x000001905bff0020, 0x000001905bff0748]
Event: 4.556 Thread 0x0000019071abb0c0 4525       3       org.eclipse.core.runtime.Path::toFile (12 bytes)
Event: 4.556 Thread 0x0000019071abb0c0 nmethod 4525 0x000001905bff0a90 code [0x000001905bff0c40, 0x000001905bff0e18]
Event: 4.556 Thread 0x0000019071b813e0 4526       3       org.eclipse.jdt.internal.compiler.parser.Scanner::internalScanIdentifierOrKeyword (4945 bytes)
Event: 4.557 Thread 0x0000019071abb0c0 4530   !   3       org.eclipse.jdt.internal.compiler.parser.Scanner::getNextToken0 (3030 bytes)
Event: 4.557 Thread 0x0000019071b80600 4527       3       org.eclipse.jdt.internal.compiler.parser.Parser::consumeToken (2321 bytes)
Event: 4.566 Thread 0x0000019071b80600 nmethod 4527 0x000001905bff0f10 code [0x000001905bff1c20, 0x000001905bffa518]
Event: 4.566 Thread 0x0000019071b80600 4528       3       org.eclipse.jdt.internal.compiler.parser.Parser::fetchNextToken (8 bytes)
Event: 4.566 Thread 0x0000019071b80600 nmethod 4528 0x000001905bffc290 code [0x000001905bffc440, 0x000001905bffc608]
Event: 4.566 Thread 0x0000019071b80600 4529       3       org.eclipse.jdt.internal.compiler.parser.Scanner::getNextToken (182 bytes)
Event: 4.567 Thread 0x0000019071b80600 nmethod 4529 0x000001905bffc710 code [0x000001905bffc980, 0x000001905bffd938]
Event: 4.567 Thread 0x0000019071b80600 4531       3       org.eclipse.jdt.internal.compiler.parser.Scanner::updateCase (15 bytes)
Event: 4.567 Thread 0x0000019071b80600 nmethod 4531 0x000001905bffdb90 code [0x000001905bffdd20, 0x000001905bffde78]
Event: 4.567 Thread 0x0000019071b80600 4532       3       org.eclipse.jdt.internal.compiler.parser.Scanner::addTokenToLookBack (53 bytes)
Event: 4.568 Thread 0x0000019071b80600 nmethod 4532 0x000001905bffdf10 code [0x000001905bffe0c0, 0x000001905bffe2d8]
Event: 4.568 Thread 0x0000019071b80600 4533       3       org.eclipse.jdt.internal.compiler.parser.Scanner::mayBeAtCasePattern (24 bytes)
Event: 4.568 Thread 0x0000019071b80600 nmethod 4533 0x000001905bffe390 code [0x000001905bffe540, 0x000001905bffe898]
Event: 4.568 Thread 0x0000019071b80600 4534       1       org.eclipse.jdt.internal.compiler.impl.JavaFeature::getCompliance (5 bytes)
Event: 4.568 Thread 0x0000019071b80600 nmethod 4534 0x000001906351d390 code [0x000001906351d520, 0x000001906351d5f8]
Event: 4.575 Thread 0x0000019071b80600 4535       3       java.lang.invoke.Invokers::callSiteForm (308 bytes)

GC Heap History (20 events):
Event: 2.569 GC heap before
{Heap before GC invocations=11 (full 2):
 PSYoungGen      total 26624K, used 3051K [0x00000000eab00000, 0x00000000ec900000, 0x0000000100000000)
  eden space 23552K, 0% used [0x00000000eab00000,0x00000000eab00000,0x00000000ec200000)
  from space 3072K, 99% used [0x00000000ec280000,0x00000000ec57ac50,0x00000000ec580000)
  to   space 3584K, 0% used [0x00000000ec580000,0x00000000ec580000,0x00000000ec900000)
 ParOldGen       total 68608K, used 10113K [0x00000000c0000000, 0x00000000c4300000, 0x00000000eab00000)
  object space 68608K, 14% used [0x00000000c0000000,0x00000000c09e0470,0x00000000c4300000)
 Metaspace       used 35220K, committed 35840K, reserved 1114112K
  class space    used 3520K, committed 3776K, reserved 1048576K
}
Event: 2.586 GC heap after
{Heap after GC invocations=11 (full 2):
 PSYoungGen      total 26624K, used 0K [0x00000000eab00000, 0x00000000ec900000, 0x0000000100000000)
  eden space 23552K, 0% used [0x00000000eab00000,0x00000000eab00000,0x00000000ec200000)
  from space 3072K, 0% used [0x00000000ec280000,0x00000000ec280000,0x00000000ec580000)
  to   space 3584K, 0% used [0x00000000ec580000,0x00000000ec580000,0x00000000ec900000)
 ParOldGen       total 68608K, used 12759K [0x00000000c0000000, 0x00000000c4300000, 0x00000000eab00000)
  object space 68608K, 18% used [0x00000000c0000000,0x00000000c0c75e10,0x00000000c4300000)
 Metaspace       used 35220K, committed 35840K, reserved 1114112K
  class space    used 3520K, committed 3776K, reserved 1048576K
}
Event: 3.378 GC heap before
{Heap before GC invocations=12 (full 2):
 PSYoungGen      total 26624K, used 23552K [0x00000000eab00000, 0x00000000ec900000, 0x0000000100000000)
  eden space 23552K, 100% used [0x00000000eab00000,0x00000000ec200000,0x00000000ec200000)
  from space 3072K, 0% used [0x00000000ec280000,0x00000000ec280000,0x00000000ec580000)
  to   space 3584K, 0% used [0x00000000ec580000,0x00000000ec580000,0x00000000ec900000)
 ParOldGen       total 68608K, used 12759K [0x00000000c0000000, 0x00000000c4300000, 0x00000000eab00000)
  object space 68608K, 18% used [0x00000000c0000000,0x00000000c0c75e10,0x00000000c4300000)
 Metaspace       used 38236K, committed 38976K, reserved 1114112K
  class space    used 3852K, committed 4160K, reserved 1048576K
}
Event: 3.380 GC heap after
{Heap after GC invocations=12 (full 2):
 PSYoungGen      total 25088K, used 1920K [0x00000000eab00000, 0x00000000ec780000, 0x0000000100000000)
  eden space 23040K, 0% used [0x00000000eab00000,0x00000000eab00000,0x00000000ec180000)
  from space 2048K, 93% used [0x00000000ec580000,0x00000000ec760030,0x00000000ec780000)
  to   space 2560K, 0% used [0x00000000ec280000,0x00000000ec280000,0x00000000ec500000)
 ParOldGen       total 68608K, used 12767K [0x00000000c0000000, 0x00000000c4300000, 0x00000000eab00000)
  object space 68608K, 18% used [0x00000000c0000000,0x00000000c0c77e10,0x00000000c4300000)
 Metaspace       used 38236K, committed 38976K, reserved 1114112K
  class space    used 3852K, committed 4160K, reserved 1048576K
}
Event: 3.472 GC heap before
{Heap before GC invocations=13 (full 2):
 PSYoungGen      total 25088K, used 24960K [0x00000000eab00000, 0x00000000ec780000, 0x0000000100000000)
  eden space 23040K, 100% used [0x00000000eab00000,0x00000000ec180000,0x00000000ec180000)
  from space 2048K, 93% used [0x00000000ec580000,0x00000000ec760030,0x00000000ec780000)
  to   space 2560K, 0% used [0x00000000ec280000,0x00000000ec280000,0x00000000ec500000)
 ParOldGen       total 68608K, used 12767K [0x00000000c0000000, 0x00000000c4300000, 0x00000000eab00000)
  object space 68608K, 18% used [0x00000000c0000000,0x00000000c0c77e10,0x00000000c4300000)
 Metaspace       used 38329K, committed 39040K, reserved 1114112K
  class space    used 3856K, committed 4160K, reserved 1048576K
}
Event: 3.475 GC heap after
{Heap after GC invocations=13 (full 2):
 PSYoungGen      total 25088K, used 2513K [0x00000000eab00000, 0x00000000ec700000, 0x0000000100000000)
  eden space 22528K, 0% used [0x00000000eab00000,0x00000000eab00000,0x00000000ec100000)
  from space 2560K, 98% used [0x00000000ec280000,0x00000000ec4f4410,0x00000000ec500000)
  to   space 2048K, 0% used [0x00000000ec500000,0x00000000ec500000,0x00000000ec700000)
 ParOldGen       total 68608K, used 14499K [0x00000000c0000000, 0x00000000c4300000, 0x00000000eab00000)
  object space 68608K, 21% used [0x00000000c0000000,0x00000000c0e28c58,0x00000000c4300000)
 Metaspace       used 38329K, committed 39040K, reserved 1114112K
  class space    used 3856K, committed 4160K, reserved 1048576K
}
Event: 3.657 GC heap before
{Heap before GC invocations=14 (full 2):
 PSYoungGen      total 25088K, used 25041K [0x00000000eab00000, 0x00000000ec700000, 0x0000000100000000)
  eden space 22528K, 100% used [0x00000000eab00000,0x00000000ec100000,0x00000000ec100000)
  from space 2560K, 98% used [0x00000000ec280000,0x00000000ec4f4410,0x00000000ec500000)
  to   space 2048K, 0% used [0x00000000ec500000,0x00000000ec500000,0x00000000ec700000)
 ParOldGen       total 68608K, used 14499K [0x00000000c0000000, 0x00000000c4300000, 0x00000000eab00000)
  object space 68608K, 21% used [0x00000000c0000000,0x00000000c0e28c58,0x00000000c4300000)
 Metaspace       used 38416K, committed 39104K, reserved 1114112K
  class space    used 3867K, committed 4160K, reserved 1048576K
}
Event: 3.661 GC heap after
{Heap after GC invocations=14 (full 2):
 PSYoungGen      total 23552K, used 2018K [0x00000000eab00000, 0x00000000eca80000, 0x0000000100000000)
  eden space 21504K, 0% used [0x00000000eab00000,0x00000000eab00000,0x00000000ec000000)
  from space 2048K, 98% used [0x00000000ec500000,0x00000000ec6f8810,0x00000000ec700000)
  to   space 5120K, 0% used [0x00000000ec000000,0x00000000ec000000,0x00000000ec500000)
 ParOldGen       total 68608K, used 17051K [0x00000000c0000000, 0x00000000c4300000, 0x00000000eab00000)
  object space 68608K, 24% used [0x00000000c0000000,0x00000000c10a6c58,0x00000000c4300000)
 Metaspace       used 38416K, committed 39104K, reserved 1114112K
  class space    used 3867K, committed 4160K, reserved 1048576K
}
Event: 3.734 GC heap before
{Heap before GC invocations=15 (full 2):
 PSYoungGen      total 23552K, used 23522K [0x00000000eab00000, 0x00000000eca80000, 0x0000000100000000)
  eden space 21504K, 100% used [0x00000000eab00000,0x00000000ec000000,0x00000000ec000000)
  from space 2048K, 98% used [0x00000000ec500000,0x00000000ec6f8810,0x00000000ec700000)
  to   space 5120K, 0% used [0x00000000ec000000,0x00000000ec000000,0x00000000ec500000)
 ParOldGen       total 68608K, used 17051K [0x00000000c0000000, 0x00000000c4300000, 0x00000000eab00000)
  object space 68608K, 24% used [0x00000000c0000000,0x00000000c10a6c58,0x00000000c4300000)
 Metaspace       used 38418K, committed 39104K, reserved 1114112K
  class space    used 3867K, committed 4160K, reserved 1048576K
}
Event: 3.738 GC heap after
{Heap after GC invocations=15 (full 2):
 PSYoungGen      total 24064K, used 2336K [0x00000000eab00000, 0x00000000ec700000, 0x0000000100000000)
  eden space 21504K, 0% used [0x00000000eab00000,0x00000000eab00000,0x00000000ec000000)
  from space 2560K, 91% used [0x00000000ec000000,0x00000000ec248000,0x00000000ec280000)
  to   space 3584K, 0% used [0x00000000ec380000,0x00000000ec380000,0x00000000ec700000)
 ParOldGen       total 68608K, used 19112K [0x00000000c0000000, 0x00000000c4300000, 0x00000000eab00000)
  object space 68608K, 27% used [0x00000000c0000000,0x00000000c12aa368,0x00000000c4300000)
 Metaspace       used 38418K, committed 39104K, reserved 1114112K
  class space    used 3867K, committed 4160K, reserved 1048576K
}
Event: 3.798 GC heap before
{Heap before GC invocations=16 (full 2):
 PSYoungGen      total 24064K, used 23840K [0x00000000eab00000, 0x00000000ec700000, 0x0000000100000000)
  eden space 21504K, 100% used [0x00000000eab00000,0x00000000ec000000,0x00000000ec000000)
  from space 2560K, 91% used [0x00000000ec000000,0x00000000ec248000,0x00000000ec280000)
  to   space 3584K, 0% used [0x00000000ec380000,0x00000000ec380000,0x00000000ec700000)
 ParOldGen       total 68608K, used 19112K [0x00000000c0000000, 0x00000000c4300000, 0x00000000eab00000)
  object space 68608K, 27% used [0x00000000c0000000,0x00000000c12aa368,0x00000000c4300000)
 Metaspace       used 38418K, committed 39104K, reserved 1114112K
  class space    used 3867K, committed 4160K, reserved 1048576K
}
Event: 3.802 GC heap after
{Heap after GC invocations=16 (full 2):
 PSYoungGen      total 25088K, used 3044K [0x00000000eab00000, 0x00000000ec700000, 0x0000000100000000)
  eden space 21504K, 0% used [0x00000000eab00000,0x00000000eab00000,0x00000000ec000000)
  from space 3584K, 84% used [0x00000000ec380000,0x00000000ec679010,0x00000000ec700000)
  to   space 3584K, 0% used [0x00000000ec000000,0x00000000ec000000,0x00000000ec380000)
 ParOldGen       total 68608K, used 21229K [0x00000000c0000000, 0x00000000c4300000, 0x00000000eab00000)
  object space 68608K, 30% used [0x00000000c0000000,0x00000000c14bb468,0x00000000c4300000)
 Metaspace       used 38418K, committed 39104K, reserved 1114112K
  class space    used 3867K, committed 4160K, reserved 1048576K
}
Event: 3.871 GC heap before
{Heap before GC invocations=17 (full 2):
 PSYoungGen      total 25088K, used 24548K [0x00000000eab00000, 0x00000000ec700000, 0x0000000100000000)
  eden space 21504K, 100% used [0x00000000eab00000,0x00000000ec000000,0x00000000ec000000)
  from space 3584K, 84% used [0x00000000ec380000,0x00000000ec679010,0x00000000ec700000)
  to   space 3584K, 0% used [0x00000000ec000000,0x00000000ec000000,0x00000000ec380000)
 ParOldGen       total 68608K, used 21229K [0x00000000c0000000, 0x00000000c4300000, 0x00000000eab00000)
  object space 68608K, 30% used [0x00000000c0000000,0x00000000c14bb468,0x00000000c4300000)
 Metaspace       used 38425K, committed 39168K, reserved 1114112K
  class space    used 3867K, committed 4160K, reserved 1048576K
}
Event: 3.876 GC heap after
{Heap after GC invocations=17 (full 2):
 PSYoungGen      total 24064K, used 2424K [0x00000000eab00000, 0x00000000ec600000, 0x0000000100000000)
  eden space 21504K, 0% used [0x00000000eab00000,0x00000000eab00000,0x00000000ec000000)
  from space 2560K, 94% used [0x00000000ec000000,0x00000000ec25e200,0x00000000ec280000)
  to   space 3072K, 0% used [0x00000000ec300000,0x00000000ec300000,0x00000000ec600000)
 ParOldGen       total 68608K, used 24025K [0x00000000c0000000, 0x00000000c4300000, 0x00000000eab00000)
  object space 68608K, 35% used [0x00000000c0000000,0x00000000c1776478,0x00000000c4300000)
 Metaspace       used 38425K, committed 39168K, reserved 1114112K
  class space    used 3867K, committed 4160K, reserved 1048576K
}
Event: 4.232 GC heap before
{Heap before GC invocations=18 (full 2):
 PSYoungGen      total 24064K, used 23928K [0x00000000eab00000, 0x00000000ec600000, 0x0000000100000000)
  eden space 21504K, 100% used [0x00000000eab00000,0x00000000ec000000,0x00000000ec000000)
  from space 2560K, 94% used [0x00000000ec000000,0x00000000ec25e200,0x00000000ec280000)
  to   space 3072K, 0% used [0x00000000ec300000,0x00000000ec300000,0x00000000ec600000)
 ParOldGen       total 68608K, used 24025K [0x00000000c0000000, 0x00000000c4300000, 0x00000000eab00000)
  object space 68608K, 35% used [0x00000000c0000000,0x00000000c1776478,0x00000000c4300000)
 Metaspace       used 40868K, committed 41600K, reserved 1114112K
  class space    used 4123K, committed 4416K, reserved 1048576K
}
Event: 4.236 GC heap after
{Heap after GC invocations=18 (full 2):
 PSYoungGen      total 19968K, used 3068K [0x00000000eab00000, 0x00000000ecf00000, 0x0000000100000000)
  eden space 16896K, 0% used [0x00000000eab00000,0x00000000eab00000,0x00000000ebb80000)
  from space 3072K, 99% used [0x00000000ec300000,0x00000000ec5ff058,0x00000000ec600000)
  to   space 7680K, 0% used [0x00000000ebb80000,0x00000000ebb80000,0x00000000ec300000)
 ParOldGen       total 68608K, used 27798K [0x00000000c0000000, 0x00000000c4300000, 0x00000000eab00000)
  object space 68608K, 40% used [0x00000000c0000000,0x00000000c1b25a10,0x00000000c4300000)
 Metaspace       used 40868K, committed 41600K, reserved 1114112K
  class space    used 4123K, committed 4416K, reserved 1048576K
}
Event: 4.315 GC heap before
{Heap before GC invocations=19 (full 2):
 PSYoungGen      total 19968K, used 19964K [0x00000000eab00000, 0x00000000ecf00000, 0x0000000100000000)
  eden space 16896K, 100% used [0x00000000eab00000,0x00000000ebb80000,0x00000000ebb80000)
  from space 3072K, 99% used [0x00000000ec300000,0x00000000ec5ff058,0x00000000ec600000)
  to   space 7680K, 0% used [0x00000000ebb80000,0x00000000ebb80000,0x00000000ec300000)
 ParOldGen       total 68608K, used 27798K [0x00000000c0000000, 0x00000000c4300000, 0x00000000eab00000)
  object space 68608K, 40% used [0x00000000c0000000,0x00000000c1b25a10,0x00000000c4300000)
 Metaspace       used 40893K, committed 41664K, reserved 1114112K
  class space    used 4123K, committed 4416K, reserved 1048576K
}
Event: 4.318 GC heap after
{Heap after GC invocations=19 (full 2):
 PSYoungGen      total 17920K, used 758K [0x00000000eab00000, 0x00000000ec380000, 0x0000000100000000)
  eden space 16896K, 0% used [0x00000000eab00000,0x00000000eab00000,0x00000000ebb80000)
  from space 1024K, 74% used [0x00000000ebb80000,0x00000000ebc3daf8,0x00000000ebc80000)
  to   space 3072K, 0% used [0x00000000ec080000,0x00000000ec080000,0x00000000ec380000)
 ParOldGen       total 68608K, used 30911K [0x00000000c0000000, 0x00000000c4300000, 0x00000000eab00000)
  object space 68608K, 45% used [0x00000000c0000000,0x00000000c1e2fc50,0x00000000c4300000)
 Metaspace       used 40893K, committed 41664K, reserved 1114112K
  class space    used 4123K, committed 4416K, reserved 1048576K
}
Event: 4.473 GC heap before
{Heap before GC invocations=20 (full 2):
 PSYoungGen      total 17920K, used 17654K [0x00000000eab00000, 0x00000000ec380000, 0x0000000100000000)
  eden space 16896K, 100% used [0x00000000eab00000,0x00000000ebb80000,0x00000000ebb80000)
  from space 1024K, 74% used [0x00000000ebb80000,0x00000000ebc3daf8,0x00000000ebc80000)
  to   space 3072K, 0% used [0x00000000ec080000,0x00000000ec080000,0x00000000ec380000)
 ParOldGen       total 68608K, used 30911K [0x00000000c0000000, 0x00000000c4300000, 0x00000000eab00000)
  object space 68608K, 45% used [0x00000000c0000000,0x00000000c1e2fc50,0x00000000c4300000)
 Metaspace       used 41521K, committed 42304K, reserved 1114112K
  class space    used 4184K, committed 4480K, reserved 1048576K
}
Event: 4.474 GC heap after
{Heap after GC invocations=20 (full 2):
 PSYoungGen      total 17408K, used 256K [0x00000000eab00000, 0x00000000ec100000, 0x0000000100000000)
  eden space 16896K, 0% used [0x00000000eab00000,0x00000000eab00000,0x00000000ebb80000)
  from space 512K, 50% used [0x00000000ec080000,0x00000000ec0c0000,0x00000000ec100000)
  to   space 1024K, 0% used [0x00000000ebf00000,0x00000000ebf00000,0x00000000ec000000)
 ParOldGen       total 68608K, used 30975K [0x00000000c0000000, 0x00000000c4300000, 0x00000000eab00000)
  object space 68608K, 45% used [0x00000000c0000000,0x00000000c1e3fc50,0x00000000c4300000)
 Metaspace       used 41521K, committed 42304K, reserved 1114112K
  class space    used 4184K, committed 4480K, reserved 1048576K
}

Dll operation events (10 events):
Event: 0.011 Loaded shared library c:\Users\tarun\.vscode\extensions\redhat.java-1.35.0-win32-x64\jre\17.0.12-win32-x86_64\bin\java.dll
Event: 0.142 Loaded shared library c:\Users\tarun\.vscode\extensions\redhat.java-1.35.0-win32-x64\jre\17.0.12-win32-x86_64\bin\zip.dll
Event: 0.146 Loaded shared library C:\Users\tarun\.vscode\extensions\redhat.java-1.35.0-win32-x64\jre\17.0.12-win32-x86_64\bin\instrument.dll
Event: 0.155 Loaded shared library C:\Users\tarun\.vscode\extensions\redhat.java-1.35.0-win32-x64\jre\17.0.12-win32-x86_64\bin\net.dll
Event: 0.156 Loaded shared library C:\Users\tarun\.vscode\extensions\redhat.java-1.35.0-win32-x64\jre\17.0.12-win32-x86_64\bin\nio.dll
Event: 0.162 Loaded shared library C:\Users\tarun\.vscode\extensions\redhat.java-1.35.0-win32-x64\jre\17.0.12-win32-x86_64\bin\zip.dll
Event: 0.175 Loaded shared library C:\Users\tarun\.vscode\extensions\redhat.java-1.35.0-win32-x64\jre\17.0.12-win32-x86_64\bin\jimage.dll
Event: 0.220 Loaded shared library c:\Users\tarun\.vscode\extensions\redhat.java-1.35.0-win32-x64\jre\17.0.12-win32-x86_64\bin\verify.dll
Event: 1.013 Loaded shared library C:\Users\tarun\AppData\Roaming\Code\User\globalStorage\redhat.java\1.35.0\config_ss_win\org.eclipse.equinox.launcher\org.eclipse.equinox.launcher.win32.win32.x86_64_1.2.1100.v20240722-2106\eclipse_11904.dll
Event: 1.650 Loaded shared library C:\Users\tarun\AppData\Local\Temp\jna-110131454\jna6844206141951733783.dll

Deoptimization events (20 events):
Event: 4.263 Thread 0x0000019075a9d0f0 Uncommon trap: trap_request=0xffffffde fr.pc=0x00000190633a7fb8 relative=0x0000000000000ff8
Event: 4.263 Thread 0x0000019075a9d0f0 Uncommon trap: reason=class_check action=maybe_recompile pc=0x00000190633a7fb8 method=lombok.patcher.PatchScript$MethodPatcher.visitMethod(ILjava/lang/String;Ljava/lang/String;Ljava/lang/String;[Ljava/lang/String;)Lorg/lombokweb/asm/MethodVisitor; @ 101 c
Event: 4.263 Thread 0x0000019075a9d0f0 DEOPT PACKING pc=0x00000190633a7fb8 sp=0x00000026de3f93e0
Event: 4.263 Thread 0x0000019075a9d0f0 DEOPT UNPACKING pc=0x0000019062ba66a3 sp=0x00000026de3f93c8 mode 2
Event: 4.290 Thread 0x0000019075a9d0f0 Uncommon trap: trap_request=0xffffff6e fr.pc=0x00000190635017f4 relative=0x00000000000003b4
Event: 4.290 Thread 0x0000019075a9d0f0 Uncommon trap: reason=loop_limit_check action=maybe_recompile pc=0x00000190635017f4 method=java.util.regex.Pattern$StartS.match(Ljava/util/regex/Matcher;ILjava/lang/CharSequence;)Z @ 34 c2
Event: 4.290 Thread 0x0000019075a9d0f0 DEOPT PACKING pc=0x00000190635017f4 sp=0x00000026de3f9190
Event: 4.290 Thread 0x0000019075a9d0f0 DEOPT UNPACKING pc=0x0000019062ba66a3 sp=0x00000026de3f90c0 mode 2
Event: 4.544 Thread 0x0000019071c4aab0 Uncommon trap: trap_request=0xffffffde fr.pc=0x00000190634443dc relative=0x00000000000009fc
Event: 4.544 Thread 0x0000019071c4aab0 Uncommon trap: reason=class_check action=maybe_recompile pc=0x00000190634443dc method=java.util.Spliterators$1Adapter.hasNext()Z @ 12 c2
Event: 4.544 Thread 0x0000019071c4aab0 DEOPT PACKING pc=0x00000190634443dc sp=0x00000026dccfe480
Event: 4.544 Thread 0x0000019071c4aab0 DEOPT UNPACKING pc=0x0000019062ba66a3 sp=0x00000026dccfe448 mode 2
Event: 4.544 Thread 0x0000019071c4aab0 Uncommon trap: trap_request=0xffffffde fr.pc=0x00000190634443dc relative=0x00000000000009fc
Event: 4.544 Thread 0x0000019071c4aab0 Uncommon trap: reason=class_check action=maybe_recompile pc=0x00000190634443dc method=java.util.Spliterators$1Adapter.hasNext()Z @ 12 c2
Event: 4.544 Thread 0x0000019071c4aab0 DEOPT PACKING pc=0x00000190634443dc sp=0x00000026dccfe490
Event: 4.544 Thread 0x0000019071c4aab0 DEOPT UNPACKING pc=0x0000019062ba66a3 sp=0x00000026dccfe458 mode 2
Event: 4.544 Thread 0x0000019071c4aab0 Uncommon trap: trap_request=0xffffffde fr.pc=0x00000190634443dc relative=0x00000000000009fc
Event: 4.544 Thread 0x0000019071c4aab0 Uncommon trap: reason=class_check action=maybe_recompile pc=0x00000190634443dc method=java.util.Spliterators$1Adapter.hasNext()Z @ 12 c2
Event: 4.544 Thread 0x0000019071c4aab0 DEOPT PACKING pc=0x00000190634443dc sp=0x00000026dccfe490
Event: 4.544 Thread 0x0000019071c4aab0 DEOPT UNPACKING pc=0x0000019062ba66a3 sp=0x00000026dccfe458 mode 2

Classes loaded (20 events):
Event: 4.526 Loading class java/util/concurrent/CompletableFuture$UniCompletion done
Event: 4.526 Loading class java/util/concurrent/CompletableFuture$UniApply done
Event: 4.527 Loading class java/util/concurrent/ForkJoinTask$Aux
Event: 4.527 Loading class java/util/concurrent/ForkJoinTask$Aux done
Event: 4.530 Loading class java/util/concurrent/CancellationException
Event: 4.530 Loading class java/util/concurrent/CancellationException done
Event: 4.531 Loading class java/lang/invoke/VarHandleReferences$Array
Event: 4.531 Loading class java/lang/invoke/VarHandleReferences$Array done
Event: 4.532 Loading class java/util/concurrent/ForkJoinPool$DefaultCommonPoolForkJoinWorkerThreadFactory$1
Event: 4.532 Loading class java/util/concurrent/ForkJoinPool$DefaultCommonPoolForkJoinWorkerThreadFactory$1 done
Event: 4.534 Loading class java/util/concurrent/CompletableFuture$UniAccept
Event: 4.535 Loading class java/util/concurrent/CompletableFuture$UniAccept done
Event: 4.537 Loading class java/util/concurrent/CompletableFuture$UniExceptionally
Event: 4.538 Loading class java/util/concurrent/CompletableFuture$UniExceptionally done
Event: 4.548 Loading class java/io/DataOutputStream
Event: 4.549 Loading class java/io/DataOutputStream done
Event: 4.556 Loading class java/util/concurrent/ConcurrentHashMap$EntrySpliterator
Event: 4.557 Loading class java/util/concurrent/ConcurrentHashMap$EntrySpliterator done
Event: 4.567 Loading class java/util/concurrent/ForkJoinTask$AdaptedCallable
Event: 4.567 Loading class java/util/concurrent/ForkJoinTask$AdaptedCallable done

Classes unloaded (7 events):
Event: 1.506 Thread 0x0000019058b15c90 Unloading class 0x000000010021bc00 'java/lang/invoke/LambdaForm$MH+0x000000010021bc00'
Event: 1.506 Thread 0x0000019058b15c90 Unloading class 0x000000010021b800 'java/lang/invoke/LambdaForm$MH+0x000000010021b800'
Event: 1.506 Thread 0x0000019058b15c90 Unloading class 0x000000010021b400 'java/lang/invoke/LambdaForm$MH+0x000000010021b400'
Event: 1.506 Thread 0x0000019058b15c90 Unloading class 0x000000010021b000 'java/lang/invoke/LambdaForm$MH+0x000000010021b000'
Event: 1.506 Thread 0x0000019058b15c90 Unloading class 0x000000010021ac00 'java/lang/invoke/LambdaForm$BMH+0x000000010021ac00'
Event: 1.506 Thread 0x0000019058b15c90 Unloading class 0x000000010021a800 'java/lang/invoke/LambdaForm$DMH+0x000000010021a800'
Event: 1.506 Thread 0x0000019058b15c90 Unloading class 0x0000000100211400 'java/lang/invoke/LambdaForm$DMH+0x0000000100211400'

Classes redefined (0 events):
No events

Internal exceptions (20 events):
Event: 3.035 Thread 0x0000019071c4aab0 Exception <a 'java/lang/NoSuchMethodError'{0x00000000eb41e5d8}: 'java.lang.Object java.lang.invoke.DirectMethodHandle$Holder.newInvokeSpecial(java.lang.Object, java.lang.Object, java.lang.Object, java.lang.Object, java.lang.Object, java.lang.Object)'> (0x00000000eb41e5d8) 
thrown [s\src\hotspot\share\interpreter\linkResolver.cpp, line 759]
Event: 3.155 Thread 0x0000019075a9d0f0 Exception <a 'java/lang/NoSuchMethodError'{0x00000000eb4c21d0}: 'java.lang.Object java.lang.invoke.DirectMethodHandle$Holder.invokeInterface(java.lang.Object, java.lang.Object, java.lang.Object)'> (0x00000000eb4c21d0) 
thrown [s\src\hotspot\share\interpreter\linkResolver.cpp, line 759]
Event: 3.174 Thread 0x0000019075a9d0f0 Exception <a 'java/io/FileNotFoundException'{0x00000000eb553598}> (0x00000000eb553598) 
thrown [s\src\hotspot\share\prims\jni.cpp, line 516]
Event: 3.174 Thread 0x0000019075a9d0f0 Exception <a 'java/io/FileNotFoundException'{0x00000000eb554818}> (0x00000000eb554818) 
thrown [s\src\hotspot\share\prims\jni.cpp, line 516]
Event: 3.176 Thread 0x0000019075a9d0f0 Exception <a 'java/lang/NoSuchMethodError'{0x00000000eb5634a8}: 'java.lang.Object java.lang.invoke.DirectMethodHandle$Holder.newInvokeSpecial(java.lang.Object, java.lang.Object, java.lang.Object, int)'> (0x00000000eb5634a8) 
thrown [s\src\hotspot\share\interpreter\linkResolver.cpp, line 759]
Event: 3.176 Thread 0x0000019075a9d0f0 Exception <a 'java/lang/NoSuchMethodError'{0x00000000eb5677f0}: 'java.lang.Object java.lang.invoke.DirectMethodHandle$Holder.invokeSpecial(java.lang.Object, java.lang.Object, java.lang.Object, java.lang.Object, int)'> (0x00000000eb5677f0) 
thrown [s\src\hotspot\share\interpreter\linkResolver.cpp, line 759]
Event: 3.176 Thread 0x0000019075a9d0f0 Exception <a 'java/lang/NoSuchMethodError'{0x00000000eb56aef8}: 'java.lang.Object java.lang.invoke.Invokers$Holder.linkToTargetMethod(java.lang.Object, java.lang.Object, int, java.lang.Object)'> (0x00000000eb56aef8) 
thrown [s\src\hotspot\share\interpreter\linkResolver.cpp, line 759]
Event: 3.179 Thread 0x0000019075a9d0f0 Exception <a 'java/lang/NoSuchMethodError'{0x00000000eb576ac0}: 'void java.lang.invoke.DirectMethodHandle$Holder.invokeStaticInit(java.lang.Object, java.lang.Object, java.lang.Object)'> (0x00000000eb576ac0) 
thrown [s\src\hotspot\share\interpreter\linkResolver.cpp, line 759]
Event: 3.242 Thread 0x0000019075a9d0f0 Exception <a 'java/lang/NoSuchMethodError'{0x00000000eb775838}: 'java.lang.Object java.lang.invoke.Invokers$Holder.invoke_MT(java.lang.Object, java.lang.Object, java.lang.Object)'> (0x00000000eb775838) 
thrown [s\src\hotspot\share\interpreter\linkResolver.cpp, line 759]
Event: 3.306 Thread 0x0000019075a9d0f0 Exception <a 'java/lang/NoSuchMethodError'{0x00000000ebd08e38}: 'java.lang.Object java.lang.invoke.DirectMethodHandle$Holder.invokeStaticInit(java.lang.Object, java.lang.Object, java.lang.Object, java.lang.Object, java.lang.Object, java.lang.Object, java.lang.Object)'> (0x00000000ebd08e38) 
thrown [s\src\hotspot\share\interpreter\linkResolver.cpp, line 759]
Event: 3.308 Thread 0x0000019075a9d0f0 Exception <a 'java/lang/NoSuchMethodError'{0x00000000ebd120d0}: 'java.lang.Object java.lang.invoke.DirectMethodHandle$Holder.invokeSpecial(java.lang.Object, java.lang.Object, java.lang.Object, java.lang.Object, java.lang.Object, java.lang.Object, java.lang.Object, java.lang.Object, java.lang.Object, java.lang.Object)'> (0x00000000ebd120d0) 
thrown [s\src\hotspot\share\interpreter\linkResolver.cpp, line 759]
Event: 3.309 Thread 0x0000019075a9d0f0 Exception <a 'java/lang/NoSuchMethodError'{0x00000000ebd166b8}: 'java.lang.Object java.lang.invoke.Invokers$Holder.invoke_MT(java.lang.Object, java.lang.Object, java.lang.Object, java.lang.Object, java.lang.Object, java.lang.Object, java.lang.Object, java.lang.Object, java.lang.Object, java.lang.Object)'> (0x00000000ebd166b8) 
thrown [s\src\hotspot\share\interpreter\linkResolver.cpp, line 759]
Event: 3.315 Thread 0x0000019075a9d0f0 Exception <a 'java/lang/NoSuchMethodError'{0x00000000ebd5e168}: 'int java.lang.invoke.DirectMethodHandle$Holder.invokeVirtual(java.lang.Object, java.lang.Object, java.lang.Object)'> (0x00000000ebd5e168) 
thrown [s\src\hotspot\share\interpreter\linkResolver.cpp, line 759]
Event: 3.316 Thread 0x0000019075a9d0f0 Exception <a 'java/lang/NoSuchMethodError'{0x00000000ebd61cc8}: 'int java.lang.invoke.DirectMethodHandle$Holder.invokeVirtual(java.lang.Object, java.lang.Object)'> (0x00000000ebd61cc8) 
thrown [s\src\hotspot\share\interpreter\linkResolver.cpp, line 759]
Event: 3.316 Thread 0x0000019075a9d0f0 Exception <a 'java/lang/NoSuchMethodError'{0x00000000ebd66578}: 'int java.lang.invoke.DirectMethodHandle$Holder.invokeStaticInit(java.lang.Object, int, int)'> (0x00000000ebd66578) 
thrown [s\src\hotspot\share\interpreter\linkResolver.cpp, line 759]
Event: 3.317 Thread 0x0000019075a9d0f0 Exception <a 'java/lang/NoSuchMethodError'{0x00000000ebd6e330}: 'int java.lang.invoke.DirectMethodHandle$Holder.invokeStaticInit(java.lang.Object, long, long)'> (0x00000000ebd6e330) 
thrown [s\src\hotspot\share\interpreter\linkResolver.cpp, line 759]
Event: 3.317 Thread 0x0000019075a9d0f0 Exception <a 'java/lang/NoSuchMethodError'{0x00000000ebd75428}: 'int java.lang.invoke.DirectMethodHandle$Holder.invokeStaticInit(java.lang.Object, float, float)'> (0x00000000ebd75428) 
thrown [s\src\hotspot\share\interpreter\linkResolver.cpp, line 759]
Event: 3.318 Thread 0x0000019075a9d0f0 Exception <a 'java/lang/NoSuchMethodError'{0x00000000ebd7c770}: 'int java.lang.invoke.DirectMethodHandle$Holder.invokeStaticInit(java.lang.Object, double, double)'> (0x00000000ebd7c770) 
thrown [s\src\hotspot\share\interpreter\linkResolver.cpp, line 759]
Event: 3.318 Thread 0x0000019075a9d0f0 Exception <a 'java/lang/NoSuchMethodError'{0x00000000ebd812e8}: 'int java.lang.invoke.DirectMethodHandle$Holder.invokeStatic(java.lang.Object, long)'> (0x00000000ebd812e8) 
thrown [s\src\hotspot\share\interpreter\linkResolver.cpp, line 759]
Event: 3.322 Thread 0x0000019075a9d0f0 Exception <a 'java/lang/NoSuchMethodError'{0x00000000ebda9ad8}: 'int java.lang.invoke.Invokers$Holder.linkToTargetMethod(java.lang.Object, java.lang.Object)'> (0x00000000ebda9ad8) 
thrown [s\src\hotspot\share\interpreter\linkResolver.cpp, line 759]

VM Operations (20 events):
Event: 3.378 Executing VM operation: ParallelGCFailedAllocation
Event: 3.380 Executing VM operation: ParallelGCFailedAllocation done
Event: 3.472 Executing VM operation: ParallelGCFailedAllocation
Event: 3.475 Executing VM operation: ParallelGCFailedAllocation done
Event: 3.657 Executing VM operation: ParallelGCFailedAllocation
Event: 3.662 Executing VM operation: ParallelGCFailedAllocation done
Event: 3.734 Executing VM operation: ParallelGCFailedAllocation
Event: 3.739 Executing VM operation: ParallelGCFailedAllocation done
Event: 3.798 Executing VM operation: ParallelGCFailedAllocation
Event: 3.802 Executing VM operation: ParallelGCFailedAllocation done
Event: 3.871 Executing VM operation: ParallelGCFailedAllocation
Event: 3.877 Executing VM operation: ParallelGCFailedAllocation done
Event: 4.016 Executing VM operation: HandshakeAllThreads
Event: 4.016 Executing VM operation: HandshakeAllThreads done
Event: 4.231 Executing VM operation: ParallelGCFailedAllocation
Event: 4.236 Executing VM operation: ParallelGCFailedAllocation done
Event: 4.315 Executing VM operation: ParallelGCFailedAllocation
Event: 4.318 Executing VM operation: ParallelGCFailedAllocation done
Event: 4.473 Executing VM operation: ParallelGCFailedAllocation
Event: 4.475 Executing VM operation: ParallelGCFailedAllocation done

Events (20 events):
Event: 2.362 Thread 0x0000019075a99940 Thread added: 0x0000019075a99940
Event: 2.362 Thread 0x0000019075a9db10 Thread added: 0x0000019075a9db10
Event: 2.362 Thread 0x0000019075a97ff0 Thread added: 0x0000019075a97ff0
Event: 2.362 Thread 0x0000019075a9bcb0 Thread added: 0x0000019075a9bcb0
Event: 2.362 Thread 0x0000019075a9a870 Thread added: 0x0000019075a9a870
Event: 2.362 Thread 0x0000019075a9c1c0 Thread added: 0x0000019075a9c1c0
Event: 2.375 Thread 0x0000019075a9ea40 Thread added: 0x0000019075a9ea40
Event: 2.495 Thread 0x0000019075a9d0f0 Thread added: 0x0000019075a9d0f0
Event: 2.495 Thread 0x0000019075a9b7a0 Thread added: 0x0000019075a9b7a0
Event: 2.912 Thread 0x00000190747e7630 Thread exited: 0x00000190747e7630
Event: 2.912 Thread 0x0000019071cf0a90 Thread exited: 0x0000019071cf0a90
Event: 3.270 Thread 0x0000019076ff4780 Thread added: 0x0000019076ff4780
Event: 3.274 Thread 0x00000190758c4af0 Thread added: 0x00000190758c4af0
Event: 3.407 Thread 0x0000019075d475c0 Thread added: 0x0000019075d475c0
Event: 3.430 Thread 0x000001907589ff40 Thread added: 0x000001907589ff40
Event: 3.454 Thread 0x0000019074fb7170 Thread added: 0x0000019074fb7170
Event: 3.455 Thread 0x0000019074fb66d0 Thread added: 0x0000019074fb66d0
Event: 3.455 Thread 0x0000019074fb5190 Thread added: 0x0000019074fb5190
Event: 4.534 Thread 0x00000190778d98b0 Thread added: 0x00000190778d98b0
Event: 4.568 Thread 0x00000190778d8e90 Thread added: 0x00000190778d8e90


Dynamic libraries:
0x00007ff64da30000 - 0x00007ff64da3e000 	c:\Users\tarun\.vscode\extensions\redhat.java-1.35.0-win32-x64\jre\17.0.12-win32-x86_64\bin\java.exe
0x00007ffd06a50000 - 0x00007ffd06c67000 	C:\WINDOWS\SYSTEM32\ntdll.dll
0x00007ffd060d0000 - 0x00007ffd06194000 	C:\WINDOWS\System32\KERNEL32.DLL
0x00007ffd043c0000 - 0x00007ffd04777000 	C:\WINDOWS\System32\KERNELBASE.dll
0x00007ffd042a0000 - 0x00007ffd043b1000 	C:\WINDOWS\System32\ucrtbase.dll
0x00007ffce62b0000 - 0x00007ffce62c7000 	c:\Users\tarun\.vscode\extensions\redhat.java-1.35.0-win32-x64\jre\17.0.12-win32-x86_64\bin\jli.dll
0x00007ffce6220000 - 0x00007ffce623b000 	c:\Users\tarun\.vscode\extensions\redhat.java-1.35.0-win32-x64\jre\17.0.12-win32-x86_64\bin\VCRUNTIME140.dll
0x00007ffd06750000 - 0x00007ffd068ff000 	C:\WINDOWS\System32\USER32.dll
0x00007ffd03e00000 - 0x00007ffd03e26000 	C:\WINDOWS\System32\win32u.dll
0x00007ffce9a10000 - 0x00007ffce9ca3000 	C:\WINDOWS\WinSxS\amd64_microsoft.windows.common-controls_6595b64144ccf1df_6.0.22621.3672_none_2713b9d173822955\COMCTL32.dll
0x00007ffd05620000 - 0x00007ffd05649000 	C:\WINDOWS\System32\GDI32.dll
0x00007ffd05fb0000 - 0x00007ffd06057000 	C:\WINDOWS\System32\msvcrt.dll
0x00007ffd03ea0000 - 0x00007ffd03fb8000 	C:\WINDOWS\System32\gdi32full.dll
0x00007ffd03d60000 - 0x00007ffd03dfa000 	C:\WINDOWS\System32\msvcp_win.dll
0x00007ffd06310000 - 0x00007ffd06341000 	C:\WINDOWS\System32\IMM32.DLL
0x00007ffcfbb90000 - 0x00007ffcfbb9c000 	c:\Users\tarun\.vscode\extensions\redhat.java-1.35.0-win32-x64\jre\17.0.12-win32-x86_64\bin\vcruntime140_1.dll
0x00007ffcd07f0000 - 0x00007ffcd087d000 	c:\Users\tarun\.vscode\extensions\redhat.java-1.35.0-win32-x64\jre\17.0.12-win32-x86_64\bin\msvcp140.dll
0x00007ffc838e0000 - 0x00007ffc8454a000 	c:\Users\tarun\.vscode\extensions\redhat.java-1.35.0-win32-x64\jre\17.0.12-win32-x86_64\bin\server\jvm.dll
0x00007ffd05120000 - 0x00007ffd051d2000 	C:\WINDOWS\System32\ADVAPI32.dll
0x00007ffd05070000 - 0x00007ffd05118000 	C:\WINDOWS\System32\sechost.dll
0x00007ffd04040000 - 0x00007ffd04068000 	C:\WINDOWS\System32\bcrypt.dll
0x00007ffd05750000 - 0x00007ffd05864000 	C:\WINDOWS\System32\RPCRT4.dll
0x00007ffd06650000 - 0x00007ffd066c1000 	C:\WINDOWS\System32\WS2_32.dll
0x00007ffd02c10000 - 0x00007ffd02c5d000 	C:\WINDOWS\SYSTEM32\POWRPROF.dll
0x00007ffcf7230000 - 0x00007ffcf723a000 	C:\WINDOWS\SYSTEM32\VERSION.dll
0x00007ffcfdae0000 - 0x00007ffcfdb14000 	C:\WINDOWS\SYSTEM32\WINMM.dll
0x00007ffd02bf0000 - 0x00007ffd02c03000 	C:\WINDOWS\SYSTEM32\UMPDC.dll
0x00007ffd02ea0000 - 0x00007ffd02eb8000 	C:\WINDOWS\SYSTEM32\kernel.appcore.dll
0x00007ffcfaad0000 - 0x00007ffcfaada000 	c:\Users\tarun\.vscode\extensions\redhat.java-1.35.0-win32-x64\jre\17.0.12-win32-x86_64\bin\jimage.dll
0x00007ffd010f0000 - 0x00007ffd01322000 	C:\WINDOWS\SYSTEM32\DBGHELP.DLL
0x00007ffd05290000 - 0x00007ffd0561e000 	C:\WINDOWS\System32\combase.dll
0x00007ffd063c0000 - 0x00007ffd06497000 	C:\WINDOWS\System32\OLEAUT32.dll
0x00007ffcfe410000 - 0x00007ffcfe442000 	C:\WINDOWS\SYSTEM32\dbgcore.DLL
0x00007ffd03fc0000 - 0x00007ffd0403b000 	C:\WINDOWS\System32\bcryptPrimitives.dll
0x00007ffcfbc70000 - 0x00007ffcfbc7e000 	c:\Users\tarun\.vscode\extensions\redhat.java-1.35.0-win32-x64\jre\17.0.12-win32-x86_64\bin\instrument.dll
0x00007ffcdbc80000 - 0x00007ffcdbca5000 	c:\Users\tarun\.vscode\extensions\redhat.java-1.35.0-win32-x64\jre\17.0.12-win32-x86_64\bin\java.dll
0x00007ffce6060000 - 0x00007ffce6078000 	c:\Users\tarun\.vscode\extensions\redhat.java-1.35.0-win32-x64\jre\17.0.12-win32-x86_64\bin\zip.dll
0x00007ffd04780000 - 0x00007ffd04fe9000 	C:\WINDOWS\System32\SHELL32.dll
0x00007ffd01c90000 - 0x00007ffd0258f000 	C:\WINDOWS\SYSTEM32\windows.storage.dll
0x00007ffd01b50000 - 0x00007ffd01c8f000 	C:\WINDOWS\SYSTEM32\wintypes.dll
0x00007ffd06900000 - 0x00007ffd069f9000 	C:\WINDOWS\System32\SHCORE.dll
0x00007ffd06350000 - 0x00007ffd063ae000 	C:\WINDOWS\System32\shlwapi.dll
0x00007ffd03c90000 - 0x00007ffd03cb7000 	C:\WINDOWS\SYSTEM32\profapi.dll
0x00007ffce3f80000 - 0x00007ffce3f99000 	C:\Users\tarun\.vscode\extensions\redhat.java-1.35.0-win32-x64\jre\17.0.12-win32-x86_64\bin\net.dll
0x00007ffcff440000 - 0x00007ffcff576000 	C:\WINDOWS\SYSTEM32\WINHTTP.dll
0x00007ffd03310000 - 0x00007ffd03379000 	C:\WINDOWS\system32\mswsock.dll
0x00007ffce3ee0000 - 0x00007ffce3ef6000 	C:\Users\tarun\.vscode\extensions\redhat.java-1.35.0-win32-x64\jre\17.0.12-win32-x86_64\bin\nio.dll
0x00007ffcfbbe0000 - 0x00007ffcfbbf0000 	c:\Users\tarun\.vscode\extensions\redhat.java-1.35.0-win32-x64\jre\17.0.12-win32-x86_64\bin\verify.dll
0x00007ffce5130000 - 0x00007ffce5175000 	C:\Users\tarun\AppData\Roaming\Code\User\globalStorage\redhat.java\1.35.0\config_ss_win\org.eclipse.equinox.launcher\org.eclipse.equinox.launcher.win32.win32.x86_64_1.2.1100.v20240722-2106\eclipse_11904.dll
0x00007ffd064a0000 - 0x00007ffd06645000 	C:\WINDOWS\System32\ole32.dll
0x00007ffd03560000 - 0x00007ffd0357b000 	C:\WINDOWS\SYSTEM32\CRYPTSP.dll
0x00007ffd02e00000 - 0x00007ffd02e35000 	C:\WINDOWS\system32\rsaenh.dll
0x00007ffd03400000 - 0x00007ffd03428000 	C:\WINDOWS\SYSTEM32\USERENV.dll
0x00007ffd03580000 - 0x00007ffd0358c000 	C:\WINDOWS\SYSTEM32\CRYPTBASE.dll
0x00007ffd02870000 - 0x00007ffd0289d000 	C:\WINDOWS\SYSTEM32\IPHLPAPI.DLL
0x00007ffd063b0000 - 0x00007ffd063b9000 	C:\WINDOWS\System32\NSI.dll
0x00007ffcff370000 - 0x00007ffcff389000 	C:\WINDOWS\SYSTEM32\dhcpcsvc6.DLL
0x00007ffcff350000 - 0x00007ffcff36f000 	C:\WINDOWS\SYSTEM32\dhcpcsvc.DLL
0x00007ffd028e0000 - 0x00007ffd029e2000 	C:\WINDOWS\SYSTEM32\DNSAPI.dll
0x00007ffce50e0000 - 0x00007ffce5129000 	C:\Users\tarun\AppData\Local\Temp\jna-110131454\jna6844206141951733783.dll
0x00007ffd06300000 - 0x00007ffd06308000 	C:\WINDOWS\System32\PSAPI.DLL

dbghelp: loaded successfully - version: 4.0.5 - missing functions: none
symbol engine: initialized successfully - sym options: 0x614 - pdb path: .;c:\Users\tarun\.vscode\extensions\redhat.java-1.35.0-win32-x64\jre\17.0.12-win32-x86_64\bin;C:\WINDOWS\SYSTEM32;C:\WINDOWS\WinSxS\amd64_microsoft.windows.common-controls_6595b64144ccf1df_6.0.22621.3672_none_2713b9d173822955;c:\Users\tarun\.vscode\extensions\redhat.java-1.35.0-win32-x64\jre\17.0.12-win32-x86_64\bin\server;C:\Users\tarun\AppData\Roaming\Code\User\globalStorage\redhat.java\1.35.0\config_ss_win\org.eclipse.equinox.launcher\org.eclipse.equinox.launcher.win32.win32.x86_64_1.2.1100.v20240722-2106;C:\Users\tarun\AppData\Local\Temp\jna-110131454

VM Arguments:
jvm_args: --add-modules=ALL-SYSTEM --add-opens=java.base/java.util=ALL-UNNAMED --add-opens=java.base/java.lang=ALL-UNNAMED --add-opens=java.base/sun.nio.fs=ALL-UNNAMED -Declipse.application=org.eclipse.jdt.ls.core.id1 -Dosgi.bundles.defaultStartLevel=4 -Declipse.product=org.eclipse.jdt.ls.core.product -Djava.import.generatesMetadataFilesAtProjectRoot=false -DDetectVMInstallationsJob.disabled=true -Dfile.encoding=utf8 -XX:+UseParallelGC -XX:GCTimeRatio=4 -XX:AdaptiveSizePolicyWeight=90 -Dsun.zip.disableMemoryMapping=true -Xmx1G -Xms100m -Xlog:disable -javaagent:c:\Users\tarun\.vscode\extensions\redhat.java-1.35.0-win32-x64\lombok\lombok-1.18.33.jar 
java_command: c:\Users\tarun\.vscode\extensions\redhat.java-1.35.0-win32-x64\server\plugins\org.eclipse.equinox.launcher_1.6.900.v20240613-2009.jar -configuration c:\Users\tarun\AppData\Roaming\Code\User\globalStorage\redhat.java\1.35.0\config_ss_win -data c:\Users\tarun\AppData\Roaming\Code\User\workspaceStorage\3e039541554babdccf2a8c9dffd2df79\redhat.java\ss_ws --pipe=\\.\pipe\lsp-1ebb7f08178a2be7762b4f5d4ce761c6-sock
java_class_path (initial): c:\Users\tarun\.vscode\extensions\redhat.java-1.35.0-win32-x64\server\plugins\org.eclipse.equinox.launcher_1.6.900.v20240613-2009.jar
Launcher Type: SUN_STANDARD

[Global flags]
    uintx AdaptiveSizePolicyWeight                 = 90                                        {product} {command line}
     intx CICompilerCount                          = 12                                        {product} {ergonomic}
    uintx GCTimeRatio                              = 4                                         {product} {command line}
   size_t InitialHeapSize                          = 104857600                                 {product} {command line}
   size_t MaxHeapSize                              = 1073741824                                {product} {command line}
   size_t MaxNewSize                               = 357564416                                 {product} {ergonomic}
   size_t MinHeapDeltaBytes                        = 524288                                    {product} {ergonomic}
   size_t MinHeapSize                              = 104857600                                 {product} {command line}
   size_t NewSize                                  = 34603008                                  {product} {ergonomic}
    uintx NonNMethodCodeHeapSize                   = 7602480                                {pd product} {ergonomic}
    uintx NonProfiledCodeHeapSize                  = 122027880                              {pd product} {ergonomic}
   size_t OldSize                                  = 70254592                                  {product} {ergonomic}
    uintx ProfiledCodeHeapSize                     = 122027880                              {pd product} {ergonomic}
    uintx ReservedCodeCacheSize                    = 251658240                              {pd product} {ergonomic}
     bool SegmentedCodeCache                       = true                                      {product} {ergonomic}
   size_t SoftMaxHeapSize                          = 1073741824                             {manageable} {ergonomic}
     bool UseCompressedClassPointers               = true                           {product lp64_product} {ergonomic}
     bool UseCompressedOops                        = true                           {product lp64_product} {ergonomic}
     bool UseLargePagesIndividualAllocation        = false                                  {pd product} {ergonomic}
     bool UseParallelGC                            = true                                      {product} {command line}

Logging:
Log output configuration:
 #0: stdout all=off uptime,level,tags
 #1: stderr all=off uptime,level,tags

Environment Variables:
JAVA_HOME=C:\Program Files\Microsoft\jdk-17.0.12.7-hotspot\
PATH=C:\Program Files\Microsoft\jdk-17.0.12.7-hotspot\bin;C:\Program Files\Common Files\Oracle\Java\javapath;C:\WINDOWS\system32;C:\WINDOWS;C:\WINDOWS\System32\Wbem;C:\WINDOWS\System32\WindowsPowerShell\v1.0\;C:\WINDOWS\System32\OpenSSH\;C:\Program Files\NVIDIA Corporation\NVIDIA NvDLISR;C:\Program Files (x86)\NVIDIA Corporation\PhysX\Common;C:\ProgramData\chocolatey\bin;C:\Program Files\nodejs\;C:\Program Files\Git\cmd;C:\Program Files\dotnet\;C:\Users\tarun\.console-ninja\.bin;C:\Users\tarun\AppData\Local\Microsoft\WindowsApps;C:\Users\tarun\AppData\Local\Programs\Microsoft VS Code\bin;C:\Users\tarun\AppData\Roaming\npm;C:\Users\tarun\AppData\Local\Android\Sdk;C:\Users\tarun\AppData\Local\Android\Sdk\platform-tools;C:\php-8.3.11;C:\Users\tarun\.dotnet\tools
USERNAME=tarun
OS=Windows_NT
PROCESSOR_IDENTIFIER=Intel64 Family 6 Model 154 Stepping 3, GenuineIntel
TMP=C:\Users\tarun\AppData\Local\Temp
TEMP=C:\Users\tarun\AppData\Local\Temp



Periodic native trim disabled


---------------  S Y S T E M  ---------------

OS:
 Windows 11 , 64 bit Build 22621 (10.0.22621.3958)
OS uptime: 0 days 3:13 hours
Hyper-V role detected

CPU: total 16 (initial active 16) (8 cores per cpu, 2 threads per core) family 6 model 154 stepping 3 microcode 0x42a, cx8, cmov, fxsr, ht, mmx, 3dnowpref, sse, sse2, sse3, ssse3, sse4.1, sse4.2, popcnt, lzcnt, tsc, tscinvbit, avx, avx2, aes, erms, clmul, bmi1, bmi2, adx, sha, fma, vzeroupper, clflush, clflushopt, clwb, hv
Processor Information for processor 0
  Max Mhz: 1700, Current Mhz: 1700, Mhz Limit: 1700
Processor Information for processor 1
  Max Mhz: 1700, Current Mhz: 1700, Mhz Limit: 1700
Processor Information for processor 2
  Max Mhz: 1700, Current Mhz: 1700, Mhz Limit: 1700
Processor Information for processor 3
  Max Mhz: 1700, Current Mhz: 1700, Mhz Limit: 1700
Processor Information for processor 4
  Max Mhz: 1700, Current Mhz: 1700, Mhz Limit: 1700
Processor Information for processor 5
  Max Mhz: 1700, Current Mhz: 1700, Mhz Limit: 1700
Processor Information for processor 6
  Max Mhz: 1700, Current Mhz: 1700, Mhz Limit: 1700
Processor Information for processor 7
  Max Mhz: 1700, Current Mhz: 1700, Mhz Limit: 1700
Processor Information for processor 8
  Max Mhz: 1700, Current Mhz: 1200, Mhz Limit: 1190
Processor Information for processor 9
  Max Mhz: 1700, Current Mhz: 1200, Mhz Limit: 1190
Processor Information for processor 10
  Max Mhz: 1700, Current Mhz: 1200, Mhz Limit: 1190
Processor Information for processor 11
  Max Mhz: 1700, Current Mhz: 1200, Mhz Limit: 1190
Processor Information for processor 12
  Max Mhz: 1700, Current Mhz: 1200, Mhz Limit: 1190
Processor Information for processor 13
  Max Mhz: 1700, Current Mhz: 1200, Mhz Limit: 1190
Processor Information for processor 14
  Max Mhz: 1700, Current Mhz: 1200, Mhz Limit: 1190
Processor Information for processor 15
  Max Mhz: 1700, Current Mhz: 1200, Mhz Limit: 1190

Memory: 4k page, system-wide physical 16088M (4067M free)
TotalPageFile size 16088M (AvailPageFile size 5M)
current process WorkingSet (physical memory assigned to process): 241M, peak: 242M
current process commit charge ("private bytes"): 336M, peak: 338M

vm_info: OpenJDK 64-Bit Server VM (17.0.12+7) for windows-amd64 JRE (17.0.12+7), built on Jul 16 2024 22:08:24 by "admin" with MS VC++ 16.10 / 16.11 (VS2019)

END.
