#
# There is insufficient memory for the Java Runtime Environment to continue.
# Native memory allocation (malloc) failed to allocate 1057856 bytes. Error detail: Chunk::new
# Possible reasons:
#   The system is out of physical RAM or swap space
#   This process is running with CompressedOops enabled, and the Java Heap may be blocking the growth of the native heap
# Possible solutions:
#   Reduce memory load on the system
#   Increase physical memory or swap space
#   Check if swap backing store is full
#   Decrease Java heap size (-Xmx/-Xms)
#   Decrease number of Java threads
#   Decrease Java thread stack sizes (-Xss)
#   Set larger code cache with -XX:ReservedCodeCacheSize=
#   JVM is running with Unscaled Compressed Oops mode in which the Java heap is
#     placed in the first 4GB address space. The Java Heap base address is the
#     maximum limit for the native heap growth. Please use -XX:HeapBaseMinAddress
#     to set the Java Heap base and to place the Java Heap above 4GB virtual address.
# This output file may be truncated or incomplete.
#
#  Out of Memory Error (arena.cpp:191), pid=26356, tid=10644
#
# JRE version: OpenJDK Runtime Environment Temurin-17.0.12+7 (17.0.12+7) (build 17.0.12+7)
# Java VM: OpenJDK 64-Bit Server VM Temurin-17.0.12+7 (17.0.12+7, mixed mode, tiered, compressed oops, compressed class ptrs, parallel gc, windows-amd64)
# No core dump will be written. Minidumps are not enabled by default on client versions of Windows
#

---------------  S U M M A R Y ------------

Command Line: --add-modules=ALL-SYSTEM --add-opens=java.base/java.util=ALL-UNNAMED --add-opens=java.base/java.lang=ALL-UNNAMED --add-opens=java.base/sun.nio.fs=ALL-UNNAMED -Declipse.application=org.eclipse.jdt.ls.core.id1 -Dosgi.bundles.defaultStartLevel=4 -Declipse.product=org.eclipse.jdt.ls.core.product -Djava.import.generatesMetadataFilesAtProjectRoot=false -DDetectVMInstallationsJob.disabled=true -Dfile.encoding=utf8 -XX:+UseParallelGC -XX:GCTimeRatio=4 -XX:AdaptiveSizePolicyWeight=90 -Dsun.zip.disableMemoryMapping=true -Xmx1G -Xms100m -Xlog:disable -javaagent:c:\Users\tarun\.vscode\extensions\redhat.java-1.35.0-win32-x64\lombok\lombok-1.18.33.jar -XX:+HeapDumpOnOutOfMemoryError -XX:HeapDumpPath=c:\Users\tarun\AppData\Roaming\Code\User\workspaceStorage\3e039541554babdccf2a8c9dffd2df79\redhat.java -Daether.dependencyCollector.impl=bf c:\Users\tarun\.vscode\extensions\redhat.java-1.35.0-win32-x64\server\plugins\org.eclipse.equinox.launcher_1.6.900.v20240613-2009.jar -configuration c:\Users\tarun\AppData\Roaming\Code\User\globalStorage\redhat.java\1.35.0\config_win -data c:\Users\tarun\AppData\Roaming\Code\User\workspaceStorage\3e039541554babdccf2a8c9dffd2df79\redhat.java\jdt_ws --pipe=\\.\pipe\lsp-d71e7b10d07c830c44dfd6f60dddcaab-sock

Host: 12th Gen Intel(R) Core(TM) i5-1240P, 16 cores, 15G,  Windows 11 , 64 bit Build 22621 (10.0.22621.3958)
Time: Sat Sep 28 20:16:17 2024 India Standard Time elapsed time: 3.638416 seconds (0d 0h 0m 3s)

---------------  T H R E A D  ---------------

Current thread (0x000002a9f9716b20):  JavaThread "C2 CompilerThread1" daemon [_thread_in_native, id=10644, stack(0x000000d3e1000000,0x000000d3e1100000)]


Current CompileTask:
C2:   3638 5145   !   4       org.eclipse.osgi.internal.loader.BundleLoader::findClass0 (470 bytes)

Stack: [0x000000d3e1000000,0x000000d3e1100000]
Native frames: (J=compiled Java code, j=interpreted, Vv=VM code, C=native code)
V  [jvm.dll+0x67f929]
V  [jvm.dll+0x8371ba]
V  [jvm.dll+0x838c7e]
V  [jvm.dll+0x8392e3]
V  [jvm.dll+0x24834f]
V  [jvm.dll+0xac9d4]
V  [jvm.dll+0xad01c]
V  [jvm.dll+0x2af96f]
V  [jvm.dll+0x5868d7]
V  [jvm.dll+0x2231c2]
V  [jvm.dll+0x2235bf]
V  [jvm.dll+0x21c6e0]
V  [jvm.dll+0x219be1]
V  [jvm.dll+0x1a58bd]
V  [jvm.dll+0x229a2d]
V  [jvm.dll+0x227bdc]
V  [jvm.dll+0x7ec1f7]
V  [jvm.dll+0x7e65dc]
V  [jvm.dll+0x67e7f7]
C  [ucrtbase.dll+0x29333]
C  [KERNEL32.DLL+0x1257d]
C  [ntdll.dll+0x5af08]


---------------  P R O C E S S  ---------------

Threads class SMR info:
_java_thread_list=0x000002a9fc4aeef0, length=55, elements={
0x000002a9ef51ba30, 0x000002a9f43a4010, 0x000002a9ef5cb4b0, 0x000002a9f43a72a0,
0x000002a9f954b030, 0x000002a9f954bcb0, 0x000002a9f954de20, 0x000002a9f954eb10,
0x000002a9f9551f30, 0x000002a9f9557a50, 0x000002a9f95a4ab0, 0x000002a9f969cf00,
0x000002a9f969d420, 0x000002a9ef57fb60, 0x000002a9f9716b20, 0x000002a9fb6e0000,
0x000002a9fc1efd90, 0x000002a9fbf08ff0, 0x000002a9fbf09a80, 0x000002a9fc0191a0,
0x000002a9fca0efd0, 0x000002a9fc913030, 0x000002a9fbffc590, 0x000002a9fbffd4c0,
0x000002a9fbffd9d0, 0x000002a9fc77a470, 0x000002a9fc7f15a0, 0x000002a9fc7f0060,
0x000002a9fc77b3a0, 0x000002a9fc779030, 0x000002a9fc779f60, 0x000002a9fc777bf0,
0x000002a9fc77bdc0, 0x000002a9fc779540, 0x000002a9fc77d200, 0x000002a9fc778100,
0x000002a9fc779a50, 0x000002a9fc77ae90, 0x000002a9fc77b8b0, 0x000002a9fc77c2d0,
0x000002a9fc776cc0, 0x000002a9fc7771d0, 0x000002a9fc77c7e0, 0x000002a9fc77d710,
0x000002a9fc77ccf0, 0x000002a9fc7767b0, 0x000002a9fc7762a0, 0x000002a9fc7776e0,
0x000002a9fc778610, 0x000002a9fc778b20, 0x000002a9fdf4cfd0, 0x000002a9fc7ef5c0,
0x000002a9fc7f2040, 0x000002a9fc7f05b0, 0x000002a9fc7f1af0
}

Java Threads: ( => current thread )
  0x000002a9ef51ba30 JavaThread "main" [_thread_blocked, id=10276, stack(0x000000d3e0000000,0x000000d3e0100000)]
  0x000002a9f43a4010 JavaThread "Reference Handler" daemon [_thread_blocked, id=26588, stack(0x000000d3e0300000,0x000000d3e0400000)]
  0x000002a9ef5cb4b0 JavaThread "Finalizer" daemon [_thread_blocked, id=28220, stack(0x000000d3e0400000,0x000000d3e0500000)]
  0x000002a9f43a72a0 JavaThread "Signal Dispatcher" daemon [_thread_blocked, id=6952, stack(0x000000d3e0500000,0x000000d3e0600000)]
  0x000002a9f954b030 JavaThread "Attach Listener" daemon [_thread_blocked, id=30572, stack(0x000000d3e0600000,0x000000d3e0700000)]
  0x000002a9f954bcb0 JavaThread "Service Thread" daemon [_thread_blocked, id=22244, stack(0x000000d3e0700000,0x000000d3e0800000)]
  0x000002a9f954de20 JavaThread "Monitor Deflation Thread" daemon [_thread_blocked, id=22136, stack(0x000000d3e0800000,0x000000d3e0900000)]
  0x000002a9f954eb10 JavaThread "C2 CompilerThread0" daemon [_thread_blocked, id=25168, stack(0x000000d3e0900000,0x000000d3e0a00000)]
  0x000002a9f9551f30 JavaThread "C1 CompilerThread0" daemon [_thread_blocked, id=22952, stack(0x000000d3e0a00000,0x000000d3e0b00000)]
  0x000002a9f9557a50 JavaThread "Sweeper thread" daemon [_thread_blocked, id=22264, stack(0x000000d3e0b00000,0x000000d3e0c00000)]
  0x000002a9f95a4ab0 JavaThread "Common-Cleaner" daemon [_thread_blocked, id=27832, stack(0x000000d3e0c00000,0x000000d3e0d00000)]
  0x000002a9f969cf00 JavaThread "C1 CompilerThread1" daemon [_thread_blocked, id=23032, stack(0x000000d3e0d00000,0x000000d3e0e00000)]
  0x000002a9f969d420 JavaThread "C1 CompilerThread2" daemon [_thread_blocked, id=18940, stack(0x000000d3e0e00000,0x000000d3e0f00000)]
  0x000002a9ef57fb60 JavaThread "C1 CompilerThread3" daemon [_thread_blocked, id=27780, stack(0x000000d3e0f00000,0x000000d3e1000000)]
=>0x000002a9f9716b20 JavaThread "C2 CompilerThread1" daemon [_thread_in_native, id=10644, stack(0x000000d3e1000000,0x000000d3e1100000)]
  0x000002a9fb6e0000 JavaThread "Notification Thread" daemon [_thread_blocked, id=19904, stack(0x000000d3e1200000,0x000000d3e1300000)]
  0x000002a9fc1efd90 JavaThread "Active Thread: Equinox Container: 0683cba2-c4cd-40fe-81da-2956f8b3ebbf" [_thread_blocked, id=27468, stack(0x000000d3e1a00000,0x000000d3e1b00000)]
  0x000002a9fbf08ff0 JavaThread "Framework Event Dispatcher: Equinox Container: 0683cba2-c4cd-40fe-81da-2956f8b3ebbf" daemon [_thread_blocked, id=30668, stack(0x000000d3e1b00000,0x000000d3e1c00000)]
  0x000002a9fbf09a80 JavaThread "Start Level: Equinox Container: 0683cba2-c4cd-40fe-81da-2956f8b3ebbf" daemon [_thread_blocked, id=25516, stack(0x000000d3e1c00000,0x000000d3e1d00000)]
  0x000002a9fc0191a0 JavaThread "Bundle File Closer" daemon [_thread_blocked, id=14536, stack(0x000000d3e1f00000,0x000000d3e2000000)]
  0x000002a9fca0efd0 JavaThread "SCR Component Actor" daemon [_thread_blocked, id=28324, stack(0x000000d3e2100000,0x000000d3e2200000)]
  0x000002a9fc913030 JavaThread "SCR Component Registry" daemon [_thread_blocked, id=28808, stack(0x000000d3e2200000,0x000000d3e2300000)]
  0x000002a9fbffc590 JavaThread "Worker-JM" [_thread_blocked, id=5760, stack(0x000000d3e2400000,0x000000d3e2500000)]
  0x000002a9fbffd4c0 JavaThread "JNA Cleaner" daemon [_thread_blocked, id=27124, stack(0x000000d3e2600000,0x000000d3e2700000)]
  0x000002a9fbffd9d0 JavaThread "Worker-0: Repository registry initialization" [_thread_blocked, id=25236, stack(0x000000d3e2700000,0x000000d3e2800000)]
  0x000002a9fc77a470 JavaThread "Worker-1: Updating Maven Dependencies" [_thread_in_Java, id=23764, stack(0x000000d3e2800000,0x000000d3e2900000)]
  0x000002a9fc7f15a0 JavaThread "C2 CompilerThread2" daemon [_thread_in_native, id=6220, stack(0x000000d3e2900000,0x000000d3e2a00000)]
  0x000002a9fc7f0060 JavaThread "C2 CompilerThread3" daemon [_thread_blocked, id=20916, stack(0x000000d3e2a00000,0x000000d3e2b00000)]
  0x000002a9fc77b3a0 JavaThread "Java indexing" daemon [_thread_blocked, id=14456, stack(0x000000d3e2b00000,0x000000d3e2c00000)]
  0x000002a9fc779030 JavaThread "Thread-2" daemon [_thread_in_native, id=27536, stack(0x000000d3e2c00000,0x000000d3e2d00000)]
  0x000002a9fc779f60 JavaThread "Thread-3" daemon [_thread_in_native, id=29996, stack(0x000000d3e2d00000,0x000000d3e2e00000)]
  0x000002a9fc777bf0 JavaThread "Thread-4" daemon [_thread_in_native, id=21560, stack(0x000000d3e2e00000,0x000000d3e2f00000)]
  0x000002a9fc77bdc0 JavaThread "Thread-5" daemon [_thread_in_native, id=24220, stack(0x000000d3e2f00000,0x000000d3e3000000)]
  0x000002a9fc779540 JavaThread "Thread-6" daemon [_thread_in_native, id=26004, stack(0x000000d3e3000000,0x000000d3e3100000)]
  0x000002a9fc77d200 JavaThread "Thread-7" daemon [_thread_in_native, id=28784, stack(0x000000d3e3100000,0x000000d3e3200000)]
  0x000002a9fc778100 JavaThread "Thread-8" daemon [_thread_in_native, id=28320, stack(0x000000d3e3200000,0x000000d3e3300000)]
  0x000002a9fc779a50 JavaThread "Thread-9" daemon [_thread_in_native, id=26116, stack(0x000000d3e3300000,0x000000d3e3400000)]
  0x000002a9fc77ae90 JavaThread "Thread-10" daemon [_thread_in_native, id=24924, stack(0x000000d3e3400000,0x000000d3e3500000)]
  0x000002a9fc77b8b0 JavaThread "Thread-11" daemon [_thread_in_native, id=18408, stack(0x000000d3e3500000,0x000000d3e3600000)]
  0x000002a9fc77c2d0 JavaThread "Thread-12" daemon [_thread_in_native, id=30692, stack(0x000000d3e3600000,0x000000d3e3700000)]
  0x000002a9fc776cc0 JavaThread "Thread-13" daemon [_thread_in_native, id=3264, stack(0x000000d3e3700000,0x000000d3e3800000)]
  0x000002a9fc7771d0 JavaThread "Thread-14" daemon [_thread_in_native, id=24320, stack(0x000000d3e3800000,0x000000d3e3900000)]
  0x000002a9fc77c7e0 JavaThread "Thread-15" daemon [_thread_in_native, id=25832, stack(0x000000d3e3900000,0x000000d3e3a00000)]
  0x000002a9fc77d710 JavaThread "Thread-16" daemon [_thread_in_native, id=22580, stack(0x000000d3e3a00000,0x000000d3e3b00000)]
  0x000002a9fc77ccf0 JavaThread "Thread-17" daemon [_thread_in_native, id=30520, stack(0x000000d3e3b00000,0x000000d3e3c00000)]
  0x000002a9fc7767b0 JavaThread "Thread-18" daemon [_thread_in_native, id=28572, stack(0x000000d3e3c00000,0x000000d3e3d00000)]
  0x000002a9fc7762a0 JavaThread "pool-2-thread-1" [_thread_blocked, id=27332, stack(0x000000d3e3d00000,0x000000d3e3e00000)]
  0x000002a9fc7776e0 JavaThread "WorkspaceEventsHandler" [_thread_blocked, id=26248, stack(0x000000d3e3e00000,0x000000d3e3f00000)]
  0x000002a9fc778610 JavaThread "pool-1-thread-1" [_thread_blocked, id=21912, stack(0x000000d3e3f00000,0x000000d3e4000000)]
  0x000002a9fc778b20 JavaThread "Worker-2" [_thread_blocked, id=30108, stack(0x000000d3e4000000,0x000000d3e4100000)]
  0x000002a9fdf4cfd0 JavaThread "Worker-3" [_thread_blocked, id=26368, stack(0x000000d3e4100000,0x000000d3e4200000)]
  0x000002a9fc7ef5c0 JavaThread "C2 CompilerThread4" daemon [_thread_in_native, id=26348, stack(0x000000d3e4200000,0x000000d3e4300000)]
  0x000002a9fc7f2040 JavaThread "C2 CompilerThread5" daemon [_thread_blocked, id=17928, stack(0x000000d3e4300000,0x000000d3e4400000)]
  0x000002a9fc7f05b0 JavaThread "C2 CompilerThread6" daemon [_thread_blocked, id=26236, stack(0x000000d3e4400000,0x000000d3e4500000)]
  0x000002a9fc7f1af0 JavaThread "C2 CompilerThread7" daemon [_thread_blocked, id=1720, stack(0x000000d3e4500000,0x000000d3e4600000)]

Other Threads:
  0x000002a9ef5a6b20 VMThread "VM Thread" [stack: 0x000000d3e0200000,0x000000d3e0300000] [id=29472]
  0x000002a9fb6e04e0 WatcherThread [stack: 0x000000d3e1300000,0x000000d3e1400000] [id=29440]
  0x000002a9ef532d50 GCTaskThread "GC Thread#0" [stack: 0x000000d3e0100000,0x000000d3e0200000] [id=24712]
  0x000002a9fba7aac0 GCTaskThread "GC Thread#1" [stack: 0x000000d3e1500000,0x000000d3e1600000] [id=12220]
  0x000002a9fc04f320 GCTaskThread "GC Thread#2" [stack: 0x000000d3e1600000,0x000000d3e1700000] [id=28216]
  0x000002a9fc04f5e0 GCTaskThread "GC Thread#3" [stack: 0x000000d3e1700000,0x000000d3e1800000] [id=2424]
  0x000002a9fc04f8a0 GCTaskThread "GC Thread#4" [stack: 0x000000d3e1800000,0x000000d3e1900000] [id=11396]
  0x000002a9fc04fb60 GCTaskThread "GC Thread#5" [stack: 0x000000d3e1900000,0x000000d3e1a00000] [id=14452]
  0x000002a9ed45a820 GCTaskThread "GC Thread#6" [stack: 0x000000d3e1d00000,0x000000d3e1e00000] [id=23632]
  0x000002a9fc434950 GCTaskThread "GC Thread#7" [stack: 0x000000d3e1e00000,0x000000d3e1f00000] [id=30704]
  0x000002a9fcb54470 GCTaskThread "GC Thread#8" [stack: 0x000000d3e2000000,0x000000d3e2100000] [id=28312]
  0x000002a9fc90dc50 GCTaskThread "GC Thread#9" [stack: 0x000000d3e1100000,0x000000d3e1200000] [id=24848]
  0x000002a9fc8708c0 GCTaskThread "GC Thread#10" [stack: 0x000000d3e1400000,0x000000d3e1500000] [id=26884]
  0x000002a9fc870b80 GCTaskThread "GC Thread#11" [stack: 0x000000d3e2300000,0x000000d3e2400000] [id=19784]
  0x000002a9fc006910 GCTaskThread "GC Thread#12" [stack: 0x000000d3e2500000,0x000000d3e2600000] [id=10224]

Threads with active compile tasks:
C2 CompilerThread1     3657 5145   !   4       org.eclipse.osgi.internal.loader.BundleLoader::findClass0 (470 bytes)
C2 CompilerThread2     3657 5177       4       java.lang.reflect.Executable::getAnnotation (23 bytes)
C2 CompilerThread4     3658 4997   !   4       org.eclipse.osgi.internal.loader.classpath.ClasspathManager::defineClass (636 bytes)

VM state: not at safepoint (normal execution)

VM Mutex/Monitor currently owned by a thread: None

Heap address: 0x00000000c0000000, size: 1024 MB, Compressed Oops mode: 32-bit

CDS archive(s) not mapped
Compressed class space mapped at: 0x0000000100000000-0x0000000140000000, reserved size: 1073741824
Narrow klass base: 0x0000000000000000, Narrow klass shift: 3, Narrow klass range: 0x140000000

GC Precious Log:
 CPUs: 16 total, 16 available
 Memory: 16088M
 Large Page Support: Disabled
 NUMA Support: Disabled
 Compressed Oops: Enabled (32-bit)
 Alignments: Space 512K, Generation 512K, Heap 2M
 Heap Min Capacity: 100M
 Heap Initial Capacity: 100M
 Heap Max Capacity: 1G
 Pre-touch: Disabled
 Parallel Workers: 13

Heap:
 PSYoungGen      total 23040K, used 10241K [0x00000000eab00000, 0x00000000ec580000, 0x0000000100000000)
  eden space 22016K, 43% used [0x00000000eab00000,0x00000000eb448510,0x00000000ec080000)
  from space 1024K, 71% used [0x00000000ec480000,0x00000000ec538000,0x00000000ec580000)
  to   space 1024K, 0% used [0x00000000ec380000,0x00000000ec380000,0x00000000ec480000)
 ParOldGen       total 68608K, used 17370K [0x00000000c0000000, 0x00000000c4300000, 0x00000000eab00000)
  object space 68608K, 25% used [0x00000000c0000000,0x00000000c10f68c8,0x00000000c4300000)
 Metaspace       used 45942K, committed 46976K, reserved 1114112K
  class space    used 4819K, committed 5248K, reserved 1048576K

Card table byte_map: [0x000002a9eeeb0000,0x000002a9ef0c0000] _byte_map_base: 0x000002a9ee8b0000

Marking Bits: (ParMarkBitMap*) 0x00007ffc844858b0
 Begin Bits: [0x000002a9f21b0000, 0x000002a9f31b0000)
 End Bits:   [0x000002a9f31b0000, 0x000002a9f41b0000)

Polling page: 0x000002a9ed4d0000

Metaspace:

Usage:
  Non-class:     40.16 MB used.
      Class:      4.71 MB used.
       Both:     44.87 MB used.

Virtual space:
  Non-class space:       64.00 MB reserved,      40.75 MB ( 64%) committed,  1 nodes.
      Class space:        1.00 GB reserved,       5.12 MB ( <1%) committed,  1 nodes.
             Both:        1.06 GB reserved,      45.88 MB (  4%) committed. 

Chunk freelists:
   Non-Class:  7.30 MB
       Class:  10.85 MB
        Both:  18.15 MB

MaxMetaspaceSize: unlimited
CompressedClassSpaceSize: 1.00 GB
Initial GC threshold: 21.00 MB
Current GC threshold: 58.38 MB
CDS: off
MetaspaceReclaimPolicy: balanced
 - commit_granule_bytes: 65536.
 - commit_granule_words: 8192.
 - virtual_space_node_default_size: 8388608.
 - enlarge_chunks_in_place: 1.
 - new_chunks_are_fully_committed: 0.
 - uncommit_free_chunks: 1.
 - use_allocation_guard: 0.
 - handle_deallocations: 1.


Internal statistics:

num_allocs_failed_limit: 6.
num_arena_births: 514.
num_arena_deaths: 14.
num_vsnodes_births: 2.
num_vsnodes_deaths: 0.
num_space_committed: 734.
num_space_uncommitted: 0.
num_chunks_returned_to_freelist: 20.
num_chunks_taken_from_freelist: 2081.
num_chunk_merges: 5.
num_chunk_splits: 1367.
num_chunks_enlarged: 910.
num_inconsistent_stats: 0.

CodeHeap 'non-profiled nmethods': size=119168Kb used=2320Kb max_used=2503Kb free=116847Kb
 bounds [0x000002a987ba0000, 0x000002a987e30000, 0x000002a98f000000]
CodeHeap 'profiled nmethods': size=119104Kb used=8912Kb max_used=10782Kb free=110191Kb
 bounds [0x000002a980000000, 0x000002a980a90000, 0x000002a987450000]
CodeHeap 'non-nmethods': size=7488Kb used=2986Kb max_used=3052Kb free=4501Kb
 bounds [0x000002a987450000, 0x000002a987760000, 0x000002a987ba0000]
 total_blobs=5039 nmethods=4413 adapters=536
 compilation: enabled
              stopped_count=0, restarted_count=0
 full_count=0

Compilation events (20 events):
Event: 3.619 Thread 0x000002a9fc7f1af0 nmethod 5161 0x000002a987c45690 code [0x000002a987c45840, 0x000002a987c45da8]
Event: 3.619 Thread 0x000002a9f9551f30 nmethod 5164 0x000002a980194790 code [0x000002a9801949e0, 0x000002a980195418]
Event: 3.620 Thread 0x000002a9f969d420 5165       3       com.google.inject.spi.InjectionPoint::forInstanceMethodsAndFields (40 bytes)
Event: 3.620 Thread 0x000002a9f9551f30 5166       3       com.google.inject.spi.InjectionPoint::hierarchyFor (44 bytes)
Event: 3.621 Thread 0x000002a9fc7f1af0 5168       4       java.lang.reflect.Method::<init> (68 bytes)
Event: 3.621 Thread 0x000002a9fc7f05b0 5167       4       java.lang.reflect.Method::copy (84 bytes)
Event: 3.621 Thread 0x000002a9f969d420 nmethod 5165 0x000002a9802f7b90 code [0x000002a9802f7dc0, 0x000002a9802f84c8]
Event: 3.622 Thread 0x000002a9f9551f30 nmethod 5166 0x000002a980666c10 code [0x000002a980666e80, 0x000002a980667928]
Event: 3.623 Thread 0x000002a9fc7f1af0 nmethod 5168 0x000002a987ca7d10 code [0x000002a987ca7e80, 0x000002a987ca7f78]
Event: 3.624 Thread 0x000002a9fc7f05b0 nmethod 5167 0x000002a987ca7610 code [0x000002a987ca77a0, 0x000002a987ca7978]
Event: 3.626 Thread 0x000002a9f969d420 5170       3       com.google.common.collect.LexicographicalOrdering::compare (85 bytes)
Event: 3.626 Thread 0x000002a9ef57fb60 5169       3       com.google.common.collect.LexicographicalOrdering::compare (13 bytes)
Event: 3.627 Thread 0x000002a9ef57fb60 nmethod 5169 0x000002a9802e5e10 code [0x000002a9802e5fc0, 0x000002a9802e6308]
Event: 3.627 Thread 0x000002a9f969d420 nmethod 5170 0x000002a98070d410 code [0x000002a98070d660, 0x000002a98070df78]
Event: 3.628 Thread 0x000002a9f9551f30 5171       3       sun.reflect.annotation.AnnotationParser::toArray (18 bytes)
Event: 3.628 Thread 0x000002a9f9551f30 nmethod 5171 0x000002a9805b4790 code [0x000002a9805b4960, 0x000002a9805b4cd8]
Event: 3.633 Thread 0x000002a9f969cf00 5172       3       com.google.inject.internal.Annotations::findBindingAnnotation (76 bytes)
Event: 3.634 Thread 0x000002a9ef57fb60 5173       3       org.eclipse.core.internal.jobs.JobManager::select (60 bytes)
Event: 3.634 Thread 0x000002a9f969cf00 nmethod 5172 0x000002a98009d090 code [0x000002a98009d2e0, 0x000002a98009dcb8]
Event: 3.634 Thread 0x000002a9ef57fb60 nmethod 5173 0x000002a980495d10 code [0x000002a980495f00, 0x000002a9804964a8]

GC Heap History (20 events):
Event: 1.754 GC heap before
{Heap before GC invocations=7 (full 1):
 PSYoungGen      total 29696K, used 25600K [0x00000000eab00000, 0x00000000ece00000, 0x0000000100000000)
  eden space 25600K, 100% used [0x00000000eab00000,0x00000000ec400000,0x00000000ec400000)
  from space 4096K, 0% used [0x00000000ec400000,0x00000000ec400000,0x00000000ec800000)
  to   space 5120K, 0% used [0x00000000ec900000,0x00000000ec900000,0x00000000ece00000)
 ParOldGen       total 68608K, used 10634K [0x00000000c0000000, 0x00000000c4300000, 0x00000000eab00000)
  object space 68608K, 15% used [0x00000000c0000000,0x00000000c0a62b18,0x00000000c4300000)
 Metaspace       used 24843K, committed 25408K, reserved 1114112K
  class space    used 2508K, committed 2752K, reserved 1048576K
}
Event: 1.756 GC heap after
{Heap after GC invocations=7 (full 1):
 PSYoungGen      total 26624K, used 1338K [0x00000000eab00000, 0x00000000eca80000, 0x0000000100000000)
  eden space 25088K, 0% used [0x00000000eab00000,0x00000000eab00000,0x00000000ec380000)
  from space 1536K, 87% used [0x00000000ec900000,0x00000000eca4e8d8,0x00000000eca80000)
  to   space 3072K, 0% used [0x00000000ec480000,0x00000000ec480000,0x00000000ec780000)
 ParOldGen       total 68608K, used 10642K [0x00000000c0000000, 0x00000000c4300000, 0x00000000eab00000)
  object space 68608K, 15% used [0x00000000c0000000,0x00000000c0a64b18,0x00000000c4300000)
 Metaspace       used 24843K, committed 25408K, reserved 1114112K
  class space    used 2508K, committed 2752K, reserved 1048576K
}
Event: 1.923 GC heap before
{Heap before GC invocations=8 (full 1):
 PSYoungGen      total 26624K, used 26426K [0x00000000eab00000, 0x00000000eca80000, 0x0000000100000000)
  eden space 25088K, 100% used [0x00000000eab00000,0x00000000ec380000,0x00000000ec380000)
  from space 1536K, 87% used [0x00000000ec900000,0x00000000eca4e8d8,0x00000000eca80000)
  to   space 3072K, 0% used [0x00000000ec480000,0x00000000ec480000,0x00000000ec780000)
 ParOldGen       total 68608K, used 10642K [0x00000000c0000000, 0x00000000c4300000, 0x00000000eab00000)
  object space 68608K, 15% used [0x00000000c0000000,0x00000000c0a64b18,0x00000000c4300000)
 Metaspace       used 27545K, committed 28224K, reserved 1114112K
  class space    used 2820K, committed 3072K, reserved 1048576K
}
Event: 1.924 GC heap after
{Heap after GC invocations=8 (full 1):
 PSYoungGen      total 27648K, used 3060K [0x00000000eab00000, 0x00000000eca00000, 0x0000000100000000)
  eden space 24576K, 0% used [0x00000000eab00000,0x00000000eab00000,0x00000000ec300000)
  from space 3072K, 99% used [0x00000000ec480000,0x00000000ec77d2b8,0x00000000ec780000)
  to   space 2560K, 0% used [0x00000000ec780000,0x00000000ec780000,0x00000000eca00000)
 ParOldGen       total 68608K, used 10658K [0x00000000c0000000, 0x00000000c4300000, 0x00000000eab00000)
  object space 68608K, 15% used [0x00000000c0000000,0x00000000c0a68b18,0x00000000c4300000)
 Metaspace       used 27545K, committed 28224K, reserved 1114112K
  class space    used 2820K, committed 3072K, reserved 1048576K
}
Event: 2.026 GC heap before
{Heap before GC invocations=9 (full 1):
 PSYoungGen      total 27648K, used 27633K [0x00000000eab00000, 0x00000000eca00000, 0x0000000100000000)
  eden space 24576K, 99% used [0x00000000eab00000,0x00000000ec2ff278,0x00000000ec300000)
  from space 3072K, 99% used [0x00000000ec480000,0x00000000ec77d2b8,0x00000000ec780000)
  to   space 2560K, 0% used [0x00000000ec780000,0x00000000ec780000,0x00000000eca00000)
 ParOldGen       total 68608K, used 10658K [0x00000000c0000000, 0x00000000c4300000, 0x00000000eab00000)
  object space 68608K, 15% used [0x00000000c0000000,0x00000000c0a68b18,0x00000000c4300000)
 Metaspace       used 30020K, committed 30720K, reserved 1114112K
  class space    used 2988K, committed 3264K, reserved 1048576K
}
Event: 2.028 GC heap after
{Heap after GC invocations=9 (full 1):
 PSYoungGen      total 26624K, used 2550K [0x00000000eab00000, 0x00000000eca80000, 0x0000000100000000)
  eden space 24064K, 0% used [0x00000000eab00000,0x00000000eab00000,0x00000000ec280000)
  from space 2560K, 99% used [0x00000000ec780000,0x00000000ec9fd998,0x00000000eca00000)
  to   space 4096K, 0% used [0x00000000ec280000,0x00000000ec280000,0x00000000ec680000)
 ParOldGen       total 68608K, used 11634K [0x00000000c0000000, 0x00000000c4300000, 0x00000000eab00000)
  object space 68608K, 16% used [0x00000000c0000000,0x00000000c0b5c980,0x00000000c4300000)
 Metaspace       used 30020K, committed 30720K, reserved 1114112K
  class space    used 2988K, committed 3264K, reserved 1048576K
}
Event: 2.164 GC heap before
{Heap before GC invocations=10 (full 1):
 PSYoungGen      total 26624K, used 26614K [0x00000000eab00000, 0x00000000eca80000, 0x0000000100000000)
  eden space 24064K, 100% used [0x00000000eab00000,0x00000000ec280000,0x00000000ec280000)
  from space 2560K, 99% used [0x00000000ec780000,0x00000000ec9fd998,0x00000000eca00000)
  to   space 4096K, 0% used [0x00000000ec280000,0x00000000ec280000,0x00000000ec680000)
 ParOldGen       total 68608K, used 11634K [0x00000000c0000000, 0x00000000c4300000, 0x00000000eab00000)
  object space 68608K, 16% used [0x00000000c0000000,0x00000000c0b5c980,0x00000000c4300000)
 Metaspace       used 33360K, committed 34048K, reserved 1114112K
  class space    used 3240K, committed 3456K, reserved 1048576K
}
Event: 2.166 GC heap after
{Heap after GC invocations=10 (full 1):
 PSYoungGen      total 27648K, used 3788K [0x00000000eab00000, 0x00000000eca00000, 0x0000000100000000)
  eden space 23552K, 0% used [0x00000000eab00000,0x00000000eab00000,0x00000000ec200000)
  from space 4096K, 92% used [0x00000000ec280000,0x00000000ec633050,0x00000000ec680000)
  to   space 3584K, 0% used [0x00000000ec680000,0x00000000ec680000,0x00000000eca00000)
 ParOldGen       total 68608K, used 12532K [0x00000000c0000000, 0x00000000c4300000, 0x00000000eab00000)
  object space 68608K, 18% used [0x00000000c0000000,0x00000000c0c3d108,0x00000000c4300000)
 Metaspace       used 33360K, committed 34048K, reserved 1114112K
  class space    used 3240K, committed 3456K, reserved 1048576K
}
Event: 2.345 GC heap before
{Heap before GC invocations=11 (full 1):
 PSYoungGen      total 27648K, used 25924K [0x00000000eab00000, 0x00000000eca00000, 0x0000000100000000)
  eden space 23552K, 93% used [0x00000000eab00000,0x00000000ec09e330,0x00000000ec200000)
  from space 4096K, 92% used [0x00000000ec280000,0x00000000ec633050,0x00000000ec680000)
  to   space 3584K, 0% used [0x00000000ec680000,0x00000000ec680000,0x00000000eca00000)
 ParOldGen       total 68608K, used 12532K [0x00000000c0000000, 0x00000000c4300000, 0x00000000eab00000)
  object space 68608K, 18% used [0x00000000c0000000,0x00000000c0c3d108,0x00000000c4300000)
 Metaspace       used 35147K, committed 35840K, reserved 1114112K
  class space    used 3407K, committed 3648K, reserved 1048576K
}
Event: 2.347 GC heap after
{Heap after GC invocations=11 (full 1):
 PSYoungGen      total 26624K, used 2748K [0x00000000eab00000, 0x00000000ec980000, 0x0000000100000000)
  eden space 23552K, 0% used [0x00000000eab00000,0x00000000eab00000,0x00000000ec200000)
  from space 3072K, 89% used [0x00000000ec680000,0x00000000ec92f3a0,0x00000000ec980000)
  to   space 3584K, 0% used [0x00000000ec280000,0x00000000ec280000,0x00000000ec600000)
 ParOldGen       total 68608K, used 14232K [0x00000000c0000000, 0x00000000c4300000, 0x00000000eab00000)
  object space 68608K, 20% used [0x00000000c0000000,0x00000000c0de6108,0x00000000c4300000)
 Metaspace       used 35147K, committed 35840K, reserved 1114112K
  class space    used 3407K, committed 3648K, reserved 1048576K
}
Event: 2.347 GC heap before
{Heap before GC invocations=12 (full 2):
 PSYoungGen      total 26624K, used 2748K [0x00000000eab00000, 0x00000000ec980000, 0x0000000100000000)
  eden space 23552K, 0% used [0x00000000eab00000,0x00000000eab00000,0x00000000ec200000)
  from space 3072K, 89% used [0x00000000ec680000,0x00000000ec92f3a0,0x00000000ec980000)
  to   space 3584K, 0% used [0x00000000ec280000,0x00000000ec280000,0x00000000ec600000)
 ParOldGen       total 68608K, used 14232K [0x00000000c0000000, 0x00000000c4300000, 0x00000000eab00000)
  object space 68608K, 20% used [0x00000000c0000000,0x00000000c0de6108,0x00000000c4300000)
 Metaspace       used 35147K, committed 35840K, reserved 1114112K
  class space    used 3407K, committed 3648K, reserved 1048576K
}
Event: 2.371 GC heap after
{Heap after GC invocations=12 (full 2):
 PSYoungGen      total 26624K, used 0K [0x00000000eab00000, 0x00000000ec980000, 0x0000000100000000)
  eden space 23552K, 0% used [0x00000000eab00000,0x00000000eab00000,0x00000000ec200000)
  from space 3072K, 0% used [0x00000000ec680000,0x00000000ec680000,0x00000000ec980000)
  to   space 3584K, 0% used [0x00000000ec280000,0x00000000ec280000,0x00000000ec600000)
 ParOldGen       total 68608K, used 15108K [0x00000000c0000000, 0x00000000c4300000, 0x00000000eab00000)
  object space 68608K, 22% used [0x00000000c0000000,0x00000000c0ec11e8,0x00000000c4300000)
 Metaspace       used 35134K, committed 35840K, reserved 1114112K
  class space    used 3403K, committed 3648K, reserved 1048576K
}
Event: 2.703 GC heap before
{Heap before GC invocations=13 (full 2):
 PSYoungGen      total 26624K, used 23550K [0x00000000eab00000, 0x00000000ec980000, 0x0000000100000000)
  eden space 23552K, 99% used [0x00000000eab00000,0x00000000ec1ff888,0x00000000ec200000)
  from space 3072K, 0% used [0x00000000ec680000,0x00000000ec680000,0x00000000ec980000)
  to   space 3584K, 0% used [0x00000000ec280000,0x00000000ec280000,0x00000000ec600000)
 ParOldGen       total 68608K, used 15108K [0x00000000c0000000, 0x00000000c4300000, 0x00000000eab00000)
  object space 68608K, 22% used [0x00000000c0000000,0x00000000c0ec11e8,0x00000000c4300000)
 Metaspace       used 38097K, committed 38976K, reserved 1114112K
  class space    used 3788K, committed 4160K, reserved 1048576K
}
Event: 2.705 GC heap after
{Heap after GC invocations=13 (full 2):
 PSYoungGen      total 24576K, used 1125K [0x00000000eab00000, 0x00000000ec700000, 0x0000000100000000)
  eden space 23040K, 0% used [0x00000000eab00000,0x00000000eab00000,0x00000000ec180000)
  from space 1536K, 73% used [0x00000000ec280000,0x00000000ec3995f8,0x00000000ec400000)
  to   space 2048K, 0% used [0x00000000ec500000,0x00000000ec500000,0x00000000ec700000)
 ParOldGen       total 68608K, used 15116K [0x00000000c0000000, 0x00000000c4300000, 0x00000000eab00000)
  object space 68608K, 22% used [0x00000000c0000000,0x00000000c0ec31e8,0x00000000c4300000)
 Metaspace       used 38097K, committed 38976K, reserved 1114112K
  class space    used 3788K, committed 4160K, reserved 1048576K
}
Event: 3.003 GC heap before
{Heap before GC invocations=14 (full 2):
 PSYoungGen      total 24576K, used 24142K [0x00000000eab00000, 0x00000000ec700000, 0x0000000100000000)
  eden space 23040K, 99% used [0x00000000eab00000,0x00000000ec17a4e0,0x00000000ec180000)
  from space 1536K, 73% used [0x00000000ec280000,0x00000000ec3995f8,0x00000000ec400000)
  to   space 2048K, 0% used [0x00000000ec500000,0x00000000ec500000,0x00000000ec700000)
 ParOldGen       total 68608K, used 15116K [0x00000000c0000000, 0x00000000c4300000, 0x00000000eab00000)
  object space 68608K, 22% used [0x00000000c0000000,0x00000000c0ec31e8,0x00000000c4300000)
 Metaspace       used 40909K, committed 41792K, reserved 1114112K
  class space    used 4141K, committed 4480K, reserved 1048576K
}
Event: 3.004 GC heap after
{Heap after GC invocations=14 (full 2):
 PSYoungGen      total 23552K, used 1015K [0x00000000eab00000, 0x00000000ec600000, 0x0000000100000000)
  eden space 22528K, 0% used [0x00000000eab00000,0x00000000eab00000,0x00000000ec100000)
  from space 1024K, 99% used [0x00000000ec500000,0x00000000ec5fded0,0x00000000ec600000)
  to   space 1536K, 0% used [0x00000000ec300000,0x00000000ec300000,0x00000000ec480000)
 ParOldGen       total 68608K, used 16058K [0x00000000c0000000, 0x00000000c4300000, 0x00000000eab00000)
  object space 68608K, 23% used [0x00000000c0000000,0x00000000c0fae8b8,0x00000000c4300000)
 Metaspace       used 40909K, committed 41792K, reserved 1114112K
  class space    used 4141K, committed 4480K, reserved 1048576K
}
Event: 3.300 GC heap before
{Heap before GC invocations=15 (full 2):
 PSYoungGen      total 23552K, used 23543K [0x00000000eab00000, 0x00000000ec600000, 0x0000000100000000)
  eden space 22528K, 100% used [0x00000000eab00000,0x00000000ec100000,0x00000000ec100000)
  from space 1024K, 99% used [0x00000000ec500000,0x00000000ec5fded0,0x00000000ec600000)
  to   space 1536K, 0% used [0x00000000ec300000,0x00000000ec300000,0x00000000ec480000)
 ParOldGen       total 68608K, used 16058K [0x00000000c0000000, 0x00000000c4300000, 0x00000000eab00000)
  object space 68608K, 23% used [0x00000000c0000000,0x00000000c0fae8b8,0x00000000c4300000)
 Metaspace       used 42929K, committed 43904K, reserved 1114112K
  class space    used 4421K, committed 4800K, reserved 1048576K
}
Event: 3.301 GC heap after
{Heap after GC invocations=15 (full 2):
 PSYoungGen      total 23552K, used 736K [0x00000000eab00000, 0x00000000ec580000, 0x0000000100000000)
  eden space 22016K, 0% used [0x00000000eab00000,0x00000000eab00000,0x00000000ec080000)
  from space 1536K, 47% used [0x00000000ec300000,0x00000000ec3b8000,0x00000000ec480000)
  to   space 1024K, 0% used [0x00000000ec480000,0x00000000ec480000,0x00000000ec580000)
 ParOldGen       total 68608K, used 16890K [0x00000000c0000000, 0x00000000c4300000, 0x00000000eab00000)
  object space 68608K, 24% used [0x00000000c0000000,0x00000000c107e8c8,0x00000000c4300000)
 Metaspace       used 42929K, committed 43904K, reserved 1114112K
  class space    used 4421K, committed 4800K, reserved 1048576K
}
Event: 3.547 GC heap before
{Heap before GC invocations=16 (full 2):
 PSYoungGen      total 23552K, used 22752K [0x00000000eab00000, 0x00000000ec580000, 0x0000000100000000)
  eden space 22016K, 100% used [0x00000000eab00000,0x00000000ec080000,0x00000000ec080000)
  from space 1536K, 47% used [0x00000000ec300000,0x00000000ec3b8000,0x00000000ec480000)
  to   space 1024K, 0% used [0x00000000ec480000,0x00000000ec480000,0x00000000ec580000)
 ParOldGen       total 68608K, used 16890K [0x00000000c0000000, 0x00000000c4300000, 0x00000000eab00000)
  object space 68608K, 24% used [0x00000000c0000000,0x00000000c107e8c8,0x00000000c4300000)
 Metaspace       used 44949K, committed 45952K, reserved 1114112K
  class space    used 4676K, committed 5056K, reserved 1048576K
}
Event: 3.548 GC heap after
{Heap after GC invocations=16 (full 2):
 PSYoungGen      total 23040K, used 736K [0x00000000eab00000, 0x00000000ec580000, 0x0000000100000000)
  eden space 22016K, 0% used [0x00000000eab00000,0x00000000eab00000,0x00000000ec080000)
  from space 1024K, 71% used [0x00000000ec480000,0x00000000ec538000,0x00000000ec580000)
  to   space 1024K, 0% used [0x00000000ec380000,0x00000000ec380000,0x00000000ec480000)
 ParOldGen       total 68608K, used 17370K [0x00000000c0000000, 0x00000000c4300000, 0x00000000eab00000)
  object space 68608K, 25% used [0x00000000c0000000,0x00000000c10f68c8,0x00000000c4300000)
 Metaspace       used 44949K, committed 45952K, reserved 1114112K
  class space    used 4676K, committed 5056K, reserved 1048576K
}

Dll operation events (10 events):
Event: 0.007 Loaded shared library c:\Users\tarun\.vscode\extensions\redhat.java-1.35.0-win32-x64\jre\17.0.12-win32-x86_64\bin\java.dll
Event: 0.104 Loaded shared library c:\Users\tarun\.vscode\extensions\redhat.java-1.35.0-win32-x64\jre\17.0.12-win32-x86_64\bin\zip.dll
Event: 0.106 Loaded shared library C:\Users\tarun\.vscode\extensions\redhat.java-1.35.0-win32-x64\jre\17.0.12-win32-x86_64\bin\instrument.dll
Event: 0.113 Loaded shared library C:\Users\tarun\.vscode\extensions\redhat.java-1.35.0-win32-x64\jre\17.0.12-win32-x86_64\bin\net.dll
Event: 0.114 Loaded shared library C:\Users\tarun\.vscode\extensions\redhat.java-1.35.0-win32-x64\jre\17.0.12-win32-x86_64\bin\nio.dll
Event: 0.118 Loaded shared library C:\Users\tarun\.vscode\extensions\redhat.java-1.35.0-win32-x64\jre\17.0.12-win32-x86_64\bin\zip.dll
Event: 0.128 Loaded shared library C:\Users\tarun\.vscode\extensions\redhat.java-1.35.0-win32-x64\jre\17.0.12-win32-x86_64\bin\jimage.dll
Event: 0.161 Loaded shared library c:\Users\tarun\.vscode\extensions\redhat.java-1.35.0-win32-x64\jre\17.0.12-win32-x86_64\bin\verify.dll
Event: 0.749 Loaded shared library C:\Users\tarun\AppData\Roaming\Code\User\globalStorage\redhat.java\1.35.0\config_win\org.eclipse.equinox.launcher\org.eclipse.equinox.launcher.win32.win32.x86_64_1.2.1100.v20240722-2106\eclipse_11904.dll
Event: 1.618 Loaded shared library C:\Users\tarun\AppData\Local\Temp\jna-110131454\jna7149196814809825289.dll

Deoptimization events (20 events):
Event: 3.393 Thread 0x000002a9fc77a470 Uncommon trap: trap_request=0xffffffbe fr.pc=0x000002a987da098c relative=0x0000000000001d8c
Event: 3.393 Thread 0x000002a9fc77a470 Uncommon trap: reason=profile_predicate action=maybe_recompile pc=0x000002a987da098c method=org.eclipse.osgi.internal.loader.BundleLoader.searchHooks(Ljava/lang/String;I)Ljava/lang/Object; @ 186 c2
Event: 3.393 Thread 0x000002a9fc77a470 DEOPT PACKING pc=0x000002a987da098c sp=0x000000d3e28fe220
Event: 3.393 Thread 0x000002a9fc77a470 DEOPT UNPACKING pc=0x000002a9874a66a3 sp=0x000000d3e28fe218 mode 2
Event: 3.474 Thread 0x000002a9fc77a470 Uncommon trap: trap_request=0xffffffde fr.pc=0x000002a987bec494 relative=0x0000000000000494
Event: 3.474 Thread 0x000002a9fc77a470 Uncommon trap: reason=class_check action=maybe_recompile pc=0x000002a987bec494 method=java.lang.reflect.Executable.declaredAnnotations()Ljava/util/Map; @ 23 c2
Event: 3.474 Thread 0x000002a9fc77a470 DEOPT PACKING pc=0x000002a987bec494 sp=0x000000d3e28fdfc0
Event: 3.474 Thread 0x000002a9fc77a470 DEOPT UNPACKING pc=0x000002a9874a66a3 sp=0x000000d3e28fdf88 mode 2
Event: 3.474 Thread 0x000002a9fc77a470 Uncommon trap: trap_request=0xffffffde fr.pc=0x000002a987bec494 relative=0x0000000000000494
Event: 3.474 Thread 0x000002a9fc77a470 Uncommon trap: reason=class_check action=maybe_recompile pc=0x000002a987bec494 method=java.lang.reflect.Executable.declaredAnnotations()Ljava/util/Map; @ 23 c2
Event: 3.474 Thread 0x000002a9fc77a470 DEOPT PACKING pc=0x000002a987bec494 sp=0x000000d3e28fdf20
Event: 3.474 Thread 0x000002a9fc77a470 DEOPT UNPACKING pc=0x000002a9874a66a3 sp=0x000000d3e28fdef0 mode 2
Event: 3.474 Thread 0x000002a9fc77a470 Uncommon trap: trap_request=0xffffffde fr.pc=0x000002a987bec494 relative=0x0000000000000494
Event: 3.474 Thread 0x000002a9fc77a470 Uncommon trap: reason=class_check action=maybe_recompile pc=0x000002a987bec494 method=java.lang.reflect.Executable.declaredAnnotations()Ljava/util/Map; @ 23 c2
Event: 3.474 Thread 0x000002a9fc77a470 DEOPT PACKING pc=0x000002a987bec494 sp=0x000000d3e28fdfc0
Event: 3.474 Thread 0x000002a9fc77a470 DEOPT UNPACKING pc=0x000002a9874a66a3 sp=0x000000d3e28fdf88 mode 2
Event: 3.474 Thread 0x000002a9fc77a470 Uncommon trap: trap_request=0xffffffde fr.pc=0x000002a987bec494 relative=0x0000000000000494
Event: 3.474 Thread 0x000002a9fc77a470 Uncommon trap: reason=class_check action=maybe_recompile pc=0x000002a987bec494 method=java.lang.reflect.Executable.declaredAnnotations()Ljava/util/Map; @ 23 c2
Event: 3.474 Thread 0x000002a9fc77a470 DEOPT PACKING pc=0x000002a987bec494 sp=0x000000d3e28fdf20
Event: 3.474 Thread 0x000002a9fc77a470 DEOPT UNPACKING pc=0x000002a9874a66a3 sp=0x000000d3e28fdef0 mode 2

Classes loaded (20 events):
Event: 3.050 Loading class java/util/stream/Streams$ConcatSpliterator done
Event: 3.050 Loading class java/util/stream/Streams$ConcatSpliterator$OfRef done
Event: 3.050 Loading class java/util/stream/Streams$2
Event: 3.050 Loading class java/util/stream/Streams$2 done
Event: 3.093 Loading class java/lang/annotation/ElementType
Event: 3.094 Loading class java/lang/annotation/ElementType done
Event: 3.166 Loading class java/lang/annotation/IncompleteAnnotationException
Event: 3.166 Loading class java/lang/annotation/IncompleteAnnotationException done
Event: 3.188 Loading class jdk/internal/access/foreign/MemorySegmentProxy
Event: 3.188 Loading class jdk/internal/access/foreign/MemorySegmentProxy done
Event: 3.468 Loading class sun/reflect/annotation/AnnotatedTypeFactory$AnnotatedParameterizedTypeImpl
Event: 3.468 Loading class java/lang/reflect/AnnotatedParameterizedType
Event: 3.468 Loading class java/lang/reflect/AnnotatedParameterizedType done
Event: 3.468 Loading class sun/reflect/annotation/AnnotatedTypeFactory$AnnotatedParameterizedTypeImpl done
Event: 3.549 Loading class sun/reflect/generics/scope/ConstructorScope
Event: 3.549 Loading class sun/reflect/generics/scope/ConstructorScope done
Event: 3.549 Loading class sun/reflect/generics/tree/VoidDescriptor
Event: 3.550 Loading class sun/reflect/generics/tree/VoidDescriptor done
Event: 3.611 Loading class java/util/concurrent/CompletionService
Event: 3.611 Loading class java/util/concurrent/CompletionService done

Classes unloaded (7 events):
Event: 2.351 Thread 0x000002a9ef5a6b20 Unloading class 0x0000000100250400 'java/lang/invoke/LambdaForm$MH+0x0000000100250400'
Event: 2.351 Thread 0x000002a9ef5a6b20 Unloading class 0x0000000100250000 'java/lang/invoke/LambdaForm$MH+0x0000000100250000'
Event: 2.351 Thread 0x000002a9ef5a6b20 Unloading class 0x000000010024fc00 'java/lang/invoke/LambdaForm$MH+0x000000010024fc00'
Event: 2.351 Thread 0x000002a9ef5a6b20 Unloading class 0x000000010024f800 'java/lang/invoke/LambdaForm$MH+0x000000010024f800'
Event: 2.351 Thread 0x000002a9ef5a6b20 Unloading class 0x000000010024f400 'java/lang/invoke/LambdaForm$BMH+0x000000010024f400'
Event: 2.351 Thread 0x000002a9ef5a6b20 Unloading class 0x000000010024f000 'java/lang/invoke/LambdaForm$DMH+0x000000010024f000'
Event: 2.351 Thread 0x000002a9ef5a6b20 Unloading class 0x000000010024c400 'java/lang/invoke/LambdaForm$DMH+0x000000010024c400'

Classes redefined (0 events):
No events

Internal exceptions (20 events):
Event: 2.739 Thread 0x000002a9ef51ba30 Exception <a 'java/lang/NoSuchMethodError'{0x00000000eaee2db8}: 'void java.lang.invoke.DirectMethodHandle$Holder.invokeSpecial(java.lang.Object, java.lang.Object, java.lang.Object, java.lang.Object, java.lang.Object, java.lang.Object)'> (0x00000000eaee2db8) 
thrown [s\src\hotspot\share\interpreter\linkResolver.cpp, line 759]
Event: 2.741 Thread 0x000002a9ef51ba30 Exception <a 'java/lang/IncompatibleClassChangeError'{0x00000000eaeec668}: Found class java.lang.Object, but interface was expected> (0x00000000eaeec668) 
thrown [s\src\hotspot\share\interpreter\linkResolver.cpp, line 826]
Event: 2.868 Thread 0x000002a9fc77a470 Exception <a 'java/lang/NoSuchMethodError'{0x00000000eb97bd10}: 'java.lang.Object java.lang.invoke.DirectMethodHandle$Holder.invokeStaticInit(java.lang.Object, java.lang.Object, java.lang.Object, java.lang.Object, java.lang.Object, java.lang.Object, java.lang.Object)'> (0x00000000eb97bd10) 
thrown [s\src\hotspot\share\interpreter\linkResolver.cpp, line 759]
Event: 2.869 Thread 0x000002a9fc77a470 Exception <a 'java/lang/NoSuchMethodError'{0x00000000eb985568}: 'java.lang.Object java.lang.invoke.DirectMethodHandle$Holder.invokeSpecial(java.lang.Object, java.lang.Object, java.lang.Object, java.lang.Object, java.lang.Object, java.lang.Object, java.lang.Object, java.lang.Object, java.lang.Object)'> (0x00000000eb985568) 
thrown [s\src\hotspot\share\interpreter\linkResolver.cpp, line 759]
Event: 2.869 Thread 0x000002a9fc77a470 Exception <a 'java/lang/NoSuchMethodError'{0x00000000eb989b28}: 'java.lang.Object java.lang.invoke.Invokers$Holder.invoke_MT(java.lang.Object, java.lang.Object, java.lang.Object, java.lang.Object, java.lang.Object, java.lang.Object, java.lang.Object, java.lang.Object, java.lang.Object)'> (0x00000000eb989b28) 
thrown [s\src\hotspot\share\interpreter\linkResolver.cpp, line 759]
Event: 2.878 Thread 0x000002a9fc77a470 Exception <a 'java/lang/NoSuchMethodError'{0x00000000eb9d7978}: 'int java.lang.invoke.DirectMethodHandle$Holder.invokeVirtual(java.lang.Object, java.lang.Object, java.lang.Object)'> (0x00000000eb9d7978) 
thrown [s\src\hotspot\share\interpreter\linkResolver.cpp, line 759]
Event: 2.878 Thread 0x000002a9fc77a470 Exception <a 'java/lang/NoSuchMethodError'{0x00000000eb9db908}: 'int java.lang.invoke.DirectMethodHandle$Holder.invokeVirtual(java.lang.Object, java.lang.Object)'> (0x00000000eb9db908) 
thrown [s\src\hotspot\share\interpreter\linkResolver.cpp, line 759]
Event: 2.879 Thread 0x000002a9fc77a470 Exception <a 'java/lang/NoSuchMethodError'{0x00000000eb9e0298}: 'int java.lang.invoke.DirectMethodHandle$Holder.invokeStaticInit(java.lang.Object, int, int)'> (0x00000000eb9e0298) 
thrown [s\src\hotspot\share\interpreter\linkResolver.cpp, line 759]
Event: 2.880 Thread 0x000002a9fc77a470 Exception <a 'java/lang/NoSuchMethodError'{0x00000000eb9e8898}: 'int java.lang.invoke.DirectMethodHandle$Holder.invokeStaticInit(java.lang.Object, long, long)'> (0x00000000eb9e8898) 
thrown [s\src\hotspot\share\interpreter\linkResolver.cpp, line 759]
Event: 2.881 Thread 0x000002a9fc77a470 Exception <a 'java/lang/NoSuchMethodError'{0x00000000eb9f0538}: 'int java.lang.invoke.DirectMethodHandle$Holder.invokeStaticInit(java.lang.Object, float, float)'> (0x00000000eb9f0538) 
thrown [s\src\hotspot\share\interpreter\linkResolver.cpp, line 759]
Event: 2.881 Thread 0x000002a9fc77a470 Exception <a 'java/lang/NoSuchMethodError'{0x00000000eb9f7f18}: 'int java.lang.invoke.DirectMethodHandle$Holder.invokeStaticInit(java.lang.Object, double, double)'> (0x00000000eb9f7f18) 
thrown [s\src\hotspot\share\interpreter\linkResolver.cpp, line 759]
Event: 2.881 Thread 0x000002a9fc77a470 Exception <a 'java/lang/NoSuchMethodError'{0x00000000eb9fce50}: 'int java.lang.invoke.DirectMethodHandle$Holder.invokeStatic(java.lang.Object, long)'> (0x00000000eb9fce50) 
thrown [s\src\hotspot\share\interpreter\linkResolver.cpp, line 759]
Event: 2.884 Thread 0x000002a9fc77a470 Exception <a 'java/lang/NoSuchMethodError'{0x00000000eba28b60}: 'int java.lang.invoke.Invokers$Holder.linkToTargetMethod(java.lang.Object, java.lang.Object)'> (0x00000000eba28b60) 
thrown [s\src\hotspot\share\interpreter\linkResolver.cpp, line 759]
Event: 2.923 Thread 0x000002a9fc77a470 Exception <a 'java/lang/NoSuchMethodError'{0x00000000ebbbbb08}: 'java.lang.Object java.lang.invoke.DirectMethodHandle$Holder.invokeSpecialIFC(java.lang.Object, java.lang.Object, java.lang.Object, java.lang.Object)'> (0x00000000ebbbbb08) 
thrown [s\src\hotspot\share\interpreter\linkResolver.cpp, line 759]
Event: 2.991 Thread 0x000002a9fbffd9d0 Exception <a 'java/lang/NoSuchMethodError'{0x00000000ec02b878}: 'int java.lang.invoke.DirectMethodHandle$Holder.invokeSpecial(java.lang.Object, java.lang.Object, java.lang.Object, java.lang.Object)'> (0x00000000ec02b878) 
thrown [s\src\hotspot\share\interpreter\linkResolver.cpp, line 759]
Event: 2.995 Thread 0x000002a9fbffd9d0 Exception <a 'java/lang/NoSuchMethodError'{0x00000000ec087630}: 'java.lang.Object java.lang.invoke.DirectMethodHandle$Holder.invokeStatic(java.lang.Object, int, java.lang.Object, java.lang.Object)'> (0x00000000ec087630) 
thrown [s\src\hotspot\share\interpreter\linkResolver.cpp, line 759]
Event: 2.995 Thread 0x000002a9fbffd9d0 Exception <a 'java/lang/NoSuchMethodError'{0x00000000ec0a4518}: 'java.lang.Object java.lang.invoke.DelegatingMethodHandle$Holder.delegate(java.lang.Object, int, java.lang.Object, java.lang.Object)'> (0x00000000ec0a4518) 
thrown [s\src\hotspot\share\interpreter\linkResolver.cpp, line 759]
Event: 2.998 Thread 0x000002a9fbffd9d0 Exception <a 'java/lang/NoSuchMethodError'{0x00000000ec0e78b8}: 'int java.lang.invoke.Invokers$Holder.linkToTargetMethod(java.lang.Object, java.lang.Object, java.lang.Object)'> (0x00000000ec0e78b8) 
thrown [s\src\hotspot\share\interpreter\linkResolver.cpp, line 759]
Event: 3.064 Thread 0x000002a9fc77a470 Exception <a 'java/lang/NoSuchMethodError'{0x00000000eafb78f0}: 'int java.lang.invoke.DirectMethodHandle$Holder.invokeStatic(java.lang.Object, java.lang.Object, java.lang.Object, java.lang.Object, java.lang.Object)'> (0x00000000eafb78f0) 
thrown [s\src\hotspot\share\interpreter\linkResolver.cpp, line 759]
Event: 3.167 Thread 0x000002a9fc77a470 Exception <a 'java/lang/NoClassDefFoundError'{0x00000000eb657a18}: javax/enterprise/inject/Typed> (0x00000000eb657a18) 
thrown [s\src\hotspot\share\classfile\systemDictionary.cpp, line 245]

VM Operations (20 events):
Event: 2.889 Executing VM operation: HandshakeAllThreads
Event: 2.889 Executing VM operation: HandshakeAllThreads done
Event: 2.994 Executing VM operation: HandshakeAllThreads
Event: 2.994 Executing VM operation: HandshakeAllThreads done
Event: 3.003 Executing VM operation: ParallelGCFailedAllocation
Event: 3.004 Executing VM operation: ParallelGCFailedAllocation done
Event: 3.156 Executing VM operation: HandshakeAllThreads
Event: 3.156 Executing VM operation: HandshakeAllThreads done
Event: 3.264 Executing VM operation: HandshakeAllThreads
Event: 3.264 Executing VM operation: HandshakeAllThreads done
Event: 3.283 Executing VM operation: HandshakeAllThreads
Event: 3.283 Executing VM operation: HandshakeAllThreads done
Event: 3.292 Executing VM operation: HandshakeAllThreads
Event: 3.292 Executing VM operation: HandshakeAllThreads done
Event: 3.299 Executing VM operation: ParallelGCFailedAllocation
Event: 3.301 Executing VM operation: ParallelGCFailedAllocation done
Event: 3.503 Executing VM operation: HandshakeAllThreads
Event: 3.503 Executing VM operation: HandshakeAllThreads done
Event: 3.547 Executing VM operation: ParallelGCFailedAllocation
Event: 3.548 Executing VM operation: ParallelGCFailedAllocation done

Events (20 events):
Event: 3.299 Thread 0x000002a9f9557a50 flushing nmethod 0x000002a9809c2010
Event: 3.299 Thread 0x000002a9f9557a50 flushing nmethod 0x000002a9809e9910
Event: 3.299 Thread 0x000002a9f9557a50 flushing nmethod 0x000002a9809ea610
Event: 3.299 Thread 0x000002a9f9557a50 flushing nmethod 0x000002a9809eaf10
Event: 3.299 Thread 0x000002a9f9557a50 flushing nmethod 0x000002a9809eec90
Event: 3.299 Thread 0x000002a9f9557a50 flushing nmethod 0x000002a980a22890
Event: 3.299 Thread 0x000002a9f9557a50 flushing nmethod 0x000002a980a23090
Event: 3.299 Thread 0x000002a9f9557a50 flushing nmethod 0x000002a980a24190
Event: 3.299 Thread 0x000002a9f9557a50 flushing nmethod 0x000002a980a25510
Event: 3.299 Thread 0x000002a9f9557a50 flushing nmethod 0x000002a980a26b10
Event: 3.299 Thread 0x000002a9f9557a50 flushing nmethod 0x000002a980a26f90
Event: 3.299 Thread 0x000002a9f9557a50 flushing nmethod 0x000002a980a27710
Event: 3.299 Thread 0x000002a9f9557a50 flushing nmethod 0x000002a980a27c90
Event: 3.299 Thread 0x000002a9f9557a50 flushing nmethod 0x000002a980a28010
Event: 3.299 Thread 0x000002a9f9557a50 flushing nmethod 0x000002a980a29010
Event: 3.299 Thread 0x000002a9f9557a50 flushing nmethod 0x000002a980a29410
Event: 3.299 Thread 0x000002a9f9557a50 flushing nmethod 0x000002a980a29810
Event: 3.299 Thread 0x000002a9f9557a50 flushing nmethod 0x000002a980a2a190
Event: 3.299 Thread 0x000002a9f9557a50 flushing nmethod 0x000002a980a2aa10
Event: 3.299 Thread 0x000002a9f9557a50 flushing nmethod 0x000002a980a31910


Dynamic libraries:
0x00007ff64da30000 - 0x00007ff64da3e000 	c:\Users\tarun\.vscode\extensions\redhat.java-1.35.0-win32-x64\jre\17.0.12-win32-x86_64\bin\java.exe
0x00007ffd06a50000 - 0x00007ffd06c67000 	C:\WINDOWS\SYSTEM32\ntdll.dll
0x00007ffd060d0000 - 0x00007ffd06194000 	C:\WINDOWS\System32\KERNEL32.DLL
0x00007ffd043c0000 - 0x00007ffd04777000 	C:\WINDOWS\System32\KERNELBASE.dll
0x00007ffd042a0000 - 0x00007ffd043b1000 	C:\WINDOWS\System32\ucrtbase.dll
0x00007ffce62b0000 - 0x00007ffce62c7000 	c:\Users\tarun\.vscode\extensions\redhat.java-1.35.0-win32-x64\jre\17.0.12-win32-x86_64\bin\jli.dll
0x00007ffce6220000 - 0x00007ffce623b000 	c:\Users\tarun\.vscode\extensions\redhat.java-1.35.0-win32-x64\jre\17.0.12-win32-x86_64\bin\VCRUNTIME140.dll
0x00007ffd06750000 - 0x00007ffd068ff000 	C:\WINDOWS\System32\USER32.dll
0x00007ffce9a10000 - 0x00007ffce9ca3000 	C:\WINDOWS\WinSxS\amd64_microsoft.windows.common-controls_6595b64144ccf1df_6.0.22621.3672_none_2713b9d173822955\COMCTL32.dll
0x00007ffd03e00000 - 0x00007ffd03e26000 	C:\WINDOWS\System32\win32u.dll
0x00007ffd05fb0000 - 0x00007ffd06057000 	C:\WINDOWS\System32\msvcrt.dll
0x00007ffd05620000 - 0x00007ffd05649000 	C:\WINDOWS\System32\GDI32.dll
0x00007ffd03ea0000 - 0x00007ffd03fb8000 	C:\WINDOWS\System32\gdi32full.dll
0x00007ffd03d60000 - 0x00007ffd03dfa000 	C:\WINDOWS\System32\msvcp_win.dll
0x00007ffd06310000 - 0x00007ffd06341000 	C:\WINDOWS\System32\IMM32.DLL
0x00007ffcfbb90000 - 0x00007ffcfbb9c000 	c:\Users\tarun\.vscode\extensions\redhat.java-1.35.0-win32-x64\jre\17.0.12-win32-x86_64\bin\vcruntime140_1.dll
0x00007ffcd07f0000 - 0x00007ffcd087d000 	c:\Users\tarun\.vscode\extensions\redhat.java-1.35.0-win32-x64\jre\17.0.12-win32-x86_64\bin\msvcp140.dll
0x00007ffc838e0000 - 0x00007ffc8454a000 	c:\Users\tarun\.vscode\extensions\redhat.java-1.35.0-win32-x64\jre\17.0.12-win32-x86_64\bin\server\jvm.dll
0x00007ffd05120000 - 0x00007ffd051d2000 	C:\WINDOWS\System32\ADVAPI32.dll
0x00007ffd05070000 - 0x00007ffd05118000 	C:\WINDOWS\System32\sechost.dll
0x00007ffd04040000 - 0x00007ffd04068000 	C:\WINDOWS\System32\bcrypt.dll
0x00007ffd05750000 - 0x00007ffd05864000 	C:\WINDOWS\System32\RPCRT4.dll
0x00007ffd06650000 - 0x00007ffd066c1000 	C:\WINDOWS\System32\WS2_32.dll
0x00007ffd02c10000 - 0x00007ffd02c5d000 	C:\WINDOWS\SYSTEM32\POWRPROF.dll
0x00007ffcfdae0000 - 0x00007ffcfdb14000 	C:\WINDOWS\SYSTEM32\WINMM.dll
0x00007ffcf7230000 - 0x00007ffcf723a000 	C:\WINDOWS\SYSTEM32\VERSION.dll
0x00007ffd02bf0000 - 0x00007ffd02c03000 	C:\WINDOWS\SYSTEM32\UMPDC.dll
0x00007ffd02ea0000 - 0x00007ffd02eb8000 	C:\WINDOWS\SYSTEM32\kernel.appcore.dll
0x00007ffcfaad0000 - 0x00007ffcfaada000 	c:\Users\tarun\.vscode\extensions\redhat.java-1.35.0-win32-x64\jre\17.0.12-win32-x86_64\bin\jimage.dll
0x00007ffd010f0000 - 0x00007ffd01322000 	C:\WINDOWS\SYSTEM32\DBGHELP.DLL
0x00007ffd05290000 - 0x00007ffd0561e000 	C:\WINDOWS\System32\combase.dll
0x00007ffd063c0000 - 0x00007ffd06497000 	C:\WINDOWS\System32\OLEAUT32.dll
0x00007ffcfe410000 - 0x00007ffcfe442000 	C:\WINDOWS\SYSTEM32\dbgcore.DLL
0x00007ffd03fc0000 - 0x00007ffd0403b000 	C:\WINDOWS\System32\bcryptPrimitives.dll
0x00007ffcf4020000 - 0x00007ffcf402e000 	c:\Users\tarun\.vscode\extensions\redhat.java-1.35.0-win32-x64\jre\17.0.12-win32-x86_64\bin\instrument.dll
0x00007ffcdbc80000 - 0x00007ffcdbca5000 	c:\Users\tarun\.vscode\extensions\redhat.java-1.35.0-win32-x64\jre\17.0.12-win32-x86_64\bin\java.dll
0x00007ffce6060000 - 0x00007ffce6078000 	c:\Users\tarun\.vscode\extensions\redhat.java-1.35.0-win32-x64\jre\17.0.12-win32-x86_64\bin\zip.dll
0x00007ffd04780000 - 0x00007ffd04fe9000 	C:\WINDOWS\System32\SHELL32.dll
0x00007ffd01c90000 - 0x00007ffd0258f000 	C:\WINDOWS\SYSTEM32\windows.storage.dll
0x00007ffd01b50000 - 0x00007ffd01c8f000 	C:\WINDOWS\SYSTEM32\wintypes.dll
0x00007ffd06900000 - 0x00007ffd069f9000 	C:\WINDOWS\System32\SHCORE.dll
0x00007ffd06350000 - 0x00007ffd063ae000 	C:\WINDOWS\System32\shlwapi.dll
0x00007ffd03c90000 - 0x00007ffd03cb7000 	C:\WINDOWS\SYSTEM32\profapi.dll
0x00007ffce3f80000 - 0x00007ffce3f99000 	C:\Users\tarun\.vscode\extensions\redhat.java-1.35.0-win32-x64\jre\17.0.12-win32-x86_64\bin\net.dll
0x00007ffcff440000 - 0x00007ffcff576000 	C:\WINDOWS\SYSTEM32\WINHTTP.dll
0x00007ffd03310000 - 0x00007ffd03379000 	C:\WINDOWS\system32\mswsock.dll
0x00007ffce3ee0000 - 0x00007ffce3ef6000 	C:\Users\tarun\.vscode\extensions\redhat.java-1.35.0-win32-x64\jre\17.0.12-win32-x86_64\bin\nio.dll
0x00007ffce8720000 - 0x00007ffce8730000 	c:\Users\tarun\.vscode\extensions\redhat.java-1.35.0-win32-x64\jre\17.0.12-win32-x86_64\bin\verify.dll
0x00007ffca99f0000 - 0x00007ffca9a35000 	C:\Users\tarun\AppData\Roaming\Code\User\globalStorage\redhat.java\1.35.0\config_win\org.eclipse.equinox.launcher\org.eclipse.equinox.launcher.win32.win32.x86_64_1.2.1100.v20240722-2106\eclipse_11904.dll
0x00007ffd064a0000 - 0x00007ffd06645000 	C:\WINDOWS\System32\ole32.dll
0x00007ffd03560000 - 0x00007ffd0357b000 	C:\WINDOWS\SYSTEM32\CRYPTSP.dll
0x00007ffd02e00000 - 0x00007ffd02e35000 	C:\WINDOWS\system32\rsaenh.dll
0x00007ffd03400000 - 0x00007ffd03428000 	C:\WINDOWS\SYSTEM32\USERENV.dll
0x00007ffd03580000 - 0x00007ffd0358c000 	C:\WINDOWS\SYSTEM32\CRYPTBASE.dll
0x00007ffd02870000 - 0x00007ffd0289d000 	C:\WINDOWS\SYSTEM32\IPHLPAPI.DLL
0x00007ffd063b0000 - 0x00007ffd063b9000 	C:\WINDOWS\System32\NSI.dll
0x00007ffcff370000 - 0x00007ffcff389000 	C:\WINDOWS\SYSTEM32\dhcpcsvc6.DLL
0x00007ffcff350000 - 0x00007ffcff36f000 	C:\WINDOWS\SYSTEM32\dhcpcsvc.DLL
0x00007ffd028e0000 - 0x00007ffd029e2000 	C:\WINDOWS\SYSTEM32\DNSAPI.dll
0x00007ffc9e340000 - 0x00007ffc9e389000 	C:\Users\tarun\AppData\Local\Temp\jna-110131454\jna7149196814809825289.dll
0x00007ffd06300000 - 0x00007ffd06308000 	C:\WINDOWS\System32\PSAPI.DLL

dbghelp: loaded successfully - version: 4.0.5 - missing functions: none
symbol engine: initialized successfully - sym options: 0x614 - pdb path: .;c:\Users\tarun\.vscode\extensions\redhat.java-1.35.0-win32-x64\jre\17.0.12-win32-x86_64\bin;C:\WINDOWS\SYSTEM32;C:\WINDOWS\WinSxS\amd64_microsoft.windows.common-controls_6595b64144ccf1df_6.0.22621.3672_none_2713b9d173822955;c:\Users\tarun\.vscode\extensions\redhat.java-1.35.0-win32-x64\jre\17.0.12-win32-x86_64\bin\server;C:\Users\tarun\AppData\Roaming\Code\User\globalStorage\redhat.java\1.35.0\config_win\org.eclipse.equinox.launcher\org.eclipse.equinox.launcher.win32.win32.x86_64_1.2.1100.v20240722-2106;C:\Users\tarun\AppData\Local\Temp\jna-110131454

VM Arguments:
jvm_args: --add-modules=ALL-SYSTEM --add-opens=java.base/java.util=ALL-UNNAMED --add-opens=java.base/java.lang=ALL-UNNAMED --add-opens=java.base/sun.nio.fs=ALL-UNNAMED -Declipse.application=org.eclipse.jdt.ls.core.id1 -Dosgi.bundles.defaultStartLevel=4 -Declipse.product=org.eclipse.jdt.ls.core.product -Djava.import.generatesMetadataFilesAtProjectRoot=false -DDetectVMInstallationsJob.disabled=true -Dfile.encoding=utf8 -XX:+UseParallelGC -XX:GCTimeRatio=4 -XX:AdaptiveSizePolicyWeight=90 -Dsun.zip.disableMemoryMapping=true -Xmx1G -Xms100m -Xlog:disable -javaagent:c:\Users\tarun\.vscode\extensions\redhat.java-1.35.0-win32-x64\lombok\lombok-1.18.33.jar -XX:+HeapDumpOnOutOfMemoryError -XX:HeapDumpPath=c:\Users\tarun\AppData\Roaming\Code\User\workspaceStorage\3e039541554babdccf2a8c9dffd2df79\redhat.java -Daether.dependencyCollector.impl=bf 
java_command: c:\Users\tarun\.vscode\extensions\redhat.java-1.35.0-win32-x64\server\plugins\org.eclipse.equinox.launcher_1.6.900.v20240613-2009.jar -configuration c:\Users\tarun\AppData\Roaming\Code\User\globalStorage\redhat.java\1.35.0\config_win -data c:\Users\tarun\AppData\Roaming\Code\User\workspaceStorage\3e039541554babdccf2a8c9dffd2df79\redhat.java\jdt_ws --pipe=\\.\pipe\lsp-d71e7b10d07c830c44dfd6f60dddcaab-sock
java_class_path (initial): c:\Users\tarun\.vscode\extensions\redhat.java-1.35.0-win32-x64\server\plugins\org.eclipse.equinox.launcher_1.6.900.v20240613-2009.jar
Launcher Type: SUN_STANDARD

[Global flags]
    uintx AdaptiveSizePolicyWeight                 = 90                                        {product} {command line}
     intx CICompilerCount                          = 12                                        {product} {ergonomic}
    uintx GCTimeRatio                              = 4                                         {product} {command line}
     bool HeapDumpOnOutOfMemoryError               = true                                   {manageable} {command line}
    ccstr HeapDumpPath                             = c:\Users\tarun\AppData\Roaming\Code\User\workspaceStorage\3e039541554babdccf2a8c9dffd2df79\redhat.java         {manageable} {command line}
   size_t InitialHeapSize                          = 104857600                                 {product} {command line}
   size_t MaxHeapSize                              = 1073741824                                {product} {command line}
   size_t MaxNewSize                               = 357564416                                 {product} {ergonomic}
   size_t MinHeapDeltaBytes                        = 524288                                    {product} {ergonomic}
   size_t MinHeapSize                              = 104857600                                 {product} {command line}
   size_t NewSize                                  = 34603008                                  {product} {ergonomic}
    uintx NonNMethodCodeHeapSize                   = 7602480                                {pd product} {ergonomic}
    uintx NonProfiledCodeHeapSize                  = 122027880                              {pd product} {ergonomic}
   size_t OldSize                                  = 70254592                                  {product} {ergonomic}
    uintx ProfiledCodeHeapSize                     = 122027880                              {pd product} {ergonomic}
    uintx ReservedCodeCacheSize                    = 251658240                              {pd product} {ergonomic}
     bool SegmentedCodeCache                       = true                                      {product} {ergonomic}
   size_t SoftMaxHeapSize                          = 1073741824                             {manageable} {ergonomic}
     bool UseCompressedClassPointers               = true                           {product lp64_product} {ergonomic}
     bool UseCompressedOops                        = true                           {product lp64_product} {ergonomic}
     bool UseLargePagesIndividualAllocation        = false                                  {pd product} {ergonomic}
     bool UseParallelGC                            = true                                      {product} {command line}

Logging:
Log output configuration:
 #0: stdout all=off uptime,level,tags
 #1: stderr all=off uptime,level,tags

Environment Variables:
JAVA_HOME=C:\Program Files\Microsoft\jdk-17.0.12.7-hotspot\
PATH=C:\Program Files\Microsoft\jdk-17.0.12.7-hotspot\bin;C:\Program Files\Common Files\Oracle\Java\javapath;C:\WINDOWS\system32;C:\WINDOWS;C:\WINDOWS\System32\Wbem;C:\WINDOWS\System32\WindowsPowerShell\v1.0\;C:\WINDOWS\System32\OpenSSH\;C:\Program Files\NVIDIA Corporation\NVIDIA NvDLISR;C:\Program Files (x86)\NVIDIA Corporation\PhysX\Common;C:\ProgramData\chocolatey\bin;C:\Program Files\nodejs\;C:\Program Files\Git\cmd;C:\Program Files\dotnet\;C:\Users\tarun\.console-ninja\.bin;C:\Users\tarun\AppData\Local\Microsoft\WindowsApps;C:\Users\tarun\AppData\Local\Programs\Microsoft VS Code\bin;C:\Users\tarun\AppData\Roaming\npm;C:\Users\tarun\AppData\Local\Android\Sdk;C:\Users\tarun\AppData\Local\Android\Sdk\platform-tools;C:\php-8.3.11;C:\Users\tarun\.dotnet\tools
USERNAME=tarun
OS=Windows_NT
PROCESSOR_IDENTIFIER=Intel64 Family 6 Model 154 Stepping 3, GenuineIntel
TMP=C:\Users\tarun\AppData\Local\Temp
TEMP=C:\Users\tarun\AppData\Local\Temp



Periodic native trim disabled


---------------  S Y S T E M  ---------------

OS:
 Windows 11 , 64 bit Build 22621 (10.0.22621.3958)
OS uptime: 0 days 10:57 hours
Hyper-V role detected

CPU: total 16 (initial active 16) (8 cores per cpu, 2 threads per core) family 6 model 154 stepping 3 microcode 0x42a, cx8, cmov, fxsr, ht, mmx, 3dnowpref, sse, sse2, sse3, ssse3, sse4.1, sse4.2, popcnt, lzcnt, tsc, tscinvbit, avx, avx2, aes, erms, clmul, bmi1, bmi2, adx, sha, fma, vzeroupper, clflush, clflushopt, clwb, hv
Processor Information for processor 0
  Max Mhz: 1700, Current Mhz: 1700, Mhz Limit: 1700
Processor Information for processor 1
  Max Mhz: 1700, Current Mhz: 1700, Mhz Limit: 1700
Processor Information for processor 2
  Max Mhz: 1700, Current Mhz: 1700, Mhz Limit: 1700
Processor Information for processor 3
  Max Mhz: 1700, Current Mhz: 1700, Mhz Limit: 1700
Processor Information for processor 4
  Max Mhz: 1700, Current Mhz: 1700, Mhz Limit: 1700
Processor Information for processor 5
  Max Mhz: 1700, Current Mhz: 1700, Mhz Limit: 1700
Processor Information for processor 6
  Max Mhz: 1700, Current Mhz: 1700, Mhz Limit: 1700
Processor Information for processor 7
  Max Mhz: 1700, Current Mhz: 1700, Mhz Limit: 1700
Processor Information for processor 8
  Max Mhz: 1700, Current Mhz: 1200, Mhz Limit: 1190
Processor Information for processor 9
  Max Mhz: 1700, Current Mhz: 1200, Mhz Limit: 1190
Processor Information for processor 10
  Max Mhz: 1700, Current Mhz: 1200, Mhz Limit: 1190
Processor Information for processor 11
  Max Mhz: 1700, Current Mhz: 1200, Mhz Limit: 1190
Processor Information for processor 12
  Max Mhz: 1700, Current Mhz: 1200, Mhz Limit: 1190
Processor Information for processor 13
  Max Mhz: 1700, Current Mhz: 1200, Mhz Limit: 1190
Processor Information for processor 14
  Max Mhz: 1700, Current Mhz: 1200, Mhz Limit: 1190
Processor Information for processor 15
  Max Mhz: 1700, Current Mhz: 1200, Mhz Limit: 1190

Memory: 4k page, system-wide physical 16088M (3647M free)
TotalPageFile size 16088M (AvailPageFile size 5M)
current process WorkingSet (physical memory assigned to process): 209M, peak: 211M
current process commit charge ("private bytes"): 320M, peak: 322M

vm_info: OpenJDK 64-Bit Server VM (17.0.12+7) for windows-amd64 JRE (17.0.12+7), built on Jul 16 2024 22:08:24 by "admin" with MS VC++ 16.10 / 16.11 (VS2019)

END.
