#
# There is insufficient memory for the Java Runtime Environment to continue.
# Native memory allocation (malloc) failed to allocate 878416 bytes. Error detail: Chunk::new
# Possible reasons:
#   The system is out of physical RAM or swap space
#   This process is running with CompressedOops enabled, and the Java Heap may be blocking the growth of the native heap
# Possible solutions:
#   Reduce memory load on the system
#   Increase physical memory or swap space
#   Check if swap backing store is full
#   Decrease Java heap size (-Xmx/-Xms)
#   Decrease number of Java threads
#   Decrease Java thread stack sizes (-Xss)
#   Set larger code cache with -XX:ReservedCodeCacheSize=
#   JVM is running with Unscaled Compressed Oops mode in which the Java heap is
#     placed in the first 4GB address space. The Java Heap base address is the
#     maximum limit for the native heap growth. Please use -XX:HeapBaseMinAddress
#     to set the Java Heap base and to place the Java Heap above 4GB virtual address.
# This output file may be truncated or incomplete.
#
#  Out of Memory Error (arena.cpp:191), pid=20072, tid=14232
#
# JRE version: OpenJDK Runtime Environment Temurin-17.0.12+7 (17.0.12+7) (build 17.0.12+7)
# Java VM: OpenJDK 64-Bit Server VM Temurin-17.0.12+7 (17.0.12+7, mixed mode, tiered, compressed oops, compressed class ptrs, parallel gc, windows-amd64)
# No core dump will be written. Minidumps are not enabled by default on client versions of Windows
#

---------------  S U M M A R Y ------------

Command Line: --add-modules=ALL-SYSTEM --add-opens=java.base/java.util=ALL-UNNAMED --add-opens=java.base/java.lang=ALL-UNNAMED --add-opens=java.base/sun.nio.fs=ALL-UNNAMED -Declipse.application=org.eclipse.jdt.ls.core.id1 -Dosgi.bundles.defaultStartLevel=4 -Declipse.product=org.eclipse.jdt.ls.core.product -Djava.import.generatesMetadataFilesAtProjectRoot=false -DDetectVMInstallationsJob.disabled=true -Dfile.encoding=utf8 -XX:+UseParallelGC -XX:GCTimeRatio=4 -XX:AdaptiveSizePolicyWeight=90 -Dsun.zip.disableMemoryMapping=true -Xmx1G -Xms100m -Xlog:disable -javaagent:c:\Users\tarun\.vscode\extensions\redhat.java-1.34.0-win32-x64\lombok\lombok-1.18.33.jar c:\Users\tarun\.vscode\extensions\redhat.java-1.34.0-win32-x64\server\plugins\org.eclipse.equinox.launcher_1.6.900.v20240613-2009.jar -configuration c:\Users\tarun\AppData\Roaming\Code\User\globalStorage\redhat.java\1.34.0\config_ss_win -data c:\Users\tarun\AppData\Roaming\Code\User\workspaceStorage\cd0ca4ecfc7cdd1afcd594bee28b1c39\redhat.java\ss_ws --pipe=\\.\pipe\lsp-ed1ca2588f893ca1a13041973820396e-sock

Host: 12th Gen Intel(R) Core(TM) i5-1240P, 16 cores, 15G,  Windows 11 , 64 bit Build 22621 (10.0.22621.3958)
Time: Thu Sep 19 18:25:31 2024 India Standard Time elapsed time: 3.741325 seconds (0d 0h 0m 3s)

---------------  T H R E A D  ---------------

Current thread (0x000001c97d225be0):  JavaThread "C2 CompilerThread2" daemon [_thread_in_native, id=14232, stack(0x000000c23a500000,0x000000c23a600000)]


Current CompileTask:
C2:   3741 2557       4       org.lombokweb.asm.ClassReader::readMethod (1066 bytes)

Stack: [0x000000c23a500000,0x000000c23a600000]
Native frames: (J=compiled Java code, j=interpreted, Vv=VM code, C=native code)
V  [jvm.dll+0x67f929]
V  [jvm.dll+0x8371ba]
V  [jvm.dll+0x838c7e]
V  [jvm.dll+0x8392e3]
V  [jvm.dll+0x24834f]
V  [jvm.dll+0xac9d4]
V  [jvm.dll+0xad01c]
V  [jvm.dll+0x2af96f]
V  [jvm.dll+0x5868d7]
V  [jvm.dll+0x2231c2]
V  [jvm.dll+0x2235bf]
V  [jvm.dll+0x21c6e0]
V  [jvm.dll+0x219be1]
V  [jvm.dll+0x1a58bd]
V  [jvm.dll+0x229a2d]
V  [jvm.dll+0x227bdc]
V  [jvm.dll+0x7ec1f7]
V  [jvm.dll+0x7e65dc]
V  [jvm.dll+0x67e7f7]
C  [ucrtbase.dll+0x29333]
C  [KERNEL32.DLL+0x1257d]
C  [ntdll.dll+0x5af28]


---------------  P R O C E S S  ---------------

Threads class SMR info:
_java_thread_list=0x000001c97ce60980, length=26, elements={
0x000001c95f2a8190, 0x000001c95f356fc0, 0x000001c95f3595f0, 0x000001c97508de90,
0x000001c97a227000, 0x000001c97a227c90, 0x000001c97a2299c0, 0x000001c97a22cbc0,
0x000001c97a242b50, 0x000001c97a24d7d0, 0x000001c95f30bcc0, 0x000001c97a38f520,
0x000001c97a4f5540, 0x000001c97c303020, 0x000001c97c366110, 0x000001c97c4f6ec0,
0x000001c97c4f8810, 0x000001c97c4f5060, 0x000001c97c4f64a0, 0x000001c97c4f73d0,
0x000001c97c4f5f90, 0x000001c97c4f5a80, 0x000001c97c4f78e0, 0x000001c97c4f69b0,
0x000001c97d289850, 0x000001c97d225be0
}

Java Threads: ( => current thread )
  0x000001c95f2a8190 JavaThread "main" [_thread_blocked, id=26392, stack(0x000000c237f00000,0x000000c238000000)]
  0x000001c95f356fc0 JavaThread "Reference Handler" daemon [_thread_blocked, id=12672, stack(0x000000c238200000,0x000000c238300000)]
  0x000001c95f3595f0 JavaThread "Finalizer" daemon [_thread_blocked, id=21276, stack(0x000000c238300000,0x000000c238400000)]
  0x000001c97508de90 JavaThread "Signal Dispatcher" daemon [_thread_blocked, id=27216, stack(0x000000c238400000,0x000000c238500000)]
  0x000001c97a227000 JavaThread "Attach Listener" daemon [_thread_blocked, id=25300, stack(0x000000c238500000,0x000000c238600000)]
  0x000001c97a227c90 JavaThread "Service Thread" daemon [_thread_blocked, id=2768, stack(0x000000c238600000,0x000000c238700000)]
  0x000001c97a2299c0 JavaThread "Monitor Deflation Thread" daemon [_thread_blocked, id=10440, stack(0x000000c238700000,0x000000c238800000)]
  0x000001c97a22cbc0 JavaThread "C2 CompilerThread0" daemon [_thread_in_native, id=5896, stack(0x000000c238800000,0x000000c238900000)]
  0x000001c97a242b50 JavaThread "C1 CompilerThread0" daemon [_thread_blocked, id=21460, stack(0x000000c238900000,0x000000c238a00000)]
  0x000001c97a24d7d0 JavaThread "Sweeper thread" daemon [_thread_blocked, id=16056, stack(0x000000c238a00000,0x000000c238b00000)]
  0x000001c95f30bcc0 JavaThread "Common-Cleaner" daemon [_thread_blocked, id=12668, stack(0x000000c238b00000,0x000000c238c00000)]
  0x000001c97a38f520 JavaThread "C1 CompilerThread1" daemon [_thread_blocked, id=16256, stack(0x000000c238c00000,0x000000c238d00000)]
  0x000001c97a4f5540 JavaThread "C1 CompilerThread2" daemon [_thread_blocked, id=26476, stack(0x000000c238d00000,0x000000c238e00000)]
  0x000001c97c303020 JavaThread "C1 CompilerThread3" daemon [_thread_blocked, id=27432, stack(0x000000c238e00000,0x000000c238f00000)]
  0x000001c97c366110 JavaThread "Notification Thread" daemon [_thread_blocked, id=13200, stack(0x000000c239100000,0x000000c239200000)]
  0x000001c97c4f6ec0 JavaThread "Active Thread: Equinox Container: 08c0ef93-8233-42e2-a5eb-5077f81943f8" [_thread_blocked, id=25336, stack(0x000000c239000000,0x000000c239100000)]
  0x000001c97c4f8810 JavaThread "Framework Event Dispatcher: Equinox Container: 08c0ef93-8233-42e2-a5eb-5077f81943f8" daemon [_thread_blocked, id=20092, stack(0x000000c239800000,0x000000c239900000)]
  0x000001c97c4f5060 JavaThread "Start Level: Equinox Container: 08c0ef93-8233-42e2-a5eb-5077f81943f8" daemon [_thread_in_vm, id=1736, stack(0x000000c239900000,0x000000c239a00000)]
  0x000001c97c4f64a0 JavaThread "SCR Component Actor" daemon [_thread_blocked, id=21728, stack(0x000000c239a00000,0x000000c239b00000)]
  0x000001c97c4f73d0 JavaThread "SCR Component Registry" daemon [_thread_blocked, id=7088, stack(0x000000c238f00000,0x000000c239000000)]
  0x000001c97c4f5f90 JavaThread "Worker-JM" [_thread_blocked, id=10744, stack(0x000000c239e00000,0x000000c239f00000)]
  0x000001c97c4f5a80 JavaThread "JNA Cleaner" daemon [_thread_blocked, id=26896, stack(0x000000c239d00000,0x000000c239e00000)]
  0x000001c97c4f78e0 JavaThread "Worker-0" [_thread_blocked, id=17532, stack(0x000000c23a200000,0x000000c23a300000)]
  0x000001c97c4f69b0 JavaThread "Worker-1" [_thread_blocked, id=13320, stack(0x000000c23a300000,0x000000c23a400000)]
  0x000001c97d289850 JavaThread "C2 CompilerThread1" daemon [_thread_in_native, id=25852, stack(0x000000c23a400000,0x000000c23a500000)]
=>0x000001c97d225be0 JavaThread "C2 CompilerThread2" daemon [_thread_in_native, id=14232, stack(0x000000c23a500000,0x000000c23a600000)]

Other Threads:
  0x000001c97a207a10 VMThread "VM Thread" [stack: 0x000000c238100000,0x000000c238200000] [id=23200]
  0x000001c97c356e10 WatcherThread [stack: 0x000000c239200000,0x000000c239300000] [id=25268]
  0x000001c95f2bdd60 GCTaskThread "GC Thread#0" [stack: 0x000000c238000000,0x000000c238100000] [id=15848]
  0x000001c97c769bf0 GCTaskThread "GC Thread#1" [stack: 0x000000c239300000,0x000000c239400000] [id=19172]
  0x000001c97c76a4c0 GCTaskThread "GC Thread#2" [stack: 0x000000c239400000,0x000000c239500000] [id=13472]
  0x000001c97c76a780 GCTaskThread "GC Thread#3" [stack: 0x000000c239500000,0x000000c239600000] [id=1472]
  0x000001c97c76aa40 GCTaskThread "GC Thread#4" [stack: 0x000000c239600000,0x000000c239700000] [id=6184]
  0x000001c97c76b720 GCTaskThread "GC Thread#5" [stack: 0x000000c239700000,0x000000c239800000] [id=17920]
  0x000001c97cc7add0 GCTaskThread "GC Thread#6" [stack: 0x000000c239b00000,0x000000c239c00000] [id=940]
  0x000001c97cf03be0 GCTaskThread "GC Thread#7" [stack: 0x000000c239c00000,0x000000c239d00000] [id=26500]
  0x000001c97d15f220 GCTaskThread "GC Thread#8" [stack: 0x000000c239f00000,0x000000c23a000000] [id=10056]
  0x000001c97d15f6f0 GCTaskThread "GC Thread#9" [stack: 0x000000c23a000000,0x000000c23a100000] [id=17804]
  0x000001c97cdea1e0 GCTaskThread "GC Thread#10" [stack: 0x000000c23a100000,0x000000c23a200000] [id=27144]
  0x000001c97d289d70 GCTaskThread "GC Thread#11" [stack: 0x000000c23a600000,0x000000c23a700000] [id=19312]

Threads with active compile tasks:
C2 CompilerThread0     3766 2580       4       lombok.patcher.PatchScript$MethodPatcher::visitMethod (158 bytes)
C2 CompilerThread1     3766 2592       4       org.lombokweb.asm.MethodWriter::putMethodInfo (1274 bytes)
C2 CompilerThread2     3767 2557       4       org.lombokweb.asm.ClassReader::readMethod (1066 bytes)

VM state: not at safepoint (normal execution)

VM Mutex/Monitor currently owned by a thread: None

Heap address: 0x00000000c0000000, size: 1024 MB, Compressed Oops mode: 32-bit

CDS archive(s) not mapped
Compressed class space mapped at: 0x0000000100000000-0x0000000140000000, reserved size: 1073741824
Narrow klass base: 0x0000000000000000, Narrow klass shift: 3, Narrow klass range: 0x140000000

GC Precious Log:
 CPUs: 16 total, 16 available
 Memory: 16088M
 Large Page Support: Disabled
 NUMA Support: Disabled
 Compressed Oops: Enabled (32-bit)
 Alignments: Space 512K, Generation 512K, Heap 2M
 Heap Min Capacity: 100M
 Heap Initial Capacity: 100M
 Heap Max Capacity: 1G
 Pre-touch: Disabled
 Parallel Workers: 13

Heap:
 PSYoungGen      total 28160K, used 24138K [0x00000000eab00000, 0x00000000eca80000, 0x0000000100000000)
  eden space 25088K, 85% used [0x00000000eab00000,0x00000000ec0006c0,0x00000000ec380000)
  from space 3072K, 85% used [0x00000000ec400000,0x00000000ec692368,0x00000000ec700000)
  to   space 3584K, 0% used [0x00000000ec700000,0x00000000ec700000,0x00000000eca80000)
 ParOldGen       total 68608K, used 6799K [0x00000000c0000000, 0x00000000c4300000, 0x00000000eab00000)
  object space 68608K, 9% used [0x00000000c0000000,0x00000000c06a3c58,0x00000000c4300000)
 Metaspace       used 27533K, committed 27968K, reserved 1114112K
  class space    used 2694K, committed 2880K, reserved 1048576K

Card table byte_map: [0x000001c972900000,0x000001c972b10000] _byte_map_base: 0x000001c972300000

Marking Bits: (ParMarkBitMap*) 0x00007ffbf49258b0
 Begin Bits: [0x000001c972c70000, 0x000001c973c70000)
 End Bits:   [0x000001c973c70000, 0x000001c974c70000)

Polling page: 0x000001c95f360000

Metaspace:

Usage:
  Non-class:     24.26 MB used.
      Class:      2.63 MB used.
       Both:     26.89 MB used.

Virtual space:
  Non-class space:       64.00 MB reserved,      24.50 MB ( 38%) committed,  1 nodes.
      Class space:        1.00 GB reserved,       2.81 MB ( <1%) committed,  1 nodes.
             Both:        1.06 GB reserved,      27.31 MB (  3%) committed. 

Chunk freelists:
   Non-Class:  6.94 MB
       Class:  13.13 MB
        Both:  20.07 MB

MaxMetaspaceSize: unlimited
CompressedClassSpaceSize: 1.00 GB
Initial GC threshold: 21.00 MB
Current GC threshold: 35.00 MB
CDS: off
MetaspaceReclaimPolicy: balanced
 - commit_granule_bytes: 65536.
 - commit_granule_words: 8192.
 - virtual_space_node_default_size: 8388608.
 - enlarge_chunks_in_place: 1.
 - new_chunks_are_fully_committed: 0.
 - uncommit_free_chunks: 1.
 - use_allocation_guard: 0.
 - handle_deallocations: 1.


Internal statistics:

num_allocs_failed_limit: 3.
num_arena_births: 300.
num_arena_deaths: 14.
num_vsnodes_births: 2.
num_vsnodes_deaths: 0.
num_space_committed: 437.
num_space_uncommitted: 0.
num_chunks_returned_to_freelist: 17.
num_chunks_taken_from_freelist: 1064.
num_chunk_merges: 5.
num_chunk_splits: 701.
num_chunks_enlarged: 479.
num_inconsistent_stats: 0.

CodeHeap 'non-profiled nmethods': size=119168Kb used=1078Kb max_used=1078Kb free=118090Kb
 bounds [0x000001c96b2b0000, 0x000001c96b520000, 0x000001c972710000]
CodeHeap 'profiled nmethods': size=119104Kb used=5169Kb max_used=5169Kb free=113934Kb
 bounds [0x000001c963710000, 0x000001c963c20000, 0x000001c96ab60000]
CodeHeap 'non-nmethods': size=7488Kb used=2923Kb max_used=2944Kb free=4564Kb
 bounds [0x000001c96ab60000, 0x000001c96ae50000, 0x000001c96b2b0000]
 total_blobs=3134 nmethods=2587 adapters=458
 compilation: enabled
              stopped_count=0, restarted_count=0
 full_count=0

Compilation events (20 events):
Event: 3.722 Thread 0x000001c97a22cbc0 2580       4       lombok.patcher.PatchScript$MethodPatcher::visitMethod (158 bytes)
Event: 3.722 Thread 0x000001c97a38f520 2582   !   3       java.util.regex.Pattern::matcher (44 bytes)
Event: 3.722 Thread 0x000001c97c303020 2583       3       java.util.regex.Matcher::<init> (95 bytes)
Event: 3.723 Thread 0x000001c97a4f5540 nmethod 2578 0x000001c963c16490 code [0x000001c963c16a00, 0x000001c963c19288]
Event: 3.723 Thread 0x000001c97a4f5540 2584       3       org.lombokweb.asm.Label::addForwardReference (102 bytes)
Event: 3.723 Thread 0x000001c97c303020 nmethod 2583 0x000001c963c1a390 code [0x000001c963c1a560, 0x000001c963c1aa28]
Event: 3.723 Thread 0x000001c97a38f520 nmethod 2582 0x000001c963c1ab90 code [0x000001c963c1ad40, 0x000001c963c1b098]
Event: 3.723 Thread 0x000001c97c303020 2585       3       org.lombokweb.asm.MethodVisitor::visitJumpInsn (17 bytes)
Event: 3.723 Thread 0x000001c97a4f5540 nmethod 2584 0x000001c963c1b210 code [0x000001c963c1b3c0, 0x000001c963c1b848]
Event: 3.723 Thread 0x000001c97c303020 nmethod 2585 0x000001c963c1ba10 code [0x000001c963c1bbc0, 0x000001c963c1bdc8]
Event: 3.724 Thread 0x000001c97d289850 nmethod 2579 0x000001c96b3b8790 code [0x000001c96b3b8920, 0x000001c96b3b8b58]
Event: 3.724 Thread 0x000001c97d289850 2586       4       org.lombokweb.asm.MethodWriter::canCopyMethodAttributes (163 bytes)
Event: 3.728 Thread 0x000001c97a38f520 2587       3       org.lombokweb.asm.ByteVector::putByteArray (49 bytes)
Event: 3.728 Thread 0x000001c97a38f520 nmethod 2587 0x000001c963c1be90 code [0x000001c963c1c040, 0x000001c963c1c318]
Event: 3.729 Thread 0x000001c97d289850 nmethod 2586 0x000001c96b3b8c90 code [0x000001c96b3b8e20, 0x000001c96b3b9198]
Event: 3.729 Thread 0x000001c97d289850 2581       4       org.lombokweb.asm.MethodWriter::visitLabel (332 bytes)
Event: 3.730 Thread 0x000001c97c303020 2589       3       java.lang.String::subSequence (7 bytes)
Event: 3.730 Thread 0x000001c97c303020 nmethod 2589 0x000001c963c1c410 code [0x000001c963c1c5a0, 0x000001c963c1c6e8]
Event: 3.736 Thread 0x000001c97d289850 nmethod 2581 0x000001c96b3b9510 code [0x000001c96b3b96a0, 0x000001c96b3b9c38]
Event: 3.736 Thread 0x000001c97d289850 2592       4       org.lombokweb.asm.MethodWriter::putMethodInfo (1274 bytes)

GC Heap History (12 events):
Event: 1.380 GC heap before
{Heap before GC invocations=1 (full 0):
 PSYoungGen      total 29696K, used 25600K [0x00000000eab00000, 0x00000000ecc00000, 0x0000000100000000)
  eden space 25600K, 100% used [0x00000000eab00000,0x00000000ec400000,0x00000000ec400000)
  from space 4096K, 0% used [0x00000000ec800000,0x00000000ec800000,0x00000000ecc00000)
  to   space 4096K, 0% used [0x00000000ec400000,0x00000000ec400000,0x00000000ec800000)
 ParOldGen       total 68608K, used 0K [0x00000000c0000000, 0x00000000c4300000, 0x00000000eab00000)
  object space 68608K, 0% used [0x00000000c0000000,0x00000000c0000000,0x00000000c4300000)
 Metaspace       used 10602K, committed 10752K, reserved 1114112K
  class space    used 1054K, committed 1152K, reserved 1048576K
}
Event: 1.388 GC heap after
{Heap after GC invocations=1 (full 0):
 PSYoungGen      total 29696K, used 3076K [0x00000000eab00000, 0x00000000ecc00000, 0x0000000100000000)
  eden space 25600K, 0% used [0x00000000eab00000,0x00000000eab00000,0x00000000ec400000)
  from space 4096K, 75% used [0x00000000ec400000,0x00000000ec7012e0,0x00000000ec800000)
  to   space 4096K, 0% used [0x00000000ec800000,0x00000000ec800000,0x00000000ecc00000)
 ParOldGen       total 68608K, used 16K [0x00000000c0000000, 0x00000000c4300000, 0x00000000eab00000)
  object space 68608K, 0% used [0x00000000c0000000,0x00000000c0004000,0x00000000c4300000)
 Metaspace       used 10602K, committed 10752K, reserved 1114112K
  class space    used 1054K, committed 1152K, reserved 1048576K
}
Event: 2.265 GC heap before
{Heap before GC invocations=2 (full 0):
 PSYoungGen      total 29696K, used 28676K [0x00000000eab00000, 0x00000000ecc00000, 0x0000000100000000)
  eden space 25600K, 100% used [0x00000000eab00000,0x00000000ec400000,0x00000000ec400000)
  from space 4096K, 75% used [0x00000000ec400000,0x00000000ec7012e0,0x00000000ec800000)
  to   space 4096K, 0% used [0x00000000ec800000,0x00000000ec800000,0x00000000ecc00000)
 ParOldGen       total 68608K, used 16K [0x00000000c0000000, 0x00000000c4300000, 0x00000000eab00000)
  object space 68608K, 0% used [0x00000000c0000000,0x00000000c0004000,0x00000000c4300000)
 Metaspace       used 14374K, committed 14592K, reserved 1114112K
  class space    used 1434K, committed 1536K, reserved 1048576K
}
Event: 2.273 GC heap after
{Heap after GC invocations=2 (full 0):
 PSYoungGen      total 29696K, used 4067K [0x00000000eab00000, 0x00000000ecc00000, 0x0000000100000000)
  eden space 25600K, 0% used [0x00000000eab00000,0x00000000eab00000,0x00000000ec400000)
  from space 4096K, 99% used [0x00000000ec800000,0x00000000ecbf8f38,0x00000000ecc00000)
  to   space 4096K, 0% used [0x00000000ec400000,0x00000000ec400000,0x00000000ec800000)
 ParOldGen       total 68608K, used 680K [0x00000000c0000000, 0x00000000c4300000, 0x00000000eab00000)
  object space 68608K, 0% used [0x00000000c0000000,0x00000000c00aa010,0x00000000c4300000)
 Metaspace       used 14374K, committed 14592K, reserved 1114112K
  class space    used 1434K, committed 1536K, reserved 1048576K
}
Event: 2.874 GC heap before
{Heap before GC invocations=3 (full 0):
 PSYoungGen      total 29696K, used 29667K [0x00000000eab00000, 0x00000000ecc00000, 0x0000000100000000)
  eden space 25600K, 100% used [0x00000000eab00000,0x00000000ec400000,0x00000000ec400000)
  from space 4096K, 99% used [0x00000000ec800000,0x00000000ecbf8f38,0x00000000ecc00000)
  to   space 4096K, 0% used [0x00000000ec400000,0x00000000ec400000,0x00000000ec800000)
 ParOldGen       total 68608K, used 680K [0x00000000c0000000, 0x00000000c4300000, 0x00000000eab00000)
  object space 68608K, 0% used [0x00000000c0000000,0x00000000c00aa010,0x00000000c4300000)
 Metaspace       used 19363K, committed 19776K, reserved 1114112K
  class space    used 1971K, committed 2112K, reserved 1048576K
}
Event: 2.880 GC heap after
{Heap after GC invocations=3 (full 0):
 PSYoungGen      total 29696K, used 4080K [0x00000000eab00000, 0x00000000ecc00000, 0x0000000100000000)
  eden space 25600K, 0% used [0x00000000eab00000,0x00000000eab00000,0x00000000ec400000)
  from space 4096K, 99% used [0x00000000ec400000,0x00000000ec7fc3b0,0x00000000ec800000)
  to   space 4096K, 0% used [0x00000000ec800000,0x00000000ec800000,0x00000000ecc00000)
 ParOldGen       total 68608K, used 2440K [0x00000000c0000000, 0x00000000c4300000, 0x00000000eab00000)
  object space 68608K, 3% used [0x00000000c0000000,0x00000000c0262208,0x00000000c4300000)
 Metaspace       used 19363K, committed 19776K, reserved 1114112K
  class space    used 1971K, committed 2112K, reserved 1048576K
}
Event: 3.074 GC heap before
{Heap before GC invocations=4 (full 0):
 PSYoungGen      total 29696K, used 13059K [0x00000000eab00000, 0x00000000ecc00000, 0x0000000100000000)
  eden space 25600K, 35% used [0x00000000eab00000,0x00000000eb3c49e0,0x00000000ec400000)
  from space 4096K, 99% used [0x00000000ec400000,0x00000000ec7fc3b0,0x00000000ec800000)
  to   space 4096K, 0% used [0x00000000ec800000,0x00000000ec800000,0x00000000ecc00000)
 ParOldGen       total 68608K, used 2440K [0x00000000c0000000, 0x00000000c4300000, 0x00000000eab00000)
  object space 68608K, 3% used [0x00000000c0000000,0x00000000c0262208,0x00000000c4300000)
 Metaspace       used 21133K, committed 21504K, reserved 1114112K
  class space    used 2153K, committed 2304K, reserved 1048576K
}
Event: 3.077 GC heap after
{Heap after GC invocations=4 (full 0):
 PSYoungGen      total 29696K, used 4084K [0x00000000eab00000, 0x00000000ecc00000, 0x0000000100000000)
  eden space 25600K, 0% used [0x00000000eab00000,0x00000000eab00000,0x00000000ec400000)
  from space 4096K, 99% used [0x00000000ec800000,0x00000000ecbfd298,0x00000000ecc00000)
  to   space 4096K, 0% used [0x00000000ec400000,0x00000000ec400000,0x00000000ec800000)
 ParOldGen       total 68608K, used 2884K [0x00000000c0000000, 0x00000000c4300000, 0x00000000eab00000)
  object space 68608K, 4% used [0x00000000c0000000,0x00000000c02d13d8,0x00000000c4300000)
 Metaspace       used 21133K, committed 21504K, reserved 1114112K
  class space    used 2153K, committed 2304K, reserved 1048576K
}
Event: 3.077 GC heap before
{Heap before GC invocations=5 (full 1):
 PSYoungGen      total 29696K, used 4084K [0x00000000eab00000, 0x00000000ecc00000, 0x0000000100000000)
  eden space 25600K, 0% used [0x00000000eab00000,0x00000000eab00000,0x00000000ec400000)
  from space 4096K, 99% used [0x00000000ec800000,0x00000000ecbfd298,0x00000000ecc00000)
  to   space 4096K, 0% used [0x00000000ec400000,0x00000000ec400000,0x00000000ec800000)
 ParOldGen       total 68608K, used 2884K [0x00000000c0000000, 0x00000000c4300000, 0x00000000eab00000)
  object space 68608K, 4% used [0x00000000c0000000,0x00000000c02d13d8,0x00000000c4300000)
 Metaspace       used 21133K, committed 21504K, reserved 1114112K
  class space    used 2153K, committed 2304K, reserved 1048576K
}
Event: 3.097 GC heap after
{Heap after GC invocations=5 (full 1):
 PSYoungGen      total 29696K, used 0K [0x00000000eab00000, 0x00000000ecc00000, 0x0000000100000000)
  eden space 25600K, 0% used [0x00000000eab00000,0x00000000eab00000,0x00000000ec400000)
  from space 4096K, 0% used [0x00000000ec800000,0x00000000ec800000,0x00000000ecc00000)
  to   space 4096K, 0% used [0x00000000ec400000,0x00000000ec400000,0x00000000ec800000)
 ParOldGen       total 68608K, used 6791K [0x00000000c0000000, 0x00000000c4300000, 0x00000000eab00000)
  object space 68608K, 9% used [0x00000000c0000000,0x00000000c06a1c58,0x00000000c4300000)
 Metaspace       used 21120K, committed 21504K, reserved 1114112K
  class space    used 2150K, committed 2304K, reserved 1048576K
}
Event: 3.518 GC heap before
{Heap before GC invocations=6 (full 1):
 PSYoungGen      total 29696K, used 25600K [0x00000000eab00000, 0x00000000ecc00000, 0x0000000100000000)
  eden space 25600K, 100% used [0x00000000eab00000,0x00000000ec400000,0x00000000ec400000)
  from space 4096K, 0% used [0x00000000ec800000,0x00000000ec800000,0x00000000ecc00000)
  to   space 4096K, 0% used [0x00000000ec400000,0x00000000ec400000,0x00000000ec800000)
 ParOldGen       total 68608K, used 6791K [0x00000000c0000000, 0x00000000c4300000, 0x00000000eab00000)
  object space 68608K, 9% used [0x00000000c0000000,0x00000000c06a1c58,0x00000000c4300000)
 Metaspace       used 23620K, committed 24128K, reserved 1114112K
  class space    used 2399K, committed 2624K, reserved 1048576K
}
Event: 3.520 GC heap after
{Heap after GC invocations=6 (full 1):
 PSYoungGen      total 28160K, used 2632K [0x00000000eab00000, 0x00000000eca80000, 0x0000000100000000)
  eden space 25088K, 0% used [0x00000000eab00000,0x00000000eab00000,0x00000000ec380000)
  from space 3072K, 85% used [0x00000000ec400000,0x00000000ec692368,0x00000000ec700000)
  to   space 3584K, 0% used [0x00000000ec700000,0x00000000ec700000,0x00000000eca80000)
 ParOldGen       total 68608K, used 6799K [0x00000000c0000000, 0x00000000c4300000, 0x00000000eab00000)
  object space 68608K, 9% used [0x00000000c0000000,0x00000000c06a3c58,0x00000000c4300000)
 Metaspace       used 23620K, committed 24128K, reserved 1114112K
  class space    used 2399K, committed 2624K, reserved 1048576K
}

Dll operation events (10 events):
Event: 0.012 Loaded shared library c:\Users\tarun\.vscode\extensions\redhat.java-1.34.0-win32-x64\jre\17.0.12-win32-x86_64\bin\java.dll
Event: 0.291 Loaded shared library c:\Users\tarun\.vscode\extensions\redhat.java-1.34.0-win32-x64\jre\17.0.12-win32-x86_64\bin\zip.dll
Event: 0.297 Loaded shared library C:\Users\tarun\.vscode\extensions\redhat.java-1.34.0-win32-x64\jre\17.0.12-win32-x86_64\bin\instrument.dll
Event: 0.324 Loaded shared library C:\Users\tarun\.vscode\extensions\redhat.java-1.34.0-win32-x64\jre\17.0.12-win32-x86_64\bin\net.dll
Event: 0.330 Loaded shared library C:\Users\tarun\.vscode\extensions\redhat.java-1.34.0-win32-x64\jre\17.0.12-win32-x86_64\bin\nio.dll
Event: 0.350 Loaded shared library C:\Users\tarun\.vscode\extensions\redhat.java-1.34.0-win32-x64\jre\17.0.12-win32-x86_64\bin\zip.dll
Event: 0.428 Loaded shared library C:\Users\tarun\.vscode\extensions\redhat.java-1.34.0-win32-x64\jre\17.0.12-win32-x86_64\bin\jimage.dll
Event: 0.590 Loaded shared library c:\Users\tarun\.vscode\extensions\redhat.java-1.34.0-win32-x64\jre\17.0.12-win32-x86_64\bin\verify.dll
Event: 2.129 Loaded shared library C:\Users\tarun\AppData\Roaming\Code\User\globalStorage\redhat.java\1.34.0\config_ss_win\org.eclipse.equinox.launcher\org.eclipse.equinox.launcher.win32.win32.x86_64_1.2.1100.v20240722-2106\eclipse_11904.dll
Event: 3.312 Loaded shared library C:\Users\tarun\AppData\Local\Temp\jna-110131454\jna3116471082372898734.dll

Deoptimization events (20 events):
Event: 2.984 Thread 0x000001c97c4f5060 Uncommon trap: trap_request=0xffffffc6 fr.pc=0x000001c96b37ca74 relative=0x0000000000000694
Event: 2.984 Thread 0x000001c97c4f5060 Uncommon trap: reason=bimorphic_or_optimized_type_check action=maybe_recompile pc=0x000001c96b37ca74 method=java.io.DataInputStream.readUnsignedShort()I @ 6 c2
Event: 2.984 Thread 0x000001c97c4f5060 DEOPT PACKING pc=0x000001c96b37ca74 sp=0x000000c2399f9670
Event: 2.984 Thread 0x000001c97c4f5060 DEOPT UNPACKING pc=0x000001c96abb66a3 sp=0x000000c2399f9638 mode 2
Event: 3.000 Thread 0x000001c97c4f5060 Uncommon trap: trap_request=0xffffff45 fr.pc=0x000001c96b34cbc0 relative=0x0000000000000040
Event: 3.000 Thread 0x000001c97c4f5060 Uncommon trap: reason=unstable_if action=reinterpret pc=0x000001c96b34cbc0 method=sun.nio.fs.WindowsPathParser.isSlash(C)Z @ 9 c2
Event: 3.000 Thread 0x000001c97c4f5060 DEOPT PACKING pc=0x000001c96b34cbc0 sp=0x000000c2399f94a0
Event: 3.000 Thread 0x000001c97c4f5060 DEOPT UNPACKING pc=0x000001c96abb66a3 sp=0x000000c2399f9428 mode 2
Event: 3.060 Thread 0x000001c97c4f5060 Uncommon trap: trap_request=0xffffff45 fr.pc=0x000001c96b2f6d5c relative=0x000000000000065c
Event: 3.060 Thread 0x000001c97c4f5060 Uncommon trap: reason=unstable_if action=reinterpret pc=0x000001c96b2f6d5c method=java.lang.String.replace(Ljava/lang/CharSequence;Ljava/lang/CharSequence;)Ljava/lang/String; @ 42 c2
Event: 3.060 Thread 0x000001c97c4f5060 DEOPT PACKING pc=0x000001c96b2f6d5c sp=0x000000c2399f7890
Event: 3.060 Thread 0x000001c97c4f5060 DEOPT UNPACKING pc=0x000001c96abb66a3 sp=0x000000c2399f7810 mode 2
Event: 3.692 Thread 0x000001c97c4f5060 Uncommon trap: trap_request=0xffffff45 fr.pc=0x000001c96b3ae5a8 relative=0x0000000000000128
Event: 3.692 Thread 0x000001c97c4f5060 Uncommon trap: reason=unstable_if action=reinterpret pc=0x000001c96b3ae5a8 method=org.lombokweb.asm.ByteVector.putByteArray([BII)Lorg/lombokweb/asm/ByteVector; @ 20 c2
Event: 3.692 Thread 0x000001c97c4f5060 DEOPT PACKING pc=0x000001c96b3ae5a8 sp=0x000000c2399eef30
Event: 3.692 Thread 0x000001c97c4f5060 DEOPT UNPACKING pc=0x000001c96abb66a3 sp=0x000000c2399eef00 mode 2
Event: 3.692 Thread 0x000001c97c4f5060 Uncommon trap: trap_request=0xffffff45 fr.pc=0x000001c96b3b1020 relative=0x0000000000000200
Event: 3.692 Thread 0x000001c97c4f5060 Uncommon trap: reason=unstable_if action=reinterpret pc=0x000001c96b3b1020 method=org.lombokweb.asm.Label.resolve([BLorg/lombokweb/asm/ByteVector;I)Z @ 81 c2
Event: 3.692 Thread 0x000001c97c4f5060 DEOPT PACKING pc=0x000001c96b3b1020 sp=0x000000c2399eef40
Event: 3.692 Thread 0x000001c97c4f5060 DEOPT UNPACKING pc=0x000001c96abb66a3 sp=0x000000c2399eeeb0 mode 2

Classes loaded (20 events):
Event: 3.449 Loading class java/io/StringReader
Event: 3.450 Loading class java/io/StringReader done
Event: 3.452 Loading class java/util/zip/GZIPInputStream
Event: 3.452 Loading class java/util/zip/GZIPInputStream done
Event: 3.456 Loading class java/net/SocketTimeoutException
Event: 3.456 Loading class java/io/InterruptedIOException
Event: 3.456 Loading class java/io/InterruptedIOException done
Event: 3.456 Loading class java/net/SocketTimeoutException done
Event: 3.456 Loading class java/net/SocketException
Event: 3.456 Loading class java/net/SocketException done
Event: 3.456 Loading class java/net/UnknownHostException
Event: 3.456 Loading class java/net/UnknownHostException done
Event: 3.456 Loading class java/net/ProtocolException
Event: 3.456 Loading class java/net/ProtocolException done
Event: 3.472 Loading class java/lang/ThreadLocal$SuppliedThreadLocal
Event: 3.472 Loading class java/lang/ThreadLocal$SuppliedThreadLocal done
Event: 3.477 Loading class java/io/FileWriter
Event: 3.477 Loading class java/io/FileWriter done
Event: 3.529 Loading class java/lang/NegativeArraySizeException
Event: 3.529 Loading class java/lang/NegativeArraySizeException done

Classes unloaded (7 events):
Event: 3.081 Thread 0x000001c97a207a10 Unloading class 0x0000000100219c00 'java/lang/invoke/LambdaForm$MH+0x0000000100219c00'
Event: 3.081 Thread 0x000001c97a207a10 Unloading class 0x0000000100219800 'java/lang/invoke/LambdaForm$MH+0x0000000100219800'
Event: 3.081 Thread 0x000001c97a207a10 Unloading class 0x0000000100219400 'java/lang/invoke/LambdaForm$MH+0x0000000100219400'
Event: 3.081 Thread 0x000001c97a207a10 Unloading class 0x0000000100219000 'java/lang/invoke/LambdaForm$MH+0x0000000100219000'
Event: 3.081 Thread 0x000001c97a207a10 Unloading class 0x0000000100218c00 'java/lang/invoke/LambdaForm$BMH+0x0000000100218c00'
Event: 3.081 Thread 0x000001c97a207a10 Unloading class 0x0000000100218800 'java/lang/invoke/LambdaForm$DMH+0x0000000100218800'
Event: 3.081 Thread 0x000001c97a207a10 Unloading class 0x0000000100211400 'java/lang/invoke/LambdaForm$DMH+0x0000000100211400'

Classes redefined (0 events):
No events

Internal exceptions (20 events):
Event: 2.910 Thread 0x000001c97c4f5060 Exception <a 'java/io/FileNotFoundException'{0x00000000eac70a00}> (0x00000000eac70a00) 
thrown [s\src\hotspot\share\prims\jni.cpp, line 516]
Event: 2.988 Thread 0x000001c97c4f5060 Exception <a 'java/lang/NoSuchMethodError'{0x00000000eaf7d3d0}: 'java.lang.Object java.lang.invoke.DirectMethodHandle$Holder.newInvokeSpecial(java.lang.Object, java.lang.Object, java.lang.Object, java.lang.Object, java.lang.Object)'> (0x00000000eaf7d3d0) 
thrown [s\src\hotspot\share\interpreter\linkResolver.cpp, line 759]
Event: 3.012 Thread 0x000001c97c4f5060 Exception <a 'java/lang/NoSuchMethodError'{0x00000000eb0ad2f0}: 'java.lang.Object java.lang.invoke.DirectMethodHandle$Holder.invokeStaticInit(java.lang.Object, int)'> (0x00000000eb0ad2f0) 
thrown [s\src\hotspot\share\interpreter\linkResolver.cpp, line 759]
Event: 3.065 Thread 0x000001c97c4f5060 Exception <a 'java/lang/NoSuchMethodError'{0x00000000eb380cd8}: 'java.lang.Object java.lang.invoke.DirectMethodHandle$Holder.invokeStaticInit(java.lang.Object, int, int, int, int)'> (0x00000000eb380cd8) 
thrown [s\src\hotspot\share\interpreter\linkResolver.cpp, line 759]
Event: 3.178 Thread 0x000001c97c4f5060 Exception <a 'java/lang/NoSuchMethodError'{0x00000000eac558b0}: 'java.lang.Object java.lang.invoke.DirectMethodHandle$Holder.invokeStaticInit(java.lang.Object, java.lang.Object, int, int, int, int)'> (0x00000000eac558b0) 
thrown [s\src\hotspot\share\interpreter\linkResolver.cpp, line 759]
Event: 3.356 Thread 0x000001c97c4f5060 Exception <a 'java/lang/NoSuchMethodError'{0x00000000eaf974c8}: 'java.lang.Object java.lang.invoke.DirectMethodHandle$Holder.invokeSpecial(java.lang.Object, java.lang.Object, java.lang.Object, long, java.lang.Object)'> (0x00000000eaf974c8) 
thrown [s\src\hotspot\share\interpreter\linkResolver.cpp, line 759]
Event: 3.357 Thread 0x000001c97c4f5060 Exception <a 'java/lang/NoSuchMethodError'{0x00000000eaf9f680}: 'java.lang.Object java.lang.invoke.DirectMethodHandle$Holder.newInvokeSpecial(java.lang.Object, java.lang.Object, java.lang.Object, long)'> (0x00000000eaf9f680) 
thrown [s\src\hotspot\share\interpreter\linkResolver.cpp, line 759]
Event: 3.357 Thread 0x000001c97c4f5060 Exception <a 'java/lang/NoSuchMethodError'{0x00000000eafa3c20}: 'java.lang.Object java.lang.invoke.DirectMethodHandle$Holder.invokeSpecial(java.lang.Object, java.lang.Object, java.lang.Object, java.lang.Object, long)'> (0x00000000eafa3c20) 
thrown [s\src\hotspot\share\interpreter\linkResolver.cpp, line 759]
Event: 3.357 Thread 0x000001c97c4f5060 Exception <a 'java/lang/NoSuchMethodError'{0x00000000eafa7a98}: 'java.lang.Object java.lang.invoke.Invokers$Holder.linkToTargetMethod(java.lang.Object, java.lang.Object, long, java.lang.Object)'> (0x00000000eafa7a98) 
thrown [s\src\hotspot\share\interpreter\linkResolver.cpp, line 759]
Event: 3.364 Thread 0x000001c97c4f5060 Exception <a 'java/lang/NoSuchMethodError'{0x00000000eaffb5c8}: 'int java.lang.invoke.DirectMethodHandle$Holder.invokeStaticInit(java.lang.Object, java.lang.Object, java.lang.Object)'> (0x00000000eaffb5c8) 
thrown [s\src\hotspot\share\interpreter\linkResolver.cpp, line 759]
Event: 3.372 Thread 0x000001c97c4f5060 Exception <a 'java/lang/IncompatibleClassChangeError'{0x00000000eb0942a0}: Found class java.lang.Object, but interface was expected> (0x00000000eb0942a0) 
thrown [s\src\hotspot\share\interpreter\linkResolver.cpp, line 826]
Event: 3.375 Thread 0x000001c97c4f5060 Exception <a 'java/lang/NoSuchMethodError'{0x00000000eb0a6e88}: 'java.lang.Object java.lang.invoke.DirectMethodHandle$Holder.invokeSpecial(java.lang.Object, java.lang.Object, java.lang.Object, int, java.lang.Object, java.lang.Object)'> (0x00000000eb0a6e88) 
thrown [s\src\hotspot\share\interpreter\linkResolver.cpp, line 759]
Event: 3.376 Thread 0x000001c97c4f5060 Exception <a 'java/lang/NoSuchMethodError'{0x00000000eb0af610}: 'java.lang.Object java.lang.invoke.DirectMethodHandle$Holder.newInvokeSpecial(java.lang.Object, java.lang.Object, java.lang.Object, int, java.lang.Object)'> (0x00000000eb0af610) 
thrown [s\src\hotspot\share\interpreter\linkResolver.cpp, line 759]
Event: 3.376 Thread 0x000001c97c4f5060 Exception <a 'java/lang/NoSuchMethodError'{0x00000000eb0b3a68}: 'java.lang.Object java.lang.invoke.DirectMethodHandle$Holder.invokeSpecial(java.lang.Object, java.lang.Object, java.lang.Object, java.lang.Object, int, java.lang.Object)'> (0x00000000eb0b3a68) 
thrown [s\src\hotspot\share\interpreter\linkResolver.cpp, line 759]
Event: 3.377 Thread 0x000001c97c4f78e0 Exception <a 'java/lang/NoSuchMethodError'{0x00000000eb000d70}: 'java.lang.Object java.lang.invoke.DirectMethodHandle$Holder.invokeSpecial(java.lang.Object, java.lang.Object, int, java.lang.Object, java.lang.Object)'> (0x00000000eb000d70) 
thrown [s\src\hotspot\share\interpreter\linkResolver.cpp, line 759]
Event: 3.377 Thread 0x000001c97c4f78e0 Exception <a 'java/lang/NoSuchMethodError'{0x00000000eb008440}: 'java.lang.Object java.lang.invoke.DirectMethodHandle$Holder.newInvokeSpecial(java.lang.Object, java.lang.Object, int, java.lang.Object)'> (0x00000000eb008440) 
thrown [s\src\hotspot\share\interpreter\linkResolver.cpp, line 759]
Event: 3.378 Thread 0x000001c97c4f78e0 Exception <a 'java/lang/NoSuchMethodError'{0x00000000eb00bf50}: 'java.lang.Object java.lang.invoke.DirectMethodHandle$Holder.invokeSpecial(java.lang.Object, java.lang.Object, java.lang.Object, int, java.lang.Object)'> (0x00000000eb00bf50) 
thrown [s\src\hotspot\share\interpreter\linkResolver.cpp, line 759]
Event: 3.422 Thread 0x000001c97c4f5060 Exception <a 'java/lang/NoSuchMethodError'{0x00000000eb481a60}: 'double java.lang.invoke.DirectMethodHandle$Holder.invokeStatic(java.lang.Object, java.lang.Object)'> (0x00000000eb481a60) 
thrown [s\src\hotspot\share\interpreter\linkResolver.cpp, line 759]
Event: 3.422 Thread 0x000001c97c4f5060 Exception <a 'java/lang/NoSuchMethodError'{0x00000000eb485378}: 'double java.lang.invoke.DirectMethodHandle$Holder.invokeStaticInit(java.lang.Object, java.lang.Object)'> (0x00000000eb485378) 
thrown [s\src\hotspot\share\interpreter\linkResolver.cpp, line 759]
Event: 3.692 Thread 0x000001c97c4f5060 Implicit null exception at 0x000001c96b3ae4c8 to 0x000001c96b3ae588

VM Operations (20 events):
Event: 1.895 Executing VM operation: HandshakeAllThreads
Event: 1.895 Executing VM operation: HandshakeAllThreads done
Event: 2.265 Executing VM operation: ParallelGCFailedAllocation
Event: 2.273 Executing VM operation: ParallelGCFailedAllocation done
Event: 2.302 Executing VM operation: HandshakeAllThreads
Event: 2.302 Executing VM operation: HandshakeAllThreads done
Event: 2.715 Executing VM operation: HandshakeAllThreads
Event: 2.715 Executing VM operation: HandshakeAllThreads done
Event: 2.825 Executing VM operation: HandshakeAllThreads
Event: 2.825 Executing VM operation: HandshakeAllThreads done
Event: 2.874 Executing VM operation: ParallelGCFailedAllocation
Event: 2.880 Executing VM operation: ParallelGCFailedAllocation done
Event: 3.074 Executing VM operation: CollectForMetadataAllocation
Event: 3.097 Executing VM operation: CollectForMetadataAllocation done
Event: 3.100 Executing VM operation: HandshakeAllThreads
Event: 3.101 Executing VM operation: HandshakeAllThreads done
Event: 3.318 Executing VM operation: HandshakeAllThreads
Event: 3.318 Executing VM operation: HandshakeAllThreads done
Event: 3.518 Executing VM operation: ParallelGCFailedAllocation
Event: 3.520 Executing VM operation: ParallelGCFailedAllocation done

Events (20 events):
Event: 0.506 Thread 0x000001c97a4f5540 Thread added: 0x000001c97a4f5540
Event: 0.506 Thread 0x000001c97c303020 Thread added: 0x000001c97c303020
Event: 0.575 Thread 0x000001c97c3544d0 Thread added: 0x000001c97c3544d0
Event: 0.575 Thread 0x000001c97c3576f0 Thread added: 0x000001c97c3576f0
Event: 0.792 Thread 0x000001c97c366110 Thread added: 0x000001c97c366110
Event: 1.447 Thread 0x000001c97c3576f0 Thread exited: 0x000001c97c3576f0
Event: 1.829 Thread 0x000001c97c4f6ec0 Thread added: 0x000001c97c4f6ec0
Event: 2.107 Thread 0x000001c97c4f8810 Thread added: 0x000001c97c4f8810
Event: 2.116 Thread 0x000001c97c4f5060 Thread added: 0x000001c97c4f5060
Event: 2.201 Thread 0x000001c97c4f64a0 Thread added: 0x000001c97c4f64a0
Event: 2.403 Thread 0x000001c97c3544d0 Thread exited: 0x000001c97c3544d0
Event: 2.434 Thread 0x000001c97c4f73d0 Thread added: 0x000001c97c4f73d0
Event: 2.714 Thread 0x000001c97d038440 Thread added: 0x000001c97d038440
Event: 2.745 Thread 0x000001c97c4f5f90 Thread added: 0x000001c97c4f5f90
Event: 3.172 Thread 0x000001c97d038440 Thread exited: 0x000001c97d038440
Event: 3.332 Thread 0x000001c97c4f5a80 Thread added: 0x000001c97c4f5a80
Event: 3.359 Thread 0x000001c97c4f78e0 Thread added: 0x000001c97c4f78e0
Event: 3.377 Thread 0x000001c97c4f69b0 Thread added: 0x000001c97c4f69b0
Event: 3.499 Thread 0x000001c97d289850 Thread added: 0x000001c97d289850
Event: 3.504 Thread 0x000001c97d225be0 Thread added: 0x000001c97d225be0


Dynamic libraries:
0x00007ff6282f0000 - 0x00007ff6282fe000 	c:\Users\tarun\.vscode\extensions\redhat.java-1.34.0-win32-x64\jre\17.0.12-win32-x86_64\bin\java.exe
0x00007ffc57770000 - 0x00007ffc57987000 	C:\WINDOWS\SYSTEM32\ntdll.dll
0x00007ffc56c50000 - 0x00007ffc56d14000 	C:\WINDOWS\System32\KERNEL32.DLL
0x00007ffc54fd0000 - 0x00007ffc5537d000 	C:\WINDOWS\System32\KERNELBASE.dll
0x00007ffc55380000 - 0x00007ffc55491000 	C:\WINDOWS\System32\ucrtbase.dll
0x00007ffc3d220000 - 0x00007ffc3d23b000 	c:\Users\tarun\.vscode\extensions\redhat.java-1.34.0-win32-x64\jre\17.0.12-win32-x86_64\bin\VCRUNTIME140.dll
0x00007ffc4cbc0000 - 0x00007ffc4cbd7000 	c:\Users\tarun\.vscode\extensions\redhat.java-1.34.0-win32-x64\jre\17.0.12-win32-x86_64\bin\jli.dll
0x00007ffc57520000 - 0x00007ffc576ce000 	C:\WINDOWS\System32\USER32.dll
0x00007ffc54b00000 - 0x00007ffc54b26000 	C:\WINDOWS\System32\win32u.dll
0x00007ffc3b250000 - 0x00007ffc3b4e3000 	C:\WINDOWS\WinSxS\amd64_microsoft.windows.common-controls_6595b64144ccf1df_6.0.22621.3672_none_2713b9d173822955\COMCTL32.dll
0x00007ffc55fe0000 - 0x00007ffc56009000 	C:\WINDOWS\System32\GDI32.dll
0x00007ffc56e20000 - 0x00007ffc56ec7000 	C:\WINDOWS\System32\msvcrt.dll
0x00007ffc54d40000 - 0x00007ffc54e59000 	C:\WINDOWS\System32\gdi32full.dll
0x00007ffc54c20000 - 0x00007ffc54cba000 	C:\WINDOWS\System32\msvcp_win.dll
0x00007ffc555d0000 - 0x00007ffc55601000 	C:\WINDOWS\System32\IMM32.DLL
0x00007ffc4ee70000 - 0x00007ffc4ee7c000 	c:\Users\tarun\.vscode\extensions\redhat.java-1.34.0-win32-x64\jre\17.0.12-win32-x86_64\bin\vcruntime140_1.dll
0x00007ffbf9f40000 - 0x00007ffbf9fcd000 	c:\Users\tarun\.vscode\extensions\redhat.java-1.34.0-win32-x64\jre\17.0.12-win32-x86_64\bin\msvcp140.dll
0x00007ffbf3d80000 - 0x00007ffbf49ea000 	c:\Users\tarun\.vscode\extensions\redhat.java-1.34.0-win32-x64\jre\17.0.12-win32-x86_64\bin\server\jvm.dll
0x00007ffc56ab0000 - 0x00007ffc56b62000 	C:\WINDOWS\System32\ADVAPI32.dll
0x00007ffc56120000 - 0x00007ffc561c9000 	C:\WINDOWS\System32\sechost.dll
0x00007ffc54b30000 - 0x00007ffc54b58000 	C:\WINDOWS\System32\bcrypt.dll
0x00007ffc554a0000 - 0x00007ffc555b4000 	C:\WINDOWS\System32\RPCRT4.dll
0x00007ffc561d0000 - 0x00007ffc56241000 	C:\WINDOWS\System32\WS2_32.dll
0x00007ffc53940000 - 0x00007ffc5398d000 	C:\WINDOWS\SYSTEM32\POWRPROF.dll
0x00007ffc4ccb0000 - 0x00007ffc4cce4000 	C:\WINDOWS\SYSTEM32\WINMM.dll
0x00007ffc47370000 - 0x00007ffc4737a000 	C:\WINDOWS\SYSTEM32\VERSION.dll
0x00007ffc53920000 - 0x00007ffc53933000 	C:\WINDOWS\SYSTEM32\UMPDC.dll
0x00007ffc53bd0000 - 0x00007ffc53be8000 	C:\WINDOWS\SYSTEM32\kernel.appcore.dll
0x00007ffc4ec80000 - 0x00007ffc4ec8a000 	c:\Users\tarun\.vscode\extensions\redhat.java-1.34.0-win32-x64\jre\17.0.12-win32-x86_64\bin\jimage.dll
0x00007ffc522b0000 - 0x00007ffc524e2000 	C:\WINDOWS\SYSTEM32\DBGHELP.DLL
0x00007ffc57190000 - 0x00007ffc5751e000 	C:\WINDOWS\System32\combase.dll
0x00007ffc56b70000 - 0x00007ffc56c47000 	C:\WINDOWS\System32\OLEAUT32.dll
0x00007ffc46e50000 - 0x00007ffc46e82000 	C:\WINDOWS\SYSTEM32\dbgcore.DLL
0x00007ffc54cc0000 - 0x00007ffc54d3b000 	C:\WINDOWS\System32\bcryptPrimitives.dll
0x00007ffc4cbb0000 - 0x00007ffc4cbbe000 	c:\Users\tarun\.vscode\extensions\redhat.java-1.34.0-win32-x64\jre\17.0.12-win32-x86_64\bin\instrument.dll
0x00007ffc3d1f0000 - 0x00007ffc3d215000 	c:\Users\tarun\.vscode\extensions\redhat.java-1.34.0-win32-x64\jre\17.0.12-win32-x86_64\bin\java.dll
0x00007ffc3c9d0000 - 0x00007ffc3c9e8000 	c:\Users\tarun\.vscode\extensions\redhat.java-1.34.0-win32-x64\jre\17.0.12-win32-x86_64\bin\zip.dll
0x00007ffc55770000 - 0x00007ffc55fd7000 	C:\WINDOWS\System32\SHELL32.dll
0x00007ffc529d0000 - 0x00007ffc532cf000 	C:\WINDOWS\SYSTEM32\windows.storage.dll
0x00007ffc52890000 - 0x00007ffc529cf000 	C:\WINDOWS\SYSTEM32\wintypes.dll
0x00007ffc56250000 - 0x00007ffc56349000 	C:\WINDOWS\System32\SHCORE.dll
0x00007ffc563e0000 - 0x00007ffc5643e000 	C:\WINDOWS\System32\shlwapi.dll
0x00007ffc549c0000 - 0x00007ffc549e7000 	C:\WINDOWS\SYSTEM32\profapi.dll
0x00007ffc3c6c0000 - 0x00007ffc3c6d9000 	C:\Users\tarun\.vscode\extensions\redhat.java-1.34.0-win32-x64\jre\17.0.12-win32-x86_64\bin\net.dll
0x00007ffc4feb0000 - 0x00007ffc4ffe6000 	C:\WINDOWS\SYSTEM32\WINHTTP.dll
0x00007ffc54040000 - 0x00007ffc540a9000 	C:\WINDOWS\system32\mswsock.dll
0x00007ffc3c2f0000 - 0x00007ffc3c306000 	C:\Users\tarun\.vscode\extensions\redhat.java-1.34.0-win32-x64\jre\17.0.12-win32-x86_64\bin\nio.dll
0x00007ffc4a010000 - 0x00007ffc4a020000 	c:\Users\tarun\.vscode\extensions\redhat.java-1.34.0-win32-x64\jre\17.0.12-win32-x86_64\bin\verify.dll
0x00007ffc20fc0000 - 0x00007ffc21005000 	C:\Users\tarun\AppData\Roaming\Code\User\globalStorage\redhat.java\1.34.0\config_ss_win\org.eclipse.equinox.launcher\org.eclipse.equinox.launcher.win32.win32.x86_64_1.2.1100.v20240722-2106\eclipse_11904.dll
0x00007ffc568d0000 - 0x00007ffc56a75000 	C:\WINDOWS\System32\ole32.dll
0x00007ffc54290000 - 0x00007ffc542ab000 	C:\WINDOWS\SYSTEM32\CRYPTSP.dll
0x00007ffc53b30000 - 0x00007ffc53b65000 	C:\WINDOWS\system32\rsaenh.dll
0x00007ffc54130000 - 0x00007ffc54158000 	C:\WINDOWS\SYSTEM32\USERENV.dll
0x00007ffc542b0000 - 0x00007ffc542bc000 	C:\WINDOWS\SYSTEM32\CRYPTBASE.dll
0x00007ffc535f0000 - 0x00007ffc5361d000 	C:\WINDOWS\SYSTEM32\IPHLPAPI.DLL
0x00007ffc56aa0000 - 0x00007ffc56aa9000 	C:\WINDOWS\System32\NSI.dll
0x00007ffc4fe90000 - 0x00007ffc4fea9000 	C:\WINDOWS\SYSTEM32\dhcpcsvc6.DLL
0x00007ffc4fdc0000 - 0x00007ffc4fddf000 	C:\WINDOWS\SYSTEM32\dhcpcsvc.DLL
0x00007ffc53620000 - 0x00007ffc53718000 	C:\WINDOWS\SYSTEM32\DNSAPI.dll
0x00007ffbfa390000 - 0x00007ffbfa3d5000 	C:\Users\tarun\AppData\Local\Temp\jna-110131454\jna3116471082372898734.dll
0x00007ffc555c0000 - 0x00007ffc555c8000 	C:\WINDOWS\System32\PSAPI.DLL

dbghelp: loaded successfully - version: 4.0.5 - missing functions: none
symbol engine: initialized successfully - sym options: 0x614 - pdb path: .;c:\Users\tarun\.vscode\extensions\redhat.java-1.34.0-win32-x64\jre\17.0.12-win32-x86_64\bin;C:\WINDOWS\SYSTEM32;C:\WINDOWS\WinSxS\amd64_microsoft.windows.common-controls_6595b64144ccf1df_6.0.22621.3672_none_2713b9d173822955;c:\Users\tarun\.vscode\extensions\redhat.java-1.34.0-win32-x64\jre\17.0.12-win32-x86_64\bin\server;C:\Users\tarun\AppData\Roaming\Code\User\globalStorage\redhat.java\1.34.0\config_ss_win\org.eclipse.equinox.launcher\org.eclipse.equinox.launcher.win32.win32.x86_64_1.2.1100.v20240722-2106;C:\Users\tarun\AppData\Local\Temp\jna-110131454

VM Arguments:
jvm_args: --add-modules=ALL-SYSTEM --add-opens=java.base/java.util=ALL-UNNAMED --add-opens=java.base/java.lang=ALL-UNNAMED --add-opens=java.base/sun.nio.fs=ALL-UNNAMED -Declipse.application=org.eclipse.jdt.ls.core.id1 -Dosgi.bundles.defaultStartLevel=4 -Declipse.product=org.eclipse.jdt.ls.core.product -Djava.import.generatesMetadataFilesAtProjectRoot=false -DDetectVMInstallationsJob.disabled=true -Dfile.encoding=utf8 -XX:+UseParallelGC -XX:GCTimeRatio=4 -XX:AdaptiveSizePolicyWeight=90 -Dsun.zip.disableMemoryMapping=true -Xmx1G -Xms100m -Xlog:disable -javaagent:c:\Users\tarun\.vscode\extensions\redhat.java-1.34.0-win32-x64\lombok\lombok-1.18.33.jar 
java_command: c:\Users\tarun\.vscode\extensions\redhat.java-1.34.0-win32-x64\server\plugins\org.eclipse.equinox.launcher_1.6.900.v20240613-2009.jar -configuration c:\Users\tarun\AppData\Roaming\Code\User\globalStorage\redhat.java\1.34.0\config_ss_win -data c:\Users\tarun\AppData\Roaming\Code\User\workspaceStorage\cd0ca4ecfc7cdd1afcd594bee28b1c39\redhat.java\ss_ws --pipe=\\.\pipe\lsp-ed1ca2588f893ca1a13041973820396e-sock
java_class_path (initial): c:\Users\tarun\.vscode\extensions\redhat.java-1.34.0-win32-x64\server\plugins\org.eclipse.equinox.launcher_1.6.900.v20240613-2009.jar
Launcher Type: SUN_STANDARD

[Global flags]
    uintx AdaptiveSizePolicyWeight                 = 90                                        {product} {command line}
     intx CICompilerCount                          = 12                                        {product} {ergonomic}
    uintx GCTimeRatio                              = 4                                         {product} {command line}
   size_t InitialHeapSize                          = 104857600                                 {product} {command line}
   size_t MaxHeapSize                              = 1073741824                                {product} {command line}
   size_t MaxNewSize                               = 357564416                                 {product} {ergonomic}
   size_t MinHeapDeltaBytes                        = 524288                                    {product} {ergonomic}
   size_t MinHeapSize                              = 104857600                                 {product} {command line}
   size_t NewSize                                  = 34603008                                  {product} {ergonomic}
    uintx NonNMethodCodeHeapSize                   = 7602480                                {pd product} {ergonomic}
    uintx NonProfiledCodeHeapSize                  = 122027880                              {pd product} {ergonomic}
   size_t OldSize                                  = 70254592                                  {product} {ergonomic}
    uintx ProfiledCodeHeapSize                     = 122027880                              {pd product} {ergonomic}
    uintx ReservedCodeCacheSize                    = 251658240                              {pd product} {ergonomic}
     bool SegmentedCodeCache                       = true                                      {product} {ergonomic}
   size_t SoftMaxHeapSize                          = 1073741824                             {manageable} {ergonomic}
     bool UseCompressedClassPointers               = true                           {product lp64_product} {ergonomic}
     bool UseCompressedOops                        = true                           {product lp64_product} {ergonomic}
     bool UseLargePagesIndividualAllocation        = false                                  {pd product} {ergonomic}
     bool UseParallelGC                            = true                                      {product} {command line}

Logging:
Log output configuration:
 #0: stdout all=off uptime,level,tags
 #1: stderr all=off uptime,level,tags

Environment Variables:
JAVA_HOME=C:\Program Files\Microsoft\jdk-17.0.12.7-hotspot\
PATH=C:\Program Files\Microsoft\jdk-17.0.12.7-hotspot\bin;C:\Program Files\Common Files\Oracle\Java\javapath;C:\WINDOWS\system32;C:\WINDOWS;C:\WINDOWS\System32\Wbem;C:\WINDOWS\System32\WindowsPowerShell\v1.0\;C:\WINDOWS\System32\OpenSSH\;C:\Program Files\NVIDIA Corporation\NVIDIA NvDLISR;C:\Program Files (x86)\NVIDIA Corporation\PhysX\Common;C:\ProgramData\chocolatey\bin;C:\Program Files\nodejs\;C:\Program Files\Git\cmd;C:\Program Files\dotnet\;C:\Users\tarun\.console-ninja\.bin;C:\Users\tarun\AppData\Local\Microsoft\WindowsApps;C:\Users\tarun\AppData\Local\Programs\Microsoft VS Code\bin;C:\Users\tarun\AppData\Roaming\npm;C:\Users\tarun\AppData\Local\Android\Sdk;C:\Users\tarun\AppData\Local\Android\Sdk\platform-tools;C:\php-8.3.11;C:\Users\tarun\.dotnet\tools
USERNAME=tarun
OS=Windows_NT
PROCESSOR_IDENTIFIER=Intel64 Family 6 Model 154 Stepping 3, GenuineIntel
TMP=C:\Users\tarun\AppData\Local\Temp
TEMP=C:\Users\tarun\AppData\Local\Temp



Periodic native trim disabled


---------------  S Y S T E M  ---------------

OS:
 Windows 11 , 64 bit Build 22621 (10.0.22621.3958)
OS uptime: 1 days 1:04 hours
Hyper-V role detected

CPU: total 16 (initial active 16) (8 cores per cpu, 2 threads per core) family 6 model 154 stepping 3 microcode 0x42a, cx8, cmov, fxsr, ht, mmx, 3dnowpref, sse, sse2, sse3, ssse3, sse4.1, sse4.2, popcnt, lzcnt, tsc, tscinvbit, avx, avx2, aes, erms, clmul, bmi1, bmi2, adx, sha, fma, vzeroupper, clflush, clflushopt, clwb, hv
Processor Information for processor 0
  Max Mhz: 1700, Current Mhz: 1700, Mhz Limit: 1700
Processor Information for processor 1
  Max Mhz: 1700, Current Mhz: 1700, Mhz Limit: 1700
Processor Information for processor 2
  Max Mhz: 1700, Current Mhz: 1700, Mhz Limit: 1700
Processor Information for processor 3
  Max Mhz: 1700, Current Mhz: 1700, Mhz Limit: 1700
Processor Information for processor 4
  Max Mhz: 1700, Current Mhz: 1700, Mhz Limit: 1700
Processor Information for processor 5
  Max Mhz: 1700, Current Mhz: 1700, Mhz Limit: 1700
Processor Information for processor 6
  Max Mhz: 1700, Current Mhz: 1700, Mhz Limit: 1700
Processor Information for processor 7
  Max Mhz: 1700, Current Mhz: 1700, Mhz Limit: 1700
Processor Information for processor 8
  Max Mhz: 1700, Current Mhz: 1200, Mhz Limit: 1190
Processor Information for processor 9
  Max Mhz: 1700, Current Mhz: 1200, Mhz Limit: 1190
Processor Information for processor 10
  Max Mhz: 1700, Current Mhz: 1200, Mhz Limit: 1190
Processor Information for processor 11
  Max Mhz: 1700, Current Mhz: 1200, Mhz Limit: 1190
Processor Information for processor 12
  Max Mhz: 1700, Current Mhz: 1200, Mhz Limit: 1190
Processor Information for processor 13
  Max Mhz: 1700, Current Mhz: 1200, Mhz Limit: 1190
Processor Information for processor 14
  Max Mhz: 1700, Current Mhz: 1200, Mhz Limit: 1190
Processor Information for processor 15
  Max Mhz: 1700, Current Mhz: 1200, Mhz Limit: 1190

Memory: 4k page, system-wide physical 16088M (2968M free)
TotalPageFile size 16088M (AvailPageFile size 4M)
current process WorkingSet (physical memory assigned to process): 134M, peak: 134M
current process commit charge ("private bytes"): 257M, peak: 257M

vm_info: OpenJDK 64-Bit Server VM (17.0.12+7) for windows-amd64 JRE (17.0.12+7), built on Jul 16 2024 22:08:24 by "admin" with MS VC++ 16.10 / 16.11 (VS2019)

END.
