#
# There is insufficient memory for the Java Runtime Environment to continue.
# Native memory allocation (malloc) failed to allocate 1248656 bytes. Error detail: Chunk::new
# Possible reasons:
#   The system is out of physical RAM or swap space
#   This process is running with CompressedOops enabled, and the Java Heap may be blocking the growth of the native heap
# Possible solutions:
#   Reduce memory load on the system
#   Increase physical memory or swap space
#   Check if swap backing store is full
#   Decrease Java heap size (-Xmx/-Xms)
#   Decrease number of Java threads
#   Decrease Java thread stack sizes (-Xss)
#   Set larger code cache with -XX:ReservedCodeCacheSize=
#   JVM is running with Unscaled Compressed Oops mode in which the Java heap is
#     placed in the first 4GB address space. The Java Heap base address is the
#     maximum limit for the native heap growth. Please use -XX:HeapBaseMinAddress
#     to set the Java Heap base and to place the Java Heap above 4GB virtual address.
# This output file may be truncated or incomplete.
#
#  Out of Memory Error (arena.cpp:191), pid=18212, tid=26204
#
# JRE version: OpenJDK Runtime Environment Microsoft-9889599 (17.0.12+7) (build 17.0.12+7-LTS)
# Java VM: OpenJDK 64-Bit Server VM Microsoft-9889599 (17.0.12+7-LTS, mixed mode, sharing, tiered, compressed oops, compressed class ptrs, g1 gc, windows-amd64)
# No core dump will be written. Minidumps are not enabled by default on client versions of Windows
#

---------------  S U M M A R Y ------------

Command Line: -XX:MaxMetaspaceSize=512m --add-opens=java.base/java.util=ALL-UNNAMED --add-opens=java.base/java.lang=ALL-UNNAMED --add-opens=java.base/java.lang.invoke=ALL-UNNAMED --add-opens=java.prefs/java.util.prefs=ALL-UNNAMED --add-opens=java.base/java.nio.charset=ALL-UNNAMED --add-opens=java.base/java.net=ALL-UNNAMED --add-opens=java.base/java.util.concurrent.atomic=ALL-UNNAMED -Xmx2048m -Dfile.encoding=utf8 -Duser.country=US -Duser.language=en -Duser.variant -javaagent:C:\Users\tarun\.gradle\wrapper\dists\gradle-8.8-all\6gdy1pgp427xkqcjbxw3ylt6h\gradle-8.8\lib\agents\gradle-instrumentation-agent-8.8.jar org.gradle.launcher.daemon.bootstrap.GradleDaemon 8.8

Host: 12th Gen Intel(R) Core(TM) i5-1240P, 16 cores, 15G,  Windows 11 , 64 bit Build 22621 (10.0.22621.3958)
Time: Thu Sep 19 18:25:46 2024 India Standard Time elapsed time: 4.616312 seconds (0d 0h 0m 4s)

---------------  T H R E A D  ---------------

Current thread (0x000002224f82ccb0):  JavaThread "C2 CompilerThread0" daemon [_thread_in_native, id=26204, stack(0x000000bfecc00000,0x000000bfecd00000)]


Current CompileTask:
C2:   4616 2752   !   4       java.net.URL::<init> (543 bytes)

Stack: [0x000000bfecc00000,0x000000bfecd00000]
Native frames: (J=compiled Java code, j=interpreted, Vv=VM code, C=native code)
V  [jvm.dll+0x686d99]
V  [jvm.dll+0x83daf8]
V  [jvm.dll+0x83f5a3]
V  [jvm.dll+0x83fc13]
V  [jvm.dll+0x2492ef]
V  [jvm.dll+0xad0a4]
V  [jvm.dll+0xad73c]
V  [jvm.dll+0x36a3ff]
V  [jvm.dll+0x334b83]
V  [jvm.dll+0x33401a]
V  [jvm.dll+0x21a538]
V  [jvm.dll+0x21996f]
V  [jvm.dll+0x1a53e6]
V  [jvm.dll+0x229faa]
V  [jvm.dll+0x2280fb]
V  [jvm.dll+0x7f3508]
V  [jvm.dll+0x7ed87c]
V  [jvm.dll+0x685c77]
C  [ucrtbase.dll+0x29333]
C  [KERNEL32.DLL+0x1257d]
C  [ntdll.dll+0x5af28]


---------------  P R O C E S S  ---------------

Threads class SMR info:
_java_thread_list=0x000002227172bdb0, length=30, elements={
0x000002223080ddf0, 0x000002224f798420, 0x000002224f7e43f0, 0x000002224f7f8b00,
0x000002224f7fa5e0, 0x000002224f7ff0d0, 0x000002224f827ab0, 0x000002224f82ccb0,
0x000002224f82d760, 0x000002224f83a560, 0x000002224f8e6ee0, 0x000002224f787290,
0x000002224f974ab0, 0x000002224f9f8410, 0x000002227086b1a0, 0x0000022270f0bd20,
0x000002226f348ad0, 0x000002226f34b860, 0x000002226f3485c0, 0x000002226f3480b0,
0x000002226f34ae40, 0x000002226f3494f0, 0x000002226f349a00, 0x000002226f34a930,
0x000002226f348fe0, 0x000002226f34a420, 0x0000022271401350, 0x0000022271401860,
0x0000022271405f40, 0x0000022271406e70
}

Java Threads: ( => current thread )
  0x000002223080ddf0 JavaThread "main" [_thread_blocked, id=14640, stack(0x000000bfebf00000,0x000000bfec000000)]
  0x000002224f798420 JavaThread "Reference Handler" daemon [_thread_blocked, id=18608, stack(0x000000bfec600000,0x000000bfec700000)]
  0x000002224f7e43f0 JavaThread "Finalizer" daemon [_thread_blocked, id=26320, stack(0x000000bfec700000,0x000000bfec800000)]
  0x000002224f7f8b00 JavaThread "Signal Dispatcher" daemon [_thread_blocked, id=5960, stack(0x000000bfec800000,0x000000bfec900000)]
  0x000002224f7fa5e0 JavaThread "Attach Listener" daemon [_thread_blocked, id=4184, stack(0x000000bfec900000,0x000000bfeca00000)]
  0x000002224f7ff0d0 JavaThread "Service Thread" daemon [_thread_blocked, id=9384, stack(0x000000bfeca00000,0x000000bfecb00000)]
  0x000002224f827ab0 JavaThread "Monitor Deflation Thread" daemon [_thread_blocked, id=6732, stack(0x000000bfecb00000,0x000000bfecc00000)]
=>0x000002224f82ccb0 JavaThread "C2 CompilerThread0" daemon [_thread_in_native, id=26204, stack(0x000000bfecc00000,0x000000bfecd00000)]
  0x000002224f82d760 JavaThread "C1 CompilerThread0" daemon [_thread_blocked, id=20780, stack(0x000000bfecd00000,0x000000bfece00000)]
  0x000002224f83a560 JavaThread "Sweeper thread" daemon [_thread_blocked, id=15460, stack(0x000000bfece00000,0x000000bfecf00000)]
  0x000002224f8e6ee0 JavaThread "C1 CompilerThread1" daemon [_thread_blocked, id=25860, stack(0x000000bfecf00000,0x000000bfed000000)]
  0x000002224f787290 JavaThread "Common-Cleaner" daemon [_thread_blocked, id=27384, stack(0x000000bfed000000,0x000000bfed100000)]
  0x000002224f974ab0 JavaThread "C1 CompilerThread2" daemon [_thread_blocked, id=23768, stack(0x000000bfed100000,0x000000bfed200000)]
  0x000002224f9f8410 JavaThread "Notification Thread" daemon [_thread_blocked, id=22496, stack(0x000000bfed300000,0x000000bfed400000)]
  0x000002227086b1a0 JavaThread "C1 CompilerThread3" daemon [_thread_blocked, id=15528, stack(0x000000bfedd00000,0x000000bfede00000)]
  0x0000022270f0bd20 JavaThread "C2 CompilerThread1" daemon [_thread_blocked, id=25548, stack(0x000000bfed200000,0x000000bfed300000)]
  0x000002226f348ad0 JavaThread "Daemon health stats" [_thread_blocked, id=17432, stack(0x000000bfed500000,0x000000bfed600000)]
  0x000002226f34b860 JavaThread "Incoming local TCP Connector on port 55801" [_thread_in_native, id=16016, stack(0x000000bfed600000,0x000000bfed700000)]
  0x000002226f3485c0 JavaThread "Daemon periodic checks" [_thread_blocked, id=15976, stack(0x000000bfed700000,0x000000bfed800000)]
  0x000002226f3480b0 JavaThread "Daemon" [_thread_blocked, id=15964, stack(0x000000bfede00000,0x000000bfedf00000)]
  0x000002226f34ae40 JavaThread "Handler for socket connection from /127.0.0.1:55801 to /127.0.0.1:55802" [_thread_in_native, id=16352, stack(0x000000bfedf00000,0x000000bfee000000)]
  0x000002226f3494f0 JavaThread "Cancel handler" [_thread_blocked, id=15956, stack(0x000000bfee000000,0x000000bfee100000)]
  0x000002226f349a00 JavaThread "Daemon worker" [_thread_in_Java, id=24080, stack(0x000000bfee100000,0x000000bfee200000)]
  0x000002226f34a930 JavaThread "Asynchronous log dispatcher for DefaultDaemonConnection: socket connection from /127.0.0.1:55801 to /127.0.0.1:55802" [_thread_blocked, id=16320, stack(0x000000bfee200000,0x000000bfee300000)]
  0x000002226f348fe0 JavaThread "Stdin handler" [_thread_blocked, id=27312, stack(0x000000bfee300000,0x000000bfee400000)]
  0x000002226f34a420 JavaThread "Daemon client event forwarder" [_thread_blocked, id=24220, stack(0x000000bfee400000,0x000000bfee500000)]
  0x0000022271401350 JavaThread "Cache worker for journal cache (C:\Users\tarun\.gradle\caches\journal-1)" [_thread_blocked, id=8508, stack(0x000000bfee500000,0x000000bfee600000)]
  0x0000022271401860 JavaThread "File lock request listener" [_thread_in_native, id=9952, stack(0x000000bfee600000,0x000000bfee700000)]
  0x0000022271405f40 JavaThread "Cache worker for file hash cache (C:\Users\tarun\.gradle\caches\8.8\fileHashes)" [_thread_blocked, id=20748, stack(0x000000bfee700000,0x000000bfee800000)]
  0x0000022271406e70 JavaThread "Cache worker for file hash cache (C:\Users\tarun\OneDrive\Desktop\Frew-Android\android\.gradle\8.8\fileHashes)" [_thread_blocked, id=27300, stack(0x000000bfee800000,0x000000bfee900000)]

Other Threads:
  0x000002224f797ba0 VMThread "VM Thread" [stack: 0x000000bfec500000,0x000000bfec600000] [id=12492]
  0x000002224fa3cc20 WatcherThread [stack: 0x000000bfed400000,0x000000bfed500000] [id=12740]
  0x000002223086c860 GCTaskThread "GC Thread#0" [stack: 0x000000bfec000000,0x000000bfec100000] [id=26960]
  0x00000222703ff510 GCTaskThread "GC Thread#1" [stack: 0x000000bfed800000,0x000000bfed900000] [id=16256]
  0x000002226ff01b40 GCTaskThread "GC Thread#2" [stack: 0x000000bfed900000,0x000000bfeda00000] [id=15848]
  0x000002226fd952d0 GCTaskThread "GC Thread#3" [stack: 0x000000bfeda00000,0x000000bfedb00000] [id=26392]
  0x000002226fd95590 GCTaskThread "GC Thread#4" [stack: 0x000000bfedb00000,0x000000bfedc00000] [id=8080]
  0x000002226f8e2d30 GCTaskThread "GC Thread#5" [stack: 0x000000bfedc00000,0x000000bfedd00000] [id=7180]
  0x000002223087d7b0 ConcurrentGCThread "G1 Main Marker" [stack: 0x000000bfec100000,0x000000bfec200000] [id=1228]
  0x000002223087e1d0 ConcurrentGCThread "G1 Conc#0" [stack: 0x000000bfec200000,0x000000bfec300000] [id=27104]
  0x00000222308bec60 ConcurrentGCThread "G1 Refine#0" [stack: 0x000000bfec300000,0x000000bfec400000] [id=4596]
  0x000002224f656e60 ConcurrentGCThread "G1 Service" [stack: 0x000000bfec400000,0x000000bfec500000] [id=9076]

Threads with active compile tasks:
C2 CompilerThread0     4633 2752   !   4       java.net.URL::<init> (543 bytes)

VM state: not at safepoint (normal execution)

VM Mutex/Monitor currently owned by a thread: None

Heap address: 0x0000000080000000, size: 2048 MB, Compressed Oops mode: 32-bit

CDS archive(s) mapped at: [0x0000022250000000-0x0000022250bb0000-0x0000022250bb0000), size 12255232, SharedBaseAddress: 0x0000022250000000, ArchiveRelocationMode: 1.
Compressed class space mapped at: 0x0000022251000000-0x000002226b000000, reserved size: 436207616
Narrow klass base: 0x0000022250000000, Narrow klass shift: 0, Narrow klass range: 0x100000000

GC Precious Log:
 CPUs: 16 total, 16 available
 Memory: 16088M
 Large Page Support: Disabled
 NUMA Support: Disabled
 Compressed Oops: Enabled (32-bit)
 Heap Region Size: 1M
 Heap Min Capacity: 8M
 Heap Initial Capacity: 252M
 Heap Max Capacity: 2G
 Pre-touch: Disabled
 Parallel Workers: 13
 Concurrent Workers: 3
 Concurrent Refinement Workers: 13
 Periodic GC: Disabled

Heap:
 garbage-first heap   total 258048K, used 137944K [0x0000000080000000, 0x0000000100000000)
  region size 1024K, 124 young (126976K), 2 survivors (2048K)
 Metaspace       used 20539K, committed 20864K, reserved 491520K
  class space    used 2984K, committed 3136K, reserved 425984K

Heap Regions: E=young(eden), S=young(survivor), O=old, HS=humongous(starts), HC=humongous(continues), CS=collection set, F=free, OA=open archive, CA=closed archive, TAMS=top-at-mark-start (previous, next)
|   0|0x0000000080000000, 0x0000000080100000, 0x0000000080100000|100%|HS|  |TAMS 0x0000000080000000, 0x0000000080000000| Complete 
|   1|0x0000000080100000, 0x0000000080200000, 0x0000000080200000|100%|HC|  |TAMS 0x0000000080100000, 0x0000000080100000| Complete 
|   2|0x0000000080200000, 0x0000000080300000, 0x0000000080300000|100%|HC|  |TAMS 0x0000000080200000, 0x0000000080200000| Complete 
|   3|0x0000000080300000, 0x0000000080400000, 0x0000000080400000|100%|HC|  |TAMS 0x0000000080300000, 0x0000000080300000| Complete 
|   4|0x0000000080400000, 0x0000000080500000, 0x0000000080500000|100%| O|  |TAMS 0x0000000080400000, 0x0000000080400000| Untracked 
|   5|0x0000000080500000, 0x0000000080600000, 0x0000000080600000|100%| O|  |TAMS 0x0000000080500000, 0x0000000080500000| Untracked 
|   6|0x0000000080600000, 0x0000000080700000, 0x0000000080700000|100%| O|  |TAMS 0x0000000080600000, 0x0000000080600000| Untracked 
|   7|0x0000000080700000, 0x0000000080800000, 0x0000000080800000|100%| O|  |TAMS 0x0000000080700000, 0x0000000080700000| Untracked 
|   8|0x0000000080800000, 0x0000000080900000, 0x0000000080900000|100%| O|  |TAMS 0x0000000080800000, 0x0000000080800000| Untracked 
|   9|0x0000000080900000, 0x0000000080a00000, 0x0000000080a00000|100%| O|  |TAMS 0x0000000080900000, 0x0000000080900000| Untracked 
|  10|0x0000000080a00000, 0x0000000080a80400, 0x0000000080b00000| 50%| O|  |TAMS 0x0000000080a00000, 0x0000000080a00000| Untracked 
|  11|0x0000000080b00000, 0x0000000080c00000, 0x0000000080c00000|100%|HS|  |TAMS 0x0000000080b00000, 0x0000000080b00000| Complete 
|  12|0x0000000080c00000, 0x0000000080d00000, 0x0000000080d00000|100%|HS|  |TAMS 0x0000000080c00000, 0x0000000080c00000| Complete 
|  13|0x0000000080d00000, 0x0000000080d00000, 0x0000000080e00000|  0%| F|  |TAMS 0x0000000080d00000, 0x0000000080d00000| Untracked 
|  14|0x0000000080e00000, 0x0000000080e00000, 0x0000000080f00000|  0%| F|  |TAMS 0x0000000080e00000, 0x0000000080e00000| Untracked 
|  15|0x0000000080f00000, 0x0000000080f00000, 0x0000000081000000|  0%| F|  |TAMS 0x0000000080f00000, 0x0000000080f00000| Untracked 
|  16|0x0000000081000000, 0x0000000081000000, 0x0000000081100000|  0%| F|  |TAMS 0x0000000081000000, 0x0000000081000000| Untracked 
|  17|0x0000000081100000, 0x0000000081100000, 0x0000000081200000|  0%| F|  |TAMS 0x0000000081100000, 0x0000000081100000| Untracked 
|  18|0x0000000081200000, 0x0000000081200000, 0x0000000081300000|  0%| F|  |TAMS 0x0000000081200000, 0x0000000081200000| Untracked 
|  19|0x0000000081300000, 0x0000000081300000, 0x0000000081400000|  0%| F|  |TAMS 0x0000000081300000, 0x0000000081300000| Untracked 
|  20|0x0000000081400000, 0x0000000081400000, 0x0000000081500000|  0%| F|  |TAMS 0x0000000081400000, 0x0000000081400000| Untracked 
|  21|0x0000000081500000, 0x0000000081500000, 0x0000000081600000|  0%| F|  |TAMS 0x0000000081500000, 0x0000000081500000| Untracked 
|  22|0x0000000081600000, 0x0000000081600000, 0x0000000081700000|  0%| F|  |TAMS 0x0000000081600000, 0x0000000081600000| Untracked 
|  23|0x0000000081700000, 0x0000000081700000, 0x0000000081800000|  0%| F|  |TAMS 0x0000000081700000, 0x0000000081700000| Untracked 
|  24|0x0000000081800000, 0x0000000081800000, 0x0000000081900000|  0%| F|  |TAMS 0x0000000081800000, 0x0000000081800000| Untracked 
|  25|0x0000000081900000, 0x0000000081900000, 0x0000000081a00000|  0%| F|  |TAMS 0x0000000081900000, 0x0000000081900000| Untracked 
|  26|0x0000000081a00000, 0x0000000081a00000, 0x0000000081b00000|  0%| F|  |TAMS 0x0000000081a00000, 0x0000000081a00000| Untracked 
|  27|0x0000000081b00000, 0x0000000081b00000, 0x0000000081c00000|  0%| F|  |TAMS 0x0000000081b00000, 0x0000000081b00000| Untracked 
|  28|0x0000000081c00000, 0x0000000081c00000, 0x0000000081d00000|  0%| F|  |TAMS 0x0000000081c00000, 0x0000000081c00000| Untracked 
|  29|0x0000000081d00000, 0x0000000081d00000, 0x0000000081e00000|  0%| F|  |TAMS 0x0000000081d00000, 0x0000000081d00000| Untracked 
|  30|0x0000000081e00000, 0x0000000081e00000, 0x0000000081f00000|  0%| F|  |TAMS 0x0000000081e00000, 0x0000000081e00000| Untracked 
|  31|0x0000000081f00000, 0x0000000081f00000, 0x0000000082000000|  0%| F|  |TAMS 0x0000000081f00000, 0x0000000081f00000| Untracked 
|  32|0x0000000082000000, 0x0000000082000000, 0x0000000082100000|  0%| F|  |TAMS 0x0000000082000000, 0x0000000082000000| Untracked 
|  33|0x0000000082100000, 0x0000000082100000, 0x0000000082200000|  0%| F|  |TAMS 0x0000000082100000, 0x0000000082100000| Untracked 
|  34|0x0000000082200000, 0x0000000082200000, 0x0000000082300000|  0%| F|  |TAMS 0x0000000082200000, 0x0000000082200000| Untracked 
|  35|0x0000000082300000, 0x0000000082300000, 0x0000000082400000|  0%| F|  |TAMS 0x0000000082300000, 0x0000000082300000| Untracked 
|  36|0x0000000082400000, 0x0000000082400000, 0x0000000082500000|  0%| F|  |TAMS 0x0000000082400000, 0x0000000082400000| Untracked 
|  37|0x0000000082500000, 0x0000000082500000, 0x0000000082600000|  0%| F|  |TAMS 0x0000000082500000, 0x0000000082500000| Untracked 
|  38|0x0000000082600000, 0x0000000082600000, 0x0000000082700000|  0%| F|  |TAMS 0x0000000082600000, 0x0000000082600000| Untracked 
|  39|0x0000000082700000, 0x0000000082700000, 0x0000000082800000|  0%| F|  |TAMS 0x0000000082700000, 0x0000000082700000| Untracked 
|  40|0x0000000082800000, 0x0000000082800000, 0x0000000082900000|  0%| F|  |TAMS 0x0000000082800000, 0x0000000082800000| Untracked 
|  41|0x0000000082900000, 0x0000000082900000, 0x0000000082a00000|  0%| F|  |TAMS 0x0000000082900000, 0x0000000082900000| Untracked 
|  42|0x0000000082a00000, 0x0000000082a00000, 0x0000000082b00000|  0%| F|  |TAMS 0x0000000082a00000, 0x0000000082a00000| Untracked 
|  43|0x0000000082b00000, 0x0000000082b00000, 0x0000000082c00000|  0%| F|  |TAMS 0x0000000082b00000, 0x0000000082b00000| Untracked 
|  44|0x0000000082c00000, 0x0000000082c00000, 0x0000000082d00000|  0%| F|  |TAMS 0x0000000082c00000, 0x0000000082c00000| Untracked 
|  45|0x0000000082d00000, 0x0000000082d00000, 0x0000000082e00000|  0%| F|  |TAMS 0x0000000082d00000, 0x0000000082d00000| Untracked 
|  46|0x0000000082e00000, 0x0000000082e00000, 0x0000000082f00000|  0%| F|  |TAMS 0x0000000082e00000, 0x0000000082e00000| Untracked 
|  47|0x0000000082f00000, 0x0000000082f00000, 0x0000000083000000|  0%| F|  |TAMS 0x0000000082f00000, 0x0000000082f00000| Untracked 
|  48|0x0000000083000000, 0x0000000083000000, 0x0000000083100000|  0%| F|  |TAMS 0x0000000083000000, 0x0000000083000000| Untracked 
|  49|0x0000000083100000, 0x0000000083100000, 0x0000000083200000|  0%| F|  |TAMS 0x0000000083100000, 0x0000000083100000| Untracked 
|  50|0x0000000083200000, 0x0000000083200000, 0x0000000083300000|  0%| F|  |TAMS 0x0000000083200000, 0x0000000083200000| Untracked 
|  51|0x0000000083300000, 0x0000000083300000, 0x0000000083400000|  0%| F|  |TAMS 0x0000000083300000, 0x0000000083300000| Untracked 
|  52|0x0000000083400000, 0x0000000083400000, 0x0000000083500000|  0%| F|  |TAMS 0x0000000083400000, 0x0000000083400000| Untracked 
|  53|0x0000000083500000, 0x0000000083500000, 0x0000000083600000|  0%| F|  |TAMS 0x0000000083500000, 0x0000000083500000| Untracked 
|  54|0x0000000083600000, 0x0000000083600000, 0x0000000083700000|  0%| F|  |TAMS 0x0000000083600000, 0x0000000083600000| Untracked 
|  55|0x0000000083700000, 0x0000000083700000, 0x0000000083800000|  0%| F|  |TAMS 0x0000000083700000, 0x0000000083700000| Untracked 
|  56|0x0000000083800000, 0x0000000083800000, 0x0000000083900000|  0%| F|  |TAMS 0x0000000083800000, 0x0000000083800000| Untracked 
|  57|0x0000000083900000, 0x0000000083900000, 0x0000000083a00000|  0%| F|  |TAMS 0x0000000083900000, 0x0000000083900000| Untracked 
|  58|0x0000000083a00000, 0x0000000083a00000, 0x0000000083b00000|  0%| F|  |TAMS 0x0000000083a00000, 0x0000000083a00000| Untracked 
|  59|0x0000000083b00000, 0x0000000083b00000, 0x0000000083c00000|  0%| F|  |TAMS 0x0000000083b00000, 0x0000000083b00000| Untracked 
|  60|0x0000000083c00000, 0x0000000083c00000, 0x0000000083d00000|  0%| F|  |TAMS 0x0000000083c00000, 0x0000000083c00000| Untracked 
|  61|0x0000000083d00000, 0x0000000083d00000, 0x0000000083e00000|  0%| F|  |TAMS 0x0000000083d00000, 0x0000000083d00000| Untracked 
|  62|0x0000000083e00000, 0x0000000083e00000, 0x0000000083f00000|  0%| F|  |TAMS 0x0000000083e00000, 0x0000000083e00000| Untracked 
|  63|0x0000000083f00000, 0x0000000083f00000, 0x0000000084000000|  0%| F|  |TAMS 0x0000000083f00000, 0x0000000083f00000| Untracked 
|  64|0x0000000084000000, 0x0000000084000000, 0x0000000084100000|  0%| F|  |TAMS 0x0000000084000000, 0x0000000084000000| Untracked 
|  65|0x0000000084100000, 0x0000000084100000, 0x0000000084200000|  0%| F|  |TAMS 0x0000000084100000, 0x0000000084100000| Untracked 
|  66|0x0000000084200000, 0x0000000084200000, 0x0000000084300000|  0%| F|  |TAMS 0x0000000084200000, 0x0000000084200000| Untracked 
|  67|0x0000000084300000, 0x0000000084300000, 0x0000000084400000|  0%| F|  |TAMS 0x0000000084300000, 0x0000000084300000| Untracked 
|  68|0x0000000084400000, 0x0000000084400000, 0x0000000084500000|  0%| F|  |TAMS 0x0000000084400000, 0x0000000084400000| Untracked 
|  69|0x0000000084500000, 0x0000000084500000, 0x0000000084600000|  0%| F|  |TAMS 0x0000000084500000, 0x0000000084500000| Untracked 
|  70|0x0000000084600000, 0x0000000084600000, 0x0000000084700000|  0%| F|  |TAMS 0x0000000084600000, 0x0000000084600000| Untracked 
|  71|0x0000000084700000, 0x0000000084700000, 0x0000000084800000|  0%| F|  |TAMS 0x0000000084700000, 0x0000000084700000| Untracked 
|  72|0x0000000084800000, 0x0000000084800000, 0x0000000084900000|  0%| F|  |TAMS 0x0000000084800000, 0x0000000084800000| Untracked 
|  73|0x0000000084900000, 0x0000000084900000, 0x0000000084a00000|  0%| F|  |TAMS 0x0000000084900000, 0x0000000084900000| Untracked 
|  74|0x0000000084a00000, 0x0000000084a00000, 0x0000000084b00000|  0%| F|  |TAMS 0x0000000084a00000, 0x0000000084a00000| Untracked 
|  75|0x0000000084b00000, 0x0000000084b00000, 0x0000000084c00000|  0%| F|  |TAMS 0x0000000084b00000, 0x0000000084b00000| Untracked 
|  76|0x0000000084c00000, 0x0000000084c00000, 0x0000000084d00000|  0%| F|  |TAMS 0x0000000084c00000, 0x0000000084c00000| Untracked 
|  77|0x0000000084d00000, 0x0000000084d00000, 0x0000000084e00000|  0%| F|  |TAMS 0x0000000084d00000, 0x0000000084d00000| Untracked 
|  78|0x0000000084e00000, 0x0000000084e00000, 0x0000000084f00000|  0%| F|  |TAMS 0x0000000084e00000, 0x0000000084e00000| Untracked 
|  79|0x0000000084f00000, 0x0000000084f00000, 0x0000000085000000|  0%| F|  |TAMS 0x0000000084f00000, 0x0000000084f00000| Untracked 
|  80|0x0000000085000000, 0x0000000085000000, 0x0000000085100000|  0%| F|  |TAMS 0x0000000085000000, 0x0000000085000000| Untracked 
|  81|0x0000000085100000, 0x0000000085100000, 0x0000000085200000|  0%| F|  |TAMS 0x0000000085100000, 0x0000000085100000| Untracked 
|  82|0x0000000085200000, 0x0000000085200000, 0x0000000085300000|  0%| F|  |TAMS 0x0000000085200000, 0x0000000085200000| Untracked 
|  83|0x0000000085300000, 0x0000000085300000, 0x0000000085400000|  0%| F|  |TAMS 0x0000000085300000, 0x0000000085300000| Untracked 
|  84|0x0000000085400000, 0x0000000085400000, 0x0000000085500000|  0%| F|  |TAMS 0x0000000085400000, 0x0000000085400000| Untracked 
|  85|0x0000000085500000, 0x0000000085500000, 0x0000000085600000|  0%| F|  |TAMS 0x0000000085500000, 0x0000000085500000| Untracked 
|  86|0x0000000085600000, 0x0000000085600000, 0x0000000085700000|  0%| F|  |TAMS 0x0000000085600000, 0x0000000085600000| Untracked 
|  87|0x0000000085700000, 0x0000000085700000, 0x0000000085800000|  0%| F|  |TAMS 0x0000000085700000, 0x0000000085700000| Untracked 
|  88|0x0000000085800000, 0x0000000085800000, 0x0000000085900000|  0%| F|  |TAMS 0x0000000085800000, 0x0000000085800000| Untracked 
|  89|0x0000000085900000, 0x0000000085900000, 0x0000000085a00000|  0%| F|  |TAMS 0x0000000085900000, 0x0000000085900000| Untracked 
|  90|0x0000000085a00000, 0x0000000085a00000, 0x0000000085b00000|  0%| F|  |TAMS 0x0000000085a00000, 0x0000000085a00000| Untracked 
|  91|0x0000000085b00000, 0x0000000085b00000, 0x0000000085c00000|  0%| F|  |TAMS 0x0000000085b00000, 0x0000000085b00000| Untracked 
|  92|0x0000000085c00000, 0x0000000085c00000, 0x0000000085d00000|  0%| F|  |TAMS 0x0000000085c00000, 0x0000000085c00000| Untracked 
|  93|0x0000000085d00000, 0x0000000085d00000, 0x0000000085e00000|  0%| F|  |TAMS 0x0000000085d00000, 0x0000000085d00000| Untracked 
|  94|0x0000000085e00000, 0x0000000085e00000, 0x0000000085f00000|  0%| F|  |TAMS 0x0000000085e00000, 0x0000000085e00000| Untracked 
|  95|0x0000000085f00000, 0x0000000085f00000, 0x0000000086000000|  0%| F|  |TAMS 0x0000000085f00000, 0x0000000085f00000| Untracked 
|  96|0x0000000086000000, 0x0000000086000000, 0x0000000086100000|  0%| F|  |TAMS 0x0000000086000000, 0x0000000086000000| Untracked 
|  97|0x0000000086100000, 0x0000000086100000, 0x0000000086200000|  0%| F|  |TAMS 0x0000000086100000, 0x0000000086100000| Untracked 
|  98|0x0000000086200000, 0x0000000086200000, 0x0000000086300000|  0%| F|  |TAMS 0x0000000086200000, 0x0000000086200000| Untracked 
|  99|0x0000000086300000, 0x0000000086300000, 0x0000000086400000|  0%| F|  |TAMS 0x0000000086300000, 0x0000000086300000| Untracked 
| 100|0x0000000086400000, 0x0000000086400000, 0x0000000086500000|  0%| F|  |TAMS 0x0000000086400000, 0x0000000086400000| Untracked 
| 101|0x0000000086500000, 0x0000000086500000, 0x0000000086600000|  0%| F|  |TAMS 0x0000000086500000, 0x0000000086500000| Untracked 
| 102|0x0000000086600000, 0x0000000086600000, 0x0000000086700000|  0%| F|  |TAMS 0x0000000086600000, 0x0000000086600000| Untracked 
| 103|0x0000000086700000, 0x0000000086700000, 0x0000000086800000|  0%| F|  |TAMS 0x0000000086700000, 0x0000000086700000| Untracked 
| 104|0x0000000086800000, 0x0000000086800000, 0x0000000086900000|  0%| F|  |TAMS 0x0000000086800000, 0x0000000086800000| Untracked 
| 105|0x0000000086900000, 0x0000000086900000, 0x0000000086a00000|  0%| F|  |TAMS 0x0000000086900000, 0x0000000086900000| Untracked 
| 106|0x0000000086a00000, 0x0000000086a00000, 0x0000000086b00000|  0%| F|  |TAMS 0x0000000086a00000, 0x0000000086a00000| Untracked 
| 107|0x0000000086b00000, 0x0000000086b00000, 0x0000000086c00000|  0%| F|  |TAMS 0x0000000086b00000, 0x0000000086b00000| Untracked 
| 108|0x0000000086c00000, 0x0000000086c00000, 0x0000000086d00000|  0%| F|  |TAMS 0x0000000086c00000, 0x0000000086c00000| Untracked 
| 109|0x0000000086d00000, 0x0000000086d00000, 0x0000000086e00000|  0%| F|  |TAMS 0x0000000086d00000, 0x0000000086d00000| Untracked 
| 110|0x0000000086e00000, 0x0000000086e00000, 0x0000000086f00000|  0%| F|  |TAMS 0x0000000086e00000, 0x0000000086e00000| Untracked 
| 111|0x0000000086f00000, 0x0000000086f00000, 0x0000000087000000|  0%| F|  |TAMS 0x0000000086f00000, 0x0000000086f00000| Untracked 
| 112|0x0000000087000000, 0x0000000087000000, 0x0000000087100000|  0%| F|  |TAMS 0x0000000087000000, 0x0000000087000000| Untracked 
| 113|0x0000000087100000, 0x0000000087100000, 0x0000000087200000|  0%| F|  |TAMS 0x0000000087100000, 0x0000000087100000| Untracked 
| 114|0x0000000087200000, 0x0000000087200000, 0x0000000087300000|  0%| F|  |TAMS 0x0000000087200000, 0x0000000087200000| Untracked 
| 115|0x0000000087300000, 0x0000000087300000, 0x0000000087400000|  0%| F|  |TAMS 0x0000000087300000, 0x0000000087300000| Untracked 
| 116|0x0000000087400000, 0x0000000087400000, 0x0000000087500000|  0%| F|  |TAMS 0x0000000087400000, 0x0000000087400000| Untracked 
| 117|0x0000000087500000, 0x0000000087500000, 0x0000000087600000|  0%| F|  |TAMS 0x0000000087500000, 0x0000000087500000| Untracked 
| 118|0x0000000087600000, 0x0000000087600000, 0x0000000087700000|  0%| F|  |TAMS 0x0000000087600000, 0x0000000087600000| Untracked 
| 119|0x0000000087700000, 0x0000000087700000, 0x0000000087800000|  0%| F|  |TAMS 0x0000000087700000, 0x0000000087700000| Untracked 
| 120|0x0000000087800000, 0x0000000087800000, 0x0000000087900000|  0%| F|  |TAMS 0x0000000087800000, 0x0000000087800000| Untracked 
| 121|0x0000000087900000, 0x0000000087900000, 0x0000000087a00000|  0%| F|  |TAMS 0x0000000087900000, 0x0000000087900000| Untracked 
| 122|0x0000000087a00000, 0x0000000087a00000, 0x0000000087b00000|  0%| F|  |TAMS 0x0000000087a00000, 0x0000000087a00000| Untracked 
| 123|0x0000000087b00000, 0x0000000087b00000, 0x0000000087c00000|  0%| F|  |TAMS 0x0000000087b00000, 0x0000000087b00000| Untracked 
| 124|0x0000000087c00000, 0x0000000087c00000, 0x0000000087d00000|  0%| F|  |TAMS 0x0000000087c00000, 0x0000000087c00000| Untracked 
| 125|0x0000000087d00000, 0x0000000087d00000, 0x0000000087e00000|  0%| F|  |TAMS 0x0000000087d00000, 0x0000000087d00000| Untracked 
| 126|0x0000000087e00000, 0x0000000087e00000, 0x0000000087f00000|  0%| F|  |TAMS 0x0000000087e00000, 0x0000000087e00000| Untracked 
| 127|0x0000000087f00000, 0x0000000087f80800, 0x0000000088000000| 50%| E|  |TAMS 0x0000000087f00000, 0x0000000087f00000| Complete 
| 128|0x0000000088000000, 0x0000000088100000, 0x0000000088100000|100%| E|CS|TAMS 0x0000000088000000, 0x0000000088000000| Complete 
| 129|0x0000000088100000, 0x0000000088200000, 0x0000000088200000|100%| E|CS|TAMS 0x0000000088100000, 0x0000000088100000| Complete 
| 130|0x0000000088200000, 0x0000000088300000, 0x0000000088300000|100%| E|CS|TAMS 0x0000000088200000, 0x0000000088200000| Complete 
| 131|0x0000000088300000, 0x0000000088400000, 0x0000000088400000|100%| E|CS|TAMS 0x0000000088300000, 0x0000000088300000| Complete 
| 132|0x0000000088400000, 0x0000000088500000, 0x0000000088500000|100%| E|CS|TAMS 0x0000000088400000, 0x0000000088400000| Complete 
| 133|0x0000000088500000, 0x0000000088600000, 0x0000000088600000|100%| E|CS|TAMS 0x0000000088500000, 0x0000000088500000| Complete 
| 134|0x0000000088600000, 0x0000000088700000, 0x0000000088700000|100%| E|CS|TAMS 0x0000000088600000, 0x0000000088600000| Complete 
| 135|0x0000000088700000, 0x0000000088800000, 0x0000000088800000|100%| E|CS|TAMS 0x0000000088700000, 0x0000000088700000| Complete 
| 136|0x0000000088800000, 0x0000000088900000, 0x0000000088900000|100%| E|CS|TAMS 0x0000000088800000, 0x0000000088800000| Complete 
| 137|0x0000000088900000, 0x0000000088a00000, 0x0000000088a00000|100%| E|CS|TAMS 0x0000000088900000, 0x0000000088900000| Complete 
| 138|0x0000000088a00000, 0x0000000088b00000, 0x0000000088b00000|100%| E|CS|TAMS 0x0000000088a00000, 0x0000000088a00000| Complete 
| 139|0x0000000088b00000, 0x0000000088c00000, 0x0000000088c00000|100%| E|CS|TAMS 0x0000000088b00000, 0x0000000088b00000| Complete 
| 140|0x0000000088c00000, 0x0000000088d00000, 0x0000000088d00000|100%| E|CS|TAMS 0x0000000088c00000, 0x0000000088c00000| Complete 
| 141|0x0000000088d00000, 0x0000000088e00000, 0x0000000088e00000|100%| E|CS|TAMS 0x0000000088d00000, 0x0000000088d00000| Complete 
| 142|0x0000000088e00000, 0x0000000088f00000, 0x0000000088f00000|100%| E|CS|TAMS 0x0000000088e00000, 0x0000000088e00000| Complete 
| 143|0x0000000088f00000, 0x0000000089000000, 0x0000000089000000|100%| E|CS|TAMS 0x0000000088f00000, 0x0000000088f00000| Complete 
| 144|0x0000000089000000, 0x0000000089100000, 0x0000000089100000|100%| E|CS|TAMS 0x0000000089000000, 0x0000000089000000| Complete 
| 145|0x0000000089100000, 0x0000000089200000, 0x0000000089200000|100%| E|CS|TAMS 0x0000000089100000, 0x0000000089100000| Complete 
| 146|0x0000000089200000, 0x0000000089300000, 0x0000000089300000|100%| E|CS|TAMS 0x0000000089200000, 0x0000000089200000| Complete 
| 147|0x0000000089300000, 0x0000000089400000, 0x0000000089400000|100%| E|CS|TAMS 0x0000000089300000, 0x0000000089300000| Complete 
| 148|0x0000000089400000, 0x0000000089500000, 0x0000000089500000|100%| E|CS|TAMS 0x0000000089400000, 0x0000000089400000| Complete 
| 149|0x0000000089500000, 0x0000000089600000, 0x0000000089600000|100%| E|CS|TAMS 0x0000000089500000, 0x0000000089500000| Complete 
| 150|0x0000000089600000, 0x0000000089700000, 0x0000000089700000|100%| E|CS|TAMS 0x0000000089600000, 0x0000000089600000| Complete 
| 151|0x0000000089700000, 0x0000000089800000, 0x0000000089800000|100%| E|CS|TAMS 0x0000000089700000, 0x0000000089700000| Complete 
| 152|0x0000000089800000, 0x0000000089900000, 0x0000000089900000|100%| E|CS|TAMS 0x0000000089800000, 0x0000000089800000| Complete 
| 153|0x0000000089900000, 0x0000000089a00000, 0x0000000089a00000|100%| E|CS|TAMS 0x0000000089900000, 0x0000000089900000| Complete 
| 154|0x0000000089a00000, 0x0000000089b00000, 0x0000000089b00000|100%| E|CS|TAMS 0x0000000089a00000, 0x0000000089a00000| Complete 
| 155|0x0000000089b00000, 0x0000000089c00000, 0x0000000089c00000|100%| E|CS|TAMS 0x0000000089b00000, 0x0000000089b00000| Complete 
| 156|0x0000000089c00000, 0x0000000089d00000, 0x0000000089d00000|100%| E|CS|TAMS 0x0000000089c00000, 0x0000000089c00000| Complete 
| 157|0x0000000089d00000, 0x0000000089e00000, 0x0000000089e00000|100%| E|CS|TAMS 0x0000000089d00000, 0x0000000089d00000| Complete 
| 158|0x0000000089e00000, 0x0000000089f00000, 0x0000000089f00000|100%| E|CS|TAMS 0x0000000089e00000, 0x0000000089e00000| Complete 
| 159|0x0000000089f00000, 0x000000008a000000, 0x000000008a000000|100%| E|CS|TAMS 0x0000000089f00000, 0x0000000089f00000| Complete 
| 160|0x000000008a000000, 0x000000008a100000, 0x000000008a100000|100%| E|CS|TAMS 0x000000008a000000, 0x000000008a000000| Complete 
| 161|0x000000008a100000, 0x000000008a200000, 0x000000008a200000|100%| E|CS|TAMS 0x000000008a100000, 0x000000008a100000| Complete 
| 162|0x000000008a200000, 0x000000008a300000, 0x000000008a300000|100%| E|CS|TAMS 0x000000008a200000, 0x000000008a200000| Complete 
| 163|0x000000008a300000, 0x000000008a400000, 0x000000008a400000|100%| E|CS|TAMS 0x000000008a300000, 0x000000008a300000| Complete 
| 164|0x000000008a400000, 0x000000008a500000, 0x000000008a500000|100%| E|CS|TAMS 0x000000008a400000, 0x000000008a400000| Complete 
| 165|0x000000008a500000, 0x000000008a600000, 0x000000008a600000|100%| E|CS|TAMS 0x000000008a500000, 0x000000008a500000| Complete 
| 166|0x000000008a600000, 0x000000008a700000, 0x000000008a700000|100%| E|CS|TAMS 0x000000008a600000, 0x000000008a600000| Complete 
| 167|0x000000008a700000, 0x000000008a800000, 0x000000008a800000|100%| E|CS|TAMS 0x000000008a700000, 0x000000008a700000| Complete 
| 168|0x000000008a800000, 0x000000008a900000, 0x000000008a900000|100%| E|CS|TAMS 0x000000008a800000, 0x000000008a800000| Complete 
| 169|0x000000008a900000, 0x000000008aa00000, 0x000000008aa00000|100%| E|CS|TAMS 0x000000008a900000, 0x000000008a900000| Complete 
| 170|0x000000008aa00000, 0x000000008ab00000, 0x000000008ab00000|100%| E|CS|TAMS 0x000000008aa00000, 0x000000008aa00000| Complete 
| 171|0x000000008ab00000, 0x000000008ac00000, 0x000000008ac00000|100%| E|CS|TAMS 0x000000008ab00000, 0x000000008ab00000| Complete 
| 172|0x000000008ac00000, 0x000000008ad00000, 0x000000008ad00000|100%| E|CS|TAMS 0x000000008ac00000, 0x000000008ac00000| Complete 
| 173|0x000000008ad00000, 0x000000008ae00000, 0x000000008ae00000|100%| E|CS|TAMS 0x000000008ad00000, 0x000000008ad00000| Complete 
| 174|0x000000008ae00000, 0x000000008af00000, 0x000000008af00000|100%| E|CS|TAMS 0x000000008ae00000, 0x000000008ae00000| Complete 
| 175|0x000000008af00000, 0x000000008b000000, 0x000000008b000000|100%| E|CS|TAMS 0x000000008af00000, 0x000000008af00000| Complete 
| 176|0x000000008b000000, 0x000000008b100000, 0x000000008b100000|100%| E|CS|TAMS 0x000000008b000000, 0x000000008b000000| Complete 
| 177|0x000000008b100000, 0x000000008b200000, 0x000000008b200000|100%| E|CS|TAMS 0x000000008b100000, 0x000000008b100000| Complete 
| 178|0x000000008b200000, 0x000000008b300000, 0x000000008b300000|100%| E|CS|TAMS 0x000000008b200000, 0x000000008b200000| Complete 
| 179|0x000000008b300000, 0x000000008b400000, 0x000000008b400000|100%| E|CS|TAMS 0x000000008b300000, 0x000000008b300000| Complete 
| 180|0x000000008b400000, 0x000000008b500000, 0x000000008b500000|100%| E|CS|TAMS 0x000000008b400000, 0x000000008b400000| Complete 
| 181|0x000000008b500000, 0x000000008b600000, 0x000000008b600000|100%| E|CS|TAMS 0x000000008b500000, 0x000000008b500000| Complete 
| 182|0x000000008b600000, 0x000000008b700000, 0x000000008b700000|100%| E|CS|TAMS 0x000000008b600000, 0x000000008b600000| Complete 
| 183|0x000000008b700000, 0x000000008b800000, 0x000000008b800000|100%| E|CS|TAMS 0x000000008b700000, 0x000000008b700000| Complete 
| 184|0x000000008b800000, 0x000000008b900000, 0x000000008b900000|100%| E|CS|TAMS 0x000000008b800000, 0x000000008b800000| Complete 
| 185|0x000000008b900000, 0x000000008ba00000, 0x000000008ba00000|100%| E|CS|TAMS 0x000000008b900000, 0x000000008b900000| Complete 
| 186|0x000000008ba00000, 0x000000008bb00000, 0x000000008bb00000|100%| E|CS|TAMS 0x000000008ba00000, 0x000000008ba00000| Complete 
| 187|0x000000008bb00000, 0x000000008bc00000, 0x000000008bc00000|100%| E|CS|TAMS 0x000000008bb00000, 0x000000008bb00000| Complete 
| 188|0x000000008bc00000, 0x000000008bd00000, 0x000000008bd00000|100%| E|CS|TAMS 0x000000008bc00000, 0x000000008bc00000| Complete 
| 189|0x000000008bd00000, 0x000000008be00000, 0x000000008be00000|100%| E|CS|TAMS 0x000000008bd00000, 0x000000008bd00000| Complete 
| 190|0x000000008be00000, 0x000000008bf00000, 0x000000008bf00000|100%| E|CS|TAMS 0x000000008be00000, 0x000000008be00000| Complete 
| 191|0x000000008bf00000, 0x000000008c000000, 0x000000008c000000|100%| E|CS|TAMS 0x000000008bf00000, 0x000000008bf00000| Complete 
| 192|0x000000008c000000, 0x000000008c100000, 0x000000008c100000|100%| E|CS|TAMS 0x000000008c000000, 0x000000008c000000| Complete 
| 193|0x000000008c100000, 0x000000008c200000, 0x000000008c200000|100%| E|CS|TAMS 0x000000008c100000, 0x000000008c100000| Complete 
| 194|0x000000008c200000, 0x000000008c300000, 0x000000008c300000|100%| E|CS|TAMS 0x000000008c200000, 0x000000008c200000| Complete 
| 195|0x000000008c300000, 0x000000008c400000, 0x000000008c400000|100%| E|CS|TAMS 0x000000008c300000, 0x000000008c300000| Complete 
| 196|0x000000008c400000, 0x000000008c500000, 0x000000008c500000|100%| E|CS|TAMS 0x000000008c400000, 0x000000008c400000| Complete 
| 197|0x000000008c500000, 0x000000008c600000, 0x000000008c600000|100%| E|CS|TAMS 0x000000008c500000, 0x000000008c500000| Complete 
| 198|0x000000008c600000, 0x000000008c700000, 0x000000008c700000|100%| E|CS|TAMS 0x000000008c600000, 0x000000008c600000| Complete 
| 199|0x000000008c700000, 0x000000008c800000, 0x000000008c800000|100%| E|CS|TAMS 0x000000008c700000, 0x000000008c700000| Complete 
| 200|0x000000008c800000, 0x000000008c900000, 0x000000008c900000|100%| E|CS|TAMS 0x000000008c800000, 0x000000008c800000| Complete 
| 201|0x000000008c900000, 0x000000008ca00000, 0x000000008ca00000|100%| E|CS|TAMS 0x000000008c900000, 0x000000008c900000| Complete 
| 202|0x000000008ca00000, 0x000000008cb00000, 0x000000008cb00000|100%| E|CS|TAMS 0x000000008ca00000, 0x000000008ca00000| Complete 
| 203|0x000000008cb00000, 0x000000008cc00000, 0x000000008cc00000|100%| E|CS|TAMS 0x000000008cb00000, 0x000000008cb00000| Complete 
| 204|0x000000008cc00000, 0x000000008cd00000, 0x000000008cd00000|100%| E|CS|TAMS 0x000000008cc00000, 0x000000008cc00000| Complete 
| 205|0x000000008cd00000, 0x000000008ce00000, 0x000000008ce00000|100%| E|CS|TAMS 0x000000008cd00000, 0x000000008cd00000| Complete 
| 206|0x000000008ce00000, 0x000000008cf00000, 0x000000008cf00000|100%| E|CS|TAMS 0x000000008ce00000, 0x000000008ce00000| Complete 
| 207|0x000000008cf00000, 0x000000008d000000, 0x000000008d000000|100%| E|CS|TAMS 0x000000008cf00000, 0x000000008cf00000| Complete 
| 208|0x000000008d000000, 0x000000008d100000, 0x000000008d100000|100%| E|CS|TAMS 0x000000008d000000, 0x000000008d000000| Complete 
| 209|0x000000008d100000, 0x000000008d200000, 0x000000008d200000|100%| E|CS|TAMS 0x000000008d100000, 0x000000008d100000| Complete 
| 210|0x000000008d200000, 0x000000008d300000, 0x000000008d300000|100%| E|CS|TAMS 0x000000008d200000, 0x000000008d200000| Complete 
| 211|0x000000008d300000, 0x000000008d400000, 0x000000008d400000|100%| E|CS|TAMS 0x000000008d300000, 0x000000008d300000| Complete 
| 212|0x000000008d400000, 0x000000008d500000, 0x000000008d500000|100%| E|CS|TAMS 0x000000008d400000, 0x000000008d400000| Complete 
| 213|0x000000008d500000, 0x000000008d600000, 0x000000008d600000|100%| E|CS|TAMS 0x000000008d500000, 0x000000008d500000| Complete 
| 214|0x000000008d600000, 0x000000008d700000, 0x000000008d700000|100%| E|CS|TAMS 0x000000008d600000, 0x000000008d600000| Complete 
| 215|0x000000008d700000, 0x000000008d800000, 0x000000008d800000|100%| E|CS|TAMS 0x000000008d700000, 0x000000008d700000| Complete 
| 216|0x000000008d800000, 0x000000008d900000, 0x000000008d900000|100%| E|CS|TAMS 0x000000008d800000, 0x000000008d800000| Complete 
| 217|0x000000008d900000, 0x000000008da00000, 0x000000008da00000|100%| E|CS|TAMS 0x000000008d900000, 0x000000008d900000| Complete 
| 218|0x000000008da00000, 0x000000008db00000, 0x000000008db00000|100%| E|CS|TAMS 0x000000008da00000, 0x000000008da00000| Complete 
| 219|0x000000008db00000, 0x000000008dc00000, 0x000000008dc00000|100%| E|CS|TAMS 0x000000008db00000, 0x000000008db00000| Complete 
| 220|0x000000008dc00000, 0x000000008dc35da0, 0x000000008dd00000| 21%| S|CS|TAMS 0x000000008dc00000, 0x000000008dc00000| Complete 
| 221|0x000000008dd00000, 0x000000008de00000, 0x000000008de00000|100%| S|CS|TAMS 0x000000008dd00000, 0x000000008dd00000| Complete 
| 222|0x000000008de00000, 0x000000008df00000, 0x000000008df00000|100%| E|CS|TAMS 0x000000008de00000, 0x000000008de00000| Complete 
| 223|0x000000008df00000, 0x000000008e000000, 0x000000008e000000|100%| E|CS|TAMS 0x000000008df00000, 0x000000008df00000| Complete 
| 224|0x000000008e000000, 0x000000008e100000, 0x000000008e100000|100%| E|CS|TAMS 0x000000008e000000, 0x000000008e000000| Complete 
| 225|0x000000008e100000, 0x000000008e200000, 0x000000008e200000|100%| E|CS|TAMS 0x000000008e100000, 0x000000008e100000| Complete 
| 226|0x000000008e200000, 0x000000008e300000, 0x000000008e300000|100%| E|CS|TAMS 0x000000008e200000, 0x000000008e200000| Complete 
| 227|0x000000008e300000, 0x000000008e400000, 0x000000008e400000|100%| E|CS|TAMS 0x000000008e300000, 0x000000008e300000| Complete 
| 228|0x000000008e400000, 0x000000008e500000, 0x000000008e500000|100%| E|CS|TAMS 0x000000008e400000, 0x000000008e400000| Complete 
| 229|0x000000008e500000, 0x000000008e600000, 0x000000008e600000|100%| E|CS|TAMS 0x000000008e500000, 0x000000008e500000| Complete 
| 230|0x000000008e600000, 0x000000008e700000, 0x000000008e700000|100%| E|CS|TAMS 0x000000008e600000, 0x000000008e600000| Complete 
| 231|0x000000008e700000, 0x000000008e800000, 0x000000008e800000|100%| E|CS|TAMS 0x000000008e700000, 0x000000008e700000| Complete 
| 232|0x000000008e800000, 0x000000008e900000, 0x000000008e900000|100%| E|CS|TAMS 0x000000008e800000, 0x000000008e800000| Complete 
| 233|0x000000008e900000, 0x000000008ea00000, 0x000000008ea00000|100%| E|CS|TAMS 0x000000008e900000, 0x000000008e900000| Complete 
| 234|0x000000008ea00000, 0x000000008eb00000, 0x000000008eb00000|100%| E|CS|TAMS 0x000000008ea00000, 0x000000008ea00000| Complete 
| 235|0x000000008eb00000, 0x000000008ec00000, 0x000000008ec00000|100%| E|CS|TAMS 0x000000008eb00000, 0x000000008eb00000| Complete 
| 236|0x000000008ec00000, 0x000000008ed00000, 0x000000008ed00000|100%| E|CS|TAMS 0x000000008ec00000, 0x000000008ec00000| Complete 
| 237|0x000000008ed00000, 0x000000008ee00000, 0x000000008ee00000|100%| E|CS|TAMS 0x000000008ed00000, 0x000000008ed00000| Complete 
| 238|0x000000008ee00000, 0x000000008ef00000, 0x000000008ef00000|100%| E|CS|TAMS 0x000000008ee00000, 0x000000008ee00000| Complete 
| 239|0x000000008ef00000, 0x000000008f000000, 0x000000008f000000|100%| E|CS|TAMS 0x000000008ef00000, 0x000000008ef00000| Complete 
| 240|0x000000008f000000, 0x000000008f100000, 0x000000008f100000|100%| E|CS|TAMS 0x000000008f000000, 0x000000008f000000| Complete 
| 241|0x000000008f100000, 0x000000008f200000, 0x000000008f200000|100%| E|CS|TAMS 0x000000008f100000, 0x000000008f100000| Complete 
| 242|0x000000008f200000, 0x000000008f300000, 0x000000008f300000|100%| E|CS|TAMS 0x000000008f200000, 0x000000008f200000| Complete 
| 243|0x000000008f300000, 0x000000008f400000, 0x000000008f400000|100%| E|CS|TAMS 0x000000008f300000, 0x000000008f300000| Complete 
| 244|0x000000008f400000, 0x000000008f500000, 0x000000008f500000|100%| E|CS|TAMS 0x000000008f400000, 0x000000008f400000| Complete 
| 245|0x000000008f500000, 0x000000008f600000, 0x000000008f600000|100%| E|CS|TAMS 0x000000008f500000, 0x000000008f500000| Complete 
| 246|0x000000008f600000, 0x000000008f700000, 0x000000008f700000|100%| E|CS|TAMS 0x000000008f600000, 0x000000008f600000| Complete 
| 247|0x000000008f700000, 0x000000008f800000, 0x000000008f800000|100%| E|CS|TAMS 0x000000008f700000, 0x000000008f700000| Complete 
| 248|0x000000008f800000, 0x000000008f900000, 0x000000008f900000|100%| E|CS|TAMS 0x000000008f800000, 0x000000008f800000| Complete 
| 249|0x000000008f900000, 0x000000008fa00000, 0x000000008fa00000|100%| E|CS|TAMS 0x000000008f900000, 0x000000008f900000| Complete 
| 250|0x000000008fa00000, 0x000000008fb00000, 0x000000008fb00000|100%| E|CS|TAMS 0x000000008fa00000, 0x000000008fa00000| Complete 
| 251|0x000000008fb00000, 0x000000008fc00000, 0x000000008fc00000|100%| E|CS|TAMS 0x000000008fb00000, 0x000000008fb00000| Complete 

Card table byte_map: [0x0000022247fc0000,0x00000222483c0000] _byte_map_base: 0x0000022247bc0000

Marking Bits (Prev, Next): (CMBitMap*) 0x000002223086ce80, (CMBitMap*) 0x000002223086cec0
 Prev Bits: [0x00000222487c0000, 0x000002224a7c0000)
 Next Bits: [0x000002224a7c0000, 0x000002224c7c0000)

Polling page: 0x000002222e630000

Metaspace:

Usage:
  Non-class:     17.18 MB used.
      Class:      2.92 MB used.
       Both:     20.10 MB used.

Virtual space:
  Non-class space:       64.00 MB reserved,      17.31 MB ( 27%) committed,  1 nodes.
      Class space:      416.00 MB reserved,       3.06 MB ( <1%) committed,  1 nodes.
             Both:      480.00 MB reserved,      20.38 MB (  4%) committed. 

Chunk freelists:
   Non-Class:  13.86 MB
       Class:  12.95 MB
        Both:  26.81 MB

MaxMetaspaceSize: 512.00 MB
CompressedClassSpaceSize: 416.00 MB
Initial GC threshold: 21.00 MB
Current GC threshold: 21.00 MB
CDS: on
MetaspaceReclaimPolicy: balanced
 - commit_granule_bytes: 65536.
 - commit_granule_words: 8192.
 - virtual_space_node_default_size: 8388608.
 - enlarge_chunks_in_place: 1.
 - new_chunks_are_fully_committed: 0.
 - uncommit_free_chunks: 1.
 - use_allocation_guard: 0.
 - handle_deallocations: 1.


Internal statistics:

num_allocs_failed_limit: 0.
num_arena_births: 270.
num_arena_deaths: 0.
num_vsnodes_births: 2.
num_vsnodes_deaths: 0.
num_space_committed: 327.
num_space_uncommitted: 0.
num_chunks_returned_to_freelist: 0.
num_chunks_taken_from_freelist: 1002.
num_chunk_merges: 0.
num_chunk_splits: 654.
num_chunks_enlarged: 469.
num_inconsistent_stats: 0.

CodeHeap 'non-profiled nmethods': size=119168Kb used=1472Kb max_used=1472Kb free=117695Kb
 bounds [0x000002223fed0000, 0x0000022240140000, 0x0000022247330000]
CodeHeap 'profiled nmethods': size=119104Kb used=6186Kb max_used=6186Kb free=112918Kb
 bounds [0x0000022238330000, 0x0000022238940000, 0x000002223f780000]
CodeHeap 'non-nmethods': size=7488Kb used=2923Kb max_used=2989Kb free=4564Kb
 bounds [0x000002223f780000, 0x000002223fa80000, 0x000002223fed0000]
 total_blobs=3421 nmethods=2874 adapters=456
 compilation: enabled
              stopped_count=0, restarted_count=0
 full_count=0

Compilation events (20 events):
Event: 4.554 Thread 0x000002224f8e6ee0 2846       3       java.util.HashMap::computeIfAbsent (330 bytes)
Event: 4.554 Thread 0x000002227086b1a0 2847       3       jdk.internal.org.objectweb.asm.SymbolTable::addUninitializedType (103 bytes)
Event: 4.554 Thread 0x000002227086b1a0 nmethod 2847 0x000002223892b090 code [0x000002223892b2a0, 0x000002223892b858]
Event: 4.555 Thread 0x000002224f8e6ee0 nmethod 2846 0x000002223892bb10 code [0x000002223892be20, 0x000002223892d4c8]
Event: 4.587 Thread 0x0000022270f0bd20 nmethod 2821% 0x000002224003ae90 code [0x000002224003b0a0, 0x000002224003cd28]
Event: 4.587 Thread 0x0000022270f0bd20 2843       4       java.lang.StringLatin1::compareToCI (108 bytes)
Event: 4.596 Thread 0x0000022270f0bd20 nmethod 2843 0x000002224003dc10 code [0x000002224003ddc0, 0x000002224003e478]
Event: 4.600 Thread 0x000002224f8e6ee0 2850       3       java.util.stream.AbstractPipeline::sourceSpliterator (265 bytes)
Event: 4.600 Thread 0x000002224f974ab0 2851       3       java.util.stream.AbstractPipeline::wrapAndCopyInto (18 bytes)
Event: 4.600 Thread 0x000002224f82d760 2853       3       java.util.stream.AbstractPipeline::copyInto (54 bytes)
Event: 4.600 Thread 0x000002227086b1a0 2852       3       java.util.stream.AbstractPipeline::wrapSink (37 bytes)
Event: 4.601 Thread 0x000002224f974ab0 nmethod 2851 0x000002223892db10 code [0x000002223892dce0, 0x000002223892e0e8]
Event: 4.601 Thread 0x000002227086b1a0 nmethod 2852 0x000002223892e290 code [0x000002223892e460, 0x000002223892e878]
Event: 4.601 Thread 0x000002224f82d760 nmethod 2853 0x000002223892ea10 code [0x000002223892ec40, 0x000002223892f378]
Event: 4.602 Thread 0x000002224f8e6ee0 nmethod 2850 0x000002223892f590 code [0x000002223892f820, 0x0000022238930768]
Event: 4.607 Thread 0x000002224f8e6ee0 2854       3       jdk.internal.org.objectweb.asm.MethodVisitor::visitFieldInsn (20 bytes)
Event: 4.608 Thread 0x000002224f8e6ee0 nmethod 2854 0x0000022238930c90 code [0x0000022238930e40, 0x0000022238931048]
Event: 4.610 Thread 0x000002227086b1a0 2855       3       java.lang.Module::canRead (86 bytes)
Event: 4.612 Thread 0x000002227086b1a0 nmethod 2855 0x0000022238931110 code [0x00000222389314c0, 0x0000022238932fe8]
Event: 4.613 Thread 0x0000022270f0bd20 2856   !   4       jdk.internal.ref.PhantomCleanable::remove (60 bytes)

GC Heap History (4 events):
Event: 1.046 GC heap before
{Heap before GC invocations=0 (full 0):
 garbage-first heap   total 258048K, used 27648K [0x0000000080000000, 0x0000000100000000)
  region size 1024K, 23 young (23552K), 0 survivors (0K)
 Metaspace       used 1835K, committed 2048K, reserved 491520K
  class space    used 182K, committed 320K, reserved 425984K
}
Event: 1.055 GC heap after
{Heap after GC invocations=1 (full 0):
 garbage-first heap   total 258048K, used 10396K [0x0000000080000000, 0x0000000100000000)
  region size 1024K, 3 young (3072K), 3 survivors (3072K)
 Metaspace       used 1835K, committed 2048K, reserved 491520K
  class space    used 182K, committed 320K, reserved 425984K
}
Event: 1.867 GC heap before
{Heap before GC invocations=1 (full 0):
 garbage-first heap   total 258048K, used 38044K [0x0000000080000000, 0x0000000100000000)
  region size 1024K, 30 young (30720K), 3 survivors (3072K)
 Metaspace       used 4109K, committed 4288K, reserved 491520K
  class space    used 504K, committed 640K, reserved 425984K
}
Event: 1.872 GC heap after
{Heap after GC invocations=2 (full 0):
 garbage-first heap   total 258048K, used 11992K [0x0000000080000000, 0x0000000100000000)
  region size 1024K, 2 young (2048K), 2 survivors (2048K)
 Metaspace       used 4109K, committed 4288K, reserved 491520K
  class space    used 504K, committed 640K, reserved 425984K
}

Dll operation events (15 events):
Event: 0.020 Loaded shared library C:\Program Files\Microsoft\jdk-17.0.12.7-hotspot\bin\java.dll
Event: 0.057 Loaded shared library C:\Program Files\Microsoft\jdk-17.0.12.7-hotspot\bin\jsvml.dll
Event: 0.136 Loaded shared library C:\Program Files\Microsoft\jdk-17.0.12.7-hotspot\bin\zip.dll
Event: 0.142 Loaded shared library C:\Program Files\Microsoft\jdk-17.0.12.7-hotspot\bin\instrument.dll
Event: 0.148 Loaded shared library C:\Program Files\Microsoft\jdk-17.0.12.7-hotspot\bin\net.dll
Event: 0.151 Loaded shared library C:\Program Files\Microsoft\jdk-17.0.12.7-hotspot\bin\nio.dll
Event: 0.160 Loaded shared library C:\Program Files\Microsoft\jdk-17.0.12.7-hotspot\bin\zip.dll
Event: 0.626 Loaded shared library C:\Program Files\Microsoft\jdk-17.0.12.7-hotspot\bin\jimage.dll
Event: 0.815 Loaded shared library C:\Program Files\Microsoft\jdk-17.0.12.7-hotspot\bin\verify.dll
Event: 1.190 Loaded shared library C:\Users\tarun\.gradle\native\c067742578af261105cb4f569cf0c3c89f3d7b1fecec35dd04571415982c5e48\windows-amd64\native-platform.dll
Event: 1.200 Loaded shared library C:\Users\tarun\.gradle\native\100fb08df4bc3b14c8652ba06237920a3bd2aa13389f12d3474272988ae205f9\windows-amd64\native-platform-file-events.dll
Event: 2.491 Loaded shared library C:\Program Files\Microsoft\jdk-17.0.12.7-hotspot\bin\management.dll
Event: 2.495 Loaded shared library C:\Program Files\Microsoft\jdk-17.0.12.7-hotspot\bin\management_ext.dll
Event: 2.765 Loaded shared library C:\Program Files\Microsoft\jdk-17.0.12.7-hotspot\bin\extnet.dll
Event: 3.083 Loaded shared library C:\Program Files\Microsoft\jdk-17.0.12.7-hotspot\bin\sunmscapi.dll

Deoptimization events (20 events):
Event: 3.733 Thread 0x000002226f349a00 DEOPT PACKING pc=0x000002223ff656a8 sp=0x000000bfee1fb940
Event: 3.733 Thread 0x000002226f349a00 DEOPT UNPACKING pc=0x000002223f7d69a3 sp=0x000000bfee1fb910 mode 2
Event: 3.827 Thread 0x000002226f349a00 Uncommon trap: trap_request=0xffffff45 fr.pc=0x000002223ff0e8f8 relative=0x00000000000000d8
Event: 3.827 Thread 0x000002226f349a00 Uncommon trap: reason=unstable_if action=reinterpret pc=0x000002223ff0e8f8 method=java.util.HashMap.hash(Ljava/lang/Object;)I @ 1 c2
Event: 3.827 Thread 0x000002226f349a00 DEOPT PACKING pc=0x000002223ff0e8f8 sp=0x000000bfee1fc6b0
Event: 3.827 Thread 0x000002226f349a00 DEOPT UNPACKING pc=0x000002223f7d69a3 sp=0x000000bfee1fc5f0 mode 2
Event: 3.860 Thread 0x000002226f349a00 Uncommon trap: trap_request=0xffffff45 fr.pc=0x000002223ff8f04c relative=0x000000000000072c
Event: 3.860 Thread 0x000002226f349a00 Uncommon trap: reason=unstable_if action=reinterpret pc=0x000002223ff8f04c method=java.util.ArrayList.grow(I)[Ljava/lang/Object; @ 17 c2
Event: 3.860 Thread 0x000002226f349a00 DEOPT PACKING pc=0x000002223ff8f04c sp=0x000000bfee1fd2f0
Event: 3.860 Thread 0x000002226f349a00 DEOPT UNPACKING pc=0x000002223f7d69a3 sp=0x000000bfee1fd188 mode 2
Event: 3.990 Thread 0x000002226f349a00 DEOPT PACKING pc=0x00000222386d9c88 sp=0x000000bfee1fb450
Event: 3.990 Thread 0x000002226f349a00 DEOPT UNPACKING pc=0x000002223f7d7143 sp=0x000000bfee1fa958 mode 0
Event: 4.018 Thread 0x000002226f349a00 DEOPT PACKING pc=0x00000222387a09c9 sp=0x000000bfee1fc940
Event: 4.018 Thread 0x000002226f349a00 DEOPT UNPACKING pc=0x000002223f7d7143 sp=0x000000bfee1fbe50 mode 0
Event: 4.054 Thread 0x000002226f349a00 DEOPT PACKING pc=0x00000222387a09ea sp=0x000000bfee1fbac0
Event: 4.054 Thread 0x000002226f349a00 DEOPT UNPACKING pc=0x000002223f7d7143 sp=0x000000bfee1fafd0 mode 0
Event: 4.083 Thread 0x000002226f349a00 DEOPT PACKING pc=0x00000222387a09ea sp=0x000000bfee1fa2c0
Event: 4.083 Thread 0x000002226f349a00 DEOPT UNPACKING pc=0x000002223f7d7143 sp=0x000000bfee1f97d0 mode 0
Event: 4.103 Thread 0x000002226f349a00 DEOPT PACKING pc=0x00000222387a09c9 sp=0x000000bfee1fbb80
Event: 4.103 Thread 0x000002226f349a00 DEOPT UNPACKING pc=0x000002223f7d7143 sp=0x000000bfee1fb090 mode 0

Classes loaded (20 events):
Event: 3.960 Loading class java/io/UnsupportedEncodingException
Event: 3.960 Loading class java/io/UnsupportedEncodingException done
Event: 3.960 Loading class java/nio/charset/CharacterCodingException
Event: 3.960 Loading class java/nio/charset/CharacterCodingException done
Event: 4.029 Loading class java/util/function/LongFunction
Event: 4.029 Loading class java/util/function/LongFunction done
Event: 4.073 Loading class java/security/InvalidKeyException
Event: 4.073 Loading class java/security/KeyException
Event: 4.073 Loading class java/security/KeyException done
Event: 4.073 Loading class java/security/InvalidKeyException done
Event: 4.329 Loading class javax/xml/parsers/ParserConfigurationException
Event: 4.329 Loading class javax/xml/parsers/ParserConfigurationException done
Event: 4.329 Loading class org/xml/sax/SAXException
Event: 4.329 Loading class org/xml/sax/SAXException done
Event: 4.329 Loading class javax/xml/xpath/XPathExpressionException
Event: 4.329 Loading class javax/xml/xpath/XPathException
Event: 4.330 Loading class javax/xml/xpath/XPathException done
Event: 4.330 Loading class javax/xml/xpath/XPathExpressionException done
Event: 4.330 Loading class org/xml/sax/ErrorHandler
Event: 4.330 Loading class org/xml/sax/ErrorHandler done

Classes unloaded (0 events):
No events

Classes redefined (0 events):
No events

Internal exceptions (20 events):
Event: 3.798 Thread 0x000002226f349a00 Exception <a 'java/lang/NoSuchMethodError'{0x000000008a91f9b8}: 'int java.lang.invoke.DirectMethodHandle$Holder.invokeSpecialIFC(java.lang.Object, java.lang.Object, java.lang.Object, java.lang.Object)'> (0x000000008a91f9b8) 
thrown [s\src\hotspot\share\interpreter\linkResolver.cpp, line 759]
Event: 3.802 Thread 0x000002226f349a00 Exception <a 'java/lang/NoSuchMethodError'{0x000000008a92e7f8}: 'java.lang.Object java.lang.invoke.DirectMethodHandle$Holder.invokeInterface(java.lang.Object, java.lang.Object, java.lang.Object)'> (0x000000008a92e7f8) 
thrown [s\src\hotspot\share\interpreter\linkResolver.cpp, line 759]
Event: 3.803 Thread 0x000002226f349a00 Exception <a 'java/lang/IncompatibleClassChangeError'{0x000000008a932410}: Found class java.lang.Object, but interface was expected> (0x000000008a932410) 
thrown [s\src\hotspot\share\interpreter\linkResolver.cpp, line 826]
Event: 3.827 Thread 0x000002226f349a00 Implicit null exception at 0x000002223ff0e858 to 0x000002223ff0e8ee
Event: 3.838 Thread 0x000002226f349a00 Exception <a 'java/lang/NoSuchMethodError'{0x000000008a7205c8}: 'int java.lang.invoke.DirectMethodHandle$Holder.invokeStatic(java.lang.Object, java.lang.Object, java.lang.Object, java.lang.Object)'> (0x000000008a7205c8) 
thrown [s\src\hotspot\share\interpreter\linkResolver.cpp, line 759]
Event: 3.839 Thread 0x000002226f349a00 Exception <a 'java/lang/NoSuchMethodError'{0x000000008a7241f0}: 'java.lang.Object java.lang.invoke.Invokers$Holder.invokeExact_MT(java.lang.Object, java.lang.Object, java.lang.Object, java.lang.Object, java.lang.Object, java.lang.Object)'> (0x000000008a7241f0) 
thrown [s\src\hotspot\share\interpreter\linkResolver.cpp, line 759]
Event: 3.892 Thread 0x000002226f349a00 Exception <a 'java/lang/IncompatibleClassChangeError'{0x000000008a415228}: Found class java.lang.Object, but interface was expected> (0x000000008a415228) 
thrown [s\src\hotspot\share\interpreter\linkResolver.cpp, line 826]
Event: 3.958 Thread 0x000002226f34a420 Exception <a 'java/lang/NoSuchMethodError'{0x000000008a112ae8}: static Lorg/gradle/internal/build/event/types/DefaultOperationStartedProgressEvent;.<clinit>()V> (0x000000008a112ae8) 
thrown [s\src\hotspot\share\prims\jni.cpp, line 1112]
Event: 3.958 Thread 0x000002226f34a420 Exception <a 'java/lang/NoSuchMethodError'{0x000000008a114070}: static Lorg/gradle/internal/build/event/types/AbstractProgressEvent;.<clinit>()V> (0x000000008a114070) 
thrown [s\src\hotspot\share\prims\jni.cpp, line 1112]
Event: 3.959 Thread 0x000002226f34a420 Exception <a 'java/lang/NoSuchMethodError'{0x000000008a11cd28}: static Lorg/gradle/internal/build/event/types/DefaultOperationDescriptor;.<clinit>()V> (0x000000008a11cd28) 
thrown [s\src\hotspot\share\prims\jni.cpp, line 1112]
Event: 3.962 Thread 0x000002226f34a420 Exception <a 'java/lang/NoSuchMethodError'{0x000000008a132550}: static Lorg/gradle/internal/operations/OperationIdentifier;.<clinit>()V> (0x000000008a132550) 
thrown [s\src\hotspot\share\prims\jni.cpp, line 1112]
Event: 4.341 Thread 0x000002226f349a00 Exception <a 'java/lang/NoSuchMethodError'{0x0000000088d41e20}: 'java.lang.Object java.lang.invoke.DirectMethodHandle$Holder.invokeVirtual(java.lang.Object, java.lang.Object, java.lang.Object, java.lang.Object)'> (0x0000000088d41e20) 
thrown [s\src\hotspot\share\interpreter\linkResolver.cpp, line 759]
Event: 4.371 Thread 0x000002226f349a00 Exception <a 'java/lang/NoSuchMethodError'{0x0000000088ca1ac0}: 'java.lang.Object java.lang.invoke.DirectMethodHandle$Holder.newInvokeSpecial(java.lang.Object, java.lang.Object, java.lang.Object, java.lang.Object, java.lang.Object, java.lang.Object, java.lang.Object)'> (0x0000000088ca1ac0) 
thrown [s\src\hotspot\share\interpreter\linkResolver.cpp, line 759]
Event: 4.372 Thread 0x000002226f349a00 Exception <a 'java/lang/NoSuchMethodError'{0x0000000088ca6790}: 'java.lang.Object java.lang.invoke.Invokers$Holder.linkToTargetMethod(java.lang.Object, java.lang.Object, java.lang.Object, java.lang.Object, java.lang.Object, java.lang.Object, java.lang.Object)'> (0x0000000088ca6790) 
thrown [s\src\hotspot\share\interpreter\linkResolver.cpp, line 759]
Event: 4.415 Thread 0x000002226f349a00 Exception <a 'java/lang/NoSuchMethodError'{0x0000000088a07758}: 'java.lang.Object java.lang.invoke.DirectMethodHandle$Holder.invokeVirtual(java.lang.Object, java.lang.Object, java.lang.Object, java.lang.Object, java.lang.Object, java.lang.Object, java.lang.Object, java.lang.Object, java.lang.Object, java.lang.Object, java.lang.Object, java.lang.Object, java.lang.Object, java.lang.Object, java.lang.Object, java.lang.Object, java.lang.Object, java.lang.Object, java.lang.Object, java.lang.Object, java.lang.Ob
Event: 4.574 Thread 0x000002226f349a00 Exception <a 'java/lang/NoSuchMethodError'{0x000000008827fd98}: 'java.lang.Object java.lang.invoke.DirectMethodHandle$Holder.invokeStaticInit(java.lang.Object, java.lang.Object, java.lang.Object, java.lang.Object)'> (0x000000008827fd98) 
thrown [s\src\hotspot\share\interpreter\linkResolver.cpp, line 759]
Event: 4.598 Thread 0x000002226f349a00 Exception <a 'java/lang/NoSuchMethodError'{0x0000000088173790}: 'java.lang.Object java.lang.invoke.DirectMethodHandle$Holder.newInvokeSpecial(java.lang.Object, java.lang.Object, java.lang.Object, java.lang.Object, java.lang.Object, java.lang.Object, java.lang.Object, java.lang.Object)'> (0x0000000088173790) 
thrown [s\src\hotspot\share\interpreter\linkResolver.cpp, line 759]
Event: 4.599 Thread 0x000002226f349a00 Exception <a 'java/lang/NoSuchMethodError'{0x0000000088179198}: 'java.lang.Object java.lang.invoke.DirectMethodHandle$Holder.invokeSpecial(java.lang.Object, java.lang.Object, java.lang.Object, java.lang.Object, java.lang.Object, java.lang.Object, java.lang.Object, java.lang.Object, java.lang.Object)'> (0x0000000088179198) 
thrown [s\src\hotspot\share\interpreter\linkResolver.cpp, line 759]
Event: 4.599 Thread 0x000002226f349a00 Exception <a 'java/lang/NoSuchMethodError'{0x000000008817e548}: 'java.lang.Object java.lang.invoke.Invokers$Holder.linkToTargetMethod(java.lang.Object, java.lang.Object, java.lang.Object, java.lang.Object, java.lang.Object, java.lang.Object, java.lang.Object, java.lang.Object)'> (0x000000008817e548) 
thrown [s\src\hotspot\share\interpreter\linkResolver.cpp, line 759]
Event: 4.610 Thread 0x000002226f349a00 Exception <a 'java/lang/NoSuchMethodError'{0x00000000881c9ca8}: 'void java.lang.invoke.DirectMethodHandle$Holder.invokeStatic(java.lang.Object, java.lang.Object, java.lang.Object, java.lang.Object)'> (0x00000000881c9ca8) 
thrown [s\src\hotspot\share\interpreter\linkResolver.cpp, line 759]

VM Operations (20 events):
Event: 2.557 Executing VM operation: HandshakeAllThreads
Event: 2.557 Executing VM operation: HandshakeAllThreads done
Event: 2.626 Executing VM operation: HandshakeAllThreads
Event: 2.626 Executing VM operation: HandshakeAllThreads done
Event: 2.720 Executing VM operation: HandshakeAllThreads
Event: 2.720 Executing VM operation: HandshakeAllThreads done
Event: 2.953 Executing VM operation: HandshakeAllThreads
Event: 2.953 Executing VM operation: HandshakeAllThreads done
Event: 2.953 Executing VM operation: Cleanup
Event: 2.954 Executing VM operation: Cleanup done
Event: 3.107 Executing VM operation: HandshakeAllThreads
Event: 3.107 Executing VM operation: HandshakeAllThreads done
Event: 3.475 Executing VM operation: HandshakeAllThreads
Event: 3.475 Executing VM operation: HandshakeAllThreads done
Event: 3.755 Executing VM operation: ICBufferFull
Event: 3.756 Executing VM operation: ICBufferFull done
Event: 3.877 Executing VM operation: HandshakeAllThreads
Event: 3.877 Executing VM operation: HandshakeAllThreads done
Event: 3.877 Executing VM operation: HandshakeAllThreads
Event: 3.878 Executing VM operation: HandshakeAllThreads done

Events (20 events):
Event: 1.291 Thread 0x000002227086b1a0 Thread added: 0x000002227086b1a0
Event: 1.592 Thread 0x000002224fb3c300 Thread exited: 0x000002224fb3c300
Event: 1.598 Thread 0x000002226f02acd0 Thread exited: 0x000002226f02acd0
Event: 1.823 Thread 0x000002224fabdab0 Thread exited: 0x000002224fabdab0
Event: 1.829 Thread 0x000002224f90ac60 Thread exited: 0x000002224f90ac60
Event: 2.146 Thread 0x0000022270f0bd20 Thread added: 0x0000022270f0bd20
Event: 2.536 Thread 0x000002226f348ad0 Thread added: 0x000002226f348ad0
Event: 2.923 Thread 0x000002226f34b860 Thread added: 0x000002226f34b860
Event: 2.991 Thread 0x000002226f3485c0 Thread added: 0x000002226f3485c0
Event: 3.144 Thread 0x000002226f3480b0 Thread added: 0x000002226f3480b0
Event: 3.147 Thread 0x000002226f34ae40 Thread added: 0x000002226f34ae40
Event: 3.213 Thread 0x000002226f3494f0 Thread added: 0x000002226f3494f0
Event: 3.219 Thread 0x000002226f349a00 Thread added: 0x000002226f349a00
Event: 3.233 Thread 0x000002226f34a930 Thread added: 0x000002226f34a930
Event: 3.239 Thread 0x000002226f348fe0 Thread added: 0x000002226f348fe0
Event: 3.241 Thread 0x000002226f34a420 Thread added: 0x000002226f34a420
Event: 3.653 Thread 0x0000022271401350 Thread added: 0x0000022271401350
Event: 3.663 Thread 0x0000022271401860 Thread added: 0x0000022271401860
Event: 3.698 Thread 0x0000022271405f40 Thread added: 0x0000022271405f40
Event: 4.544 Thread 0x0000022271406e70 Thread added: 0x0000022271406e70


Dynamic libraries:
0x00007ff60d4b0000 - 0x00007ff60d4be000 	C:\Program Files\Microsoft\jdk-17.0.12.7-hotspot\bin\java.exe
0x00007ffc57770000 - 0x00007ffc57987000 	C:\WINDOWS\SYSTEM32\ntdll.dll
0x00007ffc56c50000 - 0x00007ffc56d14000 	C:\WINDOWS\System32\KERNEL32.DLL
0x00007ffc54fd0000 - 0x00007ffc5537d000 	C:\WINDOWS\System32\KERNELBASE.dll
0x00007ffc55380000 - 0x00007ffc55491000 	C:\WINDOWS\System32\ucrtbase.dll
0x00007ffc3cfc0000 - 0x00007ffc3cfdd000 	C:\Program Files\Microsoft\jdk-17.0.12.7-hotspot\bin\VCRUNTIME140.dll
0x00007ffc3cfe0000 - 0x00007ffc3cff7000 	C:\Program Files\Microsoft\jdk-17.0.12.7-hotspot\bin\jli.dll
0x00007ffc57520000 - 0x00007ffc576ce000 	C:\WINDOWS\System32\USER32.dll
0x00007ffc3b250000 - 0x00007ffc3b4e3000 	C:\WINDOWS\WinSxS\amd64_microsoft.windows.common-controls_6595b64144ccf1df_6.0.22621.3672_none_2713b9d173822955\COMCTL32.dll
0x00007ffc54b00000 - 0x00007ffc54b26000 	C:\WINDOWS\System32\win32u.dll
0x00007ffc55fe0000 - 0x00007ffc56009000 	C:\WINDOWS\System32\GDI32.dll
0x00007ffc56e20000 - 0x00007ffc56ec7000 	C:\WINDOWS\System32\msvcrt.dll
0x00007ffc54d40000 - 0x00007ffc54e59000 	C:\WINDOWS\System32\gdi32full.dll
0x00007ffc54c20000 - 0x00007ffc54cba000 	C:\WINDOWS\System32\msvcp_win.dll
0x00007ffc555d0000 - 0x00007ffc55601000 	C:\WINDOWS\System32\IMM32.DLL
0x00007ffc4cb80000 - 0x00007ffc4cb8c000 	C:\Program Files\Microsoft\jdk-17.0.12.7-hotspot\bin\vcruntime140_1.dll
0x00007ffc3cd60000 - 0x00007ffc3cded000 	C:\Program Files\Microsoft\jdk-17.0.12.7-hotspot\bin\msvcp140.dll
0x00007ffb71070000 - 0x00007ffb71ce0000 	C:\Program Files\Microsoft\jdk-17.0.12.7-hotspot\bin\server\jvm.dll
0x00007ffc56ab0000 - 0x00007ffc56b62000 	C:\WINDOWS\System32\ADVAPI32.dll
0x00007ffc56120000 - 0x00007ffc561c9000 	C:\WINDOWS\System32\sechost.dll
0x00007ffc54b30000 - 0x00007ffc54b58000 	C:\WINDOWS\System32\bcrypt.dll
0x00007ffc554a0000 - 0x00007ffc555b4000 	C:\WINDOWS\System32\RPCRT4.dll
0x00007ffc561d0000 - 0x00007ffc56241000 	C:\WINDOWS\System32\WS2_32.dll
0x00007ffc53940000 - 0x00007ffc5398d000 	C:\WINDOWS\SYSTEM32\POWRPROF.dll
0x00007ffc47370000 - 0x00007ffc4737a000 	C:\WINDOWS\SYSTEM32\VERSION.dll
0x00007ffc4ccb0000 - 0x00007ffc4cce4000 	C:\WINDOWS\SYSTEM32\WINMM.dll
0x00007ffc53920000 - 0x00007ffc53933000 	C:\WINDOWS\SYSTEM32\UMPDC.dll
0x00007ffc53bd0000 - 0x00007ffc53be8000 	C:\WINDOWS\SYSTEM32\kernel.appcore.dll
0x00007ffc4a000000 - 0x00007ffc4a00a000 	C:\Program Files\Microsoft\jdk-17.0.12.7-hotspot\bin\jimage.dll
0x00007ffc522b0000 - 0x00007ffc524e2000 	C:\WINDOWS\SYSTEM32\DBGHELP.DLL
0x00007ffc57190000 - 0x00007ffc5751e000 	C:\WINDOWS\System32\combase.dll
0x00007ffc56b70000 - 0x00007ffc56c47000 	C:\WINDOWS\System32\OLEAUT32.dll
0x00007ffc46e50000 - 0x00007ffc46e82000 	C:\WINDOWS\SYSTEM32\dbgcore.DLL
0x00007ffc54cc0000 - 0x00007ffc54d3b000 	C:\WINDOWS\System32\bcryptPrimitives.dll
0x00007ffc3cf60000 - 0x00007ffc3cf6e000 	C:\Program Files\Microsoft\jdk-17.0.12.7-hotspot\bin\instrument.dll
0x00007ffc3cd30000 - 0x00007ffc3cd55000 	C:\Program Files\Microsoft\jdk-17.0.12.7-hotspot\bin\java.dll
0x00007ffc3cc50000 - 0x00007ffc3cd27000 	C:\Program Files\Microsoft\jdk-17.0.12.7-hotspot\bin\jsvml.dll
0x00007ffc55770000 - 0x00007ffc55fd7000 	C:\WINDOWS\System32\SHELL32.dll
0x00007ffc529d0000 - 0x00007ffc532cf000 	C:\WINDOWS\SYSTEM32\windows.storage.dll
0x00007ffc52890000 - 0x00007ffc529cf000 	C:\WINDOWS\SYSTEM32\wintypes.dll
0x00007ffc56250000 - 0x00007ffc56349000 	C:\WINDOWS\System32\SHCORE.dll
0x00007ffc563e0000 - 0x00007ffc5643e000 	C:\WINDOWS\System32\shlwapi.dll
0x00007ffc549c0000 - 0x00007ffc549e7000 	C:\WINDOWS\SYSTEM32\profapi.dll
0x00007ffc3cc30000 - 0x00007ffc3cc48000 	C:\Program Files\Microsoft\jdk-17.0.12.7-hotspot\bin\zip.dll
0x00007ffc3cc10000 - 0x00007ffc3cc2a000 	C:\Program Files\Microsoft\jdk-17.0.12.7-hotspot\bin\net.dll
0x00007ffc4feb0000 - 0x00007ffc4ffe6000 	C:\WINDOWS\SYSTEM32\WINHTTP.dll
0x00007ffc54040000 - 0x00007ffc540a9000 	C:\WINDOWS\system32\mswsock.dll
0x00007ffc3cbf0000 - 0x00007ffc3cc06000 	C:\Program Files\Microsoft\jdk-17.0.12.7-hotspot\bin\nio.dll
0x00007ffc3cbe0000 - 0x00007ffc3cbf0000 	C:\Program Files\Microsoft\jdk-17.0.12.7-hotspot\bin\verify.dll
0x00007ffc3d1c0000 - 0x00007ffc3d1e7000 	C:\Users\tarun\.gradle\native\c067742578af261105cb4f569cf0c3c89f3d7b1fecec35dd04571415982c5e48\windows-amd64\native-platform.dll
0x00007ffc3ca90000 - 0x00007ffc3cbd4000 	C:\Users\tarun\.gradle\native\100fb08df4bc3b14c8652ba06237920a3bd2aa13389f12d3474272988ae205f9\windows-amd64\native-platform-file-events.dll
0x00007ffc4eed0000 - 0x00007ffc4eeda000 	C:\Program Files\Microsoft\jdk-17.0.12.7-hotspot\bin\management.dll
0x00007ffc4cb70000 - 0x00007ffc4cb7b000 	C:\Program Files\Microsoft\jdk-17.0.12.7-hotspot\bin\management_ext.dll
0x00007ffc555c0000 - 0x00007ffc555c8000 	C:\WINDOWS\System32\PSAPI.DLL
0x00007ffc54290000 - 0x00007ffc542ab000 	C:\WINDOWS\SYSTEM32\CRYPTSP.dll
0x00007ffc53b30000 - 0x00007ffc53b65000 	C:\WINDOWS\system32\rsaenh.dll
0x00007ffc54130000 - 0x00007ffc54158000 	C:\WINDOWS\SYSTEM32\USERENV.dll
0x00007ffc542b0000 - 0x00007ffc542bc000 	C:\WINDOWS\SYSTEM32\CRYPTBASE.dll
0x00007ffc535f0000 - 0x00007ffc5361d000 	C:\WINDOWS\SYSTEM32\IPHLPAPI.DLL
0x00007ffc56aa0000 - 0x00007ffc56aa9000 	C:\WINDOWS\System32\NSI.dll
0x00007ffc4fe90000 - 0x00007ffc4fea9000 	C:\WINDOWS\SYSTEM32\dhcpcsvc6.DLL
0x00007ffc4fdc0000 - 0x00007ffc4fddf000 	C:\WINDOWS\SYSTEM32\dhcpcsvc.DLL
0x00007ffc53620000 - 0x00007ffc53718000 	C:\WINDOWS\SYSTEM32\DNSAPI.dll
0x00007ffc4cb60000 - 0x00007ffc4cb69000 	C:\Program Files\Microsoft\jdk-17.0.12.7-hotspot\bin\extnet.dll
0x00007ffc3ca80000 - 0x00007ffc3ca8e000 	C:\Program Files\Microsoft\jdk-17.0.12.7-hotspot\bin\sunmscapi.dll
0x00007ffc54e60000 - 0x00007ffc54fc6000 	C:\WINDOWS\System32\CRYPT32.dll
0x00007ffc54430000 - 0x00007ffc5445e000 	C:\WINDOWS\SYSTEM32\ncrypt.dll
0x00007ffc543f0000 - 0x00007ffc54427000 	C:\WINDOWS\SYSTEM32\NTASN1.dll
0x00007ffc144f0000 - 0x00007ffc144f8000 	C:\WINDOWS\system32\wshunix.dll

dbghelp: loaded successfully - version: 4.0.5 - missing functions: none
symbol engine: initialized successfully - sym options: 0x614 - pdb path: .;C:\Program Files\Microsoft\jdk-17.0.12.7-hotspot\bin;C:\WINDOWS\SYSTEM32;C:\WINDOWS\WinSxS\amd64_microsoft.windows.common-controls_6595b64144ccf1df_6.0.22621.3672_none_2713b9d173822955;C:\Program Files\Microsoft\jdk-17.0.12.7-hotspot\bin\server;C:\Users\tarun\.gradle\native\c067742578af261105cb4f569cf0c3c89f3d7b1fecec35dd04571415982c5e48\windows-amd64;C:\Users\tarun\.gradle\native\100fb08df4bc3b14c8652ba06237920a3bd2aa13389f12d3474272988ae205f9\windows-amd64

VM Arguments:
jvm_args: -XX:MaxMetaspaceSize=512m --add-opens=java.base/java.util=ALL-UNNAMED --add-opens=java.base/java.lang=ALL-UNNAMED --add-opens=java.base/java.lang.invoke=ALL-UNNAMED --add-opens=java.prefs/java.util.prefs=ALL-UNNAMED --add-opens=java.base/java.nio.charset=ALL-UNNAMED --add-opens=java.base/java.net=ALL-UNNAMED --add-opens=java.base/java.util.concurrent.atomic=ALL-UNNAMED -Xmx2048m -Dfile.encoding=utf8 -Duser.country=US -Duser.language=en -Duser.variant -javaagent:C:\Users\tarun\.gradle\wrapper\dists\gradle-8.8-all\6gdy1pgp427xkqcjbxw3ylt6h\gradle-8.8\lib\agents\gradle-instrumentation-agent-8.8.jar 
java_command: org.gradle.launcher.daemon.bootstrap.GradleDaemon 8.8
java_class_path (initial): C:\Users\tarun\.gradle\wrapper\dists\gradle-8.8-all\6gdy1pgp427xkqcjbxw3ylt6h\gradle-8.8\lib\gradle-launcher-8.8.jar
Launcher Type: SUN_STANDARD

[Global flags]
     intx CICompilerCount                          = 12                                        {product} {ergonomic}
   size_t CompressedClassSpaceSize                 = 436207616                                 {product} {ergonomic}
     uint ConcGCThreads                            = 3                                         {product} {ergonomic}
     uint G1ConcRefinementThreads                  = 13                                        {product} {ergonomic}
   size_t G1HeapRegionSize                         = 1048576                                   {product} {ergonomic}
    uintx GCDrainStackTargetSize                   = 64                                        {product} {ergonomic}
   size_t InitialHeapSize                          = 264241152                                 {product} {ergonomic}
   size_t MarkStackSize                            = 4194304                                   {product} {ergonomic}
   size_t MaxHeapSize                              = 2147483648                                {product} {command line}
   size_t MaxMetaspaceSize                         = 536870912                                 {product} {command line}
   size_t MaxNewSize                               = 1287651328                                {product} {ergonomic}
   size_t MinHeapDeltaBytes                        = 1048576                                   {product} {ergonomic}
   size_t MinHeapSize                              = 8388608                                   {product} {ergonomic}
    uintx NonNMethodCodeHeapSize                   = 7602480                                {pd product} {ergonomic}
    uintx NonProfiledCodeHeapSize                  = 122027880                              {pd product} {ergonomic}
    uintx ProfiledCodeHeapSize                     = 122027880                              {pd product} {ergonomic}
    uintx ReservedCodeCacheSize                    = 251658240                              {pd product} {ergonomic}
     bool SegmentedCodeCache                       = true                                      {product} {ergonomic}
   size_t SoftMaxHeapSize                          = 2147483648                             {manageable} {ergonomic}
     bool UseCompressedClassPointers               = true                           {product lp64_product} {ergonomic}
     bool UseCompressedOops                        = true                           {product lp64_product} {ergonomic}
     bool UseG1GC                                  = true                                      {product} {ergonomic}
     bool UseLargePagesIndividualAllocation        = false                                  {pd product} {ergonomic}

Logging:
Log output configuration:
 #0: stdout all=warning uptime,level,tags
 #1: stderr all=off uptime,level,tags

Environment Variables:
JAVA_HOME=C:\Program Files\Microsoft\jdk-17.0.12.7-hotspot\
PATH=C:\Program Files\Microsoft\jdk-17.0.12.7-hotspot\bin;C:\Program Files\Common Files\Oracle\Java\javapath;C:\WINDOWS\system32;C:\WINDOWS;C:\WINDOWS\System32\Wbem;C:\WINDOWS\System32\WindowsPowerShell\v1.0\;C:\WINDOWS\System32\OpenSSH\;C:\Program Files\NVIDIA Corporation\NVIDIA NvDLISR;C:\Program Files (x86)\NVIDIA Corporation\PhysX\Common;C:\ProgramData\chocolatey\bin;C:\Program Files\nodejs\;C:\Program Files\Git\cmd;C:\Program Files\dotnet\;C:\Users\tarun\.console-ninja\.bin;C:\Users\tarun\AppData\Local\Microsoft\WindowsApps;C:\Users\tarun\AppData\Local\Programs\Microsoft VS Code\bin;C:\Users\tarun\AppData\Roaming\npm;C:\Users\tarun\AppData\Local\Android\Sdk;C:\Users\tarun\AppData\Local\Android\Sdk\platform-tools;C:\php-8.3.11;C:\Users\tarun\.dotnet\tools
USERNAME=tarun
OS=Windows_NT
PROCESSOR_IDENTIFIER=Intel64 Family 6 Model 154 Stepping 3, GenuineIntel
TMP=C:\Users\tarun\AppData\Local\Temp
TEMP=C:\Users\tarun\AppData\Local\Temp



Periodic native trim disabled


---------------  S Y S T E M  ---------------

OS:
 Windows 11 , 64 bit Build 22621 (10.0.22621.3958)
OS uptime: 1 days 1:04 hours
Hyper-V role detected

CPU: total 16 (initial active 16) (8 cores per cpu, 2 threads per core) family 6 model 154 stepping 3 microcode 0x42a, cx8, cmov, fxsr, ht, mmx, 3dnowpref, sse, sse2, sse3, ssse3, sse4.1, sse4.2, popcnt, lzcnt, tsc, tscinvbit, avx, avx2, aes, erms, clmul, bmi1, bmi2, adx, sha, fma, vzeroupper, clflush, clflushopt, clwb, hv
Processor Information for processor 0
  Max Mhz: 1700, Current Mhz: 1700, Mhz Limit: 1700
Processor Information for processor 1
  Max Mhz: 1700, Current Mhz: 1700, Mhz Limit: 1700
Processor Information for processor 2
  Max Mhz: 1700, Current Mhz: 1700, Mhz Limit: 1700
Processor Information for processor 3
  Max Mhz: 1700, Current Mhz: 1700, Mhz Limit: 1700
Processor Information for processor 4
  Max Mhz: 1700, Current Mhz: 1700, Mhz Limit: 1700
Processor Information for processor 5
  Max Mhz: 1700, Current Mhz: 1457, Mhz Limit: 1700
Processor Information for processor 6
  Max Mhz: 1700, Current Mhz: 1700, Mhz Limit: 1700
Processor Information for processor 7
  Max Mhz: 1700, Current Mhz: 1700, Mhz Limit: 1700
Processor Information for processor 8
  Max Mhz: 1700, Current Mhz: 1200, Mhz Limit: 1190
Processor Information for processor 9
  Max Mhz: 1700, Current Mhz: 1200, Mhz Limit: 1190
Processor Information for processor 10
  Max Mhz: 1700, Current Mhz: 1200, Mhz Limit: 1190
Processor Information for processor 11
  Max Mhz: 1700, Current Mhz: 1200, Mhz Limit: 1190
Processor Information for processor 12
  Max Mhz: 1700, Current Mhz: 1200, Mhz Limit: 1190
Processor Information for processor 13
  Max Mhz: 1700, Current Mhz: 1200, Mhz Limit: 1190
Processor Information for processor 14
  Max Mhz: 1700, Current Mhz: 1200, Mhz Limit: 1190
Processor Information for processor 15
  Max Mhz: 1700, Current Mhz: 1200, Mhz Limit: 1190

Memory: 4k page, system-wide physical 16088M (2746M free)
TotalPageFile size 16088M (AvailPageFile size 5M)
current process WorkingSet (physical memory assigned to process): 258M, peak: 258M
current process commit charge ("private bytes"): 438M, peak: 441M

vm_info: OpenJDK 64-Bit Server VM (17.0.12+7-LTS) for windows-amd64 JRE (17.0.12+7-LTS), built on Jul 16 2024 18:11:44 by "MicrosoftCorporation" with unknown MS VC++:1939

END.
