#
# There is insufficient memory for the Java Runtime Environment to continue.
# Native memory allocation (malloc) failed to allocate 2027536 bytes. Error detail: Chunk::new
# Possible reasons:
#   The system is out of physical RAM or swap space
#   This process is running with CompressedOops enabled, and the Java Heap may be blocking the growth of the native heap
# Possible solutions:
#   Reduce memory load on the system
#   Increase physical memory or swap space
#   Check if swap backing store is full
#   Decrease Java heap size (-Xmx/-Xms)
#   Decrease number of Java threads
#   Decrease Java thread stack sizes (-Xss)
#   Set larger code cache with -XX:ReservedCodeCacheSize=
#   JVM is running with Unscaled Compressed Oops mode in which the Java heap is
#     placed in the first 4GB address space. The Java Heap base address is the
#     maximum limit for the native heap growth. Please use -XX:HeapBaseMinAddress
#     to set the Java Heap base and to place the Java Heap above 4GB virtual address.
# This output file may be truncated or incomplete.
#
#  Out of Memory Error (arena.cpp:191), pid=6948, tid=22948
#
# JRE version: OpenJDK Runtime Environment Temurin-17.0.12+7 (17.0.12+7) (build 17.0.12+7)
# Java VM: OpenJDK 64-Bit Server VM Temurin-17.0.12+7 (17.0.12+7, mixed mode, tiered, compressed oops, compressed class ptrs, parallel gc, windows-amd64)
# No core dump will be written. Minidumps are not enabled by default on client versions of Windows
#

---------------  S U M M A R Y ------------

Command Line: --add-modules=ALL-SYSTEM --add-opens=java.base/java.util=ALL-UNNAMED --add-opens=java.base/java.lang=ALL-UNNAMED --add-opens=java.base/sun.nio.fs=ALL-UNNAMED -Declipse.application=org.eclipse.jdt.ls.core.id1 -Dosgi.bundles.defaultStartLevel=4 -Declipse.product=org.eclipse.jdt.ls.core.product -Djava.import.generatesMetadataFilesAtProjectRoot=false -DDetectVMInstallationsJob.disabled=true -Dfile.encoding=utf8 -XX:+UseParallelGC -XX:GCTimeRatio=4 -XX:AdaptiveSizePolicyWeight=90 -Dsun.zip.disableMemoryMapping=true -Xmx1G -Xms100m -Xlog:disable -javaagent:c:\Users\tarun\.vscode\extensions\redhat.java-1.35.0-win32-x64\lombok\lombok-1.18.33.jar c:\Users\tarun\.vscode\extensions\redhat.java-1.35.0-win32-x64\server\plugins\org.eclipse.equinox.launcher_1.6.900.v20240613-2009.jar -configuration c:\Users\tarun\AppData\Roaming\Code\User\globalStorage\redhat.java\1.35.0\config_ss_win -data c:\Users\tarun\AppData\Roaming\Code\User\workspaceStorage\3e039541554babdccf2a8c9dffd2df79\redhat.java\ss_ws --pipe=\\.\pipe\lsp-7480837c0ce8d46816deb1e5e6b9f6bf-sock

Host: 12th Gen Intel(R) Core(TM) i5-1240P, 16 cores, 15G,  Windows 11 , 64 bit Build 22621 (10.0.22621.3958)
Time: Sat Sep 28 12:32:38 2024 India Standard Time elapsed time: 17.473761 seconds (0d 0h 0m 17s)

---------------  T H R E A D  ---------------

Current thread (0x000001f2d43caa50):  JavaThread "C2 CompilerThread2" daemon [_thread_in_native, id=22948, stack(0x00000022c6e00000,0x00000022c6f00000)]


Current CompileTask:
C2:  17473 4473 %     4       org.lombokweb.asm.ClassReader::readCode @ 2186 (5117 bytes)

Stack: [0x00000022c6e00000,0x00000022c6f00000]
Native frames: (J=compiled Java code, j=interpreted, Vv=VM code, C=native code)
V  [jvm.dll+0x67f929]
V  [jvm.dll+0x8371ba]
V  [jvm.dll+0x838c7e]
V  [jvm.dll+0x8392e3]
V  [jvm.dll+0x24834f]
V  [jvm.dll+0xac9d4]
V  [jvm.dll+0xad01c]
V  [jvm.dll+0x367452]
V  [jvm.dll+0x1bd376]
V  [jvm.dll+0x21aa09]
V  [jvm.dll+0x219cf1]
V  [jvm.dll+0x1a58bd]
V  [jvm.dll+0x229a2d]
V  [jvm.dll+0x227bdc]
V  [jvm.dll+0x7ec1f7]
V  [jvm.dll+0x7e65dc]
V  [jvm.dll+0x67e7f7]
C  [ucrtbase.dll+0x29333]
C  [KERNEL32.DLL+0x1257d]
C  [ntdll.dll+0x5af08]


---------------  P R O C E S S  ---------------

Threads class SMR info:
_java_thread_list=0x000001f2d5ad3c90, length=50, elements={
0x000001f2b6b6b7b0, 0x000001f2cc944010, 0x000001f2cc945500, 0x000001f2cc94d300,
0x000001f2cc94dbd0, 0x000001f2cc94e6a0, 0x000001f2d1aaa110, 0x000001f2d1aaadc0,
0x000001f2d1b0cf60, 0x000001f2d1b17a90, 0x000001f2d1b68ef0, 0x000001f2d3c6cff0,
0x000001f2d44f9950, 0x000001f2d43e2f00, 0x000001f2d4410490, 0x000001f2d440efd0,
0x000001f2d4790740, 0x000001f2d47925a0, 0x000001f2d4790c50, 0x000001f2d4791160,
0x000001f2d4792ab0, 0x000001f2d4791b80, 0x000001f2d4792090, 0x000001f2d4792fc0,
0x000001f2d4791670, 0x000001f2d478fd20, 0x000001f2d478f810, 0x000001f2d4790230,
0x000001f2d499cb70, 0x000001f2d49998d0, 0x000001f2d499bc40, 0x000001f2d499b730,
0x000001f2d499daa0, 0x000001f2d4997560, 0x000001f2d499a2f0, 0x000001f2d499ad10,
0x000001f2d499a800, 0x000001f2d4999de0, 0x000001f2d499dfb0, 0x000001f2d499b220,
0x000001f2d4a2da60, 0x000001f2d1c2f220, 0x000001f2d1c43ad0, 0x000001f2d5fb4830,
0x000001f2d43caa50, 0x000001f2d5da16e0, 0x000001f2d5da1c00, 0x000001f2d4bdc020,
0x000001f2d4bdc540, 0x000001f2d73e65e0
}

Java Threads: ( => current thread )
  0x000001f2b6b6b7b0 JavaThread "main" [_thread_blocked, id=16752, stack(0x00000022c4900000,0x00000022c4a00000)]
  0x000001f2cc944010 JavaThread "Reference Handler" daemon [_thread_blocked, id=14972, stack(0x00000022c4c00000,0x00000022c4d00000)]
  0x000001f2cc945500 JavaThread "Finalizer" daemon [_thread_blocked, id=15004, stack(0x00000022c4d00000,0x00000022c4e00000)]
  0x000001f2cc94d300 JavaThread "Signal Dispatcher" daemon [_thread_blocked, id=19916, stack(0x00000022c4e00000,0x00000022c4f00000)]
  0x000001f2cc94dbd0 JavaThread "Attach Listener" daemon [_thread_blocked, id=8976, stack(0x00000022c4f00000,0x00000022c5000000)]
  0x000001f2cc94e6a0 JavaThread "Service Thread" daemon [_thread_blocked, id=19524, stack(0x00000022c5000000,0x00000022c5100000)]
  0x000001f2d1aaa110 JavaThread "Monitor Deflation Thread" daemon [_thread_blocked, id=5564, stack(0x00000022c5100000,0x00000022c5200000)]
  0x000001f2d1aaadc0 JavaThread "C2 CompilerThread0" daemon [_thread_in_native, id=15228, stack(0x00000022c5200000,0x00000022c5300000)]
  0x000001f2d1b0cf60 JavaThread "C1 CompilerThread0" daemon [_thread_blocked, id=4836, stack(0x00000022c5300000,0x00000022c5400000)]
  0x000001f2d1b17a90 JavaThread "Sweeper thread" daemon [_thread_blocked, id=4956, stack(0x00000022c5400000,0x00000022c5500000)]
  0x000001f2d1b68ef0 JavaThread "Common-Cleaner" daemon [_thread_blocked, id=11252, stack(0x00000022c5500000,0x00000022c5600000)]
  0x000001f2d3c6cff0 JavaThread "Notification Thread" daemon [_thread_blocked, id=16132, stack(0x00000022c5a00000,0x00000022c5b00000)]
  0x000001f2d44f9950 JavaThread "Active Thread: Equinox Container: 3bc9cd32-d3c3-4d99-b7f4-4dcf82368c33" [_thread_blocked, id=23156, stack(0x00000022c6200000,0x00000022c6300000)]
  0x000001f2d43e2f00 JavaThread "Framework Event Dispatcher: Equinox Container: 3bc9cd32-d3c3-4d99-b7f4-4dcf82368c33" daemon [_thread_blocked, id=23172, stack(0x00000022c6300000,0x00000022c6400000)]
  0x000001f2d4410490 JavaThread "Start Level: Equinox Container: 3bc9cd32-d3c3-4d99-b7f4-4dcf82368c33" daemon [_thread_blocked, id=23176, stack(0x00000022c6400000,0x00000022c6500000)]
  0x000001f2d440efd0 JavaThread "SCR Component Actor" daemon [_thread_blocked, id=23184, stack(0x00000022c6500000,0x00000022c6600000)]
  0x000001f2d4790740 JavaThread "Worker-JM" [_thread_blocked, id=23220, stack(0x00000022c5c00000,0x00000022c5d00000)]
  0x000001f2d47925a0 JavaThread "JNA Cleaner" daemon [_thread_blocked, id=23252, stack(0x00000022c5800000,0x00000022c5900000)]
  0x000001f2d4790c50 JavaThread "Worker-0" [_thread_blocked, id=23256, stack(0x00000022c6c00000,0x00000022c6d00000)]
  0x000001f2d4791160 JavaThread "Worker-1" [_thread_blocked, id=23272, stack(0x00000022c6d00000,0x00000022c6e00000)]
  0x000001f2d4792ab0 JavaThread "Thread-2" daemon [_thread_in_native, id=22800, stack(0x00000022c7200000,0x00000022c7300000)]
  0x000001f2d4791b80 JavaThread "Thread-3" daemon [_thread_in_native, id=22784, stack(0x00000022c7300000,0x00000022c7400000)]
  0x000001f2d4792090 JavaThread "Thread-4" daemon [_thread_in_native, id=19296, stack(0x00000022c7400000,0x00000022c7500000)]
  0x000001f2d4792fc0 JavaThread "Thread-5" daemon [_thread_in_native, id=22852, stack(0x00000022c7500000,0x00000022c7600000)]
  0x000001f2d4791670 JavaThread "Thread-6" daemon [_thread_in_native, id=22848, stack(0x00000022c7600000,0x00000022c7700000)]
  0x000001f2d478fd20 JavaThread "Thread-7" daemon [_thread_in_native, id=22816, stack(0x00000022c7700000,0x00000022c7800000)]
  0x000001f2d478f810 JavaThread "Thread-8" daemon [_thread_in_native, id=22808, stack(0x00000022c7800000,0x00000022c7900000)]
  0x000001f2d4790230 JavaThread "Thread-9" daemon [_thread_in_native, id=22804, stack(0x00000022c7900000,0x00000022c7a00000)]
  0x000001f2d499cb70 JavaThread "Thread-10" daemon [_thread_in_native, id=22740, stack(0x00000022c7a00000,0x00000022c7b00000)]
  0x000001f2d49998d0 JavaThread "Thread-11" daemon [_thread_in_native, id=22736, stack(0x00000022c7b00000,0x00000022c7c00000)]
  0x000001f2d499bc40 JavaThread "Thread-12" daemon [_thread_in_native, id=22732, stack(0x00000022c7c00000,0x00000022c7d00000)]
  0x000001f2d499b730 JavaThread "Thread-13" daemon [_thread_in_native, id=22776, stack(0x00000022c7d00000,0x00000022c7e00000)]
  0x000001f2d499daa0 JavaThread "Thread-14" daemon [_thread_in_native, id=22772, stack(0x00000022c7e00000,0x00000022c7f00000)]
  0x000001f2d4997560 JavaThread "Thread-15" daemon [_thread_in_native, id=22632, stack(0x00000022c7f00000,0x00000022c8000000)]
  0x000001f2d499a2f0 JavaThread "Thread-16" daemon [_thread_in_native, id=22704, stack(0x00000022c8000000,0x00000022c8100000)]
  0x000001f2d499ad10 JavaThread "Thread-17" daemon [_thread_in_native, id=22720, stack(0x00000022c8100000,0x00000022c8200000)]
  0x000001f2d499a800 JavaThread "Thread-18" daemon [_thread_in_native, id=22700, stack(0x00000022c8200000,0x00000022c8300000)]
  0x000001f2d4999de0 JavaThread "pool-2-thread-1" [_thread_blocked, id=22660, stack(0x00000022c8300000,0x00000022c8400000)]
  0x000001f2d499dfb0 JavaThread "WorkspaceEventsHandler" [_thread_in_Java, id=23012, stack(0x00000022c8400000,0x00000022c8500000)]
  0x000001f2d499b220 JavaThread "pool-1-thread-1" [_thread_blocked, id=22984, stack(0x00000022c8500000,0x00000022c8600000)]
  0x000001f2d4a2da60 JavaThread "C1 CompilerThread1" daemon [_thread_blocked, id=22944, stack(0x00000022c5600000,0x00000022c5700000)]
  0x000001f2d1c2f220 JavaThread "C1 CompilerThread2" daemon [_thread_blocked, id=22968, stack(0x00000022c5700000,0x00000022c5800000)]
  0x000001f2d1c43ad0 JavaThread "C1 CompilerThread3" daemon [_thread_blocked, id=23044, stack(0x00000022c5900000,0x00000022c5a00000)]
  0x000001f2d5fb4830 JavaThread "C2 CompilerThread1" daemon [_thread_blocked, id=23068, stack(0x00000022c6800000,0x00000022c6900000)]
=>0x000001f2d43caa50 JavaThread "C2 CompilerThread2" daemon [_thread_in_native, id=22948, stack(0x00000022c6e00000,0x00000022c6f00000)]
  0x000001f2d5da16e0 JavaThread "C2 CompilerThread3" daemon [_thread_blocked, id=23168, stack(0x00000022c6f00000,0x00000022c7000000)]
  0x000001f2d5da1c00 JavaThread "C2 CompilerThread4" daemon [_thread_in_native, id=13212, stack(0x00000022c8600000,0x00000022c8700000)]
  0x000001f2d4bdc020 JavaThread "C2 CompilerThread5" daemon [_thread_in_native, id=16964, stack(0x00000022c8700000,0x00000022c8800000)]
  0x000001f2d4bdc540 JavaThread "C2 CompilerThread6" daemon [_thread_blocked, id=18140, stack(0x00000022c8800000,0x00000022c8900000)]
  0x000001f2d73e65e0 JavaThread "C2 CompilerThread7" daemon [_thread_in_native, id=17756, stack(0x00000022c8900000,0x00000022c8a00000)]

Other Threads:
  0x000001f2b6c188d0 VMThread "VM Thread" [stack: 0x00000022c4b00000,0x00000022c4c00000] [id=16984]
  0x000001f2d3c6d4d0 WatcherThread [stack: 0x00000022c5b00000,0x00000022c5c00000] [id=18100]
  0x000001f2b6b7ffd0 GCTaskThread "GC Thread#0" [stack: 0x00000022c4a00000,0x00000022c4b00000] [id=4464]
  0x000001f2d41612c0 GCTaskThread "GC Thread#1" [stack: 0x00000022c5d00000,0x00000022c5e00000] [id=22820]
  0x000001f2d41601d0 GCTaskThread "GC Thread#2" [stack: 0x00000022c5e00000,0x00000022c5f00000] [id=22828]
  0x000001f2d4160490 GCTaskThread "GC Thread#3" [stack: 0x00000022c5f00000,0x00000022c6000000] [id=22832]
  0x000001f2d3d36c40 GCTaskThread "GC Thread#4" [stack: 0x00000022c6000000,0x00000022c6100000] [id=22836]
  0x000001f2d3d36f00 GCTaskThread "GC Thread#5" [stack: 0x00000022c6100000,0x00000022c6200000] [id=22840]
  0x000001f2d448e350 GCTaskThread "GC Thread#6" [stack: 0x00000022c6600000,0x00000022c6700000] [id=23188]
  0x000001f2d44e4640 GCTaskThread "GC Thread#7" [stack: 0x00000022c6700000,0x00000022c6800000] [id=23192]
  0x000001f2d460d410 GCTaskThread "GC Thread#8" [stack: 0x00000022c6900000,0x00000022c6a00000] [id=23228]
  0x000001f2d460d6d0 GCTaskThread "GC Thread#9" [stack: 0x00000022c6a00000,0x00000022c6b00000] [id=23232]
  0x000001f2d467a580 GCTaskThread "GC Thread#10" [stack: 0x00000022c6b00000,0x00000022c6c00000] [id=23244]
  0x000001f2d491e5d0 GCTaskThread "GC Thread#11" [stack: 0x00000022c7000000,0x00000022c7100000] [id=23412]
  0x000001f2d5975100 GCTaskThread "GC Thread#12" [stack: 0x00000022c7100000,0x00000022c7200000] [id=19400]

Threads with active compile tasks:
C2 CompilerThread0    17508 4573       4       lombok.launch.PackageShader::apply (252 bytes)
C2 CompilerThread2    17508 4473 %     4       org.lombokweb.asm.ClassReader::readCode @ 2186 (5117 bytes)
C2 CompilerThread4    17508 4481       4       org.lombokweb.asm.ClassReader::readMethod (1066 bytes)
C2 CompilerThread5    17509 4450 %     4       org.lombokweb.asm.SymbolTable::<init> @ 98 (536 bytes)
C2 CompilerThread7    17509 4522   !   4       org.eclipse.osgi.internal.loader.classpath.ClasspathManager::findLocalClass (210 bytes)

VM state: not at safepoint (normal execution)

VM Mutex/Monitor currently owned by a thread: None

Heap address: 0x00000000c0000000, size: 1024 MB, Compressed Oops mode: 32-bit

CDS archive(s) not mapped
Compressed class space mapped at: 0x0000000100000000-0x0000000140000000, reserved size: 1073741824
Narrow klass base: 0x0000000000000000, Narrow klass shift: 3, Narrow klass range: 0x140000000

GC Precious Log:
 CPUs: 16 total, 16 available
 Memory: 16088M
 Large Page Support: Disabled
 NUMA Support: Disabled
 Compressed Oops: Enabled (32-bit)
 Alignments: Space 512K, Generation 512K, Heap 2M
 Heap Min Capacity: 100M
 Heap Initial Capacity: 100M
 Heap Max Capacity: 1G
 Pre-touch: Disabled
 Parallel Workers: 13

Heap:
 PSYoungGen      total 18944K, used 18280K [0x00000000eab00000, 0x00000000ec400000, 0x0000000100000000)
  eden space 17920K, 97% used [0x00000000eab00000,0x00000000ebc04718,0x00000000ebc80000)
  from space 1024K, 83% used [0x00000000ebc80000,0x00000000ebd55b18,0x00000000ebd80000)
  to   space 3072K, 0% used [0x00000000ec100000,0x00000000ec100000,0x00000000ec400000)
 ParOldGen       total 68608K, used 30241K [0x00000000c0000000, 0x00000000c4300000, 0x00000000eab00000)
  object space 68608K, 44% used [0x00000000c0000000,0x00000000c1d885f0,0x00000000c4300000)
 Metaspace       used 42427K, committed 43136K, reserved 1114112K
  class space    used 4242K, committed 4544K, reserved 1048576K

Card table byte_map: [0x000001f2ca1c0000,0x000001f2ca3d0000] _byte_map_base: 0x000001f2c9bc0000

Marking Bits: (ParMarkBitMap*) 0x00007ffc844858b0
 Begin Bits: [0x000001f2ca530000, 0x000001f2cb530000)
 End Bits:   [0x000001f2cb530000, 0x000001f2cc530000)

Polling page: 0x000001f2bafb0000

Metaspace:

Usage:
  Non-class:     37.29 MB used.
      Class:      4.14 MB used.
       Both:     41.43 MB used.

Virtual space:
  Non-class space:       64.00 MB reserved,      37.69 MB ( 59%) committed,  1 nodes.
      Class space:        1.00 GB reserved,       4.44 MB ( <1%) committed,  1 nodes.
             Both:        1.06 GB reserved,      42.12 MB (  4%) committed. 

Chunk freelists:
   Non-Class:  10.19 MB
       Class:  11.46 MB
        Both:  21.65 MB

MaxMetaspaceSize: unlimited
CompressedClassSpaceSize: 1.00 GB
Initial GC threshold: 21.00 MB
Current GC threshold: 58.38 MB
CDS: off
MetaspaceReclaimPolicy: balanced
 - commit_granule_bytes: 65536.
 - commit_granule_words: 8192.
 - virtual_space_node_default_size: 8388608.
 - enlarge_chunks_in_place: 1.
 - new_chunks_are_fully_committed: 0.
 - uncommit_free_chunks: 1.
 - use_allocation_guard: 0.
 - handle_deallocations: 1.


Internal statistics:

num_allocs_failed_limit: 6.
num_arena_births: 450.
num_arena_deaths: 14.
num_vsnodes_births: 2.
num_vsnodes_deaths: 0.
num_space_committed: 674.
num_space_uncommitted: 0.
num_chunks_returned_to_freelist: 20.
num_chunks_taken_from_freelist: 1804.
num_chunk_merges: 11.
num_chunk_splits: 1204.
num_chunks_enlarged: 816.
num_inconsistent_stats: 0.

CodeHeap 'non-profiled nmethods': size=119168Kb used=2598Kb max_used=2598Kb free=116569Kb
 bounds [0x000001f2c2b70000, 0x000001f2c2e00000, 0x000001f2c9fd0000]
CodeHeap 'profiled nmethods': size=119104Kb used=9745Kb max_used=9745Kb free=109358Kb
 bounds [0x000001f2bafd0000, 0x000001f2bb960000, 0x000001f2c2420000]
CodeHeap 'non-nmethods': size=7488Kb used=3010Kb max_used=3047Kb free=4477Kb
 bounds [0x000001f2c2420000, 0x000001f2c2730000, 0x000001f2c2b70000]
 total_blobs=5224 nmethods=4570 adapters=564
 compilation: enabled
              stopped_count=0, restarted_count=0
 full_count=0

Compilation events (20 events):
Event: 17.437 Thread 0x000001f2d4a2da60 4562       3       org.eclipse.jdt.internal.compiler.parser.Parser::getTypeReference (551 bytes)
Event: 17.437 Thread 0x000001f2d1c2f220 4561       3       org.eclipse.jdt.internal.compiler.parser.Parser::pushOnGenericsLengthStack (53 bytes)
Event: 17.437 Thread 0x000001f2d1b0cf60 nmethod 4558 0x000001f2bb902890 code [0x000001f2bb902aa0, 0x000001f2bb903298]
Event: 17.437 Thread 0x000001f2d1c2f220 nmethod 4561 0x000001f2bb903690 code [0x000001f2bb903840, 0x000001f2bb903b28]
Event: 17.437 Thread 0x000001f2d1b0cf60 4563       3       org.eclipse.jdt.internal.compiler.parser.Parser::pushOnExpressionStackLengthStack (54 bytes)
Event: 17.437 Thread 0x000001f2d1c2f220 4564       3       org.eclipse.jdt.internal.core.util.CommentRecorderParser::resetModifiers (17 bytes)
Event: 17.438 Thread 0x000001f2d1b0cf60 nmethod 4563 0x000001f2bb903c90 code [0x000001f2bb903e40, 0x000001f2bb904128]
Event: 17.438 Thread 0x000001f2d1b0cf60 4566       3       org.eclipse.jdt.internal.compiler.parser.Parser::pushOnAstStack (111 bytes)
Event: 17.438 Thread 0x000001f2d1c2f220 nmethod 4564 0x000001f2bb904290 code [0x000001f2bb904440, 0x000001f2bb904628]
Event: 17.438 Thread 0x000001f2d1c2f220 4565       3       org.eclipse.jdt.internal.compiler.parser.Parser::resetModifiers (24 bytes)
Event: 17.438 Thread 0x000001f2d1c2f220 nmethod 4565 0x000001f2bb904790 code [0x000001f2bb904920, 0x000001f2bb904a58]
Event: 17.438 Thread 0x000001f2d1c2f220 4567   !   3       org.eclipse.jdt.internal.compiler.parser.Scanner::jumpOverMethodBody (2553 bytes)
Event: 17.438 Thread 0x000001f2d1b0cf60 nmethod 4566 0x000001f2bb904b10 code [0x000001f2bb904ce0, 0x000001f2bb9052d8]
Event: 17.438 Thread 0x000001f2d4a2da60 nmethod 4562 0x000001f2bb905510 code [0x000001f2bb905820, 0x000001f2bb906e98]
Event: 17.448 Thread 0x000001f2d1c2f220 nmethod 4567 0x000001f2bb907810 code [0x000001f2bb908140, 0x000001f2bb90f0c8]
Event: 17.449 Thread 0x000001f2d5da16e0 4568 %     4       lombok.launch.PackageShader::apply @ 76 (252 bytes)
Event: 17.456 Thread 0x000001f2d1c43ad0 nmethod 4528 0x000001f2bb912b10 code [0x000001f2bb917700, 0x000001f2bb94b4a8]
Event: 17.458 Thread 0x000001f2d1c43ad0 4569       3       java.net.URI$1::create (10 bytes)
Event: 17.459 Thread 0x000001f2d1c43ad0 nmethod 4569 0x000001f2bb952610 code [0x000001f2bb9527c0, 0x000001f2bb952968]
Event: 17.469 Thread 0x000001f2d5da16e0 nmethod 4568% 0x000001f2c2df4f90 code [0x000001f2c2df5140, 0x000001f2c2df5bb8]

GC Heap History (20 events):
Event: 4.150 GC heap before
{Heap before GC invocations=10 (full 1):
 PSYoungGen      total 28160K, used 10550K [0x00000000eab00000, 0x00000000ecb80000, 0x0000000100000000)
  eden space 23552K, 26% used [0x00000000eab00000,0x00000000eb127770,0x00000000ec200000)
  from space 4608K, 92% used [0x00000000ec700000,0x00000000ecb26108,0x00000000ecb80000)
  to   space 4608K, 0% used [0x00000000ec280000,0x00000000ec280000,0x00000000ec700000)
 ParOldGen       total 68608K, used 8259K [0x00000000c0000000, 0x00000000c4300000, 0x00000000eab00000)
  object space 68608K, 12% used [0x00000000c0000000,0x00000000c0810d98,0x00000000c4300000)
 Metaspace       used 35238K, committed 35840K, reserved 1114112K
  class space    used 3524K, committed 3776K, reserved 1048576K
}
Event: 4.153 GC heap after
{Heap after GC invocations=10 (full 1):
 PSYoungGen      total 27136K, used 3188K [0x00000000eab00000, 0x00000000ec900000, 0x0000000100000000)
  eden space 23552K, 0% used [0x00000000eab00000,0x00000000eab00000,0x00000000ec200000)
  from space 3584K, 88% used [0x00000000ec280000,0x00000000ec59d060,0x00000000ec600000)
  to   space 3072K, 0% used [0x00000000ec600000,0x00000000ec600000,0x00000000ec900000)
 ParOldGen       total 68608K, used 9959K [0x00000000c0000000, 0x00000000c4300000, 0x00000000eab00000)
  object space 68608K, 14% used [0x00000000c0000000,0x00000000c09b9d70,0x00000000c4300000)
 Metaspace       used 35238K, committed 35840K, reserved 1114112K
  class space    used 3524K, committed 3776K, reserved 1048576K
}
Event: 4.153 GC heap before
{Heap before GC invocations=11 (full 2):
 PSYoungGen      total 27136K, used 3188K [0x00000000eab00000, 0x00000000ec900000, 0x0000000100000000)
  eden space 23552K, 0% used [0x00000000eab00000,0x00000000eab00000,0x00000000ec200000)
  from space 3584K, 88% used [0x00000000ec280000,0x00000000ec59d060,0x00000000ec600000)
  to   space 3072K, 0% used [0x00000000ec600000,0x00000000ec600000,0x00000000ec900000)
 ParOldGen       total 68608K, used 9959K [0x00000000c0000000, 0x00000000c4300000, 0x00000000eab00000)
  object space 68608K, 14% used [0x00000000c0000000,0x00000000c09b9d70,0x00000000c4300000)
 Metaspace       used 35238K, committed 35840K, reserved 1114112K
  class space    used 3524K, committed 3776K, reserved 1048576K
}
Event: 4.173 GC heap after
{Heap after GC invocations=11 (full 2):
 PSYoungGen      total 27136K, used 0K [0x00000000eab00000, 0x00000000ec900000, 0x0000000100000000)
  eden space 23552K, 0% used [0x00000000eab00000,0x00000000eab00000,0x00000000ec200000)
  from space 3584K, 0% used [0x00000000ec280000,0x00000000ec280000,0x00000000ec600000)
  to   space 3072K, 0% used [0x00000000ec600000,0x00000000ec600000,0x00000000ec900000)
 ParOldGen       total 68608K, used 12759K [0x00000000c0000000, 0x00000000c4300000, 0x00000000eab00000)
  object space 68608K, 18% used [0x00000000c0000000,0x00000000c0c75c38,0x00000000c4300000)
 Metaspace       used 35238K, committed 35840K, reserved 1114112K
  class space    used 3524K, committed 3776K, reserved 1048576K
}
Event: 16.225 GC heap before
{Heap before GC invocations=12 (full 2):
 PSYoungGen      total 27136K, used 23552K [0x00000000eab00000, 0x00000000ec900000, 0x0000000100000000)
  eden space 23552K, 100% used [0x00000000eab00000,0x00000000ec200000,0x00000000ec200000)
  from space 3584K, 0% used [0x00000000ec280000,0x00000000ec280000,0x00000000ec600000)
  to   space 3072K, 0% used [0x00000000ec600000,0x00000000ec600000,0x00000000ec900000)
 ParOldGen       total 68608K, used 12759K [0x00000000c0000000, 0x00000000c4300000, 0x00000000eab00000)
  object space 68608K, 18% used [0x00000000c0000000,0x00000000c0c75c38,0x00000000c4300000)
 Metaspace       used 38240K, committed 38912K, reserved 1114112K
  class space    used 3857K, committed 4160K, reserved 1048576K
}
Event: 16.226 GC heap after
{Heap after GC invocations=12 (full 2):
 PSYoungGen      total 25088K, used 1903K [0x00000000eab00000, 0x00000000ec800000, 0x0000000100000000)
  eden space 23040K, 0% used [0x00000000eab00000,0x00000000eab00000,0x00000000ec180000)
  from space 2048K, 92% used [0x00000000ec600000,0x00000000ec7dbc08,0x00000000ec800000)
  to   space 2560K, 0% used [0x00000000ec300000,0x00000000ec300000,0x00000000ec580000)
 ParOldGen       total 68608K, used 12767K [0x00000000c0000000, 0x00000000c4300000, 0x00000000eab00000)
  object space 68608K, 18% used [0x00000000c0000000,0x00000000c0c77c38,0x00000000c4300000)
 Metaspace       used 38240K, committed 38912K, reserved 1114112K
  class space    used 3857K, committed 4160K, reserved 1048576K
}
Event: 16.365 GC heap before
{Heap before GC invocations=13 (full 2):
 PSYoungGen      total 25088K, used 24943K [0x00000000eab00000, 0x00000000ec800000, 0x0000000100000000)
  eden space 23040K, 100% used [0x00000000eab00000,0x00000000ec180000,0x00000000ec180000)
  from space 2048K, 92% used [0x00000000ec600000,0x00000000ec7dbc08,0x00000000ec800000)
  to   space 2560K, 0% used [0x00000000ec300000,0x00000000ec300000,0x00000000ec580000)
 ParOldGen       total 68608K, used 12767K [0x00000000c0000000, 0x00000000c4300000, 0x00000000eab00000)
  object space 68608K, 18% used [0x00000000c0000000,0x00000000c0c77c38,0x00000000c4300000)
 Metaspace       used 38335K, committed 38976K, reserved 1114112K
  class space    used 3861K, committed 4160K, reserved 1048576K
}
Event: 16.369 GC heap after
{Heap after GC invocations=13 (full 2):
 PSYoungGen      total 25088K, used 2513K [0x00000000eab00000, 0x00000000ec700000, 0x0000000100000000)
  eden space 22528K, 0% used [0x00000000eab00000,0x00000000eab00000,0x00000000ec100000)
  from space 2560K, 98% used [0x00000000ec300000,0x00000000ec574410,0x00000000ec580000)
  to   space 1536K, 0% used [0x00000000ec580000,0x00000000ec580000,0x00000000ec700000)
 ParOldGen       total 68608K, used 14459K [0x00000000c0000000, 0x00000000c4300000, 0x00000000eab00000)
  object space 68608K, 21% used [0x00000000c0000000,0x00000000c0e1eeb8,0x00000000c4300000)
 Metaspace       used 38335K, committed 38976K, reserved 1114112K
  class space    used 3861K, committed 4160K, reserved 1048576K
}
Event: 16.533 GC heap before
{Heap before GC invocations=14 (full 2):
 PSYoungGen      total 25088K, used 25041K [0x00000000eab00000, 0x00000000ec700000, 0x0000000100000000)
  eden space 22528K, 100% used [0x00000000eab00000,0x00000000ec100000,0x00000000ec100000)
  from space 2560K, 98% used [0x00000000ec300000,0x00000000ec574410,0x00000000ec580000)
  to   space 1536K, 0% used [0x00000000ec580000,0x00000000ec580000,0x00000000ec700000)
 ParOldGen       total 68608K, used 14459K [0x00000000c0000000, 0x00000000c4300000, 0x00000000eab00000)
  object space 68608K, 21% used [0x00000000c0000000,0x00000000c0e1eeb8,0x00000000c4300000)
 Metaspace       used 38426K, committed 39168K, reserved 1114112K
  class space    used 3872K, committed 4160K, reserved 1048576K
}
Event: 16.538 GC heap after
{Heap after GC invocations=14 (full 2):
 PSYoungGen      total 23552K, used 1506K [0x00000000eab00000, 0x00000000eca80000, 0x0000000100000000)
  eden space 22016K, 0% used [0x00000000eab00000,0x00000000eab00000,0x00000000ec080000)
  from space 1536K, 98% used [0x00000000ec580000,0x00000000ec6f8810,0x00000000ec700000)
  to   space 5120K, 0% used [0x00000000ec080000,0x00000000ec080000,0x00000000ec580000)
 ParOldGen       total 68608K, used 17515K [0x00000000c0000000, 0x00000000c4300000, 0x00000000eab00000)
  object space 68608K, 25% used [0x00000000c0000000,0x00000000c111aeb8,0x00000000c4300000)
 Metaspace       used 38426K, committed 39168K, reserved 1114112K
  class space    used 3872K, committed 4160K, reserved 1048576K
}
Event: 16.598 GC heap before
{Heap before GC invocations=15 (full 2):
 PSYoungGen      total 23552K, used 23522K [0x00000000eab00000, 0x00000000eca80000, 0x0000000100000000)
  eden space 22016K, 100% used [0x00000000eab00000,0x00000000ec080000,0x00000000ec080000)
  from space 1536K, 98% used [0x00000000ec580000,0x00000000ec6f8810,0x00000000ec700000)
  to   space 5120K, 0% used [0x00000000ec080000,0x00000000ec080000,0x00000000ec580000)
 ParOldGen       total 68608K, used 17515K [0x00000000c0000000, 0x00000000c4300000, 0x00000000eab00000)
  object space 68608K, 25% used [0x00000000c0000000,0x00000000c111aeb8,0x00000000c4300000)
 Metaspace       used 38428K, committed 39168K, reserved 1114112K
  class space    used 3872K, committed 4160K, reserved 1048576K
}
Event: 16.602 GC heap after
{Heap after GC invocations=15 (full 2):
 PSYoungGen      total 24576K, used 2304K [0x00000000eab00000, 0x00000000ec780000, 0x0000000100000000)
  eden space 22016K, 0% used [0x00000000eab00000,0x00000000eab00000,0x00000000ec080000)
  from space 2560K, 90% used [0x00000000ec080000,0x00000000ec2c0000,0x00000000ec300000)
  to   space 3584K, 0% used [0x00000000ec400000,0x00000000ec400000,0x00000000ec780000)
 ParOldGen       total 68608K, used 19069K [0x00000000c0000000, 0x00000000c4300000, 0x00000000eab00000)
  object space 68608K, 27% used [0x00000000c0000000,0x00000000c129f6f0,0x00000000c4300000)
 Metaspace       used 38428K, committed 39168K, reserved 1114112K
  class space    used 3872K, committed 4160K, reserved 1048576K
}
Event: 16.662 GC heap before
{Heap before GC invocations=16 (full 2):
 PSYoungGen      total 24576K, used 24320K [0x00000000eab00000, 0x00000000ec780000, 0x0000000100000000)
  eden space 22016K, 100% used [0x00000000eab00000,0x00000000ec080000,0x00000000ec080000)
  from space 2560K, 90% used [0x00000000ec080000,0x00000000ec2c0000,0x00000000ec300000)
  to   space 3584K, 0% used [0x00000000ec400000,0x00000000ec400000,0x00000000ec780000)
 ParOldGen       total 68608K, used 19069K [0x00000000c0000000, 0x00000000c4300000, 0x00000000eab00000)
  object space 68608K, 27% used [0x00000000c0000000,0x00000000c129f6f0,0x00000000c4300000)
 Metaspace       used 38428K, committed 39168K, reserved 1114112K
  class space    used 3872K, committed 4160K, reserved 1048576K
}
Event: 16.667 GC heap after
{Heap after GC invocations=16 (full 2):
 PSYoungGen      total 25600K, used 3108K [0x00000000eab00000, 0x00000000ec780000, 0x0000000100000000)
  eden space 22016K, 0% used [0x00000000eab00000,0x00000000eab00000,0x00000000ec080000)
  from space 3584K, 86% used [0x00000000ec400000,0x00000000ec709010,0x00000000ec780000)
  to   space 3584K, 0% used [0x00000000ec080000,0x00000000ec080000,0x00000000ec400000)
 ParOldGen       total 68608K, used 21225K [0x00000000c0000000, 0x00000000c4300000, 0x00000000eab00000)
  object space 68608K, 30% used [0x00000000c0000000,0x00000000c14ba7f0,0x00000000c4300000)
 Metaspace       used 38428K, committed 39168K, reserved 1114112K
  class space    used 3872K, committed 4160K, reserved 1048576K
}
Event: 16.756 GC heap before
{Heap before GC invocations=17 (full 2):
 PSYoungGen      total 25600K, used 25124K [0x00000000eab00000, 0x00000000ec780000, 0x0000000100000000)
  eden space 22016K, 100% used [0x00000000eab00000,0x00000000ec080000,0x00000000ec080000)
  from space 3584K, 86% used [0x00000000ec400000,0x00000000ec709010,0x00000000ec780000)
  to   space 3584K, 0% used [0x00000000ec080000,0x00000000ec080000,0x00000000ec400000)
 ParOldGen       total 68608K, used 21225K [0x00000000c0000000, 0x00000000c4300000, 0x00000000eab00000)
  object space 68608K, 30% used [0x00000000c0000000,0x00000000c14ba7f0,0x00000000c4300000)
 Metaspace       used 38471K, committed 39168K, reserved 1114112K
  class space    used 3875K, committed 4160K, reserved 1048576K
}
Event: 16.760 GC heap after
{Heap after GC invocations=17 (full 2):
 PSYoungGen      total 24576K, used 2528K [0x00000000eab00000, 0x00000000ec680000, 0x0000000100000000)
  eden space 22016K, 0% used [0x00000000eab00000,0x00000000eab00000,0x00000000ec080000)
  from space 2560K, 98% used [0x00000000ec080000,0x00000000ec2f8000,0x00000000ec300000)
  to   space 3072K, 0% used [0x00000000ec380000,0x00000000ec380000,0x00000000ec680000)
 ParOldGen       total 68608K, used 24054K [0x00000000c0000000, 0x00000000c4300000, 0x00000000eab00000)
  object space 68608K, 35% used [0x00000000c0000000,0x00000000c177d800,0x00000000c4300000)
 Metaspace       used 38471K, committed 39168K, reserved 1114112K
  class space    used 3875K, committed 4160K, reserved 1048576K
}
Event: 17.181 GC heap before
{Heap before GC invocations=18 (full 2):
 PSYoungGen      total 24576K, used 24544K [0x00000000eab00000, 0x00000000ec680000, 0x0000000100000000)
  eden space 22016K, 100% used [0x00000000eab00000,0x00000000ec080000,0x00000000ec080000)
  from space 2560K, 98% used [0x00000000ec080000,0x00000000ec2f8000,0x00000000ec300000)
  to   space 3072K, 0% used [0x00000000ec380000,0x00000000ec380000,0x00000000ec680000)
 ParOldGen       total 68608K, used 24054K [0x00000000c0000000, 0x00000000c4300000, 0x00000000eab00000)
  object space 68608K, 35% used [0x00000000c0000000,0x00000000c177d800,0x00000000c4300000)
 Metaspace       used 40892K, committed 41600K, reserved 1114112K
  class space    used 4128K, committed 4416K, reserved 1048576K
}
Event: 17.185 GC heap after
{Heap after GC invocations=18 (full 2):
 PSYoungGen      total 20992K, used 3059K [0x00000000eab00000, 0x00000000ece80000, 0x0000000100000000)
  eden space 17920K, 0% used [0x00000000eab00000,0x00000000eab00000,0x00000000ebc80000)
  from space 3072K, 99% used [0x00000000ec380000,0x00000000ec67ce88,0x00000000ec680000)
  to   space 7168K, 0% used [0x00000000ebc80000,0x00000000ebc80000,0x00000000ec380000)
 ParOldGen       total 68608K, used 27254K [0x00000000c0000000, 0x00000000c4300000, 0x00000000eab00000)
  object space 68608K, 39% used [0x00000000c0000000,0x00000000c1a9dae0,0x00000000c4300000)
 Metaspace       used 40892K, committed 41600K, reserved 1114112K
  class space    used 4128K, committed 4416K, reserved 1048576K
}
Event: 17.264 GC heap before
{Heap before GC invocations=19 (full 2):
 PSYoungGen      total 20992K, used 20979K [0x00000000eab00000, 0x00000000ece80000, 0x0000000100000000)
  eden space 17920K, 100% used [0x00000000eab00000,0x00000000ebc80000,0x00000000ebc80000)
  from space 3072K, 99% used [0x00000000ec380000,0x00000000ec67ce88,0x00000000ec680000)
  to   space 7168K, 0% used [0x00000000ebc80000,0x00000000ebc80000,0x00000000ec380000)
 ParOldGen       total 68608K, used 27254K [0x00000000c0000000, 0x00000000c4300000, 0x00000000eab00000)
  object space 68608K, 39% used [0x00000000c0000000,0x00000000c1a9dae0,0x00000000c4300000)
 Metaspace       used 40911K, committed 41600K, reserved 1114112K
  class space    used 4128K, committed 4416K, reserved 1048576K
}
Event: 17.267 GC heap after
{Heap after GC invocations=19 (full 2):
 PSYoungGen      total 18944K, used 854K [0x00000000eab00000, 0x00000000ec400000, 0x0000000100000000)
  eden space 17920K, 0% used [0x00000000eab00000,0x00000000eab00000,0x00000000ebc80000)
  from space 1024K, 83% used [0x00000000ebc80000,0x00000000ebd55b18,0x00000000ebd80000)
  to   space 3072K, 0% used [0x00000000ec100000,0x00000000ec100000,0x00000000ec400000)
 ParOldGen       total 68608K, used 30241K [0x00000000c0000000, 0x00000000c4300000, 0x00000000eab00000)
  object space 68608K, 44% used [0x00000000c0000000,0x00000000c1d885f0,0x00000000c4300000)
 Metaspace       used 40911K, committed 41600K, reserved 1114112K
  class space    used 4128K, committed 4416K, reserved 1048576K
}

Dll operation events (10 events):
Event: 0.013 Loaded shared library c:\Users\tarun\.vscode\extensions\redhat.java-1.35.0-win32-x64\jre\17.0.12-win32-x86_64\bin\java.dll
Event: 0.209 Loaded shared library c:\Users\tarun\.vscode\extensions\redhat.java-1.35.0-win32-x64\jre\17.0.12-win32-x86_64\bin\zip.dll
Event: 0.211 Loaded shared library C:\Users\tarun\.vscode\extensions\redhat.java-1.35.0-win32-x64\jre\17.0.12-win32-x86_64\bin\instrument.dll
Event: 0.222 Loaded shared library C:\Users\tarun\.vscode\extensions\redhat.java-1.35.0-win32-x64\jre\17.0.12-win32-x86_64\bin\net.dll
Event: 0.225 Loaded shared library C:\Users\tarun\.vscode\extensions\redhat.java-1.35.0-win32-x64\jre\17.0.12-win32-x86_64\bin\nio.dll
Event: 0.232 Loaded shared library C:\Users\tarun\.vscode\extensions\redhat.java-1.35.0-win32-x64\jre\17.0.12-win32-x86_64\bin\zip.dll
Event: 0.260 Loaded shared library C:\Users\tarun\.vscode\extensions\redhat.java-1.35.0-win32-x64\jre\17.0.12-win32-x86_64\bin\jimage.dll
Event: 0.347 Loaded shared library c:\Users\tarun\.vscode\extensions\redhat.java-1.35.0-win32-x64\jre\17.0.12-win32-x86_64\bin\verify.dll
Event: 1.784 Loaded shared library C:\Users\tarun\AppData\Roaming\Code\User\globalStorage\redhat.java\1.35.0\config_ss_win\org.eclipse.equinox.launcher\org.eclipse.equinox.launcher.win32.win32.x86_64_1.2.1100.v20240722-2106\eclipse_11904.dll
Event: 2.599 Loaded shared library C:\Users\tarun\AppData\Local\Temp\jna-110131454\jna18094067763712095842.dll

Deoptimization events (20 events):
Event: 17.201 Thread 0x000001f2d499dfb0 DEOPT PACKING pc=0x000001f2c2cb6fe4 sp=0x00000022c84f9ae0
Event: 17.201 Thread 0x000001f2d499dfb0 DEOPT UNPACKING pc=0x000001f2c24766a3 sp=0x00000022c84f9a98 mode 2
Event: 17.201 Thread 0x000001f2d499dfb0 Uncommon trap: trap_request=0xffffffde fr.pc=0x000001f2c2cb6fe4 relative=0x0000000000008604
Event: 17.201 Thread 0x000001f2d499dfb0 Uncommon trap: reason=class_check action=maybe_recompile pc=0x000001f2c2cb6fe4 method=lombok.patcher.PatchScript$MethodPatcher.visitMethod(ILjava/lang/String;Ljava/lang/String;Ljava/lang/String;[Ljava/lang/String;)Lorg/lombokweb/asm/MethodVisitor; @ 101 c
Event: 17.201 Thread 0x000001f2d499dfb0 DEOPT PACKING pc=0x000001f2c2cb6fe4 sp=0x00000022c84f9ae0
Event: 17.202 Thread 0x000001f2d499dfb0 DEOPT UNPACKING pc=0x000001f2c24766a3 sp=0x00000022c84f9a98 mode 2
Event: 17.202 Thread 0x000001f2d499dfb0 Uncommon trap: trap_request=0xffffffde fr.pc=0x000001f2c2cb6fe4 relative=0x0000000000008604
Event: 17.202 Thread 0x000001f2d499dfb0 Uncommon trap: reason=class_check action=maybe_recompile pc=0x000001f2c2cb6fe4 method=lombok.patcher.PatchScript$MethodPatcher.visitMethod(ILjava/lang/String;Ljava/lang/String;Ljava/lang/String;[Ljava/lang/String;)Lorg/lombokweb/asm/MethodVisitor; @ 101 c
Event: 17.202 Thread 0x000001f2d499dfb0 DEOPT PACKING pc=0x000001f2c2cb6fe4 sp=0x00000022c84f9ae0
Event: 17.202 Thread 0x000001f2d499dfb0 DEOPT UNPACKING pc=0x000001f2c24766a3 sp=0x00000022c84f9a98 mode 2
Event: 17.202 Thread 0x000001f2d499dfb0 Uncommon trap: trap_request=0xffffffde fr.pc=0x000001f2c2c7f6fc relative=0x000000000000111c
Event: 17.202 Thread 0x000001f2d499dfb0 Uncommon trap: reason=class_check action=maybe_recompile pc=0x000001f2c2c7f6fc method=lombok.patcher.PatchScript$MethodPatcher.visitMethod(ILjava/lang/String;Ljava/lang/String;Ljava/lang/String;[Ljava/lang/String;)Lorg/lombokweb/asm/MethodVisitor; @ 101 c
Event: 17.202 Thread 0x000001f2d499dfb0 DEOPT PACKING pc=0x000001f2c2c7f6fc sp=0x00000022c84f9aa0
Event: 17.202 Thread 0x000001f2d499dfb0 DEOPT UNPACKING pc=0x000001f2c24766a3 sp=0x00000022c84f9a98 mode 2
Event: 17.227 Thread 0x000001f2d499dfb0 Uncommon trap: trap_request=0xffffff6e fr.pc=0x000001f2c2ddb7f4 relative=0x00000000000003b4
Event: 17.227 Thread 0x000001f2d499dfb0 Uncommon trap: reason=loop_limit_check action=maybe_recompile pc=0x000001f2c2ddb7f4 method=java.util.regex.Pattern$StartS.match(Ljava/util/regex/Matcher;ILjava/lang/CharSequence;)Z @ 34 c2
Event: 17.227 Thread 0x000001f2d499dfb0 DEOPT PACKING pc=0x000001f2c2ddb7f4 sp=0x00000022c84f9860
Event: 17.227 Thread 0x000001f2d499dfb0 DEOPT UNPACKING pc=0x000001f2c24766a3 sp=0x00000022c84f9790 mode 2
Event: 17.249 Thread 0x000001f2d499dfb0 DEOPT PACKING pc=0x000001f2bb0cddc3 sp=0x00000022c84f9400
Event: 17.249 Thread 0x000001f2d499dfb0 DEOPT UNPACKING pc=0x000001f2c2476e43 sp=0x00000022c84f8920 mode 0

Classes loaded (20 events):
Event: 16.131 Loading class java/lang/runtime/ObjectMethods$1
Event: 16.132 Loading class java/lang/runtime/ObjectMethods$1 done
Event: 16.139 Loading class java/lang/invoke/DirectMethodHandle$1
Event: 16.139 Loading class java/lang/invoke/DirectMethodHandle$1 done
Event: 16.144 Loading class java/util/regex/Pattern$BackRef
Event: 16.144 Loading class java/util/regex/Pattern$BackRef done
Event: 16.187 Loading class java/util/AbstractList$ListItr
Event: 16.187 Loading class java/util/AbstractList$ListItr done
Event: 16.201 Loading class java/nio/channels/Channels$ReadableByteChannelImpl
Event: 16.201 Loading class java/nio/channels/Channels$ReadableByteChannelImpl done
Event: 16.204 Loading class java/nio/channels/NonWritableChannelException
Event: 16.204 Loading class java/nio/channels/NonWritableChannelException done
Event: 16.876 Loading class java/lang/UnsupportedClassVersionError
Event: 16.876 Loading class java/lang/UnsupportedClassVersionError done
Event: 16.876 Loading class java/io/FileReader
Event: 16.876 Loading class java/io/FileReader done
Event: 16.885 Loading class jdk/internal/reflect/UnsafeQualifiedStaticIntegerFieldAccessorImpl
Event: 16.886 Loading class jdk/internal/reflect/UnsafeQualifiedStaticIntegerFieldAccessorImpl done
Event: 16.895 Loading class java/lang/ExceptionInInitializerError
Event: 16.896 Loading class java/lang/ExceptionInInitializerError done

Classes unloaded (7 events):
Event: 2.417 Thread 0x000001f2b6c188d0 Unloading class 0x000000010021bc00 'java/lang/invoke/LambdaForm$MH+0x000000010021bc00'
Event: 2.417 Thread 0x000001f2b6c188d0 Unloading class 0x000000010021b800 'java/lang/invoke/LambdaForm$MH+0x000000010021b800'
Event: 2.417 Thread 0x000001f2b6c188d0 Unloading class 0x000000010021b400 'java/lang/invoke/LambdaForm$MH+0x000000010021b400'
Event: 2.417 Thread 0x000001f2b6c188d0 Unloading class 0x000000010021b000 'java/lang/invoke/LambdaForm$MH+0x000000010021b000'
Event: 2.417 Thread 0x000001f2b6c188d0 Unloading class 0x000000010021ac00 'java/lang/invoke/LambdaForm$BMH+0x000000010021ac00'
Event: 2.417 Thread 0x000001f2b6c188d0 Unloading class 0x000000010021a800 'java/lang/invoke/LambdaForm$DMH+0x000000010021a800'
Event: 2.417 Thread 0x000001f2b6c188d0 Unloading class 0x0000000100211400 'java/lang/invoke/LambdaForm$DMH+0x0000000100211400'

Classes redefined (0 events):
No events

Internal exceptions (20 events):
Event: 4.979 Thread 0x000001f2d4791160 Exception <a 'java/lang/NoSuchMethodError'{0x00000000eb42e950}: 'java.lang.Object java.lang.invoke.DirectMethodHandle$Holder.newInvokeSpecial(java.lang.Object, java.lang.Object, java.lang.Object, java.lang.Object, java.lang.Object, java.lang.Object)'> (0x00000000eb42e950) 
thrown [s\src\hotspot\share\interpreter\linkResolver.cpp, line 759]
Event: 15.939 Thread 0x000001f2d499dfb0 Exception <a 'java/lang/NoSuchMethodError'{0x00000000eb4faa00}: 'java.lang.Object java.lang.invoke.DirectMethodHandle$Holder.invokeInterface(java.lang.Object, java.lang.Object, java.lang.Object)'> (0x00000000eb4faa00) 
thrown [s\src\hotspot\share\interpreter\linkResolver.cpp, line 759]
Event: 15.958 Thread 0x000001f2d499dfb0 Exception <a 'java/io/FileNotFoundException'{0x00000000eb58bd50}> (0x00000000eb58bd50) 
thrown [s\src\hotspot\share\prims\jni.cpp, line 516]
Event: 15.959 Thread 0x000001f2d499dfb0 Exception <a 'java/io/FileNotFoundException'{0x00000000eb58cfd0}> (0x00000000eb58cfd0) 
thrown [s\src\hotspot\share\prims\jni.cpp, line 516]
Event: 15.961 Thread 0x000001f2d499dfb0 Exception <a 'java/lang/NoSuchMethodError'{0x00000000eb59bc60}: 'java.lang.Object java.lang.invoke.DirectMethodHandle$Holder.newInvokeSpecial(java.lang.Object, java.lang.Object, java.lang.Object, int)'> (0x00000000eb59bc60) 
thrown [s\src\hotspot\share\interpreter\linkResolver.cpp, line 759]
Event: 15.961 Thread 0x000001f2d499dfb0 Exception <a 'java/lang/NoSuchMethodError'{0x00000000eb59ffa8}: 'java.lang.Object java.lang.invoke.DirectMethodHandle$Holder.invokeSpecial(java.lang.Object, java.lang.Object, java.lang.Object, java.lang.Object, int)'> (0x00000000eb59ffa8) 
thrown [s\src\hotspot\share\interpreter\linkResolver.cpp, line 759]
Event: 15.961 Thread 0x000001f2d499dfb0 Exception <a 'java/lang/NoSuchMethodError'{0x00000000eb5a36b0}: 'java.lang.Object java.lang.invoke.Invokers$Holder.linkToTargetMethod(java.lang.Object, java.lang.Object, int, java.lang.Object)'> (0x00000000eb5a36b0) 
thrown [s\src\hotspot\share\interpreter\linkResolver.cpp, line 759]
Event: 15.962 Thread 0x000001f2d499dfb0 Exception <a 'java/lang/NoSuchMethodError'{0x00000000eb5af278}: 'void java.lang.invoke.DirectMethodHandle$Holder.invokeStaticInit(java.lang.Object, java.lang.Object, java.lang.Object)'> (0x00000000eb5af278) 
thrown [s\src\hotspot\share\interpreter\linkResolver.cpp, line 759]
Event: 16.031 Thread 0x000001f2d499dfb0 Exception <a 'java/lang/NoSuchMethodError'{0x00000000eb7ade60}: 'java.lang.Object java.lang.invoke.Invokers$Holder.invoke_MT(java.lang.Object, java.lang.Object, java.lang.Object)'> (0x00000000eb7ade60) 
thrown [s\src\hotspot\share\interpreter\linkResolver.cpp, line 759]
Event: 16.120 Thread 0x000001f2d499dfb0 Exception <a 'java/lang/NoSuchMethodError'{0x00000000ebd55260}: 'java.lang.Object java.lang.invoke.DirectMethodHandle$Holder.invokeStaticInit(java.lang.Object, java.lang.Object, java.lang.Object, java.lang.Object, java.lang.Object, java.lang.Object, java.lang.Object)'> (0x00000000ebd55260) 
thrown [s\src\hotspot\share\interpreter\linkResolver.cpp, line 759]
Event: 16.123 Thread 0x000001f2d499dfb0 Exception <a 'java/lang/NoSuchMethodError'{0x00000000ebd5e4d8}: 'java.lang.Object java.lang.invoke.DirectMethodHandle$Holder.invokeSpecial(java.lang.Object, java.lang.Object, java.lang.Object, java.lang.Object, java.lang.Object, java.lang.Object, java.lang.Object, java.lang.Object, java.lang.Object, java.lang.Object)'> (0x00000000ebd5e4d8) 
thrown [s\src\hotspot\share\interpreter\linkResolver.cpp, line 759]
Event: 16.124 Thread 0x000001f2d499dfb0 Exception <a 'java/lang/NoSuchMethodError'{0x00000000ebd62ac0}: 'java.lang.Object java.lang.invoke.Invokers$Holder.invoke_MT(java.lang.Object, java.lang.Object, java.lang.Object, java.lang.Object, java.lang.Object, java.lang.Object, java.lang.Object, java.lang.Object, java.lang.Object, java.lang.Object)'> (0x00000000ebd62ac0) 
thrown [s\src\hotspot\share\interpreter\linkResolver.cpp, line 759]
Event: 16.132 Thread 0x000001f2d499dfb0 Exception <a 'java/lang/NoSuchMethodError'{0x00000000ebdaa6e8}: 'int java.lang.invoke.DirectMethodHandle$Holder.invokeVirtual(java.lang.Object, java.lang.Object, java.lang.Object)'> (0x00000000ebdaa6e8) 
thrown [s\src\hotspot\share\interpreter\linkResolver.cpp, line 759]
Event: 16.132 Thread 0x000001f2d499dfb0 Exception <a 'java/lang/NoSuchMethodError'{0x00000000ebdae248}: 'int java.lang.invoke.DirectMethodHandle$Holder.invokeVirtual(java.lang.Object, java.lang.Object)'> (0x00000000ebdae248) 
thrown [s\src\hotspot\share\interpreter\linkResolver.cpp, line 759]
Event: 16.133 Thread 0x000001f2d499dfb0 Exception <a 'java/lang/NoSuchMethodError'{0x00000000ebdb29f8}: 'int java.lang.invoke.DirectMethodHandle$Holder.invokeStaticInit(java.lang.Object, int, int)'> (0x00000000ebdb29f8) 
thrown [s\src\hotspot\share\interpreter\linkResolver.cpp, line 759]
Event: 16.134 Thread 0x000001f2d499dfb0 Exception <a 'java/lang/NoSuchMethodError'{0x00000000ebdba6e0}: 'int java.lang.invoke.DirectMethodHandle$Holder.invokeStaticInit(java.lang.Object, long, long)'> (0x00000000ebdba6e0) 
thrown [s\src\hotspot\share\interpreter\linkResolver.cpp, line 759]
Event: 16.135 Thread 0x000001f2d499dfb0 Exception <a 'java/lang/NoSuchMethodError'{0x00000000ebdc17d8}: 'int java.lang.invoke.DirectMethodHandle$Holder.invokeStaticInit(java.lang.Object, float, float)'> (0x00000000ebdc17d8) 
thrown [s\src\hotspot\share\interpreter\linkResolver.cpp, line 759]
Event: 16.136 Thread 0x000001f2d499dfb0 Exception <a 'java/lang/NoSuchMethodError'{0x00000000ebdd2888}: 'int java.lang.invoke.DirectMethodHandle$Holder.invokeStaticInit(java.lang.Object, double, double)'> (0x00000000ebdd2888) 
thrown [s\src\hotspot\share\interpreter\linkResolver.cpp, line 759]
Event: 16.137 Thread 0x000001f2d499dfb0 Exception <a 'java/lang/NoSuchMethodError'{0x00000000ebdd73d0}: 'int java.lang.invoke.DirectMethodHandle$Holder.invokeStatic(java.lang.Object, long)'> (0x00000000ebdd73d0) 
thrown [s\src\hotspot\share\interpreter\linkResolver.cpp, line 759]
Event: 16.141 Thread 0x000001f2d499dfb0 Exception <a 'java/lang/NoSuchMethodError'{0x00000000ebdffe28}: 'int java.lang.invoke.Invokers$Holder.linkToTargetMethod(java.lang.Object, java.lang.Object)'> (0x00000000ebdffe28) 
thrown [s\src\hotspot\share\interpreter\linkResolver.cpp, line 759]

VM Operations (20 events):
Event: 16.203 Executing VM operation: HandshakeAllThreads
Event: 16.203 Executing VM operation: HandshakeAllThreads done
Event: 16.224 Executing VM operation: ParallelGCFailedAllocation
Event: 16.226 Executing VM operation: ParallelGCFailedAllocation done
Event: 16.365 Executing VM operation: ParallelGCFailedAllocation
Event: 16.369 Executing VM operation: ParallelGCFailedAllocation done
Event: 16.533 Executing VM operation: ParallelGCFailedAllocation
Event: 16.538 Executing VM operation: ParallelGCFailedAllocation done
Event: 16.598 Executing VM operation: ParallelGCFailedAllocation
Event: 16.603 Executing VM operation: ParallelGCFailedAllocation done
Event: 16.662 Executing VM operation: ParallelGCFailedAllocation
Event: 16.667 Executing VM operation: ParallelGCFailedAllocation done
Event: 16.755 Executing VM operation: ParallelGCFailedAllocation
Event: 16.760 Executing VM operation: ParallelGCFailedAllocation done
Event: 16.850 Executing VM operation: HandshakeAllThreads
Event: 16.851 Executing VM operation: HandshakeAllThreads done
Event: 17.180 Executing VM operation: ParallelGCFailedAllocation
Event: 17.185 Executing VM operation: ParallelGCFailedAllocation done
Event: 17.264 Executing VM operation: ParallelGCFailedAllocation
Event: 17.267 Executing VM operation: ParallelGCFailedAllocation done

Events (20 events):
Event: 3.724 Thread 0x000001f2d499a800 Thread added: 0x000001f2d499a800
Event: 3.750 Thread 0x000001f2d4999de0 Thread added: 0x000001f2d4999de0
Event: 3.941 Thread 0x000001f2d499dfb0 Thread added: 0x000001f2d499dfb0
Event: 3.941 Thread 0x000001f2d499b220 Thread added: 0x000001f2d499b220
Event: 4.862 Thread 0x000001f2d4905620 Thread exited: 0x000001f2d4905620
Event: 4.862 Thread 0x000001f2d49048e0 Thread exited: 0x000001f2d49048e0
Event: 4.862 Thread 0x000001f2d1d5e250 Thread exited: 0x000001f2d1d5e250
Event: 7.681 Thread 0x000001f2d1c2f2d0 Thread exited: 0x000001f2d1c2f2d0
Event: 7.681 Thread 0x000001f2d1c33c30 Thread exited: 0x000001f2d1c33c30
Event: 7.681 Thread 0x000001f2d45231c0 Thread exited: 0x000001f2d45231c0
Event: 16.059 Thread 0x000001f2d4a2da60 Thread added: 0x000001f2d4a2da60
Event: 16.063 Thread 0x000001f2d1c2f220 Thread added: 0x000001f2d1c2f220
Event: 16.064 Thread 0x000001f2d1c43ad0 Thread added: 0x000001f2d1c43ad0
Event: 16.079 Thread 0x000001f2d5fb4830 Thread added: 0x000001f2d5fb4830
Event: 16.079 Thread 0x000001f2d43caa50 Thread added: 0x000001f2d43caa50
Event: 16.275 Thread 0x000001f2d5da16e0 Thread added: 0x000001f2d5da16e0
Event: 16.275 Thread 0x000001f2d5da1c00 Thread added: 0x000001f2d5da1c00
Event: 16.344 Thread 0x000001f2d4bdc020 Thread added: 0x000001f2d4bdc020
Event: 16.344 Thread 0x000001f2d4bdc540 Thread added: 0x000001f2d4bdc540
Event: 16.403 Thread 0x000001f2d73e65e0 Thread added: 0x000001f2d73e65e0


Dynamic libraries:
0x00007ff64da30000 - 0x00007ff64da3e000 	c:\Users\tarun\.vscode\extensions\redhat.java-1.35.0-win32-x64\jre\17.0.12-win32-x86_64\bin\java.exe
0x00007ffd06a50000 - 0x00007ffd06c67000 	C:\WINDOWS\SYSTEM32\ntdll.dll
0x00007ffd060d0000 - 0x00007ffd06194000 	C:\WINDOWS\System32\KERNEL32.DLL
0x00007ffd043c0000 - 0x00007ffd04777000 	C:\WINDOWS\System32\KERNELBASE.dll
0x00007ffd042a0000 - 0x00007ffd043b1000 	C:\WINDOWS\System32\ucrtbase.dll
0x00007ffce6220000 - 0x00007ffce623b000 	c:\Users\tarun\.vscode\extensions\redhat.java-1.35.0-win32-x64\jre\17.0.12-win32-x86_64\bin\VCRUNTIME140.dll
0x00007ffce62b0000 - 0x00007ffce62c7000 	c:\Users\tarun\.vscode\extensions\redhat.java-1.35.0-win32-x64\jre\17.0.12-win32-x86_64\bin\jli.dll
0x00007ffd06750000 - 0x00007ffd068ff000 	C:\WINDOWS\System32\USER32.dll
0x00007ffce9a10000 - 0x00007ffce9ca3000 	C:\WINDOWS\WinSxS\amd64_microsoft.windows.common-controls_6595b64144ccf1df_6.0.22621.3672_none_2713b9d173822955\COMCTL32.dll
0x00007ffd05fb0000 - 0x00007ffd06057000 	C:\WINDOWS\System32\msvcrt.dll
0x00007ffd03e00000 - 0x00007ffd03e26000 	C:\WINDOWS\System32\win32u.dll
0x00007ffd05620000 - 0x00007ffd05649000 	C:\WINDOWS\System32\GDI32.dll
0x00007ffd03ea0000 - 0x00007ffd03fb8000 	C:\WINDOWS\System32\gdi32full.dll
0x00007ffd03d60000 - 0x00007ffd03dfa000 	C:\WINDOWS\System32\msvcp_win.dll
0x00007ffd06310000 - 0x00007ffd06341000 	C:\WINDOWS\System32\IMM32.DLL
0x00007ffcfbb90000 - 0x00007ffcfbb9c000 	c:\Users\tarun\.vscode\extensions\redhat.java-1.35.0-win32-x64\jre\17.0.12-win32-x86_64\bin\vcruntime140_1.dll
0x00007ffcd07f0000 - 0x00007ffcd087d000 	c:\Users\tarun\.vscode\extensions\redhat.java-1.35.0-win32-x64\jre\17.0.12-win32-x86_64\bin\msvcp140.dll
0x00007ffc838e0000 - 0x00007ffc8454a000 	c:\Users\tarun\.vscode\extensions\redhat.java-1.35.0-win32-x64\jre\17.0.12-win32-x86_64\bin\server\jvm.dll
0x00007ffd05120000 - 0x00007ffd051d2000 	C:\WINDOWS\System32\ADVAPI32.dll
0x00007ffd05070000 - 0x00007ffd05118000 	C:\WINDOWS\System32\sechost.dll
0x00007ffd04040000 - 0x00007ffd04068000 	C:\WINDOWS\System32\bcrypt.dll
0x00007ffd05750000 - 0x00007ffd05864000 	C:\WINDOWS\System32\RPCRT4.dll
0x00007ffd06650000 - 0x00007ffd066c1000 	C:\WINDOWS\System32\WS2_32.dll
0x00007ffcfdae0000 - 0x00007ffcfdb14000 	C:\WINDOWS\SYSTEM32\WINMM.dll
0x00007ffd02c10000 - 0x00007ffd02c5d000 	C:\WINDOWS\SYSTEM32\POWRPROF.dll
0x00007ffcf7230000 - 0x00007ffcf723a000 	C:\WINDOWS\SYSTEM32\VERSION.dll
0x00007ffd02bf0000 - 0x00007ffd02c03000 	C:\WINDOWS\SYSTEM32\UMPDC.dll
0x00007ffd02ea0000 - 0x00007ffd02eb8000 	C:\WINDOWS\SYSTEM32\kernel.appcore.dll
0x00007ffcfaad0000 - 0x00007ffcfaada000 	c:\Users\tarun\.vscode\extensions\redhat.java-1.35.0-win32-x64\jre\17.0.12-win32-x86_64\bin\jimage.dll
0x00007ffd010f0000 - 0x00007ffd01322000 	C:\WINDOWS\SYSTEM32\DBGHELP.DLL
0x00007ffd05290000 - 0x00007ffd0561e000 	C:\WINDOWS\System32\combase.dll
0x00007ffd063c0000 - 0x00007ffd06497000 	C:\WINDOWS\System32\OLEAUT32.dll
0x00007ffcfe410000 - 0x00007ffcfe442000 	C:\WINDOWS\SYSTEM32\dbgcore.DLL
0x00007ffd03fc0000 - 0x00007ffd0403b000 	C:\WINDOWS\System32\bcryptPrimitives.dll
0x00007ffcfbc70000 - 0x00007ffcfbc7e000 	c:\Users\tarun\.vscode\extensions\redhat.java-1.35.0-win32-x64\jre\17.0.12-win32-x86_64\bin\instrument.dll
0x00007ffcdbc80000 - 0x00007ffcdbca5000 	c:\Users\tarun\.vscode\extensions\redhat.java-1.35.0-win32-x64\jre\17.0.12-win32-x86_64\bin\java.dll
0x00007ffce6060000 - 0x00007ffce6078000 	c:\Users\tarun\.vscode\extensions\redhat.java-1.35.0-win32-x64\jre\17.0.12-win32-x86_64\bin\zip.dll
0x00007ffd04780000 - 0x00007ffd04fe9000 	C:\WINDOWS\System32\SHELL32.dll
0x00007ffd01c90000 - 0x00007ffd0258f000 	C:\WINDOWS\SYSTEM32\windows.storage.dll
0x00007ffd01b50000 - 0x00007ffd01c8f000 	C:\WINDOWS\SYSTEM32\wintypes.dll
0x00007ffd06900000 - 0x00007ffd069f9000 	C:\WINDOWS\System32\SHCORE.dll
0x00007ffd06350000 - 0x00007ffd063ae000 	C:\WINDOWS\System32\shlwapi.dll
0x00007ffd03c90000 - 0x00007ffd03cb7000 	C:\WINDOWS\SYSTEM32\profapi.dll
0x00007ffce3f80000 - 0x00007ffce3f99000 	C:\Users\tarun\.vscode\extensions\redhat.java-1.35.0-win32-x64\jre\17.0.12-win32-x86_64\bin\net.dll
0x00007ffcff440000 - 0x00007ffcff576000 	C:\WINDOWS\SYSTEM32\WINHTTP.dll
0x00007ffd03310000 - 0x00007ffd03379000 	C:\WINDOWS\system32\mswsock.dll
0x00007ffce3ee0000 - 0x00007ffce3ef6000 	C:\Users\tarun\.vscode\extensions\redhat.java-1.35.0-win32-x64\jre\17.0.12-win32-x86_64\bin\nio.dll
0x00007ffcfbbe0000 - 0x00007ffcfbbf0000 	c:\Users\tarun\.vscode\extensions\redhat.java-1.35.0-win32-x64\jre\17.0.12-win32-x86_64\bin\verify.dll
0x00007ffcdbcd0000 - 0x00007ffcdbd15000 	C:\Users\tarun\AppData\Roaming\Code\User\globalStorage\redhat.java\1.35.0\config_ss_win\org.eclipse.equinox.launcher\org.eclipse.equinox.launcher.win32.win32.x86_64_1.2.1100.v20240722-2106\eclipse_11904.dll
0x00007ffd064a0000 - 0x00007ffd06645000 	C:\WINDOWS\System32\ole32.dll
0x00007ffd03560000 - 0x00007ffd0357b000 	C:\WINDOWS\SYSTEM32\CRYPTSP.dll
0x00007ffd02e00000 - 0x00007ffd02e35000 	C:\WINDOWS\system32\rsaenh.dll
0x00007ffd03400000 - 0x00007ffd03428000 	C:\WINDOWS\SYSTEM32\USERENV.dll
0x00007ffd03580000 - 0x00007ffd0358c000 	C:\WINDOWS\SYSTEM32\CRYPTBASE.dll
0x00007ffd02870000 - 0x00007ffd0289d000 	C:\WINDOWS\SYSTEM32\IPHLPAPI.DLL
0x00007ffd063b0000 - 0x00007ffd063b9000 	C:\WINDOWS\System32\NSI.dll
0x00007ffcff370000 - 0x00007ffcff389000 	C:\WINDOWS\SYSTEM32\dhcpcsvc6.DLL
0x00007ffcff350000 - 0x00007ffcff36f000 	C:\WINDOWS\SYSTEM32\dhcpcsvc.DLL
0x00007ffd028e0000 - 0x00007ffd029e2000 	C:\WINDOWS\SYSTEM32\DNSAPI.dll
0x00007ffcd3080000 - 0x00007ffcd30c9000 	C:\Users\tarun\AppData\Local\Temp\jna-110131454\jna18094067763712095842.dll
0x00007ffd06300000 - 0x00007ffd06308000 	C:\WINDOWS\System32\PSAPI.DLL

dbghelp: loaded successfully - version: 4.0.5 - missing functions: none
symbol engine: initialized successfully - sym options: 0x614 - pdb path: .;c:\Users\tarun\.vscode\extensions\redhat.java-1.35.0-win32-x64\jre\17.0.12-win32-x86_64\bin;C:\WINDOWS\SYSTEM32;C:\WINDOWS\WinSxS\amd64_microsoft.windows.common-controls_6595b64144ccf1df_6.0.22621.3672_none_2713b9d173822955;c:\Users\tarun\.vscode\extensions\redhat.java-1.35.0-win32-x64\jre\17.0.12-win32-x86_64\bin\server;C:\Users\tarun\AppData\Roaming\Code\User\globalStorage\redhat.java\1.35.0\config_ss_win\org.eclipse.equinox.launcher\org.eclipse.equinox.launcher.win32.win32.x86_64_1.2.1100.v20240722-2106;C:\Users\tarun\AppData\Local\Temp\jna-110131454

VM Arguments:
jvm_args: --add-modules=ALL-SYSTEM --add-opens=java.base/java.util=ALL-UNNAMED --add-opens=java.base/java.lang=ALL-UNNAMED --add-opens=java.base/sun.nio.fs=ALL-UNNAMED -Declipse.application=org.eclipse.jdt.ls.core.id1 -Dosgi.bundles.defaultStartLevel=4 -Declipse.product=org.eclipse.jdt.ls.core.product -Djava.import.generatesMetadataFilesAtProjectRoot=false -DDetectVMInstallationsJob.disabled=true -Dfile.encoding=utf8 -XX:+UseParallelGC -XX:GCTimeRatio=4 -XX:AdaptiveSizePolicyWeight=90 -Dsun.zip.disableMemoryMapping=true -Xmx1G -Xms100m -Xlog:disable -javaagent:c:\Users\tarun\.vscode\extensions\redhat.java-1.35.0-win32-x64\lombok\lombok-1.18.33.jar 
java_command: c:\Users\tarun\.vscode\extensions\redhat.java-1.35.0-win32-x64\server\plugins\org.eclipse.equinox.launcher_1.6.900.v20240613-2009.jar -configuration c:\Users\tarun\AppData\Roaming\Code\User\globalStorage\redhat.java\1.35.0\config_ss_win -data c:\Users\tarun\AppData\Roaming\Code\User\workspaceStorage\3e039541554babdccf2a8c9dffd2df79\redhat.java\ss_ws --pipe=\\.\pipe\lsp-7480837c0ce8d46816deb1e5e6b9f6bf-sock
java_class_path (initial): c:\Users\tarun\.vscode\extensions\redhat.java-1.35.0-win32-x64\server\plugins\org.eclipse.equinox.launcher_1.6.900.v20240613-2009.jar
Launcher Type: SUN_STANDARD

[Global flags]
    uintx AdaptiveSizePolicyWeight                 = 90                                        {product} {command line}
     intx CICompilerCount                          = 12                                        {product} {ergonomic}
    uintx GCTimeRatio                              = 4                                         {product} {command line}
   size_t InitialHeapSize                          = 104857600                                 {product} {command line}
   size_t MaxHeapSize                              = 1073741824                                {product} {command line}
   size_t MaxNewSize                               = 357564416                                 {product} {ergonomic}
   size_t MinHeapDeltaBytes                        = 524288                                    {product} {ergonomic}
   size_t MinHeapSize                              = 104857600                                 {product} {command line}
   size_t NewSize                                  = 34603008                                  {product} {ergonomic}
    uintx NonNMethodCodeHeapSize                   = 7602480                                {pd product} {ergonomic}
    uintx NonProfiledCodeHeapSize                  = 122027880                              {pd product} {ergonomic}
   size_t OldSize                                  = 70254592                                  {product} {ergonomic}
    uintx ProfiledCodeHeapSize                     = 122027880                              {pd product} {ergonomic}
    uintx ReservedCodeCacheSize                    = 251658240                              {pd product} {ergonomic}
     bool SegmentedCodeCache                       = true                                      {product} {ergonomic}
   size_t SoftMaxHeapSize                          = 1073741824                             {manageable} {ergonomic}
     bool UseCompressedClassPointers               = true                           {product lp64_product} {ergonomic}
     bool UseCompressedOops                        = true                           {product lp64_product} {ergonomic}
     bool UseLargePagesIndividualAllocation        = false                                  {pd product} {ergonomic}
     bool UseParallelGC                            = true                                      {product} {command line}

Logging:
Log output configuration:
 #0: stdout all=off uptime,level,tags
 #1: stderr all=off uptime,level,tags

Environment Variables:
JAVA_HOME=C:\Program Files\Microsoft\jdk-17.0.12.7-hotspot\
PATH=C:\Program Files\Microsoft\jdk-17.0.12.7-hotspot\bin;C:\Program Files\Common Files\Oracle\Java\javapath;C:\WINDOWS\system32;C:\WINDOWS;C:\WINDOWS\System32\Wbem;C:\WINDOWS\System32\WindowsPowerShell\v1.0\;C:\WINDOWS\System32\OpenSSH\;C:\Program Files\NVIDIA Corporation\NVIDIA NvDLISR;C:\Program Files (x86)\NVIDIA Corporation\PhysX\Common;C:\ProgramData\chocolatey\bin;C:\Program Files\nodejs\;C:\Program Files\Git\cmd;C:\Program Files\dotnet\;C:\Users\tarun\.console-ninja\.bin;C:\Users\tarun\AppData\Local\Microsoft\WindowsApps;C:\Users\tarun\AppData\Local\Programs\Microsoft VS Code\bin;C:\Users\tarun\AppData\Roaming\npm;C:\Users\tarun\AppData\Local\Android\Sdk;C:\Users\tarun\AppData\Local\Android\Sdk\platform-tools;C:\php-8.3.11;C:\Users\tarun\.dotnet\tools
USERNAME=tarun
OS=Windows_NT
PROCESSOR_IDENTIFIER=Intel64 Family 6 Model 154 Stepping 3, GenuineIntel
TMP=C:\Users\tarun\AppData\Local\Temp
TEMP=C:\Users\tarun\AppData\Local\Temp



Periodic native trim disabled


---------------  S Y S T E M  ---------------

OS:
 Windows 11 , 64 bit Build 22621 (10.0.22621.3958)
OS uptime: 0 days 3:13 hours
Hyper-V role detected

CPU: total 16 (initial active 16) (8 cores per cpu, 2 threads per core) family 6 model 154 stepping 3 microcode 0x42a, cx8, cmov, fxsr, ht, mmx, 3dnowpref, sse, sse2, sse3, ssse3, sse4.1, sse4.2, popcnt, lzcnt, tsc, tscinvbit, avx, avx2, aes, erms, clmul, bmi1, bmi2, adx, sha, fma, vzeroupper, clflush, clflushopt, clwb, hv
Processor Information for processor 0
  Max Mhz: 1700, Current Mhz: 1700, Mhz Limit: 1700
Processor Information for processor 1
  Max Mhz: 1700, Current Mhz: 1700, Mhz Limit: 1700
Processor Information for processor 2
  Max Mhz: 1700, Current Mhz: 1700, Mhz Limit: 1700
Processor Information for processor 3
  Max Mhz: 1700, Current Mhz: 1700, Mhz Limit: 1700
Processor Information for processor 4
  Max Mhz: 1700, Current Mhz: 1700, Mhz Limit: 1700
Processor Information for processor 5
  Max Mhz: 1700, Current Mhz: 1457, Mhz Limit: 1700
Processor Information for processor 6
  Max Mhz: 1700, Current Mhz: 1700, Mhz Limit: 1700
Processor Information for processor 7
  Max Mhz: 1700, Current Mhz: 1700, Mhz Limit: 1700
Processor Information for processor 8
  Max Mhz: 1700, Current Mhz: 1200, Mhz Limit: 1190
Processor Information for processor 9
  Max Mhz: 1700, Current Mhz: 1200, Mhz Limit: 1190
Processor Information for processor 10
  Max Mhz: 1700, Current Mhz: 1200, Mhz Limit: 1190
Processor Information for processor 11
  Max Mhz: 1700, Current Mhz: 1200, Mhz Limit: 1190
Processor Information for processor 12
  Max Mhz: 1700, Current Mhz: 1200, Mhz Limit: 1190
Processor Information for processor 13
  Max Mhz: 1700, Current Mhz: 1200, Mhz Limit: 1190
Processor Information for processor 14
  Max Mhz: 1700, Current Mhz: 1200, Mhz Limit: 1190
Processor Information for processor 15
  Max Mhz: 1700, Current Mhz: 1200, Mhz Limit: 1190

Memory: 4k page, system-wide physical 16088M (4105M free)
TotalPageFile size 16088M (AvailPageFile size 67M)
current process WorkingSet (physical memory assigned to process): 231M, peak: 232M
current process commit charge ("private bytes"): 326M, peak: 327M

vm_info: OpenJDK 64-Bit Server VM (17.0.12+7) for windows-amd64 JRE (17.0.12+7), built on Jul 16 2024 22:08:24 by "admin" with MS VC++ 16.10 / 16.11 (VS2019)

END.
