#
# There is insufficient memory for the Java Runtime Environment to continue.
# Native memory allocation (malloc) failed to allocate 1005856 bytes. Error detail: Chunk::new
# Possible reasons:
#   The system is out of physical RAM or swap space
#   This process is running with CompressedOops enabled, and the Java Heap may be blocking the growth of the native heap
# Possible solutions:
#   Reduce memory load on the system
#   Increase physical memory or swap space
#   Check if swap backing store is full
#   Decrease Java heap size (-Xmx/-Xms)
#   Decrease number of Java threads
#   Decrease Java thread stack sizes (-Xss)
#   Set larger code cache with -XX:ReservedCodeCacheSize=
#   JVM is running with Unscaled Compressed Oops mode in which the Java heap is
#     placed in the first 4GB address space. The Java Heap base address is the
#     maximum limit for the native heap growth. Please use -XX:HeapBaseMinAddress
#     to set the Java Heap base and to place the Java Heap above 4GB virtual address.
# This output file may be truncated or incomplete.
#
#  Out of Memory Error (arena.cpp:191), pid=17144, tid=11684
#
# JRE version: OpenJDK Runtime Environment Temurin-17.0.12+7 (17.0.12+7) (build 17.0.12+7)
# Java VM: OpenJDK 64-Bit Server VM Temurin-17.0.12+7 (17.0.12+7, mixed mode, tiered, compressed oops, compressed class ptrs, parallel gc, windows-amd64)
# No core dump will be written. Minidumps are not enabled by default on client versions of Windows
#

---------------  S U M M A R Y ------------

Command Line: --add-modules=ALL-SYSTEM --add-opens=java.base/java.util=ALL-UNNAMED --add-opens=java.base/java.lang=ALL-UNNAMED --add-opens=java.base/sun.nio.fs=ALL-UNNAMED -Declipse.application=org.eclipse.jdt.ls.core.id1 -Dosgi.bundles.defaultStartLevel=4 -Declipse.product=org.eclipse.jdt.ls.core.product -Djava.import.generatesMetadataFilesAtProjectRoot=false -DDetectVMInstallationsJob.disabled=true -Dfile.encoding=utf8 -XX:+UseParallelGC -XX:GCTimeRatio=4 -XX:AdaptiveSizePolicyWeight=90 -Dsun.zip.disableMemoryMapping=true -Xmx1G -Xms100m -Xlog:disable -javaagent:c:\Users\tarun\.vscode\extensions\redhat.java-1.34.0-win32-x64\lombok\lombok-1.18.33.jar -XX:+HeapDumpOnOutOfMemoryError -XX:HeapDumpPath=c:\Users\tarun\AppData\Roaming\Code\User\workspaceStorage\cd0ca4ecfc7cdd1afcd594bee28b1c39\redhat.java -Daether.dependencyCollector.impl=bf c:\Users\tarun\.vscode\extensions\redhat.java-1.34.0-win32-x64\server\plugins\org.eclipse.equinox.launcher_1.6.900.v20240613-2009.jar -configuration c:\Users\tarun\AppData\Roaming\Code\User\globalStorage\redhat.java\1.34.0\config_win -data c:\Users\tarun\AppData\Roaming\Code\User\workspaceStorage\cd0ca4ecfc7cdd1afcd594bee28b1c39\redhat.java\jdt_ws --pipe=\\.\pipe\lsp-19f43ce5d3ebf2fb95f702988f8be12a-sock

Host: 12th Gen Intel(R) Core(TM) i5-1240P, 16 cores, 15G,  Windows 11 , 64 bit Build 22621 (10.0.22621.3958)
Time: Thu Sep 19 18:39:04 2024 India Standard Time elapsed time: 9.816873 seconds (0d 0h 0m 9s)

---------------  T H R E A D  ---------------

Current thread (0x0000020197cf56b0):  JavaThread "C2 CompilerThread4" daemon [_thread_in_native, id=11684, stack(0x0000009132500000,0x0000009132600000)]


Current CompileTask:
C2:   9816 7385   !   4       java.io.ObjectInputStream::readObject0 (681 bytes)

Stack: [0x0000009132500000,0x0000009132600000]
Native frames: (J=compiled Java code, j=interpreted, Vv=VM code, C=native code)
V  [jvm.dll+0x67f929]
V  [jvm.dll+0x8371ba]
V  [jvm.dll+0x838c7e]
V  [jvm.dll+0x8392e3]
V  [jvm.dll+0x24834f]
V  [jvm.dll+0xac9d4]
V  [jvm.dll+0xad01c]
V  [jvm.dll+0x3674a7]
V  [jvm.dll+0x1bd376]
V  [jvm.dll+0x21aa09]
V  [jvm.dll+0x219cf1]
V  [jvm.dll+0x1a58bd]
V  [jvm.dll+0x229a2d]
V  [jvm.dll+0x227bdc]
V  [jvm.dll+0x7ec1f7]
V  [jvm.dll+0x7e65dc]
V  [jvm.dll+0x67e7f7]
C  [ucrtbase.dll+0x29333]
C  [KERNEL32.DLL+0x1257d]
C  [ntdll.dll+0x5af28]


---------------  P R O C E S S  ---------------

Threads class SMR info:
_java_thread_list=0x0000020193c2faa0, length=68, elements={
0x00000201f5a5d1b0, 0x00000201fc831010, 0x00000201fc834360, 0x00000201fc839ff0,
0x00000201fc83aac0, 0x00000201fd937dc0, 0x00000201fd9382d0, 0x00000201fd93ebd0,
0x00000201fd941d40, 0x00000201fd94b5c0, 0x00000201fd9387e0, 0x00000201f5abec40,
0x00000201fdb000f0, 0x00000201fd9373a0, 0x00000201fd939710, 0x00000201fd936470,
0x00000201fd9378b0, 0x00000201fd939200, 0x00000201fd935f60, 0x0000020194352f90,
0x0000020194525520, 0x00000201945296f0, 0x00000201945231b0, 0x00000201945287c0,
0x00000201945236c0, 0x0000020194526450, 0x00000201945282b0, 0x00000201945291e0,
0x0000020194528cd0, 0x0000020194525a30, 0x0000020194527da0, 0x0000020194522790,
0x000002019452a110, 0x00000201945245f0, 0x0000020194526960, 0x0000020194524b00,
0x0000020194529c00, 0x00000201945240e0, 0x0000020194525010, 0x0000020194522ca0,
0x0000020194525f40, 0x0000020194527890, 0x0000020194b7f0c0, 0x0000020194b79fc0,
0x0000020194b7b400, 0x0000020194b7ebb0, 0x0000020194b7a9e0, 0x0000020194b7b910,
0x0000020194b7aef0, 0x0000020194b80500, 0x0000020194b80a10, 0x0000020194b80f20,
0x0000020194b81430, 0x0000020194b81940, 0x0000020194b7be20, 0x0000020194b7c330,
0x0000020194b7cd50, 0x0000020194b7d260, 0x0000020197cf5c00, 0x0000020197cf6150,
0x0000020197cf36d0, 0x0000020197cf56b0, 0x0000020197cf66a0, 0x000002019365a670,
0x000002019365a160, 0x0000020193659c50, 0x0000020193659740, 0x00000201936573d0
}

Java Threads: ( => current thread )
  0x00000201f5a5d1b0 JavaThread "main" [_thread_blocked, id=27368, stack(0x000000912d800000,0x000000912d900000)]
  0x00000201fc831010 JavaThread "Reference Handler" daemon [_thread_blocked, id=22012, stack(0x000000912db00000,0x000000912dc00000)]
  0x00000201fc834360 JavaThread "Finalizer" daemon [_thread_blocked, id=27612, stack(0x000000912dc00000,0x000000912dd00000)]
  0x00000201fc839ff0 JavaThread "Signal Dispatcher" daemon [_thread_blocked, id=26064, stack(0x000000912dd00000,0x000000912de00000)]
  0x00000201fc83aac0 JavaThread "Attach Listener" daemon [_thread_blocked, id=1956, stack(0x000000912de00000,0x000000912df00000)]
  0x00000201fd937dc0 JavaThread "Service Thread" daemon [_thread_blocked, id=1472, stack(0x000000912df00000,0x000000912e000000)]
  0x00000201fd9382d0 JavaThread "Monitor Deflation Thread" daemon [_thread_blocked, id=24964, stack(0x000000912e000000,0x000000912e100000)]
  0x00000201fd93ebd0 JavaThread "C2 CompilerThread0" daemon [_thread_blocked, id=25484, stack(0x000000912e100000,0x000000912e200000)]
  0x00000201fd941d40 JavaThread "C1 CompilerThread0" daemon [_thread_blocked, id=27120, stack(0x000000912e200000,0x000000912e300000)]
  0x00000201fd94b5c0 JavaThread "Sweeper thread" daemon [_thread_blocked, id=9800, stack(0x000000912e300000,0x000000912e400000)]
  0x00000201fd9387e0 JavaThread "Common-Cleaner" daemon [_thread_blocked, id=10968, stack(0x000000912e400000,0x000000912e500000)]
  0x00000201f5abec40 JavaThread "C1 CompilerThread1" daemon [_thread_blocked, id=10704, stack(0x000000912e500000,0x000000912e600000)]
  0x00000201fdb000f0 JavaThread "C1 CompilerThread2" daemon [_thread_blocked, id=13068, stack(0x000000912e600000,0x000000912e700000)]
  0x00000201fd9373a0 JavaThread "Notification Thread" daemon [_thread_blocked, id=9972, stack(0x000000912e900000,0x000000912ea00000)]
  0x00000201fd939710 JavaThread "Active Thread: Equinox Container: 060ebe8e-55ee-48fe-99e1-5f450ae39fc7" [_thread_blocked, id=20096, stack(0x000000912f200000,0x000000912f300000)]
  0x00000201fd936470 JavaThread "Framework Event Dispatcher: Equinox Container: 060ebe8e-55ee-48fe-99e1-5f450ae39fc7" daemon [_thread_blocked, id=12892, stack(0x000000912ec00000,0x000000912ed00000)]
  0x00000201fd9378b0 JavaThread "Start Level: Equinox Container: 060ebe8e-55ee-48fe-99e1-5f450ae39fc7" daemon [_thread_blocked, id=23820, stack(0x000000912f300000,0x000000912f400000)]
  0x00000201fd939200 JavaThread "Bundle File Closer" daemon [_thread_blocked, id=19660, stack(0x000000912f600000,0x000000912f700000)]
  0x00000201fd935f60 JavaThread "SCR Component Actor" daemon [_thread_blocked, id=12768, stack(0x000000912f800000,0x000000912f900000)]
  0x0000020194352f90 JavaThread "C1 CompilerThread3" daemon [_thread_blocked, id=1920, stack(0x000000912e700000,0x000000912e800000)]
  0x0000020194525520 JavaThread "Worker-JM" [_thread_blocked, id=17220, stack(0x000000912e800000,0x000000912e900000)]
  0x00000201945296f0 JavaThread "JNA Cleaner" daemon [_thread_blocked, id=23320, stack(0x000000912fc00000,0x000000912fd00000)]
  0x00000201945231b0 JavaThread "Worker-0: Initialize Workspace" [_thread_blocked, id=20344, stack(0x000000912fd00000,0x000000912fe00000)]
  0x00000201945287c0 JavaThread "Worker-1" [_thread_blocked, id=10884, stack(0x000000912fe00000,0x000000912ff00000)]
  0x00000201945236c0 JavaThread "Java indexing" daemon [_thread_blocked, id=25256, stack(0x0000009130400000,0x0000009130500000)]
  0x0000020194526450 JavaThread "Thread-2" daemon [_thread_in_native, id=18208, stack(0x0000009130500000,0x0000009130600000)]
  0x00000201945282b0 JavaThread "Thread-3" daemon [_thread_in_native, id=24216, stack(0x0000009130600000,0x0000009130700000)]
  0x00000201945291e0 JavaThread "Thread-4" daemon [_thread_in_native, id=12444, stack(0x0000009130700000,0x0000009130800000)]
  0x0000020194528cd0 JavaThread "Thread-5" daemon [_thread_in_native, id=23028, stack(0x0000009130800000,0x0000009130900000)]
  0x0000020194525a30 JavaThread "Thread-6" daemon [_thread_in_native, id=7776, stack(0x0000009130900000,0x0000009130a00000)]
  0x0000020194527da0 JavaThread "Thread-7" daemon [_thread_in_native, id=24616, stack(0x0000009130a00000,0x0000009130b00000)]
  0x0000020194522790 JavaThread "Thread-8" daemon [_thread_in_native, id=27132, stack(0x0000009130b00000,0x0000009130c00000)]
  0x000002019452a110 JavaThread "Thread-9" daemon [_thread_in_native, id=8292, stack(0x0000009130c00000,0x0000009130d00000)]
  0x00000201945245f0 JavaThread "Thread-10" daemon [_thread_in_native, id=20536, stack(0x0000009130d00000,0x0000009130e00000)]
  0x0000020194526960 JavaThread "Thread-11" daemon [_thread_in_native, id=2100, stack(0x0000009130e00000,0x0000009130f00000)]
  0x0000020194524b00 JavaThread "Thread-12" daemon [_thread_in_native, id=25100, stack(0x0000009130f00000,0x0000009131000000)]
  0x0000020194529c00 JavaThread "Thread-13" daemon [_thread_in_native, id=24396, stack(0x0000009131000000,0x0000009131100000)]
  0x00000201945240e0 JavaThread "Thread-14" daemon [_thread_in_native, id=18372, stack(0x0000009131100000,0x0000009131200000)]
  0x0000020194525010 JavaThread "Thread-15" daemon [_thread_in_native, id=2436, stack(0x0000009131200000,0x0000009131300000)]
  0x0000020194522ca0 JavaThread "Thread-16" daemon [_thread_in_native, id=27148, stack(0x0000009131300000,0x0000009131400000)]
  0x0000020194525f40 JavaThread "Thread-17" daemon [_thread_in_native, id=15648, stack(0x0000009131400000,0x0000009131500000)]
  0x0000020194527890 JavaThread "Thread-18" daemon [_thread_in_native, id=7732, stack(0x0000009131500000,0x0000009131600000)]
  0x0000020194b7f0c0 JavaThread "pool-2-thread-1" [_thread_blocked, id=24124, stack(0x0000009131600000,0x0000009131700000)]
  0x0000020194b79fc0 JavaThread "WorkspaceEventsHandler" [_thread_blocked, id=21448, stack(0x0000009131700000,0x0000009131800000)]
  0x0000020194b7b400 JavaThread "pool-1-thread-1" [_thread_blocked, id=25932, stack(0x0000009131800000,0x0000009131900000)]
  0x0000020194b7ebb0 JavaThread "Worker-2: Synchronize Gradle projects with workspace" [_thread_blocked, id=13496, stack(0x0000009131900000,0x0000009131a00000)]
  0x0000020194b7a9e0 JavaThread "Worker-3" [_thread_blocked, id=22620, stack(0x0000009131d00000,0x0000009131e00000)]
  0x0000020194b7b910 JavaThread "Timer-0" [_thread_blocked, id=17804, stack(0x0000009131c00000,0x0000009131d00000)]
  0x0000020194b7aef0 JavaThread "Timer-1" [_thread_blocked, id=14704, stack(0x0000009131e00000,0x0000009131f00000)]
  0x0000020194b80500 JavaThread "Timer-2" [_thread_blocked, id=25864, stack(0x0000009132000000,0x0000009132100000)]
  0x0000020194b80a10 JavaThread "Exec process" [_thread_blocked, id=20264, stack(0x0000009130300000,0x0000009130400000)]
  0x0000020194b80f20 JavaThread "Exec process Thread 2" [_thread_blocked, id=16700, stack(0x0000009131a00000,0x0000009131b00000)]
  0x0000020194b81430 JavaThread "Exec process Thread 3" [_thread_blocked, id=18324, stack(0x0000009131b00000,0x0000009131c00000)]
  0x0000020194b81940 JavaThread "Timer-3" [_thread_blocked, id=15428, stack(0x0000009130000000,0x0000009130100000)]
  0x0000020194b7be20 JavaThread "Timer-4" [_thread_blocked, id=15840, stack(0x0000009130100000,0x0000009130200000)]
  0x0000020194b7c330 JavaThread "Timer-5" [_thread_blocked, id=21628, stack(0x0000009130200000,0x0000009130300000)]
  0x0000020194b7cd50 JavaThread "Timer-6" [_thread_blocked, id=15772, stack(0x0000009132100000,0x0000009132200000)]
  0x0000020194b7d260 JavaThread "Timer-7" [_thread_blocked, id=19460, stack(0x0000009132200000,0x0000009132300000)]
  0x0000020197cf5c00 JavaThread "C2 CompilerThread1" daemon [_thread_in_native, id=25840, stack(0x000000912f900000,0x000000912fa00000)]
  0x0000020197cf6150 JavaThread "C2 CompilerThread2" daemon [_thread_in_native, id=21496, stack(0x0000009131f00000,0x0000009132000000)]
  0x0000020197cf36d0 JavaThread "C2 CompilerThread3" daemon [_thread_in_native, id=1584, stack(0x0000009132400000,0x0000009132500000)]
=>0x0000020197cf56b0 JavaThread "C2 CompilerThread4" daemon [_thread_in_native, id=11684, stack(0x0000009132500000,0x0000009132600000)]
  0x0000020197cf66a0 JavaThread "C2 CompilerThread5" daemon [_thread_in_vm, id=15812, stack(0x0000009132600000,0x0000009132700000)]
  0x000002019365a670 JavaThread "Timer-8" [_thread_blocked, id=8936, stack(0x0000009132300000,0x0000009132400000)]
  0x000002019365a160 JavaThread "Timer-9" [_thread_blocked, id=13968, stack(0x0000009132700000,0x0000009132800000)]
  0x0000020193659c50 JavaThread "Connection worker" [_thread_in_native, id=23376, stack(0x0000009132900000,0x0000009132a00000)]
  0x0000020193659740 JavaThread "pool-4-thread-1" [_thread_blocked, id=23204, stack(0x0000009132a00000,0x0000009132b00000)]
  0x00000201936573d0 JavaThread "Forward input" [_thread_blocked, id=4444, stack(0x0000009132c00000,0x0000009132d00000)]

Other Threads:
  0x00000201f5ae6d30 VMThread "VM Thread" [stack: 0x000000912da00000,0x000000912db00000] [id=27068]
  0x00000201930df630 WatcherThread [stack: 0x000000912ea00000,0x000000912eb00000] [id=21476]
  0x00000201f5a72a90 GCTaskThread "GC Thread#0" [stack: 0x000000912d900000,0x000000912da00000] [id=15952]
  0x00000201934a17f0 GCTaskThread "GC Thread#1" [stack: 0x000000912ed00000,0x000000912ee00000] [id=20888]
  0x000002019394f0b0 GCTaskThread "GC Thread#2" [stack: 0x000000912ee00000,0x000000912ef00000] [id=26912]
  0x000002019394f370 GCTaskThread "GC Thread#3" [stack: 0x000000912ef00000,0x000000912f000000] [id=25304]
  0x0000020193309170 GCTaskThread "GC Thread#4" [stack: 0x000000912f000000,0x000000912f100000] [id=16372]
  0x000002019330a250 GCTaskThread "GC Thread#5" [stack: 0x000000912f100000,0x000000912f200000] [id=10056]
  0x0000020193ae28d0 GCTaskThread "GC Thread#6" [stack: 0x000000912f400000,0x000000912f500000] [id=26140]
  0x0000020193ae2350 GCTaskThread "GC Thread#7" [stack: 0x000000912f500000,0x000000912f600000] [id=23560]
  0x0000020193ae3110 GCTaskThread "GC Thread#8" [stack: 0x000000912f700000,0x000000912f800000] [id=24684]
  0x0000020193ae3950 GCTaskThread "GC Thread#9" [stack: 0x000000912eb00000,0x000000912ec00000] [id=27092]
  0x0000020193ae3690 GCTaskThread "GC Thread#10" [stack: 0x000000912fa00000,0x000000912fb00000] [id=23000]
  0x0000020193ae2e50 GCTaskThread "GC Thread#11" [stack: 0x000000912fb00000,0x000000912fc00000] [id=21572]
  0x0000020193ae33d0 GCTaskThread "GC Thread#12" [stack: 0x000000912ff00000,0x0000009130000000] [id=24916]

Threads with active compile tasks:
C2 CompilerThread1     9828 7341       4       java.io.ObjectInputStream::readClassDesc (121 bytes)
C2 CompilerThread2     9828 7337   !   4       java.io.ObjectInputStream::readOrdinaryObject (379 bytes)
C2 CompilerThread3     9829 7535   !   4       java.io.ObjectInputStream::readNonProxyDesc (322 bytes)
C2 CompilerThread4     9829 7385   !   4       java.io.ObjectInputStream::readObject0 (681 bytes)
C2 CompilerThread5     9829 7539       4       java.io.ObjectInputStream::skipCustomData (105 bytes)

VM state: not at safepoint (normal execution)

VM Mutex/Monitor currently owned by a thread: None

Heap address: 0x00000000c0000000, size: 1024 MB, Compressed Oops mode: 32-bit

CDS archive(s) not mapped
Compressed class space mapped at: 0x0000000100000000-0x0000000140000000, reserved size: 1073741824
Narrow klass base: 0x0000000000000000, Narrow klass shift: 3, Narrow klass range: 0x140000000

GC Precious Log:
 CPUs: 16 total, 16 available
 Memory: 16088M
 Large Page Support: Disabled
 NUMA Support: Disabled
 Compressed Oops: Enabled (32-bit)
 Alignments: Space 512K, Generation 512K, Heap 2M
 Heap Min Capacity: 100M
 Heap Initial Capacity: 100M
 Heap Max Capacity: 1G
 Pre-touch: Disabled
 Parallel Workers: 13

Heap:
 PSYoungGen      total 15360K, used 14839K [0x00000000eab00000, 0x00000000ebb80000, 0x0000000100000000)
  eden space 14848K, 96% used [0x00000000eab00000,0x00000000eb90dec8,0x00000000eb980000)
  from space 512K, 87% used [0x00000000ebb00000,0x00000000ebb70010,0x00000000ebb80000)
  to   space 512K, 0% used [0x00000000eba80000,0x00000000eba80000,0x00000000ebb00000)
 ParOldGen       total 68608K, used 41093K [0x00000000c0000000, 0x00000000c4300000, 0x00000000eab00000)
  object space 68608K, 59% used [0x00000000c0000000,0x00000000c28217a0,0x00000000c4300000)
 Metaspace       used 68727K, committed 69888K, reserved 1114112K
  class space    used 8488K, committed 9024K, reserved 1048576K

Card table byte_map: [0x00000201fa0b0000,0x00000201fa2c0000] _byte_map_base: 0x00000201f9ab0000

Marking Bits: (ParMarkBitMap*) 0x00007ffbf4b058b0
 Begin Bits: [0x00000201fa420000, 0x00000201fb420000)
 End Bits:   [0x00000201fb420000, 0x00000201fc420000)

Polling page: 0x00000201f5b10000

Metaspace:

Usage:
  Non-class:     58.83 MB used.
      Class:      8.29 MB used.
       Both:     67.12 MB used.

Virtual space:
  Non-class space:       64.00 MB reserved,      59.44 MB ( 93%) committed,  1 nodes.
      Class space:        1.00 GB reserved,       8.81 MB ( <1%) committed,  1 nodes.
             Both:        1.06 GB reserved,      68.25 MB (  6%) committed. 

Chunk freelists:
   Non-Class:  3.73 MB
       Class:  7.01 MB
        Both:  10.75 MB

MaxMetaspaceSize: unlimited
CompressedClassSpaceSize: 1.00 GB
Initial GC threshold: 21.00 MB
Current GC threshold: 97.31 MB
CDS: off
MetaspaceReclaimPolicy: balanced
 - commit_granule_bytes: 65536.
 - commit_granule_words: 8192.
 - virtual_space_node_default_size: 8388608.
 - enlarge_chunks_in_place: 1.
 - new_chunks_are_fully_committed: 0.
 - uncommit_free_chunks: 1.
 - use_allocation_guard: 0.
 - handle_deallocations: 1.


Internal statistics:

num_allocs_failed_limit: 9.
num_arena_births: 756.
num_arena_deaths: 14.
num_vsnodes_births: 2.
num_vsnodes_deaths: 0.
num_space_committed: 1092.
num_space_uncommitted: 0.
num_chunks_returned_to_freelist: 23.
num_chunks_taken_from_freelist: 3367.
num_chunk_merges: 15.
num_chunk_splits: 2220.
num_chunks_enlarged: 1453.
num_inconsistent_stats: 0.

CodeHeap 'non-profiled nmethods': size=119168Kb used=4506Kb max_used=4766Kb free=114661Kb
 bounds [0x0000020187ba0000, 0x0000020188060000, 0x000002018f000000]
CodeHeap 'profiled nmethods': size=119104Kb used=11682Kb max_used=13252Kb free=107421Kb
 bounds [0x0000020180000000, 0x0000020180d00000, 0x0000020187450000]
CodeHeap 'non-nmethods': size=7488Kb used=3014Kb max_used=3080Kb free=4473Kb
 bounds [0x0000020187450000, 0x0000020187760000, 0x0000020187ba0000]
 total_blobs=6855 nmethods=6191 adapters=575
 compilation: enabled
              stopped_count=0, restarted_count=0
 full_count=0

Compilation events (20 events):
Event: 9.698 Thread 0x0000020197cf36d0 nmethod 7459 0x0000020187df9410 code [0x0000020187df95e0, 0x0000020187df9ec8]
Event: 9.699 Thread 0x0000020197cf36d0 7480       4       com.google.gson.internal.LinkedTreeMap::put (56 bytes)
Event: 9.714 Thread 0x0000020197cf36d0 nmethod 7480 0x0000020187bff810 code [0x0000020187bff9e0, 0x0000020187c002c8]
Event: 9.715 Thread 0x0000020197cf36d0 7481       4       com.google.gson.internal.LinkedTreeMap$Node::<init> (49 bytes)
Event: 9.721 Thread 0x0000020197cf36d0 nmethod 7481 0x0000020187bff490 code [0x0000020187bff600, 0x0000020187bff6f8]
Event: 9.722 Thread 0x0000020197cf36d0 7470       4       org.eclipse.core.runtime.Path::segment (17 bytes)
Event: 9.727 Thread 0x0000020197cf36d0 nmethod 7470 0x0000020187bfef90 code [0x0000020187bff100, 0x0000020187bff1d8]
Event: 9.727 Thread 0x0000020197cf36d0 7485       4       com.google.gson.stream.JsonReader$1::promoteNameToValue (82 bytes)
Event: 9.730 Thread 0x0000020197cf36d0 nmethod 7485 0x0000020187df9090 code [0x0000020187df9220, 0x0000020187df9308]
Event: 9.737 Thread 0x00000201fd93ebd0 nmethod 7483 0x0000020187ee6b10 code [0x0000020187ee6ca0, 0x0000020187ee7568]
Event: 9.737 Thread 0x00000201fdb000f0 7534   !   3       java.io.ObjectInputStream$BlockDataInputStream::readBlockHeader (249 bytes)
Event: 9.738 Thread 0x0000020197cf36d0 7535   !   4       java.io.ObjectInputStream::readNonProxyDesc (322 bytes)
Event: 9.738 Thread 0x0000020194352f90 7536       1       org.gradle.launcher.daemon.protocol.OutputMessage::getEvent (5 bytes)
Event: 9.738 Thread 0x0000020194352f90 nmethod 7536 0x0000020187df8b90 code [0x0000020187df8d20, 0x0000020187df8df8]
Event: 9.741 Thread 0x00000201fdb000f0 nmethod 7534 0x0000020180b95290 code [0x0000020180b956a0, 0x0000020180b971b8]
Event: 9.746 Thread 0x0000020197cf66a0 nmethod 7486 0x0000020187e8c790 code [0x0000020187e8c9e0, 0x0000020187e8df18]
Event: 9.753 Thread 0x00000201fd941d40 7537       3       com.esotericsoftware.kryo.io.Input::readUtf8 (90 bytes)
Event: 9.753 Thread 0x00000201fdb000f0 7538   !   3       java.io.ObjectInputStream$BlockDataInputStream::refill (136 bytes)
Event: 9.754 Thread 0x00000201fd941d40 nmethod 7537 0x0000020180181310 code [0x00000201801814e0, 0x00000201801818f8]
Event: 9.754 Thread 0x00000201fdb000f0 nmethod 7538 0x000002018082a290 code [0x000002018082a480, 0x000002018082a9c8]

GC Heap History (20 events):
Event: 6.939 GC heap before
{Heap before GC invocations=42 (full 3):
 PSYoungGen      total 15872K, used 15869K [0x00000000eab00000, 0x00000000ebe80000, 0x0000000100000000)
  eden space 14848K, 100% used [0x00000000eab00000,0x00000000eb980000,0x00000000eb980000)
  from space 1024K, 99% used [0x00000000ebd80000,0x00000000ebe7f6f0,0x00000000ebe80000)
  to   space 1536K, 0% used [0x00000000ebb80000,0x00000000ebb80000,0x00000000ebd00000)
 ParOldGen       total 68608K, used 38713K [0x00000000c0000000, 0x00000000c4300000, 0x00000000eab00000)
  object space 68608K, 56% used [0x00000000c0000000,0x00000000c25ce4a8,0x00000000c4300000)
 Metaspace       used 66247K, committed 67392K, reserved 1114112K
  class space    used 8146K, committed 8640K, reserved 1048576K
}
Event: 6.940 GC heap after
{Heap after GC invocations=42 (full 3):
 PSYoungGen      total 16384K, used 480K [0x00000000eab00000, 0x00000000ebe00000, 0x0000000100000000)
  eden space 14848K, 0% used [0x00000000eab00000,0x00000000eab00000,0x00000000eb980000)
  from space 1536K, 31% used [0x00000000ebb80000,0x00000000ebbf8000,0x00000000ebd00000)
  to   space 1024K, 0% used [0x00000000ebd00000,0x00000000ebd00000,0x00000000ebe00000)
 ParOldGen       total 68608K, used 38777K [0x00000000c0000000, 0x00000000c4300000, 0x00000000eab00000)
  object space 68608K, 56% used [0x00000000c0000000,0x00000000c25de4a8,0x00000000c4300000)
 Metaspace       used 66247K, committed 67392K, reserved 1114112K
  class space    used 8146K, committed 8640K, reserved 1048576K
}
Event: 6.978 GC heap before
{Heap before GC invocations=43 (full 3):
 PSYoungGen      total 16384K, used 15328K [0x00000000eab00000, 0x00000000ebe00000, 0x0000000100000000)
  eden space 14848K, 100% used [0x00000000eab00000,0x00000000eb980000,0x00000000eb980000)
  from space 1536K, 31% used [0x00000000ebb80000,0x00000000ebbf8000,0x00000000ebd00000)
  to   space 1024K, 0% used [0x00000000ebd00000,0x00000000ebd00000,0x00000000ebe00000)
 ParOldGen       total 68608K, used 38777K [0x00000000c0000000, 0x00000000c4300000, 0x00000000eab00000)
  object space 68608K, 56% used [0x00000000c0000000,0x00000000c25de4a8,0x00000000c4300000)
 Metaspace       used 66247K, committed 67392K, reserved 1114112K
  class space    used 8146K, committed 8640K, reserved 1048576K
}
Event: 6.979 GC heap after
{Heap after GC invocations=43 (full 3):
 PSYoungGen      total 15872K, used 1020K [0x00000000eab00000, 0x00000000ebe00000, 0x0000000100000000)
  eden space 14848K, 0% used [0x00000000eab00000,0x00000000eab00000,0x00000000eb980000)
  from space 1024K, 99% used [0x00000000ebd00000,0x00000000ebdff1b8,0x00000000ebe00000)
  to   space 1536K, 0% used [0x00000000ebb00000,0x00000000ebb00000,0x00000000ebc80000)
 ParOldGen       total 68608K, used 38998K [0x00000000c0000000, 0x00000000c4300000, 0x00000000eab00000)
  object space 68608K, 56% used [0x00000000c0000000,0x00000000c2615ab0,0x00000000c4300000)
 Metaspace       used 66247K, committed 67392K, reserved 1114112K
  class space    used 8146K, committed 8640K, reserved 1048576K
}
Event: 7.022 GC heap before
{Heap before GC invocations=44 (full 3):
 PSYoungGen      total 15872K, used 15868K [0x00000000eab00000, 0x00000000ebe00000, 0x0000000100000000)
  eden space 14848K, 100% used [0x00000000eab00000,0x00000000eb980000,0x00000000eb980000)
  from space 1024K, 99% used [0x00000000ebd00000,0x00000000ebdff1b8,0x00000000ebe00000)
  to   space 1536K, 0% used [0x00000000ebb00000,0x00000000ebb00000,0x00000000ebc80000)
 ParOldGen       total 68608K, used 38998K [0x00000000c0000000, 0x00000000c4300000, 0x00000000eab00000)
  object space 68608K, 56% used [0x00000000c0000000,0x00000000c2615ab0,0x00000000c4300000)
 Metaspace       used 66247K, committed 67392K, reserved 1114112K
  class space    used 8146K, committed 8640K, reserved 1048576K
}
Event: 7.022 GC heap after
{Heap after GC invocations=44 (full 3):
 PSYoungGen      total 16384K, used 1044K [0x00000000eab00000, 0x00000000ebd80000, 0x0000000100000000)
  eden space 14848K, 0% used [0x00000000eab00000,0x00000000eab00000,0x00000000eb980000)
  from space 1536K, 68% used [0x00000000ebb00000,0x00000000ebc05270,0x00000000ebc80000)
  to   space 1024K, 0% used [0x00000000ebc80000,0x00000000ebc80000,0x00000000ebd80000)
 ParOldGen       total 68608K, used 39102K [0x00000000c0000000, 0x00000000c4300000, 0x00000000eab00000)
  object space 68608K, 56% used [0x00000000c0000000,0x00000000c262fac0,0x00000000c4300000)
 Metaspace       used 66247K, committed 67392K, reserved 1114112K
  class space    used 8146K, committed 8640K, reserved 1048576K
}
Event: 7.065 GC heap before
{Heap before GC invocations=45 (full 3):
 PSYoungGen      total 16384K, used 15892K [0x00000000eab00000, 0x00000000ebd80000, 0x0000000100000000)
  eden space 14848K, 100% used [0x00000000eab00000,0x00000000eb980000,0x00000000eb980000)
  from space 1536K, 68% used [0x00000000ebb00000,0x00000000ebc05270,0x00000000ebc80000)
  to   space 1024K, 0% used [0x00000000ebc80000,0x00000000ebc80000,0x00000000ebd80000)
 ParOldGen       total 68608K, used 39102K [0x00000000c0000000, 0x00000000c4300000, 0x00000000eab00000)
  object space 68608K, 56% used [0x00000000c0000000,0x00000000c262fac0,0x00000000c4300000)
 Metaspace       used 66247K, committed 67392K, reserved 1114112K
  class space    used 8146K, committed 8640K, reserved 1048576K
}
Event: 7.065 GC heap after
{Heap after GC invocations=45 (full 3):
 PSYoungGen      total 15360K, used 373K [0x00000000eab00000, 0x00000000ebd00000, 0x0000000100000000)
  eden space 14848K, 0% used [0x00000000eab00000,0x00000000eab00000,0x00000000eb980000)
  from space 512K, 72% used [0x00000000ebc80000,0x00000000ebcdd4b8,0x00000000ebd00000)
  to   space 1024K, 0% used [0x00000000ebb00000,0x00000000ebb00000,0x00000000ebc00000)
 ParOldGen       total 68608K, used 39190K [0x00000000c0000000, 0x00000000c4300000, 0x00000000eab00000)
  object space 68608K, 57% used [0x00000000c0000000,0x00000000c2645ac0,0x00000000c4300000)
 Metaspace       used 66247K, committed 67392K, reserved 1114112K
  class space    used 8146K, committed 8640K, reserved 1048576K
}
Event: 7.107 GC heap before
{Heap before GC invocations=46 (full 3):
 PSYoungGen      total 15360K, used 15221K [0x00000000eab00000, 0x00000000ebd00000, 0x0000000100000000)
  eden space 14848K, 100% used [0x00000000eab00000,0x00000000eb980000,0x00000000eb980000)
  from space 512K, 72% used [0x00000000ebc80000,0x00000000ebcdd4b8,0x00000000ebd00000)
  to   space 1024K, 0% used [0x00000000ebb00000,0x00000000ebb00000,0x00000000ebc00000)
 ParOldGen       total 68608K, used 39190K [0x00000000c0000000, 0x00000000c4300000, 0x00000000eab00000)
  object space 68608K, 57% used [0x00000000c0000000,0x00000000c2645ac0,0x00000000c4300000)
 Metaspace       used 66247K, committed 67392K, reserved 1114112K
  class space    used 8146K, committed 8640K, reserved 1048576K
}
Event: 7.108 GC heap after
{Heap after GC invocations=46 (full 3):
 PSYoungGen      total 15872K, used 1022K [0x00000000eab00000, 0x00000000ebd00000, 0x0000000100000000)
  eden space 14848K, 0% used [0x00000000eab00000,0x00000000eab00000,0x00000000eb980000)
  from space 1024K, 99% used [0x00000000ebb00000,0x00000000ebbffa50,0x00000000ebc00000)
  to   space 1024K, 0% used [0x00000000ebc00000,0x00000000ebc00000,0x00000000ebd00000)
 ParOldGen       total 68608K, used 39484K [0x00000000c0000000, 0x00000000c4300000, 0x00000000eab00000)
  object space 68608K, 57% used [0x00000000c0000000,0x00000000c268f1f0,0x00000000c4300000)
 Metaspace       used 66247K, committed 67392K, reserved 1114112K
  class space    used 8146K, committed 8640K, reserved 1048576K
}
Event: 7.147 GC heap before
{Heap before GC invocations=47 (full 3):
 PSYoungGen      total 15872K, used 15870K [0x00000000eab00000, 0x00000000ebd00000, 0x0000000100000000)
  eden space 14848K, 100% used [0x00000000eab00000,0x00000000eb980000,0x00000000eb980000)
  from space 1024K, 99% used [0x00000000ebb00000,0x00000000ebbffa50,0x00000000ebc00000)
  to   space 1024K, 0% used [0x00000000ebc00000,0x00000000ebc00000,0x00000000ebd00000)
 ParOldGen       total 68608K, used 39484K [0x00000000c0000000, 0x00000000c4300000, 0x00000000eab00000)
  object space 68608K, 57% used [0x00000000c0000000,0x00000000c268f1f0,0x00000000c4300000)
 Metaspace       used 66248K, committed 67392K, reserved 1114112K
  class space    used 8146K, committed 8640K, reserved 1048576K
}
Event: 7.148 GC heap after
{Heap after GC invocations=47 (full 3):
 PSYoungGen      total 15872K, used 802K [0x00000000eab00000, 0x00000000ebd00000, 0x0000000100000000)
  eden space 14848K, 0% used [0x00000000eab00000,0x00000000eab00000,0x00000000eb980000)
  from space 1024K, 78% used [0x00000000ebc00000,0x00000000ebcc88e0,0x00000000ebd00000)
  to   space 1024K, 0% used [0x00000000ebb00000,0x00000000ebb00000,0x00000000ebc00000)
 ParOldGen       total 68608K, used 39564K [0x00000000c0000000, 0x00000000c4300000, 0x00000000eab00000)
  object space 68608K, 57% used [0x00000000c0000000,0x00000000c26a31f0,0x00000000c4300000)
 Metaspace       used 66248K, committed 67392K, reserved 1114112K
  class space    used 8146K, committed 8640K, reserved 1048576K
}
Event: 7.182 GC heap before
{Heap before GC invocations=48 (full 3):
 PSYoungGen      total 15872K, used 15650K [0x00000000eab00000, 0x00000000ebd00000, 0x0000000100000000)
  eden space 14848K, 100% used [0x00000000eab00000,0x00000000eb980000,0x00000000eb980000)
  from space 1024K, 78% used [0x00000000ebc00000,0x00000000ebcc88e0,0x00000000ebd00000)
  to   space 1024K, 0% used [0x00000000ebb00000,0x00000000ebb00000,0x00000000ebc00000)
 ParOldGen       total 68608K, used 39564K [0x00000000c0000000, 0x00000000c4300000, 0x00000000eab00000)
  object space 68608K, 57% used [0x00000000c0000000,0x00000000c26a31f0,0x00000000c4300000)
 Metaspace       used 66248K, committed 67392K, reserved 1114112K
  class space    used 8146K, committed 8640K, reserved 1048576K
}
Event: 7.183 GC heap after
{Heap after GC invocations=48 (full 3):
 PSYoungGen      total 15360K, used 416K [0x00000000eab00000, 0x00000000ebc80000, 0x0000000100000000)
  eden space 14848K, 0% used [0x00000000eab00000,0x00000000eab00000,0x00000000eb980000)
  from space 512K, 81% used [0x00000000ebb00000,0x00000000ebb68000,0x00000000ebb80000)
  to   space 1024K, 0% used [0x00000000ebb80000,0x00000000ebb80000,0x00000000ebc80000)
 ParOldGen       total 68608K, used 40217K [0x00000000c0000000, 0x00000000c4300000, 0x00000000eab00000)
  object space 68608K, 58% used [0x00000000c0000000,0x00000000c2746740,0x00000000c4300000)
 Metaspace       used 66248K, committed 67392K, reserved 1114112K
  class space    used 8146K, committed 8640K, reserved 1048576K
}
Event: 7.568 GC heap before
{Heap before GC invocations=49 (full 3):
 PSYoungGen      total 15360K, used 15264K [0x00000000eab00000, 0x00000000ebc80000, 0x0000000100000000)
  eden space 14848K, 100% used [0x00000000eab00000,0x00000000eb980000,0x00000000eb980000)
  from space 512K, 81% used [0x00000000ebb00000,0x00000000ebb68000,0x00000000ebb80000)
  to   space 1024K, 0% used [0x00000000ebb80000,0x00000000ebb80000,0x00000000ebc80000)
 ParOldGen       total 68608K, used 40217K [0x00000000c0000000, 0x00000000c4300000, 0x00000000eab00000)
  object space 68608K, 58% used [0x00000000c0000000,0x00000000c2746740,0x00000000c4300000)
 Metaspace       used 67933K, committed 69056K, reserved 1114112K
  class space    used 8387K, committed 8896K, reserved 1048576K
}
Event: 7.569 GC heap after
{Heap after GC invocations=49 (full 3):
 PSYoungGen      total 15872K, used 896K [0x00000000eab00000, 0x00000000ebc80000, 0x0000000100000000)
  eden space 14848K, 0% used [0x00000000eab00000,0x00000000eab00000,0x00000000eb980000)
  from space 1024K, 87% used [0x00000000ebb80000,0x00000000ebc60000,0x00000000ebc80000)
  to   space 1024K, 0% used [0x00000000eba80000,0x00000000eba80000,0x00000000ebb80000)
 ParOldGen       total 68608K, used 40273K [0x00000000c0000000, 0x00000000c4300000, 0x00000000eab00000)
  object space 68608K, 58% used [0x00000000c0000000,0x00000000c2754750,0x00000000c4300000)
 Metaspace       used 67933K, committed 69056K, reserved 1114112K
  class space    used 8387K, committed 8896K, reserved 1048576K
}
Event: 7.993 GC heap before
{Heap before GC invocations=50 (full 3):
 PSYoungGen      total 15872K, used 15744K [0x00000000eab00000, 0x00000000ebc80000, 0x0000000100000000)
  eden space 14848K, 100% used [0x00000000eab00000,0x00000000eb980000,0x00000000eb980000)
  from space 1024K, 87% used [0x00000000ebb80000,0x00000000ebc60000,0x00000000ebc80000)
  to   space 1024K, 0% used [0x00000000eba80000,0x00000000eba80000,0x00000000ebb80000)
 ParOldGen       total 68608K, used 40273K [0x00000000c0000000, 0x00000000c4300000, 0x00000000eab00000)
  object space 68608K, 58% used [0x00000000c0000000,0x00000000c2754750,0x00000000c4300000)
 Metaspace       used 68242K, committed 69376K, reserved 1114112K
  class space    used 8410K, committed 8960K, reserved 1048576K
}
Event: 7.994 GC heap after
{Heap after GC invocations=50 (full 3):
 PSYoungGen      total 15360K, used 384K [0x00000000eab00000, 0x00000000ebc00000, 0x0000000100000000)
  eden space 14848K, 0% used [0x00000000eab00000,0x00000000eab00000,0x00000000eb980000)
  from space 512K, 75% used [0x00000000eba80000,0x00000000ebae0000,0x00000000ebb00000)
  to   space 1024K, 0% used [0x00000000ebb00000,0x00000000ebb00000,0x00000000ebc00000)
 ParOldGen       total 68608K, used 40965K [0x00000000c0000000, 0x00000000c4300000, 0x00000000eab00000)
  object space 68608K, 59% used [0x00000000c0000000,0x00000000c28017a0,0x00000000c4300000)
 Metaspace       used 68242K, committed 69376K, reserved 1114112K
  class space    used 8410K, committed 8960K, reserved 1048576K
}
Event: 8.110 GC heap before
{Heap before GC invocations=51 (full 3):
 PSYoungGen      total 15360K, used 15232K [0x00000000eab00000, 0x00000000ebc00000, 0x0000000100000000)
  eden space 14848K, 100% used [0x00000000eab00000,0x00000000eb980000,0x00000000eb980000)
  from space 512K, 75% used [0x00000000eba80000,0x00000000ebae0000,0x00000000ebb00000)
  to   space 1024K, 0% used [0x00000000ebb00000,0x00000000ebb00000,0x00000000ebc00000)
 ParOldGen       total 68608K, used 40965K [0x00000000c0000000, 0x00000000c4300000, 0x00000000eab00000)
  object space 68608K, 59% used [0x00000000c0000000,0x00000000c28017a0,0x00000000c4300000)
 Metaspace       used 68349K, committed 69568K, reserved 1114112K
  class space    used 8425K, committed 8960K, reserved 1048576K
}
Event: 8.111 GC heap after
{Heap after GC invocations=51 (full 3):
 PSYoungGen      total 15360K, used 448K [0x00000000eab00000, 0x00000000ebb80000, 0x0000000100000000)
  eden space 14848K, 0% used [0x00000000eab00000,0x00000000eab00000,0x00000000eb980000)
  from space 512K, 87% used [0x00000000ebb00000,0x00000000ebb70010,0x00000000ebb80000)
  to   space 512K, 0% used [0x00000000eba80000,0x00000000eba80000,0x00000000ebb00000)
 ParOldGen       total 68608K, used 41093K [0x00000000c0000000, 0x00000000c4300000, 0x00000000eab00000)
  object space 68608K, 59% used [0x00000000c0000000,0x00000000c28217a0,0x00000000c4300000)
 Metaspace       used 68349K, committed 69568K, reserved 1114112K
  class space    used 8425K, committed 8960K, reserved 1048576K
}

Dll operation events (15 events):
Event: 0.011 Loaded shared library c:\Users\tarun\.vscode\extensions\redhat.java-1.34.0-win32-x64\jre\17.0.12-win32-x86_64\bin\java.dll
Event: 0.209 Loaded shared library c:\Users\tarun\.vscode\extensions\redhat.java-1.34.0-win32-x64\jre\17.0.12-win32-x86_64\bin\zip.dll
Event: 0.213 Loaded shared library C:\Users\tarun\.vscode\extensions\redhat.java-1.34.0-win32-x64\jre\17.0.12-win32-x86_64\bin\instrument.dll
Event: 0.228 Loaded shared library C:\Users\tarun\.vscode\extensions\redhat.java-1.34.0-win32-x64\jre\17.0.12-win32-x86_64\bin\net.dll
Event: 0.230 Loaded shared library C:\Users\tarun\.vscode\extensions\redhat.java-1.34.0-win32-x64\jre\17.0.12-win32-x86_64\bin\nio.dll
Event: 0.240 Loaded shared library C:\Users\tarun\.vscode\extensions\redhat.java-1.34.0-win32-x64\jre\17.0.12-win32-x86_64\bin\zip.dll
Event: 0.263 Loaded shared library C:\Users\tarun\.vscode\extensions\redhat.java-1.34.0-win32-x64\jre\17.0.12-win32-x86_64\bin\jimage.dll
Event: 0.350 Loaded shared library c:\Users\tarun\.vscode\extensions\redhat.java-1.34.0-win32-x64\jre\17.0.12-win32-x86_64\bin\verify.dll
Event: 1.241 Loaded shared library C:\Users\tarun\AppData\Roaming\Code\User\globalStorage\redhat.java\1.34.0\config_win\org.eclipse.equinox.launcher\org.eclipse.equinox.launcher.win32.win32.x86_64_1.2.1100.v20240722-2106\eclipse_11904.dll
Event: 2.162 Loaded shared library C:\Users\tarun\AppData\Local\Temp\jna-110131454\jna7369921376115389324.dll
Event: 5.147 Loaded shared library C:\Users\tarun\.gradle\native\c067742578af261105cb4f569cf0c3c89f3d7b1fecec35dd04571415982c5e48\windows-amd64\native-platform.dll
Event: 5.673 Loaded shared library C:\Users\tarun\.vscode\extensions\redhat.java-1.34.0-win32-x64\jre\17.0.12-win32-x86_64\bin\management.dll
Event: 5.674 Loaded shared library C:\Users\tarun\.vscode\extensions\redhat.java-1.34.0-win32-x64\jre\17.0.12-win32-x86_64\bin\management_ext.dll
Event: 7.290 Loaded shared library C:\Users\tarun\.vscode\extensions\redhat.java-1.34.0-win32-x64\jre\17.0.12-win32-x86_64\bin\extnet.dll
Event: 7.328 Loaded shared library C:\Users\tarun\.vscode\extensions\redhat.java-1.34.0-win32-x64\jre\17.0.12-win32-x86_64\bin\sunmscapi.dll

Deoptimization events (20 events):
Event: 9.589 Thread 0x0000020194b7d770 DEOPT PACKING pc=0x0000020187e01234 sp=0x00000091323fc810
Event: 9.589 Thread 0x0000020194b7d770 DEOPT UNPACKING pc=0x00000201874a66a3 sp=0x00000091323fc838 mode 2
Event: 9.589 Thread 0x0000020194b7d770 Uncommon trap: trap_request=0xffffffde fr.pc=0x0000020188024b9c relative=0x000000000000035c
Event: 9.589 Thread 0x0000020194b7d770 Uncommon trap: reason=class_check action=maybe_recompile pc=0x0000020188024b9c method=java.io.ObjectInputStream$PeekInputStream.read()I @ 23 c2
Event: 9.589 Thread 0x0000020194b7d770 DEOPT PACKING pc=0x0000020188024b9c sp=0x00000091323fc9c0
Event: 9.589 Thread 0x0000020194b7d770 DEOPT UNPACKING pc=0x00000201874a66a3 sp=0x00000091323fc940 mode 2
Event: 9.591 Thread 0x0000020194b7d770 Uncommon trap: trap_request=0xffffffde fr.pc=0x0000020188024b9c relative=0x000000000000035c
Event: 9.591 Thread 0x0000020194b7d770 Uncommon trap: reason=class_check action=maybe_recompile pc=0x0000020188024b9c method=java.io.ObjectInputStream$PeekInputStream.read()I @ 23 c2
Event: 9.591 Thread 0x0000020194b7d770 DEOPT PACKING pc=0x0000020188024b9c sp=0x00000091323fcae0
Event: 9.591 Thread 0x0000020194b7d770 DEOPT UNPACKING pc=0x00000201874a66a3 sp=0x00000091323fca60 mode 2
Event: 9.593 Thread 0x0000020194b7d770 Uncommon trap: trap_request=0xffffffde fr.pc=0x0000020188024b9c relative=0x000000000000035c
Event: 9.593 Thread 0x0000020194b7d770 Uncommon trap: reason=class_check action=maybe_recompile pc=0x0000020188024b9c method=java.io.ObjectInputStream$PeekInputStream.read()I @ 23 c2
Event: 9.593 Thread 0x0000020194b7d770 DEOPT PACKING pc=0x0000020188024b9c sp=0x00000091323fcc00
Event: 9.593 Thread 0x0000020194b7d770 DEOPT UNPACKING pc=0x00000201874a66a3 sp=0x00000091323fcb80 mode 2
Event: 9.644 Thread 0x00000201936573d0 Uncommon trap: trap_request=0xffffffde fr.pc=0x0000020187c32470 relative=0x00000000000007f0
Event: 9.645 Thread 0x00000201936573d0 Uncommon trap: reason=class_check action=maybe_recompile pc=0x0000020187c32470 method=java.util.HashMap.computeIfAbsent(Ljava/lang/Object;Ljava/util/function/Function;)Ljava/lang/Object; @ 142 c2
Event: 9.645 Thread 0x00000201936573d0 DEOPT PACKING pc=0x0000020187c32470 sp=0x00000091327feb50
Event: 9.645 Thread 0x00000201936573d0 DEOPT UNPACKING pc=0x00000201874a66a3 sp=0x00000091327feaf8 mode 2
Event: 9.669 Thread 0x0000020193659c50 DEOPT PACKING pc=0x0000020180b5af29 sp=0x00000091329fe6f0
Event: 9.669 Thread 0x0000020193659c50 DEOPT UNPACKING pc=0x00000201874a6e43 sp=0x00000091329fdc10 mode 0

Classes loaded (20 events):
Event: 7.357 Loading class java/nio/channels/spi/AbstractSelector$1
Event: 7.357 Loading class java/nio/channels/spi/AbstractSelector$1 done
Event: 7.364 Loading class java/nio/channels/AsynchronousCloseException
Event: 7.364 Loading class java/nio/channels/ClosedChannelException
Event: 7.364 Loading class java/nio/channels/ClosedChannelException done
Event: 7.364 Loading class java/nio/channels/AsynchronousCloseException done
Event: 7.365 Loading class java/lang/UnsupportedClassVersionError
Event: 7.365 Loading class java/lang/UnsupportedClassVersionError done
Event: 7.596 Loading class java/util/WeakHashMap$KeyIterator
Event: 7.596 Loading class java/util/WeakHashMap$KeyIterator done
Event: 7.976 Loading class java/time/Ser
Event: 7.976 Loading class java/time/Ser done
Event: 9.579 Loading class java/lang/Throwable$PrintStreamOrWriter
Event: 9.579 Loading class java/lang/Throwable$PrintStreamOrWriter done
Event: 9.610 Loading class sun/misc/SharedSecrets
Event: 9.610 Loading class sun/misc/SharedSecrets done
Event: 9.610 Loading class java/lang/Throwable$WrappedPrintWriter
Event: 9.610 Loading class java/lang/Throwable$WrappedPrintWriter done
Event: 9.674 Loading class java/security/DigestInputStream
Event: 9.675 Loading class java/security/DigestInputStream done

Classes unloaded (7 events):
Event: 1.882 Thread 0x00000201f5ae6d30 Unloading class 0x0000000100250400 'java/lang/invoke/LambdaForm$MH+0x0000000100250400'
Event: 1.882 Thread 0x00000201f5ae6d30 Unloading class 0x0000000100250000 'java/lang/invoke/LambdaForm$MH+0x0000000100250000'
Event: 1.882 Thread 0x00000201f5ae6d30 Unloading class 0x000000010024fc00 'java/lang/invoke/LambdaForm$MH+0x000000010024fc00'
Event: 1.882 Thread 0x00000201f5ae6d30 Unloading class 0x000000010024f800 'java/lang/invoke/LambdaForm$MH+0x000000010024f800'
Event: 1.882 Thread 0x00000201f5ae6d30 Unloading class 0x000000010024f400 'java/lang/invoke/LambdaForm$BMH+0x000000010024f400'
Event: 1.882 Thread 0x00000201f5ae6d30 Unloading class 0x000000010024f000 'java/lang/invoke/LambdaForm$DMH+0x000000010024f000'
Event: 1.882 Thread 0x00000201f5ae6d30 Unloading class 0x000000010024c400 'java/lang/invoke/LambdaForm$DMH+0x000000010024c400'

Classes redefined (0 events):
No events

Internal exceptions (20 events):
Event: 8.076 Thread 0x0000020194b7d770 Exception <a 'java/lang/NoSuchMethodError'{0x00000000eb73c040}: static Lorg/gradle/internal/build/event/types/DefaultTaskFinishedProgressEvent;.<clinit>()V> (0x00000000eb73c040) 
thrown [s\src\hotspot\share\prims\jni.cpp, line 1112]
Event: 8.081 Thread 0x0000020194b7d770 Exception <a 'java/lang/NoSuchMethodError'{0x00000000eb75a8a0}: static Lorg/gradle/internal/build/event/types/AbstractTaskResult;.<clinit>()V> (0x00000000eb75a8a0) 
thrown [s\src\hotspot\share\prims\jni.cpp, line 1112]
Event: 8.083 Thread 0x0000020194b7d770 Exception <a 'java/lang/NoSuchMethodError'{0x00000000eb769648}: static Lorg/gradle/internal/build/event/types/DefaultTaskSuccessResult;.<clinit>()V> (0x00000000eb769648) 
thrown [s\src\hotspot\share\prims\jni.cpp, line 1112]
Event: 8.107 Thread 0x0000020194b7d770 Exception <a 'java/lang/NoSuchMethodError'{0x00000000eb889138}: static Lorg/gradle/internal/build/event/types/DefaultTaskSkippedResult;.<clinit>()V> (0x00000000eb889138) 
thrown [s\src\hotspot\share\prims\jni.cpp, line 1112]
Event: 9.465 Thread 0x0000020194b7d770 Exception <a 'java/lang/NoSuchMethodError'{0x00000000eab6c120}: static Lorg/gradle/internal/build/event/types/DefaultFailureResult;.<clinit>()V> (0x00000000eab6c120) 
thrown [s\src\hotspot\share\prims\jni.cpp, line 1112]
Event: 9.466 Thread 0x0000020194b7d770 Exception <a 'java/lang/NoSuchMethodError'{0x00000000eab91978}: static Lorg/gradle/internal/build/event/types/DefaultFailure;.<clinit>()V> (0x00000000eab91978) 
thrown [s\src\hotspot\share\prims\jni.cpp, line 1112]
Event: 9.525 Thread 0x0000020194b7d770 Exception <a 'java/lang/NoSuchMethodError'{0x00000000eac98da8}: static Lorg/gradle/internal/classloader/ClassLoaderSpec;.<clinit>()V> (0x00000000eac98da8) 
thrown [s\src\hotspot\share\prims\jni.cpp, line 1112]
Event: 9.526 Thread 0x0000020194b7d770 Exception <a 'java/lang/NoSuchMethodError'{0x00000000eaca94c0}: static Lorg/gradle/internal/classloader/VisitableURLClassLoader$Spec;.<clinit>()V> (0x00000000eaca94c0) 
thrown [s\src\hotspot\share\prims\jni.cpp, line 1112]
Event: 9.537 Thread 0x0000020194b7d770 Exception <a 'java/lang/NoSuchMethodError'{0x00000000ead7e078}: static [B.<clinit>()V> (0x00000000ead7e078) 
thrown [s\src\hotspot\share\prims\jni.cpp, line 1112]
Event: 9.580 Thread 0x0000020194b7d770 Exception <a 'java/lang/NoSuchMethodError'{0x00000000eb0aabe8}: static Lorg/gradle/api/GradleException;.<clinit>()V> (0x00000000eb0aabe8) 
thrown [s\src\hotspot\share\prims\jni.cpp, line 1112]
Event: 9.580 Thread 0x0000020194b7d770 Exception <a 'java/lang/NoSuchMethodError'{0x00000000eb0abde0}: static Lorg/gradle/process/internal/ExecException;.<clinit>()V> (0x00000000eb0abde0) 
thrown [s\src\hotspot\share\prims\jni.cpp, line 1112]
Event: 9.581 Thread 0x0000020194b7d770 Exception <a 'java/lang/NoSuchMethodError'{0x00000000eb0b4340}: static [Ljava/lang/StackTraceElement;.<clinit>()V> (0x00000000eb0b4340) 
thrown [s\src\hotspot\share\prims\jni.cpp, line 1112]
Event: 9.587 Thread 0x0000020194b7d770 Exception <a 'java/lang/NoSuchMethodError'{0x00000000eb0f60e0}: static Lorg/gradle/api/GradleScriptException;.<clinit>()V> (0x00000000eb0f60e0) 
thrown [s\src\hotspot\share\prims\jni.cpp, line 1112]
Event: 9.593 Thread 0x0000020194b7d770 Exception <a 'java/lang/NoSuchMethodError'{0x00000000eb151c08}: static Lorg/gradle/tooling/internal/protocol/InternalBuildActionFailureException;.<clinit>()V> (0x00000000eb151c08) 
thrown [s\src\hotspot\share\prims\jni.cpp, line 1112]
Event: 9.610 Thread 0x00000201945231b0 Exception <a 'java/lang/ClassNotFoundException'{0x00000000eb205360}: sun/misc/SharedSecrets> (0x00000000eb205360) 
thrown [s\src\hotspot\share\classfile\systemDictionary.cpp, line 256]
Event: 9.612 Thread 0x00000201945231b0 Exception <a 'java/lang/NoSuchMethodError'{0x00000000eb296d58}: 'void java.lang.invoke.DirectMethodHandle$Holder.invokeStatic(java.lang.Object, int, java.lang.Object)'> (0x00000000eb296d58) 
thrown [s\src\hotspot\share\interpreter\linkResolver.cpp, line 759]
Event: 9.615 Thread 0x00000201945231b0 Exception <a 'java/lang/NoSuchMethodError'{0x00000000eb2becc8}: 'void java.lang.invoke.DirectMethodHandle$Holder.invokeSpecialIFC(java.lang.Object, java.lang.Object, java.lang.Object, java.lang.Object)'> (0x00000000eb2becc8) 
thrown [s\src\hotspot\share\interpreter\linkResolver.cpp, line 759]
Event: 9.659 Thread 0x00000201945231b0 Exception <a 'java/lang/NoSuchMethodError'{0x00000000eb577550}: 'java.lang.Object java.lang.invoke.DirectMethodHandle$Holder.newInvokeSpecial(java.lang.Object, java.lang.Object, java.lang.Object, int)'> (0x00000000eb577550) 
thrown [s\src\hotspot\share\interpreter\linkResolver.cpp, line 759]
Event: 9.660 Thread 0x00000201945231b0 Exception <a 'java/lang/NoSuchMethodError'{0x00000000eb57b3b0}: 'java.lang.Object java.lang.invoke.DirectMethodHandle$Holder.invokeSpecial(java.lang.Object, java.lang.Object, java.lang.Object, java.lang.Object, int)'> (0x00000000eb57b3b0) 
thrown [s\src\hotspot\share\interpreter\linkResolver.cpp, line 759]
Event: 9.660 Thread 0x00000201945231b0 Exception <a 'java/lang/NoSuchMethodError'{0x00000000eb57e810}: 'java.lang.Object java.lang.invoke.Invokers$Holder.linkToTargetMethod(java.lang.Object, java.lang.Object, int, java.lang.Object)'> (0x00000000eb57e810) 
thrown [s\src\hotspot\share\interpreter\linkResolver.cpp, line 759]

VM Operations (20 events):
Event: 8.052 Executing VM operation: HandshakeAllThreads
Event: 8.052 Executing VM operation: HandshakeAllThreads done
Event: 8.069 Executing VM operation: HandshakeAllThreads
Event: 8.070 Executing VM operation: HandshakeAllThreads done
Event: 8.075 Executing VM operation: HandshakeAllThreads
Event: 8.075 Executing VM operation: HandshakeAllThreads done
Event: 8.110 Executing VM operation: ParallelGCFailedAllocation
Event: 8.111 Executing VM operation: ParallelGCFailedAllocation done
Event: 8.200 Executing VM operation: HandshakeAllThreads
Event: 8.200 Executing VM operation: HandshakeAllThreads done
Event: 8.239 Executing VM operation: HandshakeAllThreads
Event: 8.239 Executing VM operation: HandshakeAllThreads done
Event: 8.283 Executing VM operation: HandshakeAllThreads
Event: 8.283 Executing VM operation: HandshakeAllThreads done
Event: 9.284 Executing VM operation: Cleanup
Event: 9.284 Executing VM operation: Cleanup done
Event: 9.534 Executing VM operation: HandshakeAllThreads
Event: 9.534 Executing VM operation: HandshakeAllThreads done
Event: 9.598 Executing VM operation: HandshakeAllThreads
Event: 9.598 Executing VM operation: HandshakeAllThreads done

Events (20 events):
Event: 9.117 Thread 0x0000020197cf3c20 Thread exited: 0x0000020197cf3c20
Event: 9.318 Thread 0x0000020197cf6150 Thread exited: 0x0000020197cf6150
Event: 9.466 Thread 0x0000020197cf5c00 Thread exited: 0x0000020197cf5c00
Event: 9.531 Thread 0x000002019365a670 Thread exited: 0x000002019365a670
Event: 9.532 Thread 0x0000020194b7e190 Thread exited: 0x0000020194b7e190
Event: 9.541 Thread 0x0000020197cf5c00 Thread added: 0x0000020197cf5c00
Event: 9.541 Thread 0x0000020197cf6150 Thread added: 0x0000020197cf6150
Event: 9.543 Thread 0x0000020197cf36d0 Thread added: 0x0000020197cf36d0
Event: 9.545 Thread 0x0000020197cf56b0 Thread added: 0x0000020197cf56b0
Event: 9.545 Thread 0x0000020197cf66a0 Thread added: 0x0000020197cf66a0
Event: 9.596 Thread 0x0000020194b7d770 Thread exited: 0x0000020194b7d770
Event: 9.629 Thread 0x000002019365a670 Thread added: 0x000002019365a670
Event: 9.632 Thread 0x00000201936573d0 Thread added: 0x00000201936573d0
Event: 9.645 Thread 0x00000201936573d0 Thread exited: 0x00000201936573d0
Event: 9.664 Thread 0x000002019365a160 Thread added: 0x000002019365a160
Event: 9.665 Thread 0x0000020193659c50 Thread added: 0x0000020193659c50
Event: 9.687 Thread 0x0000020193659740 Thread added: 0x0000020193659740
Event: 9.723 Thread 0x0000020193654640 Thread added: 0x0000020193654640
Event: 9.723 Thread 0x00000201936573d0 Thread added: 0x00000201936573d0
Event: 9.723 Thread 0x0000020193654640 Thread exited: 0x0000020193654640


Dynamic libraries:
0x00007ff6282f0000 - 0x00007ff6282fe000 	c:\Users\tarun\.vscode\extensions\redhat.java-1.34.0-win32-x64\jre\17.0.12-win32-x86_64\bin\java.exe
0x00007ffc57770000 - 0x00007ffc57987000 	C:\WINDOWS\SYSTEM32\ntdll.dll
0x00007ffc56c50000 - 0x00007ffc56d14000 	C:\WINDOWS\System32\KERNEL32.DLL
0x00007ffc54fd0000 - 0x00007ffc5537d000 	C:\WINDOWS\System32\KERNELBASE.dll
0x00007ffc55380000 - 0x00007ffc55491000 	C:\WINDOWS\System32\ucrtbase.dll
0x00007ffc3c2f0000 - 0x00007ffc3c30b000 	c:\Users\tarun\.vscode\extensions\redhat.java-1.34.0-win32-x64\jre\17.0.12-win32-x86_64\bin\VCRUNTIME140.dll
0x00007ffc3c6c0000 - 0x00007ffc3c6d7000 	c:\Users\tarun\.vscode\extensions\redhat.java-1.34.0-win32-x64\jre\17.0.12-win32-x86_64\bin\jli.dll
0x00007ffc57520000 - 0x00007ffc576ce000 	C:\WINDOWS\System32\USER32.dll
0x00007ffc3b250000 - 0x00007ffc3b4e3000 	C:\WINDOWS\WinSxS\amd64_microsoft.windows.common-controls_6595b64144ccf1df_6.0.22621.3672_none_2713b9d173822955\COMCTL32.dll
0x00007ffc56e20000 - 0x00007ffc56ec7000 	C:\WINDOWS\System32\msvcrt.dll
0x00007ffc54b00000 - 0x00007ffc54b26000 	C:\WINDOWS\System32\win32u.dll
0x00007ffc55fe0000 - 0x00007ffc56009000 	C:\WINDOWS\System32\GDI32.dll
0x00007ffc54d40000 - 0x00007ffc54e59000 	C:\WINDOWS\System32\gdi32full.dll
0x00007ffc54c20000 - 0x00007ffc54cba000 	C:\WINDOWS\System32\msvcp_win.dll
0x00007ffc555d0000 - 0x00007ffc55601000 	C:\WINDOWS\System32\IMM32.DLL
0x00007ffc4ee70000 - 0x00007ffc4ee7c000 	c:\Users\tarun\.vscode\extensions\redhat.java-1.34.0-win32-x64\jre\17.0.12-win32-x86_64\bin\vcruntime140_1.dll
0x00007ffbf6dc0000 - 0x00007ffbf6e4d000 	c:\Users\tarun\.vscode\extensions\redhat.java-1.34.0-win32-x64\jre\17.0.12-win32-x86_64\bin\msvcp140.dll
0x00007ffbf3f60000 - 0x00007ffbf4bca000 	c:\Users\tarun\.vscode\extensions\redhat.java-1.34.0-win32-x64\jre\17.0.12-win32-x86_64\bin\server\jvm.dll
0x00007ffc56ab0000 - 0x00007ffc56b62000 	C:\WINDOWS\System32\ADVAPI32.dll
0x00007ffc56120000 - 0x00007ffc561c9000 	C:\WINDOWS\System32\sechost.dll
0x00007ffc54b30000 - 0x00007ffc54b58000 	C:\WINDOWS\System32\bcrypt.dll
0x00007ffc554a0000 - 0x00007ffc555b4000 	C:\WINDOWS\System32\RPCRT4.dll
0x00007ffc561d0000 - 0x00007ffc56241000 	C:\WINDOWS\System32\WS2_32.dll
0x00007ffc53940000 - 0x00007ffc5398d000 	C:\WINDOWS\SYSTEM32\POWRPROF.dll
0x00007ffc4ccb0000 - 0x00007ffc4cce4000 	C:\WINDOWS\SYSTEM32\WINMM.dll
0x00007ffc47370000 - 0x00007ffc4737a000 	C:\WINDOWS\SYSTEM32\VERSION.dll
0x00007ffc53920000 - 0x00007ffc53933000 	C:\WINDOWS\SYSTEM32\UMPDC.dll
0x00007ffc53bd0000 - 0x00007ffc53be8000 	C:\WINDOWS\SYSTEM32\kernel.appcore.dll
0x00007ffc4ec80000 - 0x00007ffc4ec8a000 	c:\Users\tarun\.vscode\extensions\redhat.java-1.34.0-win32-x64\jre\17.0.12-win32-x86_64\bin\jimage.dll
0x00007ffc522b0000 - 0x00007ffc524e2000 	C:\WINDOWS\SYSTEM32\DBGHELP.DLL
0x00007ffc57190000 - 0x00007ffc5751e000 	C:\WINDOWS\System32\combase.dll
0x00007ffc56b70000 - 0x00007ffc56c47000 	C:\WINDOWS\System32\OLEAUT32.dll
0x00007ffc46e50000 - 0x00007ffc46e82000 	C:\WINDOWS\SYSTEM32\dbgcore.DLL
0x00007ffc54cc0000 - 0x00007ffc54d3b000 	C:\WINDOWS\System32\bcryptPrimitives.dll
0x00007ffc4ecf0000 - 0x00007ffc4ecfe000 	c:\Users\tarun\.vscode\extensions\redhat.java-1.34.0-win32-x64\jre\17.0.12-win32-x86_64\bin\instrument.dll
0x00007ffc3c2c0000 - 0x00007ffc3c2e5000 	c:\Users\tarun\.vscode\extensions\redhat.java-1.34.0-win32-x64\jre\17.0.12-win32-x86_64\bin\java.dll
0x00007ffc4cbc0000 - 0x00007ffc4cbd8000 	c:\Users\tarun\.vscode\extensions\redhat.java-1.34.0-win32-x64\jre\17.0.12-win32-x86_64\bin\zip.dll
0x00007ffc55770000 - 0x00007ffc55fd7000 	C:\WINDOWS\System32\SHELL32.dll
0x00007ffc529d0000 - 0x00007ffc532cf000 	C:\WINDOWS\SYSTEM32\windows.storage.dll
0x00007ffc52890000 - 0x00007ffc529cf000 	C:\WINDOWS\SYSTEM32\wintypes.dll
0x00007ffc56250000 - 0x00007ffc56349000 	C:\WINDOWS\System32\SHCORE.dll
0x00007ffc563e0000 - 0x00007ffc5643e000 	C:\WINDOWS\System32\shlwapi.dll
0x00007ffc549c0000 - 0x00007ffc549e7000 	C:\WINDOWS\SYSTEM32\profapi.dll
0x00007ffc360a0000 - 0x00007ffc360b9000 	C:\Users\tarun\.vscode\extensions\redhat.java-1.34.0-win32-x64\jre\17.0.12-win32-x86_64\bin\net.dll
0x00007ffc4feb0000 - 0x00007ffc4ffe6000 	C:\WINDOWS\SYSTEM32\WINHTTP.dll
0x00007ffc54040000 - 0x00007ffc540a9000 	C:\WINDOWS\system32\mswsock.dll
0x00007ffc30450000 - 0x00007ffc30466000 	C:\Users\tarun\.vscode\extensions\redhat.java-1.34.0-win32-x64\jre\17.0.12-win32-x86_64\bin\nio.dll
0x00007ffc4eca0000 - 0x00007ffc4ecb0000 	c:\Users\tarun\.vscode\extensions\redhat.java-1.34.0-win32-x64\jre\17.0.12-win32-x86_64\bin\verify.dll
0x00007ffc19420000 - 0x00007ffc19465000 	C:\Users\tarun\AppData\Roaming\Code\User\globalStorage\redhat.java\1.34.0\config_win\org.eclipse.equinox.launcher\org.eclipse.equinox.launcher.win32.win32.x86_64_1.2.1100.v20240722-2106\eclipse_11904.dll
0x00007ffc568d0000 - 0x00007ffc56a75000 	C:\WINDOWS\System32\ole32.dll
0x00007ffc54290000 - 0x00007ffc542ab000 	C:\WINDOWS\SYSTEM32\CRYPTSP.dll
0x00007ffc53b30000 - 0x00007ffc53b65000 	C:\WINDOWS\system32\rsaenh.dll
0x00007ffc54130000 - 0x00007ffc54158000 	C:\WINDOWS\SYSTEM32\USERENV.dll
0x00007ffc542b0000 - 0x00007ffc542bc000 	C:\WINDOWS\SYSTEM32\CRYPTBASE.dll
0x00007ffc535f0000 - 0x00007ffc5361d000 	C:\WINDOWS\SYSTEM32\IPHLPAPI.DLL
0x00007ffc56aa0000 - 0x00007ffc56aa9000 	C:\WINDOWS\System32\NSI.dll
0x00007ffc4fe90000 - 0x00007ffc4fea9000 	C:\WINDOWS\SYSTEM32\dhcpcsvc6.DLL
0x00007ffc4fdc0000 - 0x00007ffc4fddf000 	C:\WINDOWS\SYSTEM32\dhcpcsvc.DLL
0x00007ffc53620000 - 0x00007ffc53718000 	C:\WINDOWS\SYSTEM32\DNSAPI.dll
0x00007ffc12b60000 - 0x00007ffc12ba5000 	C:\Users\tarun\AppData\Local\Temp\jna-110131454\jna7369921376115389324.dll
0x00007ffc555c0000 - 0x00007ffc555c8000 	C:\WINDOWS\System32\PSAPI.DLL
0x00007ffc3d1c0000 - 0x00007ffc3d1e7000 	C:\Users\tarun\.gradle\native\c067742578af261105cb4f569cf0c3c89f3d7b1fecec35dd04571415982c5e48\windows-amd64\native-platform.dll
0x00007ffc3d230000 - 0x00007ffc3d239000 	C:\Users\tarun\.vscode\extensions\redhat.java-1.34.0-win32-x64\jre\17.0.12-win32-x86_64\bin\management.dll
0x00007ffc3d220000 - 0x00007ffc3d22b000 	C:\Users\tarun\.vscode\extensions\redhat.java-1.34.0-win32-x64\jre\17.0.12-win32-x86_64\bin\management_ext.dll
0x00007ffc3d200000 - 0x00007ffc3d209000 	C:\Users\tarun\.vscode\extensions\redhat.java-1.34.0-win32-x64\jre\17.0.12-win32-x86_64\bin\extnet.dll
0x00007ffc3d210000 - 0x00007ffc3d21e000 	C:\Users\tarun\.vscode\extensions\redhat.java-1.34.0-win32-x64\jre\17.0.12-win32-x86_64\bin\sunmscapi.dll
0x00007ffc54e60000 - 0x00007ffc54fc6000 	C:\WINDOWS\System32\CRYPT32.dll
0x00007ffc54430000 - 0x00007ffc5445e000 	C:\WINDOWS\SYSTEM32\ncrypt.dll
0x00007ffc543f0000 - 0x00007ffc54427000 	C:\WINDOWS\SYSTEM32\NTASN1.dll
0x00007ffc144f0000 - 0x00007ffc144f8000 	C:\WINDOWS\system32\wshunix.dll

dbghelp: loaded successfully - version: 4.0.5 - missing functions: none
symbol engine: initialized successfully - sym options: 0x614 - pdb path: .;c:\Users\tarun\.vscode\extensions\redhat.java-1.34.0-win32-x64\jre\17.0.12-win32-x86_64\bin;C:\WINDOWS\SYSTEM32;C:\WINDOWS\WinSxS\amd64_microsoft.windows.common-controls_6595b64144ccf1df_6.0.22621.3672_none_2713b9d173822955;c:\Users\tarun\.vscode\extensions\redhat.java-1.34.0-win32-x64\jre\17.0.12-win32-x86_64\bin\server;C:\Users\tarun\AppData\Roaming\Code\User\globalStorage\redhat.java\1.34.0\config_win\org.eclipse.equinox.launcher\org.eclipse.equinox.launcher.win32.win32.x86_64_1.2.1100.v20240722-2106;C:\Users\tarun\AppData\Local\Temp\jna-110131454;C:\Users\tarun\.gradle\native\c067742578af261105cb4f569cf0c3c89f3d7b1fecec35dd04571415982c5e48\windows-amd64

VM Arguments:
jvm_args: --add-modules=ALL-SYSTEM --add-opens=java.base/java.util=ALL-UNNAMED --add-opens=java.base/java.lang=ALL-UNNAMED --add-opens=java.base/sun.nio.fs=ALL-UNNAMED -Declipse.application=org.eclipse.jdt.ls.core.id1 -Dosgi.bundles.defaultStartLevel=4 -Declipse.product=org.eclipse.jdt.ls.core.product -Djava.import.generatesMetadataFilesAtProjectRoot=false -DDetectVMInstallationsJob.disabled=true -Dfile.encoding=utf8 -XX:+UseParallelGC -XX:GCTimeRatio=4 -XX:AdaptiveSizePolicyWeight=90 -Dsun.zip.disableMemoryMapping=true -Xmx1G -Xms100m -Xlog:disable -javaagent:c:\Users\tarun\.vscode\extensions\redhat.java-1.34.0-win32-x64\lombok\lombok-1.18.33.jar -XX:+HeapDumpOnOutOfMemoryError -XX:HeapDumpPath=c:\Users\tarun\AppData\Roaming\Code\User\workspaceStorage\cd0ca4ecfc7cdd1afcd594bee28b1c39\redhat.java -Daether.dependencyCollector.impl=bf 
java_command: c:\Users\tarun\.vscode\extensions\redhat.java-1.34.0-win32-x64\server\plugins\org.eclipse.equinox.launcher_1.6.900.v20240613-2009.jar -configuration c:\Users\tarun\AppData\Roaming\Code\User\globalStorage\redhat.java\1.34.0\config_win -data c:\Users\tarun\AppData\Roaming\Code\User\workspaceStorage\cd0ca4ecfc7cdd1afcd594bee28b1c39\redhat.java\jdt_ws --pipe=\\.\pipe\lsp-19f43ce5d3ebf2fb95f702988f8be12a-sock
java_class_path (initial): c:\Users\tarun\.vscode\extensions\redhat.java-1.34.0-win32-x64\server\plugins\org.eclipse.equinox.launcher_1.6.900.v20240613-2009.jar
Launcher Type: SUN_STANDARD

[Global flags]
    uintx AdaptiveSizePolicyWeight                 = 90                                        {product} {command line}
     intx CICompilerCount                          = 12                                        {product} {ergonomic}
    uintx GCTimeRatio                              = 4                                         {product} {command line}
     bool HeapDumpOnOutOfMemoryError               = true                                   {manageable} {command line}
    ccstr HeapDumpPath                             = c:\Users\tarun\AppData\Roaming\Code\User\workspaceStorage\cd0ca4ecfc7cdd1afcd594bee28b1c39\redhat.java         {manageable} {command line}
   size_t InitialHeapSize                          = 104857600                                 {product} {command line}
   size_t MaxHeapSize                              = 1073741824                                {product} {command line}
   size_t MaxNewSize                               = 357564416                                 {product} {ergonomic}
   size_t MinHeapDeltaBytes                        = 524288                                    {product} {ergonomic}
   size_t MinHeapSize                              = 104857600                                 {product} {command line}
   size_t NewSize                                  = 34603008                                  {product} {ergonomic}
    uintx NonNMethodCodeHeapSize                   = 7602480                                {pd product} {ergonomic}
    uintx NonProfiledCodeHeapSize                  = 122027880                              {pd product} {ergonomic}
   size_t OldSize                                  = 70254592                                  {product} {ergonomic}
    uintx ProfiledCodeHeapSize                     = 122027880                              {pd product} {ergonomic}
    uintx ReservedCodeCacheSize                    = 251658240                              {pd product} {ergonomic}
     bool SegmentedCodeCache                       = true                                      {product} {ergonomic}
   size_t SoftMaxHeapSize                          = 1073741824                             {manageable} {ergonomic}
     bool UseCompressedClassPointers               = true                           {product lp64_product} {ergonomic}
     bool UseCompressedOops                        = true                           {product lp64_product} {ergonomic}
     bool UseLargePagesIndividualAllocation        = false                                  {pd product} {ergonomic}
     bool UseParallelGC                            = true                                      {product} {command line}

Logging:
Log output configuration:
 #0: stdout all=off uptime,level,tags
 #1: stderr all=off uptime,level,tags

Environment Variables:
JAVA_HOME=C:\Program Files\Microsoft\jdk-17.0.12.7-hotspot\
PATH=C:\Program Files\Microsoft\jdk-17.0.12.7-hotspot\bin;C:\Program Files\Common Files\Oracle\Java\javapath;C:\WINDOWS\system32;C:\WINDOWS;C:\WINDOWS\System32\Wbem;C:\WINDOWS\System32\WindowsPowerShell\v1.0\;C:\WINDOWS\System32\OpenSSH\;C:\Program Files\NVIDIA Corporation\NVIDIA NvDLISR;C:\Program Files (x86)\NVIDIA Corporation\PhysX\Common;C:\ProgramData\chocolatey\bin;C:\Program Files\nodejs\;C:\Program Files\Git\cmd;C:\Program Files\dotnet\;C:\Users\tarun\.console-ninja\.bin;C:\Users\tarun\AppData\Local\Microsoft\WindowsApps;C:\Users\tarun\AppData\Local\Programs\Microsoft VS Code\bin;C:\Users\tarun\AppData\Roaming\npm;C:\Users\tarun\AppData\Local\Android\Sdk;C:\Users\tarun\AppData\Local\Android\Sdk\platform-tools;C:\php-8.3.11;C:\Users\tarun\.dotnet\tools
USERNAME=tarun
OS=Windows_NT
PROCESSOR_IDENTIFIER=Intel64 Family 6 Model 154 Stepping 3, GenuineIntel
TMP=C:\Users\tarun\AppData\Local\Temp
TEMP=C:\Users\tarun\AppData\Local\Temp



Periodic native trim disabled


---------------  S Y S T E M  ---------------

OS:
 Windows 11 , 64 bit Build 22621 (10.0.22621.3958)
OS uptime: 1 days 1:17 hours
Hyper-V role detected

CPU: total 16 (initial active 16) (8 cores per cpu, 2 threads per core) family 6 model 154 stepping 3 microcode 0x42a, cx8, cmov, fxsr, ht, mmx, 3dnowpref, sse, sse2, sse3, ssse3, sse4.1, sse4.2, popcnt, lzcnt, tsc, tscinvbit, avx, avx2, aes, erms, clmul, bmi1, bmi2, adx, sha, fma, vzeroupper, clflush, clflushopt, clwb, hv
Processor Information for processor 0
  Max Mhz: 1700, Current Mhz: 1700, Mhz Limit: 1700
Processor Information for processor 1
  Max Mhz: 1700, Current Mhz: 1700, Mhz Limit: 1700
Processor Information for processor 2
  Max Mhz: 1700, Current Mhz: 1700, Mhz Limit: 1700
Processor Information for processor 3
  Max Mhz: 1700, Current Mhz: 1700, Mhz Limit: 1700
Processor Information for processor 4
  Max Mhz: 1700, Current Mhz: 1700, Mhz Limit: 1700
Processor Information for processor 5
  Max Mhz: 1700, Current Mhz: 1700, Mhz Limit: 1700
Processor Information for processor 6
  Max Mhz: 1700, Current Mhz: 1700, Mhz Limit: 1700
Processor Information for processor 7
  Max Mhz: 1700, Current Mhz: 1700, Mhz Limit: 1700
Processor Information for processor 8
  Max Mhz: 1700, Current Mhz: 1200, Mhz Limit: 1190
Processor Information for processor 9
  Max Mhz: 1700, Current Mhz: 1200, Mhz Limit: 1190
Processor Information for processor 10
  Max Mhz: 1700, Current Mhz: 1200, Mhz Limit: 1190
Processor Information for processor 11
  Max Mhz: 1700, Current Mhz: 1200, Mhz Limit: 1190
Processor Information for processor 12
  Max Mhz: 1700, Current Mhz: 1200, Mhz Limit: 1190
Processor Information for processor 13
  Max Mhz: 1700, Current Mhz: 1200, Mhz Limit: 1190
Processor Information for processor 14
  Max Mhz: 1700, Current Mhz: 1200, Mhz Limit: 1190
Processor Information for processor 15
  Max Mhz: 1700, Current Mhz: 1200, Mhz Limit: 1190

Memory: 4k page, system-wide physical 16088M (2955M free)
TotalPageFile size 16088M (AvailPageFile size 13M)
current process WorkingSet (physical memory assigned to process): 295M, peak: 304M
current process commit charge ("private bytes"): 385M, peak: 395M

vm_info: OpenJDK 64-Bit Server VM (17.0.12+7) for windows-amd64 JRE (17.0.12+7), built on Jul 16 2024 22:08:24 by "admin" with MS VC++ 16.10 / 16.11 (VS2019)

END.
