#
# There is insufficient memory for the Java Runtime Environment to continue.
# Native memory allocation (malloc) failed to allocate 1010736 bytes. Error detail: Chunk::new
# Possible reasons:
#   The system is out of physical RAM or swap space
#   This process is running with CompressedOops enabled, and the Java Heap may be blocking the growth of the native heap
# Possible solutions:
#   Reduce memory load on the system
#   Increase physical memory or swap space
#   Check if swap backing store is full
#   Decrease Java heap size (-Xmx/-Xms)
#   Decrease number of Java threads
#   Decrease Java thread stack sizes (-Xss)
#   Set larger code cache with -XX:ReservedCodeCacheSize=
#   JVM is running with Unscaled Compressed Oops mode in which the Java heap is
#     placed in the first 4GB address space. The Java Heap base address is the
#     maximum limit for the native heap growth. Please use -XX:HeapBaseMinAddress
#     to set the Java Heap base and to place the Java Heap above 4GB virtual address.
# This output file may be truncated or incomplete.
#
#  Out of Memory Error (arena.cpp:191), pid=3000, tid=19656
#
# JRE version: OpenJDK Runtime Environment Temurin-17.0.12+7 (17.0.12+7) (build 17.0.12+7)
# Java VM: OpenJDK 64-Bit Server VM Temurin-17.0.12+7 (17.0.12+7, mixed mode, tiered, compressed oops, compressed class ptrs, parallel gc, windows-amd64)
# No core dump will be written. Minidumps are not enabled by default on client versions of Windows
#

---------------  S U M M A R Y ------------

Command Line: --add-modules=ALL-SYSTEM --add-opens=java.base/java.util=ALL-UNNAMED --add-opens=java.base/java.lang=ALL-UNNAMED --add-opens=java.base/sun.nio.fs=ALL-UNNAMED -Declipse.application=org.eclipse.jdt.ls.core.id1 -Dosgi.bundles.defaultStartLevel=4 -Declipse.product=org.eclipse.jdt.ls.core.product -Djava.import.generatesMetadataFilesAtProjectRoot=false -DDetectVMInstallationsJob.disabled=true -Dfile.encoding=utf8 -XX:+UseParallelGC -XX:GCTimeRatio=4 -XX:AdaptiveSizePolicyWeight=90 -Dsun.zip.disableMemoryMapping=true -Xmx1G -Xms100m -Xlog:disable -javaagent:c:\Users\tarun\.vscode\extensions\redhat.java-1.35.0-win32-x64\lombok\lombok-1.18.33.jar -XX:+HeapDumpOnOutOfMemoryError -XX:HeapDumpPath=c:\Users\tarun\AppData\Roaming\Code\User\workspaceStorage\3e039541554babdccf2a8c9dffd2df79\redhat.java -Daether.dependencyCollector.impl=bf c:\Users\tarun\.vscode\extensions\redhat.java-1.35.0-win32-x64\server\plugins\org.eclipse.equinox.launcher_1.6.900.v20240613-2009.jar -configuration c:\Users\tarun\AppData\Roaming\Code\User\globalStorage\redhat.java\1.35.0\config_win -data c:\Users\tarun\AppData\Roaming\Code\User\workspaceStorage\3e039541554babdccf2a8c9dffd2df79\redhat.java\jdt_ws --pipe=\\.\pipe\lsp-b07e9c8fbbc0c3d38ff777117177c672-sock

Host: 12th Gen Intel(R) Core(TM) i5-1240P, 16 cores, 15G,  Windows 11 , 64 bit Build 22621 (10.0.22621.3958)
Time: Sat Sep 28 20:16:14 2024 India Standard Time elapsed time: 9.708136 seconds (0d 0h 0m 9s)

---------------  T H R E A D  ---------------

Current thread (0x00000138a5529d60):  JavaThread "C2 CompilerThread1" daemon [_thread_in_native, id=19656, stack(0x000000118eb00000,0x000000118ec00000)]


Current CompileTask:
C2:   9708 7620   !   4       java.io.ObjectInputStream::readSerialData (549 bytes)

Stack: [0x000000118eb00000,0x000000118ec00000]
Native frames: (J=compiled Java code, j=interpreted, Vv=VM code, C=native code)
V  [jvm.dll+0x67f929]
V  [jvm.dll+0x8371ba]
V  [jvm.dll+0x838c7e]
V  [jvm.dll+0x8392e3]
V  [jvm.dll+0x24834f]
V  [jvm.dll+0xac9d4]
V  [jvm.dll+0xad01c]
V  [jvm.dll+0x367452]
V  [jvm.dll+0x33197a]
V  [jvm.dll+0x330e1a]
V  [jvm.dll+0x21a8b1]
V  [jvm.dll+0x219cf1]
V  [jvm.dll+0x1a58bd]
V  [jvm.dll+0x229a2d]
V  [jvm.dll+0x227bdc]
V  [jvm.dll+0x7ec1f7]
V  [jvm.dll+0x7e65dc]
V  [jvm.dll+0x67e7f7]
C  [ucrtbase.dll+0x29333]
C  [KERNEL32.DLL+0x1257d]
C  [ntdll.dll+0x5af08]


---------------  P R O C E S S  ---------------

Threads class SMR info:
_java_thread_list=0x00000138a6e3be80, length=68, elements={
0x0000013887d2baa0, 0x000001389bbb4010, 0x000001389bbb5280, 0x000001389bbbd4a0,
0x000001389bbbde70, 0x000001389bbbe940, 0x00000138a0dd8a90, 0x00000138a0ddb850,
0x00000138a0ded190, 0x00000138a0e4d960, 0x0000013887d8c250, 0x00000138a0eeb240,
0x00000138a2dbc3e0, 0x00000138a2dbc900, 0x00000138a2e64350, 0x00000138a36513b0,
0x00000138a3776610, 0x00000138a37d13c0, 0x00000138a4059180, 0x00000138a40bad90,
0x00000138a378d380, 0x00000138a3790620, 0x00000138a378dda0, 0x00000138a378e2b0,
0x00000138a378e7c0, 0x00000138a378ecd0, 0x00000138a378f1e0, 0x00000138a378f6f0,
0x00000138a378fc00, 0x00000138a378ce70, 0x00000138a677c9c0, 0x00000138a677a650,
0x00000138a67778c0, 0x00000138a67787f0, 0x00000138a6779c30, 0x00000138a677c4b0,
0x00000138a677ed30, 0x00000138a677ced0, 0x00000138a677d3e0, 0x00000138a677f240,
0x00000138a677a140, 0x00000138a6779720, 0x00000138a677d8f0, 0x00000138a677de00,
0x00000138a677b070, 0x00000138a677bfa0, 0x00000138a67782e0, 0x00000138a6778d00,
0x00000138a677e310, 0x00000138a677ab60, 0x00000138a677e820, 0x00000138a677ba90,
0x00000138a3790110, 0x00000138a677b580, 0x00000138a6779210, 0x00000138a642a4d0,
0x00000138a642b400, 0x00000138a6429fc0, 0x00000138a6429ab0, 0x00000138a6428b80,
0x00000138a642a9e0, 0x00000138a5529d60, 0x00000138a552c7e0, 0x00000138a552a800,
0x00000138a552b7f0, 0x00000138a552b2a0, 0x00000138a552bd40, 0x00000138a552cd30
}

Java Threads: ( => current thread )
  0x0000013887d2baa0 JavaThread "main" [_thread_blocked, id=11356, stack(0x0000001189f00000,0x000000118a000000)]
  0x000001389bbb4010 JavaThread "Reference Handler" daemon [_thread_blocked, id=25016, stack(0x000000118a200000,0x000000118a300000)]
  0x000001389bbb5280 JavaThread "Finalizer" daemon [_thread_blocked, id=30412, stack(0x000000118a300000,0x000000118a400000)]
  0x000001389bbbd4a0 JavaThread "Signal Dispatcher" daemon [_thread_blocked, id=13808, stack(0x000000118a400000,0x000000118a500000)]
  0x000001389bbbde70 JavaThread "Attach Listener" daemon [_thread_blocked, id=21240, stack(0x000000118a500000,0x000000118a600000)]
  0x000001389bbbe940 JavaThread "Service Thread" daemon [_thread_blocked, id=27704, stack(0x000000118a600000,0x000000118a700000)]
  0x00000138a0dd8a90 JavaThread "Monitor Deflation Thread" daemon [_thread_blocked, id=23272, stack(0x000000118a700000,0x000000118a800000)]
  0x00000138a0ddb850 JavaThread "C2 CompilerThread0" daemon [_thread_in_native, id=2492, stack(0x000000118a800000,0x000000118a900000)]
  0x00000138a0ded190 JavaThread "C1 CompilerThread0" daemon [_thread_blocked, id=28768, stack(0x000000118a900000,0x000000118aa00000)]
  0x00000138a0e4d960 JavaThread "Sweeper thread" daemon [_thread_blocked, id=26532, stack(0x000000118aa00000,0x000000118ab00000)]
  0x0000013887d8c250 JavaThread "Common-Cleaner" daemon [_thread_blocked, id=20812, stack(0x000000118ab00000,0x000000118ac00000)]
  0x00000138a0eeb240 JavaThread "C1 CompilerThread1" daemon [_thread_blocked, id=27668, stack(0x000000118ac00000,0x000000118ad00000)]
  0x00000138a2dbc3e0 JavaThread "C1 CompilerThread2" daemon [_thread_blocked, id=26848, stack(0x000000118af00000,0x000000118b000000)]
  0x00000138a2dbc900 JavaThread "C1 CompilerThread3" daemon [_thread_blocked, id=14428, stack(0x000000118b000000,0x000000118b100000)]
  0x00000138a2e64350 JavaThread "Notification Thread" daemon [_thread_blocked, id=20440, stack(0x000000118b100000,0x000000118b200000)]
  0x00000138a36513b0 JavaThread "Active Thread: Equinox Container: 5b32c8e4-0203-411f-b4af-1ef0f3a98ee0" [_thread_blocked, id=19416, stack(0x000000118b900000,0x000000118ba00000)]
  0x00000138a3776610 JavaThread "Framework Event Dispatcher: Equinox Container: 5b32c8e4-0203-411f-b4af-1ef0f3a98ee0" daemon [_thread_blocked, id=25672, stack(0x000000118ba00000,0x000000118bb00000)]
  0x00000138a37d13c0 JavaThread "Start Level: Equinox Container: 5b32c8e4-0203-411f-b4af-1ef0f3a98ee0" daemon [_thread_blocked, id=2120, stack(0x000000118bb00000,0x000000118bc00000)]
  0x00000138a4059180 JavaThread "Bundle File Closer" daemon [_thread_blocked, id=10784, stack(0x000000118be00000,0x000000118bf00000)]
  0x00000138a40bad90 JavaThread "SCR Component Actor" daemon [_thread_blocked, id=2648, stack(0x000000118c000000,0x000000118c100000)]
  0x00000138a378d380 JavaThread "Worker-JM" [_thread_blocked, id=15644, stack(0x000000118c500000,0x000000118c600000)]
  0x00000138a3790620 JavaThread "JNA Cleaner" daemon [_thread_blocked, id=2172, stack(0x000000118b800000,0x000000118b900000)]
  0x00000138a378dda0 JavaThread "Worker-0" [_thread_blocked, id=8984, stack(0x000000118ae00000,0x000000118af00000)]
  0x00000138a378e2b0 JavaThread "Worker-1" [_thread_blocked, id=19828, stack(0x000000118c700000,0x000000118c800000)]
  0x00000138a378e7c0 JavaThread "Worker-2: Initialize Workspace" [_thread_blocked, id=20552, stack(0x000000118c800000,0x000000118c900000)]
  0x00000138a378ecd0 JavaThread "Java indexing" daemon [_thread_blocked, id=24692, stack(0x000000118ca00000,0x000000118cb00000)]
  0x00000138a378f1e0 JavaThread "Thread-2" daemon [_thread_in_native, id=3416, stack(0x000000118cb00000,0x000000118cc00000)]
  0x00000138a378f6f0 JavaThread "Thread-3" daemon [_thread_in_native, id=9200, stack(0x000000118cc00000,0x000000118cd00000)]
  0x00000138a378fc00 JavaThread "Thread-4" daemon [_thread_in_native, id=24572, stack(0x000000118cd00000,0x000000118ce00000)]
  0x00000138a378ce70 JavaThread "Thread-5" daemon [_thread_in_native, id=19976, stack(0x000000118ce00000,0x000000118cf00000)]
  0x00000138a677c9c0 JavaThread "Thread-6" daemon [_thread_in_native, id=13512, stack(0x000000118cf00000,0x000000118d000000)]
  0x00000138a677a650 JavaThread "Thread-7" daemon [_thread_in_native, id=27764, stack(0x000000118d000000,0x000000118d100000)]
  0x00000138a67778c0 JavaThread "Thread-8" daemon [_thread_in_native, id=26900, stack(0x000000118d100000,0x000000118d200000)]
  0x00000138a67787f0 JavaThread "Thread-9" daemon [_thread_in_native, id=18624, stack(0x000000118d200000,0x000000118d300000)]
  0x00000138a6779c30 JavaThread "Thread-10" daemon [_thread_in_native, id=26560, stack(0x000000118d300000,0x000000118d400000)]
  0x00000138a677c4b0 JavaThread "Thread-11" daemon [_thread_in_native, id=20196, stack(0x000000118d400000,0x000000118d500000)]
  0x00000138a677ed30 JavaThread "Thread-12" daemon [_thread_in_native, id=27596, stack(0x000000118d500000,0x000000118d600000)]
  0x00000138a677ced0 JavaThread "Thread-13" daemon [_thread_in_native, id=23308, stack(0x000000118d600000,0x000000118d700000)]
  0x00000138a677d3e0 JavaThread "Thread-14" daemon [_thread_in_native, id=27968, stack(0x000000118d700000,0x000000118d800000)]
  0x00000138a677f240 JavaThread "Thread-15" daemon [_thread_in_native, id=29560, stack(0x000000118d800000,0x000000118d900000)]
  0x00000138a677a140 JavaThread "Thread-16" daemon [_thread_in_native, id=27276, stack(0x000000118d900000,0x000000118da00000)]
  0x00000138a6779720 JavaThread "Thread-17" daemon [_thread_in_native, id=836, stack(0x000000118da00000,0x000000118db00000)]
  0x00000138a677d8f0 JavaThread "Thread-18" daemon [_thread_in_native, id=15192, stack(0x000000118db00000,0x000000118dc00000)]
  0x00000138a677de00 JavaThread "pool-2-thread-1" [_thread_blocked, id=4020, stack(0x000000118dc00000,0x000000118dd00000)]
  0x00000138a677b070 JavaThread "WorkspaceEventsHandler" [_thread_blocked, id=24508, stack(0x000000118dd00000,0x000000118de00000)]
  0x00000138a677bfa0 JavaThread "pool-1-thread-1" [_thread_blocked, id=4476, stack(0x000000118de00000,0x000000118df00000)]
  0x00000138a67782e0 JavaThread "Worker-3: Synchronize Gradle projects with workspace" [_thread_blocked, id=24996, stack(0x000000118df00000,0x000000118e000000)]
  0x00000138a6778d00 JavaThread "Timer-0" [_thread_blocked, id=25848, stack(0x000000118e500000,0x000000118e600000)]
  0x00000138a677e310 JavaThread "Timer-1" [_thread_blocked, id=23416, stack(0x000000118e600000,0x000000118e700000)]
  0x00000138a677ab60 JavaThread "Timer-2" [_thread_blocked, id=5784, stack(0x000000118e800000,0x000000118e900000)]
  0x00000138a677e820 JavaThread "Exec process" [_thread_blocked, id=18292, stack(0x000000118c900000,0x000000118ca00000)]
  0x00000138a677ba90 JavaThread "Exec process Thread 2" [_thread_blocked, id=24380, stack(0x000000118e000000,0x000000118e100000)]
  0x00000138a3790110 JavaThread "Exec process Thread 3" [_thread_blocked, id=24688, stack(0x000000118e100000,0x000000118e200000)]
  0x00000138a677b580 JavaThread "Timer-3" [_thread_blocked, id=27364, stack(0x000000118ad00000,0x000000118ae00000)]
  0x00000138a6779210 JavaThread "Timer-4" [_thread_blocked, id=26808, stack(0x000000118e200000,0x000000118e300000)]
  0x00000138a642a4d0 JavaThread "Timer-5" [_thread_blocked, id=22572, stack(0x000000118e300000,0x000000118e400000)]
  0x00000138a642b400 JavaThread "Timer-6" [_thread_blocked, id=6708, stack(0x000000118e700000,0x000000118e800000)]
  0x00000138a6429fc0 JavaThread "Timer-7" [_thread_blocked, id=20908, stack(0x000000118e900000,0x000000118ea00000)]
  0x00000138a6429ab0 JavaThread "Connection worker" [_thread_in_native, id=10584, stack(0x000000118ea00000,0x000000118eb00000)]
  0x00000138a6428b80 JavaThread "pool-3-thread-1" [_thread_blocked, id=29084, stack(0x000000118ed00000,0x000000118ee00000)]
  0x00000138a642a9e0 JavaThread "Forward input" [_thread_blocked, id=29452, stack(0x000000118e400000,0x000000118e500000)]
=>0x00000138a5529d60 JavaThread "C2 CompilerThread1" daemon [_thread_in_native, id=19656, stack(0x000000118eb00000,0x000000118ec00000)]
  0x00000138a552c7e0 JavaThread "C2 CompilerThread2" daemon [_thread_blocked, id=13584, stack(0x000000118ec00000,0x000000118ed00000)]
  0x00000138a552a800 JavaThread "C2 CompilerThread3" daemon [_thread_in_native, id=27244, stack(0x000000118ee00000,0x000000118ef00000)]
  0x00000138a552b7f0 JavaThread "C2 CompilerThread4" daemon [_thread_in_native, id=26636, stack(0x000000118ef00000,0x000000118f000000)]
  0x00000138a552b2a0 JavaThread "C2 CompilerThread5" daemon [_thread_blocked, id=19284, stack(0x000000118f000000,0x000000118f100000)]
  0x00000138a552bd40 JavaThread "C2 CompilerThread6" daemon [_thread_in_native, id=29060, stack(0x000000118f100000,0x000000118f200000)]
  0x00000138a552cd30 JavaThread "C2 CompilerThread7" daemon [_thread_in_native, id=27784, stack(0x000000118f200000,0x000000118f300000)]

Other Threads:
  0x000001389bba1660 VMThread "VM Thread" [stack: 0x000000118a100000,0x000000118a200000] [id=30524]
  0x00000138a2e64830 WatcherThread [stack: 0x000000118b200000,0x000000118b300000] [id=12528]
  0x0000013887d416b0 GCTaskThread "GC Thread#0" [stack: 0x000000118a000000,0x000000118a100000] [id=30464]
  0x00000138a3804cb0 GCTaskThread "GC Thread#1" [stack: 0x000000118b300000,0x000000118b400000] [id=27660]
  0x00000138a3666c10 GCTaskThread "GC Thread#2" [stack: 0x000000118b400000,0x000000118b500000] [id=14372]
  0x00000138a369ac00 GCTaskThread "GC Thread#3" [stack: 0x000000118b500000,0x000000118b600000] [id=10972]
  0x00000138a369aec0 GCTaskThread "GC Thread#4" [stack: 0x000000118b600000,0x000000118b700000] [id=23556]
  0x00000138a33ad6c0 GCTaskThread "GC Thread#5" [stack: 0x000000118b700000,0x000000118b800000] [id=19924]
  0x00000138a38527d0 GCTaskThread "GC Thread#6" [stack: 0x000000118bc00000,0x000000118bd00000] [id=30136]
  0x00000138a3852a90 GCTaskThread "GC Thread#7" [stack: 0x000000118bd00000,0x000000118be00000] [id=25584]
  0x00000138a4093d70 GCTaskThread "GC Thread#8" [stack: 0x000000118bf00000,0x000000118c000000] [id=18424]
  0x00000138a410c0e0 GCTaskThread "GC Thread#9" [stack: 0x000000118c200000,0x000000118c300000] [id=26056]
  0x00000138a3792e40 GCTaskThread "GC Thread#10" [stack: 0x000000118c300000,0x000000118c400000] [id=24764]
  0x00000138a3793100 GCTaskThread "GC Thread#11" [stack: 0x000000118c400000,0x000000118c500000] [id=26096]
  0x00000138a41fa5a0 GCTaskThread "GC Thread#12" [stack: 0x000000118c600000,0x000000118c700000] [id=20056]

Threads with active compile tasks:
C2 CompilerThread0     9724 7614       4       java.io.ObjectInputStream::readClassDesc (121 bytes)
C2 CompilerThread1     9725 7620   !   4       java.io.ObjectInputStream::readSerialData (549 bytes)
C2 CompilerThread3     9725 7687   !   4       java.io.ObjectInputStream::readNonProxyDesc (322 bytes)
C2 CompilerThread4     9725 7695       4       java.io.ObjectStreamClass::initNonProxy (628 bytes)
C2 CompilerThread6     9725 7715   !   4       java.io.ObjectInputStream::readOrdinaryObject (379 bytes)
C2 CompilerThread7     9725 7709   !   4       java.io.ObjectStreamClass::readNonProxy (401 bytes)

VM state: not at safepoint (normal execution)

VM Mutex/Monitor currently owned by a thread: None

Heap address: 0x00000000c0000000, size: 1024 MB, Compressed Oops mode: 32-bit

CDS archive(s) not mapped
Compressed class space mapped at: 0x0000000100000000-0x0000000140000000, reserved size: 1073741824
Narrow klass base: 0x0000000000000000, Narrow klass shift: 3, Narrow klass range: 0x140000000

GC Precious Log:
 CPUs: 16 total, 16 available
 Memory: 16088M
 Large Page Support: Disabled
 NUMA Support: Disabled
 Compressed Oops: Enabled (32-bit)
 Alignments: Space 512K, Generation 512K, Heap 2M
 Heap Min Capacity: 100M
 Heap Initial Capacity: 100M
 Heap Max Capacity: 1G
 Pre-touch: Disabled
 Parallel Workers: 13

Heap:
 PSYoungGen      total 20992K, used 16083K [0x00000000eab00000, 0x00000000ec100000, 0x0000000100000000)
  eden space 19968K, 76% used [0x00000000eab00000,0x00000000eb9f4ff0,0x00000000ebe80000)
  from space 1024K, 75% used [0x00000000ec000000,0x00000000ec0c0000,0x00000000ec100000)
  to   space 1024K, 0% used [0x00000000ebf00000,0x00000000ebf00000,0x00000000ec000000)
 ParOldGen       total 68608K, used 39277K [0x00000000c0000000, 0x00000000c4300000, 0x00000000eab00000)
  object space 68608K, 57% used [0x00000000c0000000,0x00000000c265b518,0x00000000c4300000)
 Metaspace       used 68749K, committed 69824K, reserved 1114112K
  class space    used 8427K, committed 8896K, reserved 1048576K

Card table byte_map: [0x00000138876e0000,0x00000138878f0000] _byte_map_base: 0x00000138870e0000

Marking Bits: (ParMarkBitMap*) 0x00007ffc844858b0
 Begin Bits: [0x00000138999c0000, 0x000001389a9c0000)
 End Bits:   [0x000001389a9c0000, 0x000001389b9c0000)

Polling page: 0x0000013885cb0000

Metaspace:

Usage:
  Non-class:     58.91 MB used.
      Class:      8.23 MB used.
       Both:     67.14 MB used.

Virtual space:
  Non-class space:       64.00 MB reserved,      59.50 MB ( 93%) committed,  1 nodes.
      Class space:        1.00 GB reserved,       8.69 MB ( <1%) committed,  1 nodes.
             Both:        1.06 GB reserved,      68.19 MB (  6%) committed. 

Chunk freelists:
   Non-Class:  4.32 MB
       Class:  7.19 MB
        Both:  11.50 MB

MaxMetaspaceSize: unlimited
CompressedClassSpaceSize: 1.00 GB
Initial GC threshold: 21.00 MB
Current GC threshold: 97.31 MB
CDS: off
MetaspaceReclaimPolicy: balanced
 - commit_granule_bytes: 65536.
 - commit_granule_words: 8192.
 - virtual_space_node_default_size: 8388608.
 - enlarge_chunks_in_place: 1.
 - new_chunks_are_fully_committed: 0.
 - uncommit_free_chunks: 1.
 - use_allocation_guard: 0.
 - handle_deallocations: 1.


Internal statistics:

num_allocs_failed_limit: 9.
num_arena_births: 706.
num_arena_deaths: 14.
num_vsnodes_births: 2.
num_vsnodes_deaths: 0.
num_space_committed: 1091.
num_space_uncommitted: 0.
num_chunks_returned_to_freelist: 23.
num_chunks_taken_from_freelist: 3263.
num_chunk_merges: 9.
num_chunk_splits: 2163.
num_chunks_enlarged: 1462.
num_inconsistent_stats: 0.

CodeHeap 'non-profiled nmethods': size=119168Kb used=4301Kb max_used=4669Kb free=114866Kb
 bounds [0x0000013892560000, 0x00000138929f0000, 0x00000138999c0000]
CodeHeap 'profiled nmethods': size=119104Kb used=12309Kb max_used=13429Kb free=106795Kb
 bounds [0x000001388a9c0000, 0x000001388b6e0000, 0x0000013891e10000]
CodeHeap 'non-nmethods': size=7488Kb used=3015Kb max_used=3091Kb free=4472Kb
 bounds [0x0000013891e10000, 0x0000013892120000, 0x0000013892560000]
 total_blobs=7089 nmethods=6424 adapters=575
 compilation: enabled
              stopped_count=0, restarted_count=0
 full_count=0

Compilation events (20 events):
Event: 9.601 Thread 0x00000138a552b2a0 nmethod 7685 0x00000138926ebb90 code [0x00000138926ebf00, 0x00000138926eec48]
Event: 9.606 Thread 0x00000138a552b2a0 7711   !   4       org.gradle.internal.io.ClassLoaderObjectInputStream::resolveClass (58 bytes)
Event: 9.610 Thread 0x00000138a552b2a0 nmethod 7711 0x0000013892829990 code [0x0000013892829b20, 0x0000013892829c78]
Event: 9.611 Thread 0x00000138a552b2a0 7699       4       java.io.ObjectInputStream::readString (117 bytes)
Event: 9.615 Thread 0x00000138a552c7e0 nmethod 7710 0x00000138926eaf10 code [0x00000138926eb0c0, 0x00000138926eb6f8]
Event: 9.616 Thread 0x00000138a552c7e0 7713       4       java.io.ObjectStreamClass::forClass (52 bytes)
Event: 9.619 Thread 0x00000138a552c7e0 nmethod 7713 0x00000138926eab90 code [0x00000138926ead00, 0x00000138926eadd8]
Event: 9.619 Thread 0x00000138a552c7e0 7714       4       java.io.ObjectInputStream$BlockDataInputStream::readInt (73 bytes)
Event: 9.644 Thread 0x00000138a552c7e0 nmethod 7714 0x0000013892760390 code [0x0000013892760560, 0x0000013892760e88]
Event: 9.645 Thread 0x00000138a552c7e0 7716       4       java.io.ObjectInputStream::readHandle (141 bytes)
Event: 9.667 Thread 0x00000138a552bd40 nmethod 7621 0x000001389271fc10 code [0x0000013892720000, 0x0000013892723ab8]
Event: 9.674 Thread 0x00000138a552bd40 7715   !   4       java.io.ObjectInputStream::readOrdinaryObject (379 bytes)
Event: 9.681 Thread 0x00000138a552b2a0 nmethod 7699 0x0000013892877090 code [0x0000013892877300, 0x0000013892878900]
Event: 9.683 Thread 0x00000138a552b2a0 7717   !   4       java.io.ObjectStreamClass::newInstance (157 bytes)
Event: 9.689 Thread 0x00000138a552b2a0 nmethod 7717 0x00000138926ea590 code [0x00000138926ea740, 0x00000138926ea928]
Event: 9.689 Thread 0x00000138a552b2a0 7693   !   4       java.io.ObjectInputStream$BlockDataInputStream::readBlockHeader (249 bytes)
Event: 9.693 Thread 0x00000138a552c7e0 nmethod 7716 0x000001389271db90 code [0x000001389271dde0, 0x000001389271edd0]
Event: 9.695 Thread 0x00000138a552c7e0 7720       4       java.util.ArrayList::set (24 bytes)
Event: 9.698 Thread 0x00000138a552c7e0 nmethod 7720 0x000001389275ff10 code [0x00000138927600a0, 0x00000138927601f8]
Event: 9.705 Thread 0x00000138a552b2a0 nmethod 7693 0x000001389275f010 code [0x000001389275f1e0, 0x000001389275f8f8]

GC Heap History (20 events):
Event: 7.863 GC heap before
{Heap before GC invocations=34 (full 3):
 PSYoungGen      total 20480K, used 20480K [0x00000000eab00000, 0x00000000ec380000, 0x0000000100000000)
  eden space 19968K, 100% used [0x00000000eab00000,0x00000000ebe80000,0x00000000ebe80000)
  from space 512K, 100% used [0x00000000ec300000,0x00000000ec380000,0x00000000ec380000)
  to   space 1024K, 0% used [0x00000000ec180000,0x00000000ec180000,0x00000000ec280000)
 ParOldGen       total 68608K, used 37280K [0x00000000c0000000, 0x00000000c4300000, 0x00000000eab00000)
  object space 68608K, 54% used [0x00000000c0000000,0x00000000c24681f8,0x00000000c4300000)
 Metaspace       used 66656K, committed 67712K, reserved 1114112K
  class space    used 8148K, committed 8640K, reserved 1048576K
}
Event: 7.864 GC heap after
{Heap after GC invocations=34 (full 3):
 PSYoungGen      total 20992K, used 1009K [0x00000000eab00000, 0x00000000ec380000, 0x0000000100000000)
  eden space 19968K, 0% used [0x00000000eab00000,0x00000000eab00000,0x00000000ebe80000)
  from space 1024K, 98% used [0x00000000ec180000,0x00000000ec27c4a8,0x00000000ec280000)
  to   space 1024K, 0% used [0x00000000ec280000,0x00000000ec280000,0x00000000ec380000)
 ParOldGen       total 68608K, used 37544K [0x00000000c0000000, 0x00000000c4300000, 0x00000000eab00000)
  object space 68608K, 54% used [0x00000000c0000000,0x00000000c24aa390,0x00000000c4300000)
 Metaspace       used 66656K, committed 67712K, reserved 1114112K
  class space    used 8148K, committed 8640K, reserved 1048576K
}
Event: 7.958 GC heap before
{Heap before GC invocations=35 (full 3):
 PSYoungGen      total 20992K, used 20977K [0x00000000eab00000, 0x00000000ec380000, 0x0000000100000000)
  eden space 19968K, 100% used [0x00000000eab00000,0x00000000ebe80000,0x00000000ebe80000)
  from space 1024K, 98% used [0x00000000ec180000,0x00000000ec27c4a8,0x00000000ec280000)
  to   space 1024K, 0% used [0x00000000ec280000,0x00000000ec280000,0x00000000ec380000)
 ParOldGen       total 68608K, used 37544K [0x00000000c0000000, 0x00000000c4300000, 0x00000000eab00000)
  object space 68608K, 54% used [0x00000000c0000000,0x00000000c24aa390,0x00000000c4300000)
 Metaspace       used 66656K, committed 67712K, reserved 1114112K
  class space    used 8148K, committed 8640K, reserved 1048576K
}
Event: 7.959 GC heap after
{Heap after GC invocations=35 (full 3):
 PSYoungGen      total 20992K, used 1006K [0x00000000eab00000, 0x00000000ec380000, 0x0000000100000000)
  eden space 19968K, 0% used [0x00000000eab00000,0x00000000eab00000,0x00000000ebe80000)
  from space 1024K, 98% used [0x00000000ec280000,0x00000000ec37bb30,0x00000000ec380000)
  to   space 1536K, 0% used [0x00000000ec080000,0x00000000ec080000,0x00000000ec200000)
 ParOldGen       total 68608K, used 37910K [0x00000000c0000000, 0x00000000c4300000, 0x00000000eab00000)
  object space 68608K, 55% used [0x00000000c0000000,0x00000000c2505940,0x00000000c4300000)
 Metaspace       used 66656K, committed 67712K, reserved 1114112K
  class space    used 8148K, committed 8640K, reserved 1048576K
}
Event: 8.079 GC heap before
{Heap before GC invocations=36 (full 3):
 PSYoungGen      total 20992K, used 20974K [0x00000000eab00000, 0x00000000ec380000, 0x0000000100000000)
  eden space 19968K, 100% used [0x00000000eab00000,0x00000000ebe80000,0x00000000ebe80000)
  from space 1024K, 98% used [0x00000000ec280000,0x00000000ec37bb30,0x00000000ec380000)
  to   space 1536K, 0% used [0x00000000ec080000,0x00000000ec080000,0x00000000ec200000)
 ParOldGen       total 68608K, used 37910K [0x00000000c0000000, 0x00000000c4300000, 0x00000000eab00000)
  object space 68608K, 55% used [0x00000000c0000000,0x00000000c2505940,0x00000000c4300000)
 Metaspace       used 66656K, committed 67712K, reserved 1114112K
  class space    used 8148K, committed 8640K, reserved 1048576K
}
Event: 8.079 GC heap after
{Heap after GC invocations=36 (full 3):
 PSYoungGen      total 20992K, used 888K [0x00000000eab00000, 0x00000000ec300000, 0x0000000100000000)
  eden space 19968K, 0% used [0x00000000eab00000,0x00000000eab00000,0x00000000ebe80000)
  from space 1024K, 86% used [0x00000000ec080000,0x00000000ec15e020,0x00000000ec180000)
  to   space 1536K, 0% used [0x00000000ec180000,0x00000000ec180000,0x00000000ec300000)
 ParOldGen       total 68608K, used 37942K [0x00000000c0000000, 0x00000000c4300000, 0x00000000eab00000)
  object space 68608K, 55% used [0x00000000c0000000,0x00000000c250d940,0x00000000c4300000)
 Metaspace       used 66656K, committed 67712K, reserved 1114112K
  class space    used 8148K, committed 8640K, reserved 1048576K
}
Event: 8.154 GC heap before
{Heap before GC invocations=37 (full 3):
 PSYoungGen      total 20992K, used 20856K [0x00000000eab00000, 0x00000000ec300000, 0x0000000100000000)
  eden space 19968K, 100% used [0x00000000eab00000,0x00000000ebe80000,0x00000000ebe80000)
  from space 1024K, 86% used [0x00000000ec080000,0x00000000ec15e020,0x00000000ec180000)
  to   space 1536K, 0% used [0x00000000ec180000,0x00000000ec180000,0x00000000ec300000)
 ParOldGen       total 68608K, used 37942K [0x00000000c0000000, 0x00000000c4300000, 0x00000000eab00000)
  object space 68608K, 55% used [0x00000000c0000000,0x00000000c250d940,0x00000000c4300000)
 Metaspace       used 66656K, committed 67712K, reserved 1114112K
  class space    used 8148K, committed 8640K, reserved 1048576K
}
Event: 8.155 GC heap after
{Heap after GC invocations=37 (full 3):
 PSYoungGen      total 20480K, used 458K [0x00000000eab00000, 0x00000000ec200000, 0x0000000100000000)
  eden space 19968K, 0% used [0x00000000eab00000,0x00000000eab00000,0x00000000ebe80000)
  from space 512K, 89% used [0x00000000ec180000,0x00000000ec1f29a0,0x00000000ec200000)
  to   space 1024K, 0% used [0x00000000ec000000,0x00000000ec000000,0x00000000ec100000)
 ParOldGen       total 68608K, used 38014K [0x00000000c0000000, 0x00000000c4300000, 0x00000000eab00000)
  object space 68608K, 55% used [0x00000000c0000000,0x00000000c251f940,0x00000000c4300000)
 Metaspace       used 66656K, committed 67712K, reserved 1114112K
  class space    used 8148K, committed 8640K, reserved 1048576K
}
Event: 8.270 GC heap before
{Heap before GC invocations=38 (full 3):
 PSYoungGen      total 20480K, used 20426K [0x00000000eab00000, 0x00000000ec200000, 0x0000000100000000)
  eden space 19968K, 100% used [0x00000000eab00000,0x00000000ebe80000,0x00000000ebe80000)
  from space 512K, 89% used [0x00000000ec180000,0x00000000ec1f29a0,0x00000000ec200000)
  to   space 1024K, 0% used [0x00000000ec000000,0x00000000ec000000,0x00000000ec100000)
 ParOldGen       total 68608K, used 38014K [0x00000000c0000000, 0x00000000c4300000, 0x00000000eab00000)
  object space 68608K, 55% used [0x00000000c0000000,0x00000000c251f940,0x00000000c4300000)
 Metaspace       used 66656K, committed 67712K, reserved 1114112K
  class space    used 8148K, committed 8640K, reserved 1048576K
}
Event: 8.271 GC heap after
{Heap after GC invocations=38 (full 3):
 PSYoungGen      total 20992K, used 352K [0x00000000eab00000, 0x00000000ec200000, 0x0000000100000000)
  eden space 19968K, 0% used [0x00000000eab00000,0x00000000eab00000,0x00000000ebe80000)
  from space 1024K, 34% used [0x00000000ec000000,0x00000000ec058000,0x00000000ec100000)
  to   space 512K, 0% used [0x00000000ec180000,0x00000000ec180000,0x00000000ec200000)
 ParOldGen       total 68608K, used 38122K [0x00000000c0000000, 0x00000000c4300000, 0x00000000eab00000)
  object space 68608K, 55% used [0x00000000c0000000,0x00000000c253aa10,0x00000000c4300000)
 Metaspace       used 66656K, committed 67712K, reserved 1114112K
  class space    used 8148K, committed 8640K, reserved 1048576K
}
Event: 8.373 GC heap before
{Heap before GC invocations=39 (full 3):
 PSYoungGen      total 20992K, used 20320K [0x00000000eab00000, 0x00000000ec200000, 0x0000000100000000)
  eden space 19968K, 100% used [0x00000000eab00000,0x00000000ebe80000,0x00000000ebe80000)
  from space 1024K, 34% used [0x00000000ec000000,0x00000000ec058000,0x00000000ec100000)
  to   space 512K, 0% used [0x00000000ec180000,0x00000000ec180000,0x00000000ec200000)
 ParOldGen       total 68608K, used 38122K [0x00000000c0000000, 0x00000000c4300000, 0x00000000eab00000)
  object space 68608K, 55% used [0x00000000c0000000,0x00000000c253aa10,0x00000000c4300000)
 Metaspace       used 66658K, committed 67712K, reserved 1114112K
  class space    used 8148K, committed 8640K, reserved 1048576K
}
Event: 8.374 GC heap after
{Heap after GC invocations=39 (full 3):
 PSYoungGen      total 20480K, used 500K [0x00000000eab00000, 0x00000000ec200000, 0x0000000100000000)
  eden space 19968K, 0% used [0x00000000eab00000,0x00000000eab00000,0x00000000ebe80000)
  from space 512K, 97% used [0x00000000ec180000,0x00000000ec1fd390,0x00000000ec200000)
  to   space 1536K, 0% used [0x00000000ebf00000,0x00000000ebf00000,0x00000000ec080000)
 ParOldGen       total 68608K, used 38837K [0x00000000c0000000, 0x00000000c4300000, 0x00000000eab00000)
  object space 68608K, 56% used [0x00000000c0000000,0x00000000c25ed4f8,0x00000000c4300000)
 Metaspace       used 66658K, committed 67712K, reserved 1114112K
  class space    used 8148K, committed 8640K, reserved 1048576K
}
Event: 8.461 GC heap before
{Heap before GC invocations=40 (full 3):
 PSYoungGen      total 20480K, used 20468K [0x00000000eab00000, 0x00000000ec200000, 0x0000000100000000)
  eden space 19968K, 100% used [0x00000000eab00000,0x00000000ebe80000,0x00000000ebe80000)
  from space 512K, 97% used [0x00000000ec180000,0x00000000ec1fd390,0x00000000ec200000)
  to   space 1536K, 0% used [0x00000000ebf00000,0x00000000ebf00000,0x00000000ec080000)
 ParOldGen       total 68608K, used 38837K [0x00000000c0000000, 0x00000000c4300000, 0x00000000eab00000)
  object space 68608K, 56% used [0x00000000c0000000,0x00000000c25ed4f8,0x00000000c4300000)
 Metaspace       used 66658K, committed 67712K, reserved 1114112K
  class space    used 8148K, committed 8640K, reserved 1048576K
}
Event: 8.462 GC heap after
{Heap after GC invocations=40 (full 3):
 PSYoungGen      total 21504K, used 1193K [0x00000000eab00000, 0x00000000ec200000, 0x0000000100000000)
  eden space 19968K, 0% used [0x00000000eab00000,0x00000000eab00000,0x00000000ebe80000)
  from space 1536K, 77% used [0x00000000ebf00000,0x00000000ec02a748,0x00000000ec080000)
  to   space 1536K, 0% used [0x00000000ec080000,0x00000000ec080000,0x00000000ec200000)
 ParOldGen       total 68608K, used 38909K [0x00000000c0000000, 0x00000000c4300000, 0x00000000eab00000)
  object space 68608K, 56% used [0x00000000c0000000,0x00000000c25ff4f8,0x00000000c4300000)
 Metaspace       used 66658K, committed 67712K, reserved 1114112K
  class space    used 8148K, committed 8640K, reserved 1048576K
}
Event: 8.516 GC heap before
{Heap before GC invocations=41 (full 3):
 PSYoungGen      total 21504K, used 21161K [0x00000000eab00000, 0x00000000ec200000, 0x0000000100000000)
  eden space 19968K, 100% used [0x00000000eab00000,0x00000000ebe80000,0x00000000ebe80000)
  from space 1536K, 77% used [0x00000000ebf00000,0x00000000ec02a748,0x00000000ec080000)
  to   space 1536K, 0% used [0x00000000ec080000,0x00000000ec080000,0x00000000ec200000)
 ParOldGen       total 68608K, used 38909K [0x00000000c0000000, 0x00000000c4300000, 0x00000000eab00000)
  object space 68608K, 56% used [0x00000000c0000000,0x00000000c25ff4f8,0x00000000c4300000)
 Metaspace       used 66658K, committed 67712K, reserved 1114112K
  class space    used 8148K, committed 8640K, reserved 1048576K
}
Event: 8.517 GC heap after
{Heap after GC invocations=41 (full 3):
 PSYoungGen      total 21504K, used 1190K [0x00000000eab00000, 0x00000000ec200000, 0x0000000100000000)
  eden space 19968K, 0% used [0x00000000eab00000,0x00000000eab00000,0x00000000ebe80000)
  from space 1536K, 77% used [0x00000000ec080000,0x00000000ec1a9980,0x00000000ec200000)
  to   space 1536K, 0% used [0x00000000ebf00000,0x00000000ebf00000,0x00000000ec080000)
 ParOldGen       total 68608K, used 38989K [0x00000000c0000000, 0x00000000c4300000, 0x00000000eab00000)
  object space 68608K, 56% used [0x00000000c0000000,0x00000000c26134f8,0x00000000c4300000)
 Metaspace       used 66658K, committed 67712K, reserved 1114112K
  class space    used 8148K, committed 8640K, reserved 1048576K
}
Event: 8.682 GC heap before
{Heap before GC invocations=42 (full 3):
 PSYoungGen      total 21504K, used 21158K [0x00000000eab00000, 0x00000000ec200000, 0x0000000100000000)
  eden space 19968K, 100% used [0x00000000eab00000,0x00000000ebe80000,0x00000000ebe80000)
  from space 1536K, 77% used [0x00000000ec080000,0x00000000ec1a9980,0x00000000ec200000)
  to   space 1536K, 0% used [0x00000000ebf00000,0x00000000ebf00000,0x00000000ec080000)
 ParOldGen       total 68608K, used 38989K [0x00000000c0000000, 0x00000000c4300000, 0x00000000eab00000)
  object space 68608K, 56% used [0x00000000c0000000,0x00000000c26134f8,0x00000000c4300000)
 Metaspace       used 67621K, committed 68672K, reserved 1114112K
  class space    used 8294K, committed 8768K, reserved 1048576K
}
Event: 8.683 GC heap after
{Heap after GC invocations=42 (full 3):
 PSYoungGen      total 20480K, used 416K [0x00000000eab00000, 0x00000000ec100000, 0x0000000100000000)
  eden space 19968K, 0% used [0x00000000eab00000,0x00000000eab00000,0x00000000ebe80000)
  from space 512K, 81% used [0x00000000ebf00000,0x00000000ebf68000,0x00000000ebf80000)
  to   space 1024K, 0% used [0x00000000ec000000,0x00000000ec000000,0x00000000ec100000)
 ParOldGen       total 68608K, used 39021K [0x00000000c0000000, 0x00000000c4300000, 0x00000000eab00000)
  object space 68608K, 56% used [0x00000000c0000000,0x00000000c261b4f8,0x00000000c4300000)
 Metaspace       used 67621K, committed 68672K, reserved 1114112K
  class space    used 8294K, committed 8768K, reserved 1048576K
}
Event: 9.407 GC heap before
{Heap before GC invocations=43 (full 3):
 PSYoungGen      total 20480K, used 20384K [0x00000000eab00000, 0x00000000ec100000, 0x0000000100000000)
  eden space 19968K, 100% used [0x00000000eab00000,0x00000000ebe80000,0x00000000ebe80000)
  from space 512K, 81% used [0x00000000ebf00000,0x00000000ebf68000,0x00000000ebf80000)
  to   space 1024K, 0% used [0x00000000ec000000,0x00000000ec000000,0x00000000ec100000)
 ParOldGen       total 68608K, used 39021K [0x00000000c0000000, 0x00000000c4300000, 0x00000000eab00000)
  object space 68608K, 56% used [0x00000000c0000000,0x00000000c261b4f8,0x00000000c4300000)
 Metaspace       used 68674K, committed 69824K, reserved 1114112K
  class space    used 8416K, committed 8896K, reserved 1048576K
}
Event: 9.408 GC heap after
{Heap after GC invocations=43 (full 3):
 PSYoungGen      total 20992K, used 768K [0x00000000eab00000, 0x00000000ec100000, 0x0000000100000000)
  eden space 19968K, 0% used [0x00000000eab00000,0x00000000eab00000,0x00000000ebe80000)
  from space 1024K, 75% used [0x00000000ec000000,0x00000000ec0c0000,0x00000000ec100000)
  to   space 1024K, 0% used [0x00000000ebf00000,0x00000000ebf00000,0x00000000ec000000)
 ParOldGen       total 68608K, used 39277K [0x00000000c0000000, 0x00000000c4300000, 0x00000000eab00000)
  object space 68608K, 57% used [0x00000000c0000000,0x00000000c265b518,0x00000000c4300000)
 Metaspace       used 68674K, committed 69824K, reserved 1114112K
  class space    used 8416K, committed 8896K, reserved 1048576K
}

Dll operation events (15 events):
Event: 0.015 Loaded shared library c:\Users\tarun\.vscode\extensions\redhat.java-1.35.0-win32-x64\jre\17.0.12-win32-x86_64\bin\java.dll
Event: 0.315 Loaded shared library c:\Users\tarun\.vscode\extensions\redhat.java-1.35.0-win32-x64\jre\17.0.12-win32-x86_64\bin\zip.dll
Event: 0.319 Loaded shared library C:\Users\tarun\.vscode\extensions\redhat.java-1.35.0-win32-x64\jre\17.0.12-win32-x86_64\bin\instrument.dll
Event: 0.339 Loaded shared library C:\Users\tarun\.vscode\extensions\redhat.java-1.35.0-win32-x64\jre\17.0.12-win32-x86_64\bin\net.dll
Event: 0.342 Loaded shared library C:\Users\tarun\.vscode\extensions\redhat.java-1.35.0-win32-x64\jre\17.0.12-win32-x86_64\bin\nio.dll
Event: 0.359 Loaded shared library C:\Users\tarun\.vscode\extensions\redhat.java-1.35.0-win32-x64\jre\17.0.12-win32-x86_64\bin\zip.dll
Event: 0.386 Loaded shared library C:\Users\tarun\.vscode\extensions\redhat.java-1.35.0-win32-x64\jre\17.0.12-win32-x86_64\bin\jimage.dll
Event: 0.471 Loaded shared library c:\Users\tarun\.vscode\extensions\redhat.java-1.35.0-win32-x64\jre\17.0.12-win32-x86_64\bin\verify.dll
Event: 1.401 Loaded shared library C:\Users\tarun\AppData\Roaming\Code\User\globalStorage\redhat.java\1.35.0\config_win\org.eclipse.equinox.launcher\org.eclipse.equinox.launcher.win32.win32.x86_64_1.2.1100.v20240722-2106\eclipse_11904.dll
Event: 2.372 Loaded shared library C:\Users\tarun\AppData\Local\Temp\jna-110131454\jna15964702803926113365.dll
Event: 5.925 Loaded shared library C:\Users\tarun\.gradle\native\c067742578af261105cb4f569cf0c3c89f3d7b1fecec35dd04571415982c5e48\windows-amd64\native-platform.dll
Event: 6.582 Loaded shared library C:\Users\tarun\.vscode\extensions\redhat.java-1.35.0-win32-x64\jre\17.0.12-win32-x86_64\bin\management.dll
Event: 6.584 Loaded shared library C:\Users\tarun\.vscode\extensions\redhat.java-1.35.0-win32-x64\jre\17.0.12-win32-x86_64\bin\management_ext.dll
Event: 8.648 Loaded shared library C:\Users\tarun\.vscode\extensions\redhat.java-1.35.0-win32-x64\jre\17.0.12-win32-x86_64\bin\extnet.dll
Event: 8.697 Loaded shared library C:\Users\tarun\.vscode\extensions\redhat.java-1.35.0-win32-x64\jre\17.0.12-win32-x86_64\bin\sunmscapi.dll

Deoptimization events (20 events):
Event: 9.465 Thread 0x00000138a6429ab0 DEOPT PACKING pc=0x0000013892859b40 sp=0x000000118eafd2d0
Event: 9.465 Thread 0x00000138a6429ab0 DEOPT UNPACKING pc=0x0000013891e666a3 sp=0x000000118eafd268 mode 2
Event: 9.474 Thread 0x00000138a6429ab0 DEOPT PACKING pc=0x000001388b5aee6f sp=0x000000118eafaa40
Event: 9.474 Thread 0x00000138a6429ab0 DEOPT UNPACKING pc=0x0000013891e66e43 sp=0x000000118eaf9f50 mode 0
Event: 9.480 Thread 0x00000138a6429ab0 Uncommon trap: trap_request=0xffffff45 fr.pc=0x000001389286ebcc relative=0x000000000000018c
Event: 9.480 Thread 0x00000138a6429ab0 Uncommon trap: reason=unstable_if action=reinterpret pc=0x000001389286ebcc method=java.io.ObjectStreamField.<init>(Ljava/lang/String;Ljava/lang/String;Z)V @ 45 c2
Event: 9.480 Thread 0x00000138a6429ab0 DEOPT PACKING pc=0x000001389286ebcc sp=0x000000118eafd580
Event: 9.480 Thread 0x00000138a6429ab0 DEOPT UNPACKING pc=0x0000013891e666a3 sp=0x000000118eafd508 mode 2
Event: 9.480 Thread 0x00000138a6429ab0 Uncommon trap: trap_request=0xffffff45 fr.pc=0x0000013892649be0 relative=0x00000000000001c0
Event: 9.480 Thread 0x00000138a6429ab0 Uncommon trap: reason=unstable_if action=reinterpret pc=0x0000013892649be0 method=java.io.ObjectStreamClass.computeFieldOffsets()V @ 34 c2
Event: 9.480 Thread 0x00000138a6429ab0 DEOPT PACKING pc=0x0000013892649be0 sp=0x000000118eafd580
Event: 9.480 Thread 0x00000138a6429ab0 DEOPT UNPACKING pc=0x0000013891e666a3 sp=0x000000118eafd510 mode 2
Event: 9.488 Thread 0x00000138a6429ab0 Uncommon trap: trap_request=0xffffff45 fr.pc=0x0000013892834adc relative=0x00000000000004bc
Event: 9.488 Thread 0x00000138a6429ab0 Uncommon trap: reason=unstable_if action=reinterpret pc=0x0000013892834adc method=java.io.ObjectStreamClass$FieldReflector.setObjFieldValues(Ljava/lang/Object;[Ljava/lang/Object;Z)V @ 56 c2
Event: 9.488 Thread 0x00000138a6429ab0 DEOPT PACKING pc=0x0000013892834adc sp=0x000000118eafd340
Event: 9.488 Thread 0x00000138a6429ab0 DEOPT UNPACKING pc=0x0000013891e666a3 sp=0x000000118eafd2c8 mode 2
Event: 9.488 Thread 0x00000138a6429ab0 Uncommon trap: trap_request=0xffffff45 fr.pc=0x0000013892647c24 relative=0x00000000000002e4
Event: 9.488 Thread 0x00000138a6429ab0 Uncommon trap: reason=unstable_if action=reinterpret pc=0x0000013892647c24 method=java.io.ObjectStreamClass$FieldReflector.setObjFieldValues(Ljava/lang/Object;[Ljava/lang/Object;Z)V @ 56 c2
Event: 9.489 Thread 0x00000138a6429ab0 DEOPT PACKING pc=0x0000013892647c24 sp=0x000000118eafd350
Event: 9.489 Thread 0x00000138a6429ab0 DEOPT UNPACKING pc=0x0000013891e666a3 sp=0x000000118eafd180 mode 2

Classes loaded (20 events):
Event: 8.719 Loading class java/io/ObjectStreamClass$3
Event: 8.719 Loading class java/io/ObjectStreamClass$3 done
Event: 8.719 Loading class java/io/ObjectStreamClass$4
Event: 8.719 Loading class java/io/ObjectStreamClass$4 done
Event: 8.719 Loading class java/io/ObjectStreamClass$5
Event: 8.719 Loading class java/io/ObjectStreamClass$5 done
Event: 8.721 Loading class java/net/UrlDeserializedState
Event: 8.721 Loading class java/net/UrlDeserializedState done
Event: 8.722 Loading class java/net/Proxy
Event: 8.722 Loading class java/net/Proxy done
Event: 8.723 Loading class java/nio/channels/spi/AbstractSelector$1
Event: 8.723 Loading class java/nio/channels/spi/AbstractSelector$1 done
Event: 8.731 Loading class java/nio/channels/AsynchronousCloseException
Event: 8.731 Loading class java/nio/channels/ClosedChannelException
Event: 8.731 Loading class java/nio/channels/ClosedChannelException done
Event: 8.731 Loading class java/nio/channels/AsynchronousCloseException done
Event: 8.732 Loading class java/lang/UnsupportedClassVersionError
Event: 8.732 Loading class java/lang/UnsupportedClassVersionError done
Event: 9.387 Loading class java/time/Ser
Event: 9.387 Loading class java/time/Ser done

Classes unloaded (7 events):
Event: 3.265 Thread 0x000001389bba1660 Unloading class 0x0000000100250400 'java/lang/invoke/LambdaForm$MH+0x0000000100250400'
Event: 3.265 Thread 0x000001389bba1660 Unloading class 0x0000000100250000 'java/lang/invoke/LambdaForm$MH+0x0000000100250000'
Event: 3.265 Thread 0x000001389bba1660 Unloading class 0x000000010024fc00 'java/lang/invoke/LambdaForm$MH+0x000000010024fc00'
Event: 3.265 Thread 0x000001389bba1660 Unloading class 0x000000010024f800 'java/lang/invoke/LambdaForm$MH+0x000000010024f800'
Event: 3.266 Thread 0x000001389bba1660 Unloading class 0x000000010024f400 'java/lang/invoke/LambdaForm$BMH+0x000000010024f400'
Event: 3.266 Thread 0x000001389bba1660 Unloading class 0x000000010024f000 'java/lang/invoke/LambdaForm$DMH+0x000000010024f000'
Event: 3.266 Thread 0x000001389bba1660 Unloading class 0x000000010024c400 'java/lang/invoke/LambdaForm$DMH+0x000000010024c400'

Classes redefined (0 events):
No events

Internal exceptions (20 events):
Event: 8.733 Thread 0x00000138a6429ab0 Exception <a 'java/lang/NoSuchMethodError'{0x00000000eafb3148}: static Lorg/gradle/internal/build/event/types/DefaultOperationStartedProgressEvent;.<clinit>()V> (0x00000000eafb3148) 
thrown [s\src\hotspot\share\prims\jni.cpp, line 1112]
Event: 8.734 Thread 0x00000138a6429ab0 Exception <a 'java/lang/NoSuchMethodError'{0x00000000eafc9558}: static Lorg/gradle/internal/build/event/types/DefaultOperationDescriptor;.<clinit>()V> (0x00000000eafc9558) 
thrown [s\src\hotspot\share\prims\jni.cpp, line 1112]
Event: 8.734 Thread 0x00000138a6429ab0 Exception <a 'java/lang/NoSuchMethodError'{0x00000000eafd75b0}: static Lorg/gradle/internal/operations/OperationIdentifier;.<clinit>()V> (0x00000000eafd75b0) 
thrown [s\src\hotspot\share\prims\jni.cpp, line 1112]
Event: 8.742 Thread 0x00000138a6429ab0 Exception <a 'java/lang/NoSuchMethodError'{0x00000000eb01b458}: static Lorg/gradle/internal/build/event/types/DefaultOperationFinishedProgressEvent;.<clinit>()V> (0x00000000eb01b458) 
thrown [s\src\hotspot\share\prims\jni.cpp, line 1112]
Event: 8.744 Thread 0x00000138a6429ab0 Exception <a 'java/lang/NoSuchMethodError'{0x00000000eb031c98}: static Lorg/gradle/internal/build/event/types/AbstractResult;.<clinit>()V> (0x00000000eb031c98) 
thrown [s\src\hotspot\share\prims\jni.cpp, line 1112]
Event: 8.744 Thread 0x00000138a6429ab0 Exception <a 'java/lang/NoSuchMethodError'{0x00000000eb03f260}: static Lorg/gradle/internal/build/event/types/AbstractOperationResult;.<clinit>()V> (0x00000000eb03f260) 
thrown [s\src\hotspot\share\prims\jni.cpp, line 1112]
Event: 8.745 Thread 0x00000138a6429ab0 Exception <a 'java/lang/NoSuchMethodError'{0x00000000eb04cec0}: static Lorg/gradle/internal/build/event/types/DefaultSuccessResult;.<clinit>()V> (0x00000000eb04cec0) 
thrown [s\src\hotspot\share\prims\jni.cpp, line 1112]
Event: 8.999 Thread 0x00000138a6429ab0 Exception <a 'java/lang/NoSuchMethodError'{0x00000000eb1a8900}: static Lorg/gradle/internal/build/event/types/DefaultBuildPhaseDescriptor;.<clinit>()V> (0x00000000eb1a8900) 
thrown [s\src\hotspot\share\prims\jni.cpp, line 1112]
Event: 9.014 Thread 0x00000138a6429ab0 Exception <a 'java/lang/NoSuchMethodError'{0x00000000eb2b9868}: static Lorg/gradle/internal/build/event/types/DefaultProjectConfigurationDescriptor;.<clinit>()V> (0x00000000eb2b9868) 
thrown [s\src\hotspot\share\prims\jni.cpp, line 1112]
Event: 9.382 Thread 0x00000138a6429ab0 Exception <a 'java/lang/NoSuchMethodError'{0x00000000ebb539c0}: static Lorg/gradle/internal/build/event/types/AbstractProjectConfigurationResult;.<clinit>()V> (0x00000000ebb539c0) 
thrown [s\src\hotspot\share\prims\jni.cpp, line 1112]
Event: 9.383 Thread 0x00000138a6429ab0 Exception <a 'java/lang/NoSuchMethodError'{0x00000000ebb69598}: static Lorg/gradle/internal/build/event/types/DefaultProjectConfigurationSuccessResult;.<clinit>()V> (0x00000000ebb69598) 
thrown [s\src\hotspot\share\prims\jni.cpp, line 1112]
Event: 9.385 Thread 0x00000138a6429ab0 Exception <a 'java/lang/NoSuchMethodError'{0x00000000ebb83088}: static Lorg/gradle/internal/build/event/types/DefaultPluginApplicationResult;.<clinit>()V> (0x00000000ebb83088) 
thrown [s\src\hotspot\share\prims\jni.cpp, line 1112]
Event: 9.387 Thread 0x00000138a6429ab0 Exception <a 'java/lang/NoSuchMethodError'{0x00000000ebb9c0a0}: static Lorg/gradle/internal/build/event/types/DefaultBinaryPluginIdentifier;.<clinit>()V> (0x00000000ebb9c0a0) 
thrown [s\src\hotspot\share\prims\jni.cpp, line 1112]
Event: 9.390 Thread 0x00000138a6429ab0 Exception <a 'java/lang/NoSuchMethodError'{0x00000000ebbbac90}: static Lorg/gradle/internal/build/event/types/DefaultScriptPluginIdentifier;.<clinit>()V> (0x00000000ebbbac90) 
thrown [s\src\hotspot\share\prims\jni.cpp, line 1112]
Event: 9.458 Thread 0x00000138a6429ab0 Exception <a 'java/lang/NoSuchMethodError'{0x00000000eb69df88}: static Lorg/gradle/internal/build/event/types/DefaultTaskStartedProgressEvent;.<clinit>()V> (0x00000000eb69df88) 
thrown [s\src\hotspot\share\prims\jni.cpp, line 1112]
Event: 9.465 Thread 0x00000138a6429ab0 Exception <a 'java/lang/NoSuchMethodError'{0x00000000eb6b73e8}: static Lorg/gradle/internal/build/event/types/DefaultTaskDescriptor;.<clinit>()V> (0x00000000eb6b73e8) 
thrown [s\src\hotspot\share\prims\jni.cpp, line 1112]
Event: 9.479 Thread 0x00000138a6429ab0 Exception <a 'java/lang/NoSuchMethodError'{0x00000000eb716010}: static Lorg/gradle/internal/build/event/types/DefaultTaskFinishedProgressEvent;.<clinit>()V> (0x00000000eb716010) 
thrown [s\src\hotspot\share\prims\jni.cpp, line 1112]
Event: 9.483 Thread 0x00000138a6429ab0 Exception <a 'java/lang/NoSuchMethodError'{0x00000000eb72fab8}: static Lorg/gradle/internal/build/event/types/AbstractTaskResult;.<clinit>()V> (0x00000000eb72fab8) 
thrown [s\src\hotspot\share\prims\jni.cpp, line 1112]
Event: 9.485 Thread 0x00000138a6429ab0 Exception <a 'java/lang/NoSuchMethodError'{0x00000000eb749d88}: static Lorg/gradle/internal/build/event/types/DefaultTaskSuccessResult;.<clinit>()V> (0x00000000eb749d88) 
thrown [s\src\hotspot\share\prims\jni.cpp, line 1112]
Event: 9.499 Thread 0x00000138a6429ab0 Exception <a 'java/lang/NoSuchMethodError'{0x00000000eb870a80}: static Lorg/gradle/internal/build/event/types/DefaultTaskSkippedResult;.<clinit>()V> (0x00000000eb870a80) 
thrown [s\src\hotspot\share\prims\jni.cpp, line 1112]

VM Operations (20 events):
Event: 8.516 Executing VM operation: ParallelGCFailedAllocation
Event: 8.517 Executing VM operation: ParallelGCFailedAllocation done
Event: 8.531 Executing VM operation: HandshakeAllThreads
Event: 8.531 Executing VM operation: HandshakeAllThreads done
Event: 8.551 Executing VM operation: HandshakeAllThreads
Event: 8.552 Executing VM operation: HandshakeAllThreads done
Event: 8.682 Executing VM operation: ParallelGCFailedAllocation
Event: 8.683 Executing VM operation: ParallelGCFailedAllocation done
Event: 8.690 Executing VM operation: HandshakeAllThreads
Event: 8.690 Executing VM operation: HandshakeAllThreads done
Event: 9.407 Executing VM operation: ParallelGCFailedAllocation
Event: 9.408 Executing VM operation: ParallelGCFailedAllocation done
Event: 9.456 Executing VM operation: HandshakeAllThreads
Event: 9.456 Executing VM operation: HandshakeAllThreads done
Event: 9.462 Executing VM operation: HandshakeAllThreads
Event: 9.462 Executing VM operation: HandshakeAllThreads done
Event: 9.473 Executing VM operation: HandshakeAllThreads
Event: 9.473 Executing VM operation: HandshakeAllThreads done
Event: 9.477 Executing VM operation: HandshakeAllThreads
Event: 9.478 Executing VM operation: HandshakeAllThreads done

Events (20 events):
Event: 8.558 Thread 0x00000138a0e4d960 flushing nmethod 0x000001388b6b2110
Event: 8.558 Thread 0x00000138a0e4d960 flushing nmethod 0x000001388b6b2590
Event: 8.558 Thread 0x00000138a0e4d960 flushing nmethod 0x000001388b6cb490
Event: 8.574 Thread 0x00000138a6428b80 Thread added: 0x00000138a6428b80
Event: 8.649 Thread 0x00000138a5529d60 Thread exited: 0x00000138a5529d60
Event: 8.664 Thread 0x00000138a552ad50 Thread exited: 0x00000138a552ad50
Event: 8.664 Thread 0x00000138a552b7f0 Thread exited: 0x00000138a552b7f0
Event: 8.679 Thread 0x00000138a552c7e0 Thread exited: 0x00000138a552c7e0
Event: 8.731 Thread 0x00000138a642b910 Thread added: 0x00000138a642b910
Event: 8.731 Thread 0x00000138a642b910 Thread exited: 0x00000138a642b910
Event: 8.732 Thread 0x00000138a642a9e0 Thread added: 0x00000138a642a9e0
Event: 8.743 Thread 0x00000138a552bd40 Thread added: 0x00000138a552bd40
Event: 8.943 Thread 0x00000138a552bd40 Thread exited: 0x00000138a552bd40
Event: 8.977 Thread 0x00000138a5529d60 Thread added: 0x00000138a5529d60
Event: 9.013 Thread 0x00000138a552c7e0 Thread added: 0x00000138a552c7e0
Event: 9.408 Thread 0x00000138a552a800 Thread added: 0x00000138a552a800
Event: 9.411 Thread 0x00000138a552b7f0 Thread added: 0x00000138a552b7f0
Event: 9.425 Thread 0x00000138a552b2a0 Thread added: 0x00000138a552b2a0
Event: 9.425 Thread 0x00000138a552bd40 Thread added: 0x00000138a552bd40
Event: 9.425 Thread 0x00000138a552cd30 Thread added: 0x00000138a552cd30


Dynamic libraries:
0x00007ff64da30000 - 0x00007ff64da3e000 	c:\Users\tarun\.vscode\extensions\redhat.java-1.35.0-win32-x64\jre\17.0.12-win32-x86_64\bin\java.exe
0x00007ffd06a50000 - 0x00007ffd06c67000 	C:\WINDOWS\SYSTEM32\ntdll.dll
0x00007ffd060d0000 - 0x00007ffd06194000 	C:\WINDOWS\System32\KERNEL32.DLL
0x00007ffd043c0000 - 0x00007ffd04777000 	C:\WINDOWS\System32\KERNELBASE.dll
0x00007ffd042a0000 - 0x00007ffd043b1000 	C:\WINDOWS\System32\ucrtbase.dll
0x00007ffce6220000 - 0x00007ffce623b000 	c:\Users\tarun\.vscode\extensions\redhat.java-1.35.0-win32-x64\jre\17.0.12-win32-x86_64\bin\VCRUNTIME140.dll
0x00007ffce62b0000 - 0x00007ffce62c7000 	c:\Users\tarun\.vscode\extensions\redhat.java-1.35.0-win32-x64\jre\17.0.12-win32-x86_64\bin\jli.dll
0x00007ffd06750000 - 0x00007ffd068ff000 	C:\WINDOWS\System32\USER32.dll
0x00007ffce9a10000 - 0x00007ffce9ca3000 	C:\WINDOWS\WinSxS\amd64_microsoft.windows.common-controls_6595b64144ccf1df_6.0.22621.3672_none_2713b9d173822955\COMCTL32.dll
0x00007ffd03e00000 - 0x00007ffd03e26000 	C:\WINDOWS\System32\win32u.dll
0x00007ffd05fb0000 - 0x00007ffd06057000 	C:\WINDOWS\System32\msvcrt.dll
0x00007ffd05620000 - 0x00007ffd05649000 	C:\WINDOWS\System32\GDI32.dll
0x00007ffd03ea0000 - 0x00007ffd03fb8000 	C:\WINDOWS\System32\gdi32full.dll
0x00007ffd03d60000 - 0x00007ffd03dfa000 	C:\WINDOWS\System32\msvcp_win.dll
0x00007ffd06310000 - 0x00007ffd06341000 	C:\WINDOWS\System32\IMM32.DLL
0x00007ffcfbb90000 - 0x00007ffcfbb9c000 	c:\Users\tarun\.vscode\extensions\redhat.java-1.35.0-win32-x64\jre\17.0.12-win32-x86_64\bin\vcruntime140_1.dll
0x00007ffcd07f0000 - 0x00007ffcd087d000 	c:\Users\tarun\.vscode\extensions\redhat.java-1.35.0-win32-x64\jre\17.0.12-win32-x86_64\bin\msvcp140.dll
0x00007ffc838e0000 - 0x00007ffc8454a000 	c:\Users\tarun\.vscode\extensions\redhat.java-1.35.0-win32-x64\jre\17.0.12-win32-x86_64\bin\server\jvm.dll
0x00007ffd05120000 - 0x00007ffd051d2000 	C:\WINDOWS\System32\ADVAPI32.dll
0x00007ffd05070000 - 0x00007ffd05118000 	C:\WINDOWS\System32\sechost.dll
0x00007ffd04040000 - 0x00007ffd04068000 	C:\WINDOWS\System32\bcrypt.dll
0x00007ffd05750000 - 0x00007ffd05864000 	C:\WINDOWS\System32\RPCRT4.dll
0x00007ffd06650000 - 0x00007ffd066c1000 	C:\WINDOWS\System32\WS2_32.dll
0x00007ffd02c10000 - 0x00007ffd02c5d000 	C:\WINDOWS\SYSTEM32\POWRPROF.dll
0x00007ffcfdae0000 - 0x00007ffcfdb14000 	C:\WINDOWS\SYSTEM32\WINMM.dll
0x00007ffcf7230000 - 0x00007ffcf723a000 	C:\WINDOWS\SYSTEM32\VERSION.dll
0x00007ffd02bf0000 - 0x00007ffd02c03000 	C:\WINDOWS\SYSTEM32\UMPDC.dll
0x00007ffd02ea0000 - 0x00007ffd02eb8000 	C:\WINDOWS\SYSTEM32\kernel.appcore.dll
0x00007ffcfaad0000 - 0x00007ffcfaada000 	c:\Users\tarun\.vscode\extensions\redhat.java-1.35.0-win32-x64\jre\17.0.12-win32-x86_64\bin\jimage.dll
0x00007ffd010f0000 - 0x00007ffd01322000 	C:\WINDOWS\SYSTEM32\DBGHELP.DLL
0x00007ffd05290000 - 0x00007ffd0561e000 	C:\WINDOWS\System32\combase.dll
0x00007ffd063c0000 - 0x00007ffd06497000 	C:\WINDOWS\System32\OLEAUT32.dll
0x00007ffcfe410000 - 0x00007ffcfe442000 	C:\WINDOWS\SYSTEM32\dbgcore.DLL
0x00007ffd03fc0000 - 0x00007ffd0403b000 	C:\WINDOWS\System32\bcryptPrimitives.dll
0x00007ffcf4020000 - 0x00007ffcf402e000 	c:\Users\tarun\.vscode\extensions\redhat.java-1.35.0-win32-x64\jre\17.0.12-win32-x86_64\bin\instrument.dll
0x00007ffcdbc80000 - 0x00007ffcdbca5000 	c:\Users\tarun\.vscode\extensions\redhat.java-1.35.0-win32-x64\jre\17.0.12-win32-x86_64\bin\java.dll
0x00007ffce6060000 - 0x00007ffce6078000 	c:\Users\tarun\.vscode\extensions\redhat.java-1.35.0-win32-x64\jre\17.0.12-win32-x86_64\bin\zip.dll
0x00007ffd04780000 - 0x00007ffd04fe9000 	C:\WINDOWS\System32\SHELL32.dll
0x00007ffd01c90000 - 0x00007ffd0258f000 	C:\WINDOWS\SYSTEM32\windows.storage.dll
0x00007ffd01b50000 - 0x00007ffd01c8f000 	C:\WINDOWS\SYSTEM32\wintypes.dll
0x00007ffd06900000 - 0x00007ffd069f9000 	C:\WINDOWS\System32\SHCORE.dll
0x00007ffd06350000 - 0x00007ffd063ae000 	C:\WINDOWS\System32\shlwapi.dll
0x00007ffd03c90000 - 0x00007ffd03cb7000 	C:\WINDOWS\SYSTEM32\profapi.dll
0x00007ffce3f80000 - 0x00007ffce3f99000 	C:\Users\tarun\.vscode\extensions\redhat.java-1.35.0-win32-x64\jre\17.0.12-win32-x86_64\bin\net.dll
0x00007ffcff440000 - 0x00007ffcff576000 	C:\WINDOWS\SYSTEM32\WINHTTP.dll
0x00007ffd03310000 - 0x00007ffd03379000 	C:\WINDOWS\system32\mswsock.dll
0x00007ffce3ee0000 - 0x00007ffce3ef6000 	C:\Users\tarun\.vscode\extensions\redhat.java-1.35.0-win32-x64\jre\17.0.12-win32-x86_64\bin\nio.dll
0x00007ffce8720000 - 0x00007ffce8730000 	c:\Users\tarun\.vscode\extensions\redhat.java-1.35.0-win32-x64\jre\17.0.12-win32-x86_64\bin\verify.dll
0x00007ffca99f0000 - 0x00007ffca9a35000 	C:\Users\tarun\AppData\Roaming\Code\User\globalStorage\redhat.java\1.35.0\config_win\org.eclipse.equinox.launcher\org.eclipse.equinox.launcher.win32.win32.x86_64_1.2.1100.v20240722-2106\eclipse_11904.dll
0x00007ffd064a0000 - 0x00007ffd06645000 	C:\WINDOWS\System32\ole32.dll
0x00007ffd03560000 - 0x00007ffd0357b000 	C:\WINDOWS\SYSTEM32\CRYPTSP.dll
0x00007ffd02e00000 - 0x00007ffd02e35000 	C:\WINDOWS\system32\rsaenh.dll
0x00007ffd03400000 - 0x00007ffd03428000 	C:\WINDOWS\SYSTEM32\USERENV.dll
0x00007ffd03580000 - 0x00007ffd0358c000 	C:\WINDOWS\SYSTEM32\CRYPTBASE.dll
0x00007ffd02870000 - 0x00007ffd0289d000 	C:\WINDOWS\SYSTEM32\IPHLPAPI.DLL
0x00007ffd063b0000 - 0x00007ffd063b9000 	C:\WINDOWS\System32\NSI.dll
0x00007ffcff370000 - 0x00007ffcff389000 	C:\WINDOWS\SYSTEM32\dhcpcsvc6.DLL
0x00007ffcff350000 - 0x00007ffcff36f000 	C:\WINDOWS\SYSTEM32\dhcpcsvc.DLL
0x00007ffd028e0000 - 0x00007ffd029e2000 	C:\WINDOWS\SYSTEM32\DNSAPI.dll
0x00007ffc9e340000 - 0x00007ffc9e389000 	C:\Users\tarun\AppData\Local\Temp\jna-110131454\jna15964702803926113365.dll
0x00007ffd06300000 - 0x00007ffd06308000 	C:\WINDOWS\System32\PSAPI.DLL
0x00007ffce8850000 - 0x00007ffce8877000 	C:\Users\tarun\.gradle\native\c067742578af261105cb4f569cf0c3c89f3d7b1fecec35dd04571415982c5e48\windows-amd64\native-platform.dll
0x00007ffcf3c10000 - 0x00007ffcf3c19000 	C:\Users\tarun\.vscode\extensions\redhat.java-1.35.0-win32-x64\jre\17.0.12-win32-x86_64\bin\management.dll
0x00007ffcf3c00000 - 0x00007ffcf3c0b000 	C:\Users\tarun\.vscode\extensions\redhat.java-1.35.0-win32-x64\jre\17.0.12-win32-x86_64\bin\management_ext.dll
0x00007ffcfd120000 - 0x00007ffcfd129000 	C:\Users\tarun\.vscode\extensions\redhat.java-1.35.0-win32-x64\jre\17.0.12-win32-x86_64\bin\extnet.dll
0x00007ffce86e0000 - 0x00007ffce86ee000 	C:\Users\tarun\.vscode\extensions\redhat.java-1.35.0-win32-x64\jre\17.0.12-win32-x86_64\bin\sunmscapi.dll
0x00007ffd04130000 - 0x00007ffd04296000 	C:\WINDOWS\System32\CRYPT32.dll
0x00007ffd03700000 - 0x00007ffd0372e000 	C:\WINDOWS\SYSTEM32\ncrypt.dll
0x00007ffd036c0000 - 0x00007ffd036f7000 	C:\WINDOWS\SYSTEM32\NTASN1.dll
0x00007ffcc2f20000 - 0x00007ffcc2f28000 	C:\WINDOWS\system32\wshunix.dll

dbghelp: loaded successfully - version: 4.0.5 - missing functions: none
symbol engine: initialized successfully - sym options: 0x614 - pdb path: .;c:\Users\tarun\.vscode\extensions\redhat.java-1.35.0-win32-x64\jre\17.0.12-win32-x86_64\bin;C:\WINDOWS\SYSTEM32;C:\WINDOWS\WinSxS\amd64_microsoft.windows.common-controls_6595b64144ccf1df_6.0.22621.3672_none_2713b9d173822955;c:\Users\tarun\.vscode\extensions\redhat.java-1.35.0-win32-x64\jre\17.0.12-win32-x86_64\bin\server;C:\Users\tarun\AppData\Roaming\Code\User\globalStorage\redhat.java\1.35.0\config_win\org.eclipse.equinox.launcher\org.eclipse.equinox.launcher.win32.win32.x86_64_1.2.1100.v20240722-2106;C:\Users\tarun\AppData\Local\Temp\jna-110131454;C:\Users\tarun\.gradle\native\c067742578af261105cb4f569cf0c3c89f3d7b1fecec35dd04571415982c5e48\windows-amd64

VM Arguments:
jvm_args: --add-modules=ALL-SYSTEM --add-opens=java.base/java.util=ALL-UNNAMED --add-opens=java.base/java.lang=ALL-UNNAMED --add-opens=java.base/sun.nio.fs=ALL-UNNAMED -Declipse.application=org.eclipse.jdt.ls.core.id1 -Dosgi.bundles.defaultStartLevel=4 -Declipse.product=org.eclipse.jdt.ls.core.product -Djava.import.generatesMetadataFilesAtProjectRoot=false -DDetectVMInstallationsJob.disabled=true -Dfile.encoding=utf8 -XX:+UseParallelGC -XX:GCTimeRatio=4 -XX:AdaptiveSizePolicyWeight=90 -Dsun.zip.disableMemoryMapping=true -Xmx1G -Xms100m -Xlog:disable -javaagent:c:\Users\tarun\.vscode\extensions\redhat.java-1.35.0-win32-x64\lombok\lombok-1.18.33.jar -XX:+HeapDumpOnOutOfMemoryError -XX:HeapDumpPath=c:\Users\tarun\AppData\Roaming\Code\User\workspaceStorage\3e039541554babdccf2a8c9dffd2df79\redhat.java -Daether.dependencyCollector.impl=bf 
java_command: c:\Users\tarun\.vscode\extensions\redhat.java-1.35.0-win32-x64\server\plugins\org.eclipse.equinox.launcher_1.6.900.v20240613-2009.jar -configuration c:\Users\tarun\AppData\Roaming\Code\User\globalStorage\redhat.java\1.35.0\config_win -data c:\Users\tarun\AppData\Roaming\Code\User\workspaceStorage\3e039541554babdccf2a8c9dffd2df79\redhat.java\jdt_ws --pipe=\\.\pipe\lsp-b07e9c8fbbc0c3d38ff777117177c672-sock
java_class_path (initial): c:\Users\tarun\.vscode\extensions\redhat.java-1.35.0-win32-x64\server\plugins\org.eclipse.equinox.launcher_1.6.900.v20240613-2009.jar
Launcher Type: SUN_STANDARD

[Global flags]
    uintx AdaptiveSizePolicyWeight                 = 90                                        {product} {command line}
     intx CICompilerCount                          = 12                                        {product} {ergonomic}
    uintx GCTimeRatio                              = 4                                         {product} {command line}
     bool HeapDumpOnOutOfMemoryError               = true                                   {manageable} {command line}
    ccstr HeapDumpPath                             = c:\Users\tarun\AppData\Roaming\Code\User\workspaceStorage\3e039541554babdccf2a8c9dffd2df79\redhat.java         {manageable} {command line}
   size_t InitialHeapSize                          = 104857600                                 {product} {command line}
   size_t MaxHeapSize                              = 1073741824                                {product} {command line}
   size_t MaxNewSize                               = 357564416                                 {product} {ergonomic}
   size_t MinHeapDeltaBytes                        = 524288                                    {product} {ergonomic}
   size_t MinHeapSize                              = 104857600                                 {product} {command line}
   size_t NewSize                                  = 34603008                                  {product} {ergonomic}
    uintx NonNMethodCodeHeapSize                   = 7602480                                {pd product} {ergonomic}
    uintx NonProfiledCodeHeapSize                  = 122027880                              {pd product} {ergonomic}
   size_t OldSize                                  = 70254592                                  {product} {ergonomic}
    uintx ProfiledCodeHeapSize                     = 122027880                              {pd product} {ergonomic}
    uintx ReservedCodeCacheSize                    = 251658240                              {pd product} {ergonomic}
     bool SegmentedCodeCache                       = true                                      {product} {ergonomic}
   size_t SoftMaxHeapSize                          = 1073741824                             {manageable} {ergonomic}
     bool UseCompressedClassPointers               = true                           {product lp64_product} {ergonomic}
     bool UseCompressedOops                        = true                           {product lp64_product} {ergonomic}
     bool UseLargePagesIndividualAllocation        = false                                  {pd product} {ergonomic}
     bool UseParallelGC                            = true                                      {product} {command line}

Logging:
Log output configuration:
 #0: stdout all=off uptime,level,tags
 #1: stderr all=off uptime,level,tags

Environment Variables:
JAVA_HOME=C:\Program Files\Microsoft\jdk-17.0.12.7-hotspot\
PATH=C:\Program Files\Microsoft\jdk-17.0.12.7-hotspot\bin;C:\Program Files\Common Files\Oracle\Java\javapath;C:\WINDOWS\system32;C:\WINDOWS;C:\WINDOWS\System32\Wbem;C:\WINDOWS\System32\WindowsPowerShell\v1.0\;C:\WINDOWS\System32\OpenSSH\;C:\Program Files\NVIDIA Corporation\NVIDIA NvDLISR;C:\Program Files (x86)\NVIDIA Corporation\PhysX\Common;C:\ProgramData\chocolatey\bin;C:\Program Files\nodejs\;C:\Program Files\Git\cmd;C:\Program Files\dotnet\;C:\Users\tarun\.console-ninja\.bin;C:\Users\tarun\AppData\Local\Microsoft\WindowsApps;C:\Users\tarun\AppData\Local\Programs\Microsoft VS Code\bin;C:\Users\tarun\AppData\Roaming\npm;C:\Users\tarun\AppData\Local\Android\Sdk;C:\Users\tarun\AppData\Local\Android\Sdk\platform-tools;C:\php-8.3.11;C:\Users\tarun\.dotnet\tools
USERNAME=tarun
OS=Windows_NT
PROCESSOR_IDENTIFIER=Intel64 Family 6 Model 154 Stepping 3, GenuineIntel
TMP=C:\Users\tarun\AppData\Local\Temp
TEMP=C:\Users\tarun\AppData\Local\Temp



Periodic native trim disabled


---------------  S Y S T E M  ---------------

OS:
 Windows 11 , 64 bit Build 22621 (10.0.22621.3958)
OS uptime: 0 days 10:57 hours
Hyper-V role detected

CPU: total 16 (initial active 16) (8 cores per cpu, 2 threads per core) family 6 model 154 stepping 3 microcode 0x42a, cx8, cmov, fxsr, ht, mmx, 3dnowpref, sse, sse2, sse3, ssse3, sse4.1, sse4.2, popcnt, lzcnt, tsc, tscinvbit, avx, avx2, aes, erms, clmul, bmi1, bmi2, adx, sha, fma, vzeroupper, clflush, clflushopt, clwb, hv
Processor Information for processor 0
  Max Mhz: 1700, Current Mhz: 1700, Mhz Limit: 1700
Processor Information for processor 1
  Max Mhz: 1700, Current Mhz: 1700, Mhz Limit: 1700
Processor Information for processor 2
  Max Mhz: 1700, Current Mhz: 1700, Mhz Limit: 1700
Processor Information for processor 3
  Max Mhz: 1700, Current Mhz: 1457, Mhz Limit: 1700
Processor Information for processor 4
  Max Mhz: 1700, Current Mhz: 1700, Mhz Limit: 1700
Processor Information for processor 5
  Max Mhz: 1700, Current Mhz: 1700, Mhz Limit: 1700
Processor Information for processor 6
  Max Mhz: 1700, Current Mhz: 1700, Mhz Limit: 1700
Processor Information for processor 7
  Max Mhz: 1700, Current Mhz: 1700, Mhz Limit: 1700
Processor Information for processor 8
  Max Mhz: 1700, Current Mhz: 1200, Mhz Limit: 1190
Processor Information for processor 9
  Max Mhz: 1700, Current Mhz: 1200, Mhz Limit: 1190
Processor Information for processor 10
  Max Mhz: 1700, Current Mhz: 1200, Mhz Limit: 1190
Processor Information for processor 11
  Max Mhz: 1700, Current Mhz: 1200, Mhz Limit: 1190
Processor Information for processor 12
  Max Mhz: 1700, Current Mhz: 1200, Mhz Limit: 1190
Processor Information for processor 13
  Max Mhz: 1700, Current Mhz: 1200, Mhz Limit: 1190
Processor Information for processor 14
  Max Mhz: 1700, Current Mhz: 1200, Mhz Limit: 1190
Processor Information for processor 15
  Max Mhz: 1700, Current Mhz: 1200, Mhz Limit: 1190

Memory: 4k page, system-wide physical 16088M (3630M free)
TotalPageFile size 16088M (AvailPageFile size 5M)
current process WorkingSet (physical memory assigned to process): 288M, peak: 291M
current process commit charge ("private bytes"): 379M, peak: 382M

vm_info: OpenJDK 64-Bit Server VM (17.0.12+7) for windows-amd64 JRE (17.0.12+7), built on Jul 16 2024 22:08:24 by "admin" with MS VC++ 16.10 / 16.11 (VS2019)

END.
