#
# There is insufficient memory for the Java Runtime Environment to continue.
# Native memory allocation (malloc) failed to allocate 2687008 bytes. Error detail: Chunk::new
# Possible reasons:
#   The system is out of physical RAM or swap space
#   This process is running with CompressedOops enabled, and the Java Heap may be blocking the growth of the native heap
# Possible solutions:
#   Reduce memory load on the system
#   Increase physical memory or swap space
#   Check if swap backing store is full
#   Decrease Java heap size (-Xmx/-Xms)
#   Decrease number of Java threads
#   Decrease Java thread stack sizes (-Xss)
#   Set larger code cache with -XX:ReservedCodeCacheSize=
#   JVM is running with Unscaled Compressed Oops mode in which the Java heap is
#     placed in the first 4GB address space. The Java Heap base address is the
#     maximum limit for the native heap growth. Please use -XX:HeapBaseMinAddress
#     to set the Java Heap base and to place the Java Heap above 4GB virtual address.
# This output file may be truncated or incomplete.
#
#  Out of Memory Error (arena.cpp:191), pid=18840, tid=25328
#
# JRE version: OpenJDK Runtime Environment Temurin-17.0.12+7 (17.0.12+7) (build 17.0.12+7)
# Java VM: OpenJDK 64-Bit Server VM Temurin-17.0.12+7 (17.0.12+7, mixed mode, tiered, compressed oops, compressed class ptrs, parallel gc, windows-amd64)
# No core dump will be written. Minidumps are not enabled by default on client versions of Windows
#

---------------  S U M M A R Y ------------

Command Line: --add-modules=ALL-SYSTEM --add-opens=java.base/java.util=ALL-UNNAMED --add-opens=java.base/java.lang=ALL-UNNAMED --add-opens=java.base/sun.nio.fs=ALL-UNNAMED -Declipse.application=org.eclipse.jdt.ls.core.id1 -Dosgi.bundles.defaultStartLevel=4 -Declipse.product=org.eclipse.jdt.ls.core.product -Djava.import.generatesMetadataFilesAtProjectRoot=false -DDetectVMInstallationsJob.disabled=true -Dfile.encoding=utf8 -XX:+UseParallelGC -XX:GCTimeRatio=4 -XX:AdaptiveSizePolicyWeight=90 -Dsun.zip.disableMemoryMapping=true -Xmx1G -Xms100m -Xlog:disable -javaagent:c:\Users\tarun\.vscode\extensions\redhat.java-1.34.0-win32-x64\lombok\lombok-1.18.33.jar -XX:+HeapDumpOnOutOfMemoryError -XX:HeapDumpPath=c:\Users\tarun\AppData\Roaming\Code\User\workspaceStorage\cd0ca4ecfc7cdd1afcd594bee28b1c39\redhat.java -Daether.dependencyCollector.impl=bf c:\Users\tarun\.vscode\extensions\redhat.java-1.34.0-win32-x64\server\plugins\org.eclipse.equinox.launcher_1.6.900.v20240613-2009.jar -configuration c:\Users\tarun\AppData\Roaming\Code\User\globalStorage\redhat.java\1.34.0\config_win -data c:\Users\tarun\AppData\Roaming\Code\User\workspaceStorage\cd0ca4ecfc7cdd1afcd594bee28b1c39\redhat.java\jdt_ws --pipe=\\.\pipe\lsp-3bfa82c8189a41d19e2a7430fce6629b-sock

Host: 12th Gen Intel(R) Core(TM) i5-1240P, 16 cores, 15G,  Windows 11 , 64 bit Build 22621 (10.0.22621.3958)
Time: Thu Sep 19 18:32:55 2024 India Standard Time elapsed time: 4.124382 seconds (0d 0h 0m 4s)

---------------  T H R E A D  ---------------

Current thread (0x00000218e2ba1770):  JavaThread "C2 CompilerThread1" daemon [_thread_in_native, id=25328, stack(0x000000a299100000,0x000000a299200000)]


Current CompileTask:
C2:   4124 4480   !   4       org.eclipse.osgi.internal.loader.classpath.ClasspathManager::findLocalClass (210 bytes)

Stack: [0x000000a299100000,0x000000a299200000]
Native frames: (J=compiled Java code, j=interpreted, Vv=VM code, C=native code)
V  [jvm.dll+0x67f929]
V  [jvm.dll+0x8371ba]
V  [jvm.dll+0x838c7e]
V  [jvm.dll+0x8392e3]
V  [jvm.dll+0x24834f]
V  [jvm.dll+0xac9d4]
V  [jvm.dll+0xad01c]
V  [jvm.dll+0x3674a7]
V  [jvm.dll+0x1bd562]
V  [jvm.dll+0x21aa09]
V  [jvm.dll+0x219cf1]
V  [jvm.dll+0x1a58bd]
V  [jvm.dll+0x229a2d]
V  [jvm.dll+0x227bdc]
V  [jvm.dll+0x7ec1f7]
V  [jvm.dll+0x7e65dc]
V  [jvm.dll+0x67e7f7]
C  [ucrtbase.dll+0x29333]
C  [KERNEL32.DLL+0x1257d]
C  [ntdll.dll+0x5af28]


---------------  P R O C E S S  ---------------

Threads class SMR info:
_java_thread_list=0x00000218e4675e00, length=51, elements={
0x00000218c760e190, 0x00000218db494010, 0x00000218c76bdfa0, 0x00000218db49def0,
0x00000218db49e7c0, 0x00000218e066ab90, 0x00000218e066b460, 0x00000218e066c800,
0x00000218e068e620, 0x00000218e0695470, 0x00000218c766e2e0, 0x00000218e07d3430,
0x00000218e07d3950, 0x00000218e2837af0, 0x00000218e2ba1770, 0x00000218e30058c0,
0x00000218e07582d0, 0x00000218e0759710, 0x00000218e075ab50, 0x00000218e331a4e0,
0x00000218e3105300, 0x00000218e0758cf0, 0x00000218e07587e0, 0x00000218e0759200,
0x00000218e075a130, 0x00000218e075b570, 0x00000218e3871310, 0x00000218e386e070,
0x00000218e386fed0, 0x00000218e386e580, 0x00000218e386ea90, 0x00000218e386f4b0,
0x00000218e3870e00, 0x00000218e386efa0, 0x00000218e3871820, 0x00000218e386f9c0,
0x00000218e38703e0, 0x00000218e38708f0, 0x00000218e5eaba30, 0x00000218e5eace70,
0x00000218e5eabf40, 0x00000218e5eaa5f0, 0x00000218e5eb1040, 0x00000218e5eaa0e0,
0x00000218e5eafc00, 0x00000218e5eac450, 0x00000218e5eae7c0, 0x00000218e5eaf6f0,
0x00000218e5eaab00, 0x00000218e5eadda0, 0x00000218e5eb0110
}

Java Threads: ( => current thread )
  0x00000218c760e190 JavaThread "main" [_thread_blocked, id=13612, stack(0x000000a298200000,0x000000a298300000)]
  0x00000218db494010 JavaThread "Reference Handler" daemon [_thread_blocked, id=8368, stack(0x000000a298500000,0x000000a298600000)]
  0x00000218c76bdfa0 JavaThread "Finalizer" daemon [_thread_blocked, id=16048, stack(0x000000a298600000,0x000000a298700000)]
  0x00000218db49def0 JavaThread "Signal Dispatcher" daemon [_thread_blocked, id=26068, stack(0x000000a298700000,0x000000a298800000)]
  0x00000218db49e7c0 JavaThread "Attach Listener" daemon [_thread_blocked, id=7456, stack(0x000000a298800000,0x000000a298900000)]
  0x00000218e066ab90 JavaThread "Service Thread" daemon [_thread_blocked, id=18292, stack(0x000000a298900000,0x000000a298a00000)]
  0x00000218e066b460 JavaThread "Monitor Deflation Thread" daemon [_thread_blocked, id=26756, stack(0x000000a298a00000,0x000000a298b00000)]
  0x00000218e066c800 JavaThread "C2 CompilerThread0" daemon [_thread_blocked, id=15824, stack(0x000000a298b00000,0x000000a298c00000)]
  0x00000218e068e620 JavaThread "C1 CompilerThread0" daemon [_thread_blocked, id=26120, stack(0x000000a298c00000,0x000000a298d00000)]
  0x00000218e0695470 JavaThread "Sweeper thread" daemon [_thread_blocked, id=20056, stack(0x000000a298d00000,0x000000a298e00000)]
  0x00000218c766e2e0 JavaThread "Common-Cleaner" daemon [_thread_blocked, id=12844, stack(0x000000a298e00000,0x000000a298f00000)]
  0x00000218e07d3430 JavaThread "C1 CompilerThread1" daemon [_thread_blocked, id=21728, stack(0x000000a298f00000,0x000000a299000000)]
  0x00000218e07d3950 JavaThread "C1 CompilerThread2" daemon [_thread_blocked, id=25576, stack(0x000000a299000000,0x000000a299100000)]
  0x00000218e2837af0 JavaThread "Notification Thread" daemon [_thread_blocked, id=18264, stack(0x000000a299200000,0x000000a299300000)]
=>0x00000218e2ba1770 JavaThread "C2 CompilerThread1" daemon [_thread_in_native, id=25328, stack(0x000000a299100000,0x000000a299200000)]
  0x00000218e30058c0 JavaThread "C2 CompilerThread2" daemon [_thread_in_native, id=16528, stack(0x000000a299400000,0x000000a299500000)]
  0x00000218e07582d0 JavaThread "Active Thread: Equinox Container: e70a289d-23d4-48ea-a1dc-42b9bc9b0a33" [_thread_blocked, id=15848, stack(0x000000a299a00000,0x000000a299b00000)]
  0x00000218e0759710 JavaThread "Framework Event Dispatcher: Equinox Container: e70a289d-23d4-48ea-a1dc-42b9bc9b0a33" daemon [_thread_blocked, id=13172, stack(0x000000a299b00000,0x000000a299c00000)]
  0x00000218e075ab50 JavaThread "Start Level: Equinox Container: e70a289d-23d4-48ea-a1dc-42b9bc9b0a33" daemon [_thread_blocked, id=13868, stack(0x000000a299c00000,0x000000a299d00000)]
  0x00000218e331a4e0 JavaThread "C2 CompilerThread3" daemon [_thread_blocked, id=4024, stack(0x000000a299f00000,0x000000a29a000000)]
  0x00000218e3105300 JavaThread "C1 CompilerThread3" daemon [_thread_blocked, id=7064, stack(0x000000a29a100000,0x000000a29a200000)]
  0x00000218e0758cf0 JavaThread "Bundle File Closer" daemon [_thread_blocked, id=3892, stack(0x000000a29a200000,0x000000a29a300000)]
  0x00000218e07587e0 JavaThread "SCR Component Actor" daemon [_thread_blocked, id=21772, stack(0x000000a29a400000,0x000000a29a500000)]
  0x00000218e0759200 JavaThread "SCR Component Registry" daemon [_thread_blocked, id=14160, stack(0x000000a29a500000,0x000000a29a600000)]
  0x00000218e075a130 JavaThread "Worker-JM" [_thread_blocked, id=27420, stack(0x000000a29a900000,0x000000a29aa00000)]
  0x00000218e075b570 JavaThread "JNA Cleaner" daemon [_thread_blocked, id=15608, stack(0x000000a29ab00000,0x000000a29ac00000)]
  0x00000218e3871310 JavaThread "Worker-0" [_thread_blocked, id=20336, stack(0x000000a29ac00000,0x000000a29ad00000)]
  0x00000218e386e070 JavaThread "Worker-1: Updating Maven Dependencies" [_thread_blocked, id=27008, stack(0x000000a29ad00000,0x000000a29ae00000)]
  0x00000218e386fed0 JavaThread "Worker-2: Repository registry initialization" [_thread_in_native, id=23592, stack(0x000000a29ae00000,0x000000a29af00000)]
  0x00000218e386e580 JavaThread "Java indexing" daemon [_thread_blocked, id=17312, stack(0x000000a29af00000,0x000000a29b000000)]
  0x00000218e386ea90 JavaThread "Thread-2" daemon [_thread_in_native, id=14844, stack(0x000000a29b000000,0x000000a29b100000)]
  0x00000218e386f4b0 JavaThread "Thread-3" daemon [_thread_in_native, id=22640, stack(0x000000a29b100000,0x000000a29b200000)]
  0x00000218e3870e00 JavaThread "Thread-4" daemon [_thread_in_native, id=22520, stack(0x000000a29b200000,0x000000a29b300000)]
  0x00000218e386efa0 JavaThread "Thread-5" daemon [_thread_in_native, id=24464, stack(0x000000a29b300000,0x000000a29b400000)]
  0x00000218e3871820 JavaThread "Thread-6" daemon [_thread_in_native, id=24828, stack(0x000000a29b400000,0x000000a29b500000)]
  0x00000218e386f9c0 JavaThread "Thread-7" daemon [_thread_in_native, id=19268, stack(0x000000a29b500000,0x000000a29b600000)]
  0x00000218e38703e0 JavaThread "Thread-8" daemon [_thread_in_native, id=10324, stack(0x000000a29b600000,0x000000a29b700000)]
  0x00000218e38708f0 JavaThread "Thread-9" daemon [_thread_in_native, id=2556, stack(0x000000a29b700000,0x000000a29b800000)]
  0x00000218e5eaba30 JavaThread "Thread-10" daemon [_thread_in_native, id=10588, stack(0x000000a29b800000,0x000000a29b900000)]
  0x00000218e5eace70 JavaThread "Thread-11" daemon [_thread_in_native, id=5628, stack(0x000000a29b900000,0x000000a29ba00000)]
  0x00000218e5eabf40 JavaThread "Thread-12" daemon [_thread_in_native, id=16700, stack(0x000000a29ba00000,0x000000a29bb00000)]
  0x00000218e5eaa5f0 JavaThread "Thread-13" daemon [_thread_in_native, id=26144, stack(0x000000a29bb00000,0x000000a29bc00000)]
  0x00000218e5eb1040 JavaThread "Thread-14" daemon [_thread_in_native, id=25852, stack(0x000000a29bc00000,0x000000a29bd00000)]
  0x00000218e5eaa0e0 JavaThread "Thread-15" daemon [_thread_in_native, id=18296, stack(0x000000a29bd00000,0x000000a29be00000)]
  0x00000218e5eafc00 JavaThread "Thread-16" daemon [_thread_in_native, id=24944, stack(0x000000a29be00000,0x000000a29bf00000)]
  0x00000218e5eac450 JavaThread "Thread-17" daemon [_thread_in_native, id=23700, stack(0x000000a29bf00000,0x000000a29c000000)]
  0x00000218e5eae7c0 JavaThread "Thread-18" daemon [_thread_in_native, id=18696, stack(0x000000a29c000000,0x000000a29c100000)]
  0x00000218e5eaf6f0 JavaThread "pool-2-thread-1" [_thread_blocked, id=19012, stack(0x000000a29c100000,0x000000a29c200000)]
  0x00000218e5eaab00 JavaThread "WorkspaceEventsHandler" [_thread_blocked, id=23664, stack(0x000000a29c200000,0x000000a29c300000)]
  0x00000218e5eadda0 JavaThread "pool-1-thread-1" [_thread_blocked, id=10468, stack(0x000000a29c300000,0x000000a29c400000)]
  0x00000218e5eb0110 JavaThread "Worker-3" [_thread_blocked, id=3796, stack(0x000000a29c400000,0x000000a29c500000)]

Other Threads:
  0x00000218c76958f0 VMThread "VM Thread" [stack: 0x000000a298400000,0x000000a298500000] [id=12676]
  0x00000218e281a400 WatcherThread [stack: 0x000000a299300000,0x000000a299400000] [id=3000]
  0x00000218c7622c90 GCTaskThread "GC Thread#0" [stack: 0x000000a298300000,0x000000a298400000] [id=17108]
  0x00000218e2b9d3d0 GCTaskThread "GC Thread#1" [stack: 0x000000a299500000,0x000000a299600000] [id=22788]
  0x00000218e2b83320 GCTaskThread "GC Thread#2" [stack: 0x000000a299600000,0x000000a299700000] [id=23344]
  0x00000218e2b835e0 GCTaskThread "GC Thread#3" [stack: 0x000000a299700000,0x000000a299800000] [id=18600]
  0x00000218e2b838a0 GCTaskThread "GC Thread#4" [stack: 0x000000a299800000,0x000000a299900000] [id=13124]
  0x00000218e2ff5040 GCTaskThread "GC Thread#5" [stack: 0x000000a299900000,0x000000a299a00000] [id=13392]
  0x00000218e307d090 GCTaskThread "GC Thread#6" [stack: 0x000000a299d00000,0x000000a299e00000] [id=18880]
  0x00000218e32a9420 GCTaskThread "GC Thread#7" [stack: 0x000000a299e00000,0x000000a299f00000] [id=2216]
  0x00000218e370ea70 GCTaskThread "GC Thread#8" [stack: 0x000000a29a300000,0x000000a29a400000] [id=4176]
  0x00000218e39dcb50 GCTaskThread "GC Thread#9" [stack: 0x000000a29a600000,0x000000a29a700000] [id=8488]
  0x00000218e39d8570 GCTaskThread "GC Thread#10" [stack: 0x000000a29a700000,0x000000a29a800000] [id=26472]
  0x00000218e39d8830 GCTaskThread "GC Thread#11" [stack: 0x000000a29a800000,0x000000a29a900000] [id=6188]
  0x00000218e068da40 GCTaskThread "GC Thread#12" [stack: 0x000000a29aa00000,0x000000a29ab00000] [id=24348]

Threads with active compile tasks:
C2 CompilerThread1     4143 4480   !   4       org.eclipse.osgi.internal.loader.classpath.ClasspathManager::findLocalClass (210 bytes)
C2 CompilerThread2     4143 4671       4       jdk.internal.org.objectweb.asm.SymbolTable::addConstantUtf8 (98 bytes)

VM state: not at safepoint (normal execution)

VM Mutex/Monitor currently owned by a thread: None

Heap address: 0x00000000c0000000, size: 1024 MB, Compressed Oops mode: 32-bit

CDS archive(s) not mapped
Compressed class space mapped at: 0x0000000100000000-0x0000000140000000, reserved size: 1073741824
Narrow klass base: 0x0000000000000000, Narrow klass shift: 3, Narrow klass range: 0x140000000

GC Precious Log:
 CPUs: 16 total, 16 available
 Memory: 16088M
 Large Page Support: Disabled
 NUMA Support: Disabled
 Compressed Oops: Enabled (32-bit)
 Alignments: Space 512K, Generation 512K, Heap 2M
 Heap Min Capacity: 100M
 Heap Initial Capacity: 100M
 Heap Max Capacity: 1G
 Pre-touch: Disabled
 Parallel Workers: 13

Heap:
 PSYoungGen      total 23552K, used 13441K [0x00000000eab00000, 0x00000000ec680000, 0x0000000100000000)
  eden space 22528K, 55% used [0x00000000eab00000,0x00000000eb720780,0x00000000ec100000)
  from space 1024K, 100% used [0x00000000ec580000,0x00000000ec680000,0x00000000ec680000)
  to   space 1536K, 0% used [0x00000000ec380000,0x00000000ec380000,0x00000000ec500000)
 ParOldGen       total 68608K, used 15826K [0x00000000c0000000, 0x00000000c4300000, 0x00000000eab00000)
  object space 68608K, 23% used [0x00000000c0000000,0x00000000c0f74940,0x00000000c4300000)
 Metaspace       used 42205K, committed 43136K, reserved 1114112K
  class space    used 4351K, committed 4736K, reserved 1048576K

Card table byte_map: [0x00000218c6fd0000,0x00000218c71e0000] _byte_map_base: 0x00000218c69d0000

Marking Bits: (ParMarkBitMap*) 0x00007ffbf4b058b0
 Begin Bits: [0x00000218d92a0000, 0x00000218da2a0000)
 End Bits:   [0x00000218da2a0000, 0x00000218db2a0000)

Polling page: 0x00000218c6dc0000

Metaspace:

Usage:
  Non-class:     36.97 MB used.
      Class:      4.25 MB used.
       Both:     41.22 MB used.

Virtual space:
  Non-class space:       64.00 MB reserved,      37.50 MB ( 59%) committed,  1 nodes.
      Class space:        1.00 GB reserved,       4.62 MB ( <1%) committed,  1 nodes.
             Both:        1.06 GB reserved,      42.12 MB (  4%) committed. 

Chunk freelists:
   Non-Class:  9.52 MB
       Class:  11.34 MB
        Both:  20.86 MB

MaxMetaspaceSize: unlimited
CompressedClassSpaceSize: 1.00 GB
Initial GC threshold: 21.00 MB
Current GC threshold: 58.38 MB
CDS: off
MetaspaceReclaimPolicy: balanced
 - commit_granule_bytes: 65536.
 - commit_granule_words: 8192.
 - virtual_space_node_default_size: 8388608.
 - enlarge_chunks_in_place: 1.
 - new_chunks_are_fully_committed: 0.
 - uncommit_free_chunks: 1.
 - use_allocation_guard: 0.
 - handle_deallocations: 1.


Internal statistics:

num_allocs_failed_limit: 6.
num_arena_births: 532.
num_arena_deaths: 14.
num_vsnodes_births: 2.
num_vsnodes_deaths: 0.
num_space_committed: 674.
num_space_uncommitted: 0.
num_chunks_returned_to_freelist: 20.
num_chunks_taken_from_freelist: 1956.
num_chunk_merges: 11.
num_chunk_splits: 1271.
num_chunks_enlarged: 827.
num_inconsistent_stats: 0.

CodeHeap 'non-profiled nmethods': size=119168Kb used=2350Kb max_used=2350Kb free=116817Kb
 bounds [0x00000218d1e40000, 0x00000218d20b0000, 0x00000218d92a0000]
CodeHeap 'profiled nmethods': size=119104Kb used=9868Kb max_used=9868Kb free=109235Kb
 bounds [0x00000218ca2a0000, 0x00000218cac50000, 0x00000218d16f0000]
CodeHeap 'non-nmethods': size=7488Kb used=2982Kb max_used=3048Kb free=4505Kb
 bounds [0x00000218d16f0000, 0x00000218d19f0000, 0x00000218d1e40000]
 total_blobs=5299 nmethods=4674 adapters=535
 compilation: enabled
              stopped_count=0, restarted_count=0
 full_count=0

Compilation events (20 events):
Event: 4.107 Thread 0x00000218e07d3950 nmethod 4653 0x00000218cac37d10 code [0x00000218cac37ee0, 0x00000218cac383a8]
Event: 4.107 Thread 0x00000218e3105300 4657       3       java.util.stream.Nodes$FixedNodeBuilder::build (52 bytes)
Event: 4.107 Thread 0x00000218e07d3950 4658       3       java.util.stream.Nodes$ArrayNode::asArray (25 bytes)
Event: 4.108 Thread 0x00000218e07d3950 nmethod 4658 0x00000218cac38510 code [0x00000218cac386c0, 0x00000218cac388e8]
Event: 4.108 Thread 0x00000218e07d3430 nmethod 4655 0x00000218cac38a10 code [0x00000218cac38cc0, 0x00000218cac39b08]
Event: 4.108 Thread 0x00000218e068e620 nmethod 4656 0x00000218cac3a090 code [0x00000218cac3a360, 0x00000218cac3b3f8]
Event: 4.108 Thread 0x00000218e3105300 nmethod 4657 0x00000218cac3ba10 code [0x00000218cac3bce0, 0x00000218cac3cd78]
Event: 4.109 Thread 0x00000218e30058c0 4659       4       java.lang.invoke.LambdaForm$MH/0x0000000100000400::invoke (8 bytes)
Event: 4.110 Thread 0x00000218e30058c0 nmethod 4659 0x00000218d207b290 code [0x00000218d207b400, 0x00000218d207b498]
Event: 4.113 Thread 0x00000218e068e620 4660       3       java.util.stream.SortedOps$SizedRefSortingSink::accept (18 bytes)
Event: 4.113 Thread 0x00000218e068e620 nmethod 4660 0x00000218cac3d390 code [0x00000218cac3d540, 0x00000218cac3d7b8]
Event: 4.113 Thread 0x00000218e068e620 4661       1       java.lang.ThreadLocal::initialValue (2 bytes)
Event: 4.113 Thread 0x00000218e068e620 nmethod 4661 0x00000218d207b590 code [0x00000218d207b720, 0x00000218d207b7f8]
Event: 4.114 Thread 0x00000218e3105300 4662       3       java.util.regex.Pattern$CharProperty::study (29 bytes)
Event: 4.115 Thread 0x00000218e3105300 nmethod 4662 0x00000218cac3d890 code [0x00000218cac3da40, 0x00000218cac3dc28]
Event: 4.116 Thread 0x00000218e3105300 4663       3       com.google.common.collect.AbstractIndexedListIterator::hasNext (17 bytes)
Event: 4.116 Thread 0x00000218e066c800 nmethod 4619 0x00000218d207b890 code [0x00000218d207bba0, 0x00000218d207eaa0]
Event: 4.116 Thread 0x00000218e30058c0 4664       4       java.lang.StringConcatHelper::newArray (40 bytes)
Event: 4.117 Thread 0x00000218e3105300 nmethod 4663 0x00000218cac3dd10 code [0x00000218cac3dea0, 0x00000218cac3e018]
Event: 4.120 Thread 0x00000218e30058c0 nmethod 4664 0x00000218d2080690 code [0x00000218d2080820, 0x00000218d2080938]

GC Heap History (20 events):
Event: 2.033 GC heap before
{Heap before GC invocations=5 (full 0):
 PSYoungGen      total 29696K, used 14801K [0x00000000eab00000, 0x00000000ecc00000, 0x0000000100000000)
  eden space 25600K, 41% used [0x00000000eab00000,0x00000000eb578eb8,0x00000000ec400000)
  from space 4096K, 99% used [0x00000000ec800000,0x00000000ecbfb680,0x00000000ecc00000)
  to   space 4096K, 0% used [0x00000000ec400000,0x00000000ec400000,0x00000000ec800000)
 ParOldGen       total 68608K, used 6333K [0x00000000c0000000, 0x00000000c4300000, 0x00000000eab00000)
  object space 68608K, 9% used [0x00000000c0000000,0x00000000c062f4c8,0x00000000c4300000)
 Metaspace       used 21122K, committed 21504K, reserved 1114112K
  class space    used 2121K, committed 2304K, reserved 1048576K
}
Event: 2.036 GC heap after
{Heap after GC invocations=5 (full 0):
 PSYoungGen      total 29696K, used 4092K [0x00000000eab00000, 0x00000000ece00000, 0x0000000100000000)
  eden space 25600K, 0% used [0x00000000eab00000,0x00000000eab00000,0x00000000ec400000)
  from space 4096K, 99% used [0x00000000ec400000,0x00000000ec7ff0d8,0x00000000ec800000)
  to   space 5120K, 0% used [0x00000000ec900000,0x00000000ec900000,0x00000000ece00000)
 ParOldGen       total 68608K, used 6833K [0x00000000c0000000, 0x00000000c4300000, 0x00000000eab00000)
  object space 68608K, 9% used [0x00000000c0000000,0x00000000c06ac748,0x00000000c4300000)
 Metaspace       used 21122K, committed 21504K, reserved 1114112K
  class space    used 2121K, committed 2304K, reserved 1048576K
}
Event: 2.036 GC heap before
{Heap before GC invocations=6 (full 1):
 PSYoungGen      total 29696K, used 4092K [0x00000000eab00000, 0x00000000ece00000, 0x0000000100000000)
  eden space 25600K, 0% used [0x00000000eab00000,0x00000000eab00000,0x00000000ec400000)
  from space 4096K, 99% used [0x00000000ec400000,0x00000000ec7ff0d8,0x00000000ec800000)
  to   space 5120K, 0% used [0x00000000ec900000,0x00000000ec900000,0x00000000ece00000)
 ParOldGen       total 68608K, used 6833K [0x00000000c0000000, 0x00000000c4300000, 0x00000000eab00000)
  object space 68608K, 9% used [0x00000000c0000000,0x00000000c06ac748,0x00000000c4300000)
 Metaspace       used 21122K, committed 21504K, reserved 1114112K
  class space    used 2121K, committed 2304K, reserved 1048576K
}
Event: 2.053 GC heap after
{Heap after GC invocations=6 (full 1):
 PSYoungGen      total 29696K, used 0K [0x00000000eab00000, 0x00000000ece00000, 0x0000000100000000)
  eden space 25600K, 0% used [0x00000000eab00000,0x00000000eab00000,0x00000000ec400000)
  from space 4096K, 0% used [0x00000000ec400000,0x00000000ec400000,0x00000000ec800000)
  to   space 5120K, 0% used [0x00000000ec900000,0x00000000ec900000,0x00000000ece00000)
 ParOldGen       total 68608K, used 10660K [0x00000000c0000000, 0x00000000c4300000, 0x00000000eab00000)
  object space 68608K, 15% used [0x00000000c0000000,0x00000000c0a69020,0x00000000c4300000)
 Metaspace       used 21122K, committed 21504K, reserved 1114112K
  class space    used 2121K, committed 2304K, reserved 1048576K
}
Event: 2.519 GC heap before
{Heap before GC invocations=7 (full 1):
 PSYoungGen      total 29696K, used 25600K [0x00000000eab00000, 0x00000000ece00000, 0x0000000100000000)
  eden space 25600K, 100% used [0x00000000eab00000,0x00000000ec400000,0x00000000ec400000)
  from space 4096K, 0% used [0x00000000ec400000,0x00000000ec400000,0x00000000ec800000)
  to   space 5120K, 0% used [0x00000000ec900000,0x00000000ec900000,0x00000000ece00000)
 ParOldGen       total 68608K, used 10660K [0x00000000c0000000, 0x00000000c4300000, 0x00000000eab00000)
  object space 68608K, 15% used [0x00000000c0000000,0x00000000c0a69020,0x00000000c4300000)
 Metaspace       used 24787K, committed 25408K, reserved 1114112K
  class space    used 2512K, committed 2752K, reserved 1048576K
}
Event: 2.521 GC heap after
{Heap after GC invocations=7 (full 1):
 PSYoungGen      total 26624K, used 1515K [0x00000000eab00000, 0x00000000eca80000, 0x0000000100000000)
  eden space 25088K, 0% used [0x00000000eab00000,0x00000000eab00000,0x00000000ec380000)
  from space 1536K, 98% used [0x00000000ec900000,0x00000000eca7ace8,0x00000000eca80000)
  to   space 3072K, 0% used [0x00000000ec480000,0x00000000ec480000,0x00000000ec780000)
 ParOldGen       total 68608K, used 10668K [0x00000000c0000000, 0x00000000c4300000, 0x00000000eab00000)
  object space 68608K, 15% used [0x00000000c0000000,0x00000000c0a6b020,0x00000000c4300000)
 Metaspace       used 24787K, committed 25408K, reserved 1114112K
  class space    used 2512K, committed 2752K, reserved 1048576K
}
Event: 2.786 GC heap before
{Heap before GC invocations=8 (full 1):
 PSYoungGen      total 26624K, used 26603K [0x00000000eab00000, 0x00000000eca80000, 0x0000000100000000)
  eden space 25088K, 100% used [0x00000000eab00000,0x00000000ec380000,0x00000000ec380000)
  from space 1536K, 98% used [0x00000000ec900000,0x00000000eca7ace8,0x00000000eca80000)
  to   space 3072K, 0% used [0x00000000ec480000,0x00000000ec480000,0x00000000ec780000)
 ParOldGen       total 68608K, used 10668K [0x00000000c0000000, 0x00000000c4300000, 0x00000000eab00000)
  object space 68608K, 15% used [0x00000000c0000000,0x00000000c0a6b020,0x00000000c4300000)
 Metaspace       used 27490K, committed 28160K, reserved 1114112K
  class space    used 2822K, committed 3072K, reserved 1048576K
}
Event: 2.787 GC heap after
{Heap after GC invocations=8 (full 1):
 PSYoungGen      total 27648K, used 2973K [0x00000000eab00000, 0x00000000eca00000, 0x0000000100000000)
  eden space 24576K, 0% used [0x00000000eab00000,0x00000000eab00000,0x00000000ec300000)
  from space 3072K, 96% used [0x00000000ec480000,0x00000000ec767540,0x00000000ec780000)
  to   space 2560K, 0% used [0x00000000ec780000,0x00000000ec780000,0x00000000eca00000)
 ParOldGen       total 68608K, used 10676K [0x00000000c0000000, 0x00000000c4300000, 0x00000000eab00000)
  object space 68608K, 15% used [0x00000000c0000000,0x00000000c0a6d020,0x00000000c4300000)
 Metaspace       used 27490K, committed 28160K, reserved 1114112K
  class space    used 2822K, committed 3072K, reserved 1048576K
}
Event: 2.913 GC heap before
{Heap before GC invocations=9 (full 1):
 PSYoungGen      total 27648K, used 27549K [0x00000000eab00000, 0x00000000eca00000, 0x0000000100000000)
  eden space 24576K, 100% used [0x00000000eab00000,0x00000000ec300000,0x00000000ec300000)
  from space 3072K, 96% used [0x00000000ec480000,0x00000000ec767540,0x00000000ec780000)
  to   space 2560K, 0% used [0x00000000ec780000,0x00000000ec780000,0x00000000eca00000)
 ParOldGen       total 68608K, used 10676K [0x00000000c0000000, 0x00000000c4300000, 0x00000000eab00000)
  object space 68608K, 15% used [0x00000000c0000000,0x00000000c0a6d020,0x00000000c4300000)
 Metaspace       used 30032K, committed 30720K, reserved 1114112K
  class space    used 2997K, committed 3264K, reserved 1048576K
}
Event: 2.915 GC heap after
{Heap after GC invocations=9 (full 1):
 PSYoungGen      total 26624K, used 2542K [0x00000000eab00000, 0x00000000eca00000, 0x0000000100000000)
  eden space 24064K, 0% used [0x00000000eab00000,0x00000000eab00000,0x00000000ec280000)
  from space 2560K, 99% used [0x00000000ec780000,0x00000000ec9fbb98,0x00000000eca00000)
  to   space 3584K, 0% used [0x00000000ec300000,0x00000000ec300000,0x00000000ec680000)
 ParOldGen       total 68608K, used 11334K [0x00000000c0000000, 0x00000000c4300000, 0x00000000eab00000)
  object space 68608K, 16% used [0x00000000c0000000,0x00000000c0b11be0,0x00000000c4300000)
 Metaspace       used 30032K, committed 30720K, reserved 1114112K
  class space    used 2997K, committed 3264K, reserved 1048576K
}
Event: 3.084 GC heap before
{Heap before GC invocations=10 (full 1):
 PSYoungGen      total 26624K, used 26606K [0x00000000eab00000, 0x00000000eca00000, 0x0000000100000000)
  eden space 24064K, 100% used [0x00000000eab00000,0x00000000ec280000,0x00000000ec280000)
  from space 2560K, 99% used [0x00000000ec780000,0x00000000ec9fbb98,0x00000000eca00000)
  to   space 3584K, 0% used [0x00000000ec300000,0x00000000ec300000,0x00000000ec680000)
 ParOldGen       total 68608K, used 11334K [0x00000000c0000000, 0x00000000c4300000, 0x00000000eab00000)
  object space 68608K, 16% used [0x00000000c0000000,0x00000000c0b11be0,0x00000000c4300000)
 Metaspace       used 33242K, committed 33920K, reserved 1114112K
  class space    used 3240K, committed 3520K, reserved 1048576K
}
Event: 3.086 GC heap after
{Heap after GC invocations=10 (full 1):
 PSYoungGen      total 27136K, used 3194K [0x00000000eab00000, 0x00000000ec900000, 0x0000000100000000)
  eden space 23552K, 0% used [0x00000000eab00000,0x00000000eab00000,0x00000000ec200000)
  from space 3584K, 89% used [0x00000000ec300000,0x00000000ec61e858,0x00000000ec680000)
  to   space 2560K, 0% used [0x00000000ec680000,0x00000000ec680000,0x00000000ec900000)
 ParOldGen       total 68608K, used 12838K [0x00000000c0000000, 0x00000000c4300000, 0x00000000eab00000)
  object space 68608K, 18% used [0x00000000c0000000,0x00000000c0c89b98,0x00000000c4300000)
 Metaspace       used 33242K, committed 33920K, reserved 1114112K
  class space    used 3240K, committed 3520K, reserved 1048576K
}
Event: 3.236 GC heap before
{Heap before GC invocations=11 (full 1):
 PSYoungGen      total 27136K, used 25118K [0x00000000eab00000, 0x00000000ec900000, 0x0000000100000000)
  eden space 23552K, 93% used [0x00000000eab00000,0x00000000ec069270,0x00000000ec200000)
  from space 3584K, 89% used [0x00000000ec300000,0x00000000ec61e858,0x00000000ec680000)
  to   space 2560K, 0% used [0x00000000ec680000,0x00000000ec680000,0x00000000ec900000)
 ParOldGen       total 68608K, used 12838K [0x00000000c0000000, 0x00000000c4300000, 0x00000000eab00000)
  object space 68608K, 18% used [0x00000000c0000000,0x00000000c0c89b98,0x00000000c4300000)
 Metaspace       used 35154K, committed 35840K, reserved 1114112K
  class space    used 3416K, committed 3712K, reserved 1048576K
}
Event: 3.238 GC heap after
{Heap after GC invocations=11 (full 1):
 PSYoungGen      total 25600K, used 1981K [0x00000000eab00000, 0x00000000ec880000, 0x0000000100000000)
  eden space 23552K, 0% used [0x00000000eab00000,0x00000000eab00000,0x00000000ec200000)
  from space 2048K, 96% used [0x00000000ec680000,0x00000000ec86f548,0x00000000ec880000)
  to   space 2560K, 0% used [0x00000000ec380000,0x00000000ec380000,0x00000000ec600000)
 ParOldGen       total 68608K, used 14758K [0x00000000c0000000, 0x00000000c4300000, 0x00000000eab00000)
  object space 68608K, 21% used [0x00000000c0000000,0x00000000c0e69880,0x00000000c4300000)
 Metaspace       used 35154K, committed 35840K, reserved 1114112K
  class space    used 3416K, committed 3712K, reserved 1048576K
}
Event: 3.238 GC heap before
{Heap before GC invocations=12 (full 2):
 PSYoungGen      total 25600K, used 1981K [0x00000000eab00000, 0x00000000ec880000, 0x0000000100000000)
  eden space 23552K, 0% used [0x00000000eab00000,0x00000000eab00000,0x00000000ec200000)
  from space 2048K, 96% used [0x00000000ec680000,0x00000000ec86f548,0x00000000ec880000)
  to   space 2560K, 0% used [0x00000000ec380000,0x00000000ec380000,0x00000000ec600000)
 ParOldGen       total 68608K, used 14758K [0x00000000c0000000, 0x00000000c4300000, 0x00000000eab00000)
  object space 68608K, 21% used [0x00000000c0000000,0x00000000c0e69880,0x00000000c4300000)
 Metaspace       used 35154K, committed 35840K, reserved 1114112K
  class space    used 3416K, committed 3712K, reserved 1048576K
}
Event: 3.257 GC heap after
{Heap after GC invocations=12 (full 2):
 PSYoungGen      total 25600K, used 0K [0x00000000eab00000, 0x00000000ec880000, 0x0000000100000000)
  eden space 23552K, 0% used [0x00000000eab00000,0x00000000eab00000,0x00000000ec200000)
  from space 2048K, 0% used [0x00000000ec680000,0x00000000ec680000,0x00000000ec880000)
  to   space 2560K, 0% used [0x00000000ec380000,0x00000000ec380000,0x00000000ec600000)
 ParOldGen       total 68608K, used 14852K [0x00000000c0000000, 0x00000000c4300000, 0x00000000eab00000)
  object space 68608K, 21% used [0x00000000c0000000,0x00000000c0e811f8,0x00000000c4300000)
 Metaspace       used 35141K, committed 35840K, reserved 1114112K
  class space    used 3412K, committed 3712K, reserved 1048576K
}
Event: 3.562 GC heap before
{Heap before GC invocations=13 (full 2):
 PSYoungGen      total 25600K, used 23552K [0x00000000eab00000, 0x00000000ec880000, 0x0000000100000000)
  eden space 23552K, 100% used [0x00000000eab00000,0x00000000ec200000,0x00000000ec200000)
  from space 2048K, 0% used [0x00000000ec680000,0x00000000ec680000,0x00000000ec880000)
  to   space 2560K, 0% used [0x00000000ec380000,0x00000000ec380000,0x00000000ec600000)
 ParOldGen       total 68608K, used 14852K [0x00000000c0000000, 0x00000000c4300000, 0x00000000eab00000)
  object space 68608K, 21% used [0x00000000c0000000,0x00000000c0e811f8,0x00000000c4300000)
 Metaspace       used 38146K, committed 38912K, reserved 1114112K
  class space    used 3804K, committed 4096K, reserved 1048576K
}
Event: 3.564 GC heap after
{Heap after GC invocations=13 (full 2):
 PSYoungGen      total 24576K, used 1109K [0x00000000eab00000, 0x00000000ec700000, 0x0000000100000000)
  eden space 23040K, 0% used [0x00000000eab00000,0x00000000eab00000,0x00000000ec180000)
  from space 1536K, 72% used [0x00000000ec380000,0x00000000ec495680,0x00000000ec500000)
  to   space 1536K, 0% used [0x00000000ec580000,0x00000000ec580000,0x00000000ec700000)
 ParOldGen       total 68608K, used 14860K [0x00000000c0000000, 0x00000000c4300000, 0x00000000eab00000)
  object space 68608K, 21% used [0x00000000c0000000,0x00000000c0e831f8,0x00000000c4300000)
 Metaspace       used 38146K, committed 38912K, reserved 1114112K
  class space    used 3804K, committed 4096K, reserved 1048576K
}
Event: 3.932 GC heap before
{Heap before GC invocations=14 (full 2):
 PSYoungGen      total 24576K, used 24149K [0x00000000eab00000, 0x00000000ec700000, 0x0000000100000000)
  eden space 23040K, 100% used [0x00000000eab00000,0x00000000ec180000,0x00000000ec180000)
  from space 1536K, 72% used [0x00000000ec380000,0x00000000ec495680,0x00000000ec500000)
  to   space 1536K, 0% used [0x00000000ec580000,0x00000000ec580000,0x00000000ec700000)
 ParOldGen       total 68608K, used 14860K [0x00000000c0000000, 0x00000000c4300000, 0x00000000eab00000)
  object space 68608K, 21% used [0x00000000c0000000,0x00000000c0e831f8,0x00000000c4300000)
 Metaspace       used 40573K, committed 41472K, reserved 1114112K
  class space    used 4117K, committed 4480K, reserved 1048576K
}
Event: 3.935 GC heap after
{Heap after GC invocations=14 (full 2):
 PSYoungGen      total 23552K, used 1024K [0x00000000eab00000, 0x00000000ec680000, 0x0000000100000000)
  eden space 22528K, 0% used [0x00000000eab00000,0x00000000eab00000,0x00000000ec100000)
  from space 1024K, 100% used [0x00000000ec580000,0x00000000ec680000,0x00000000ec680000)
  to   space 1536K, 0% used [0x00000000ec380000,0x00000000ec380000,0x00000000ec500000)
 ParOldGen       total 68608K, used 15826K [0x00000000c0000000, 0x00000000c4300000, 0x00000000eab00000)
  object space 68608K, 23% used [0x00000000c0000000,0x00000000c0f74940,0x00000000c4300000)
 Metaspace       used 40573K, committed 41472K, reserved 1114112K
  class space    used 4117K, committed 4480K, reserved 1048576K
}

Dll operation events (10 events):
Event: 0.010 Loaded shared library c:\Users\tarun\.vscode\extensions\redhat.java-1.34.0-win32-x64\jre\17.0.12-win32-x86_64\bin\java.dll
Event: 0.141 Loaded shared library c:\Users\tarun\.vscode\extensions\redhat.java-1.34.0-win32-x64\jre\17.0.12-win32-x86_64\bin\zip.dll
Event: 0.144 Loaded shared library C:\Users\tarun\.vscode\extensions\redhat.java-1.34.0-win32-x64\jre\17.0.12-win32-x86_64\bin\instrument.dll
Event: 0.151 Loaded shared library C:\Users\tarun\.vscode\extensions\redhat.java-1.34.0-win32-x64\jre\17.0.12-win32-x86_64\bin\net.dll
Event: 0.153 Loaded shared library C:\Users\tarun\.vscode\extensions\redhat.java-1.34.0-win32-x64\jre\17.0.12-win32-x86_64\bin\nio.dll
Event: 0.163 Loaded shared library C:\Users\tarun\.vscode\extensions\redhat.java-1.34.0-win32-x64\jre\17.0.12-win32-x86_64\bin\zip.dll
Event: 0.181 Loaded shared library C:\Users\tarun\.vscode\extensions\redhat.java-1.34.0-win32-x64\jre\17.0.12-win32-x86_64\bin\jimage.dll
Event: 0.253 Loaded shared library c:\Users\tarun\.vscode\extensions\redhat.java-1.34.0-win32-x64\jre\17.0.12-win32-x86_64\bin\verify.dll
Event: 1.246 Loaded shared library C:\Users\tarun\AppData\Roaming\Code\User\globalStorage\redhat.java\1.34.0\config_win\org.eclipse.equinox.launcher\org.eclipse.equinox.launcher.win32.win32.x86_64_1.2.1100.v20240722-2106\eclipse_11904.dll
Event: 2.350 Loaded shared library C:\Users\tarun\AppData\Local\Temp\jna-110131454\jna16488130282421726726.dll

Deoptimization events (20 events):
Event: 3.817 Thread 0x00000218e386fed0 Uncommon trap: trap_request=0xffffff45 fr.pc=0x00000218d1f71b04 relative=0x00000000000007c4
Event: 3.817 Thread 0x00000218e386fed0 Uncommon trap: reason=unstable_if action=reinterpret pc=0x00000218d1f71b04 method=java.io.BufferedInputStream.read([BII)I @ 31 c2
Event: 3.817 Thread 0x00000218e386fed0 DEOPT PACKING pc=0x00000218d1f71b04 sp=0x000000a29aefe770
Event: 3.817 Thread 0x00000218e386fed0 DEOPT UNPACKING pc=0x00000218d17466a3 sp=0x000000a29aefe748 mode 2
Event: 3.818 Thread 0x00000218e386fed0 Uncommon trap: trap_request=0xffffffde fr.pc=0x00000218d1fc8530 relative=0x0000000000000090
Event: 3.818 Thread 0x00000218e386fed0 Uncommon trap: reason=class_check action=maybe_recompile pc=0x00000218d1fc8530 method=java.lang.Character.codePointAt(Ljava/lang/CharSequence;I)I @ 2 c2
Event: 3.818 Thread 0x00000218e386fed0 DEOPT PACKING pc=0x00000218d1fc8530 sp=0x000000a29aefe590
Event: 3.818 Thread 0x00000218e386fed0 DEOPT UNPACKING pc=0x00000218d17466a3 sp=0x000000a29aefe518 mode 2
Event: 3.818 Thread 0x00000218e386fed0 Uncommon trap: trap_request=0xffffffde fr.pc=0x00000218d1fc8530 relative=0x0000000000000090
Event: 3.818 Thread 0x00000218e386fed0 Uncommon trap: reason=class_check action=maybe_recompile pc=0x00000218d1fc8530 method=java.lang.Character.codePointAt(Ljava/lang/CharSequence;I)I @ 2 c2
Event: 3.818 Thread 0x00000218e386fed0 DEOPT PACKING pc=0x00000218d1fc8530 sp=0x000000a29aefe590
Event: 3.818 Thread 0x00000218e386fed0 DEOPT UNPACKING pc=0x00000218d17466a3 sp=0x000000a29aefe518 mode 2
Event: 3.818 Thread 0x00000218e386fed0 Uncommon trap: trap_request=0xffffffde fr.pc=0x00000218d1fc8530 relative=0x0000000000000090
Event: 3.818 Thread 0x00000218e386fed0 Uncommon trap: reason=class_check action=maybe_recompile pc=0x00000218d1fc8530 method=java.lang.Character.codePointAt(Ljava/lang/CharSequence;I)I @ 2 c2
Event: 3.818 Thread 0x00000218e386fed0 DEOPT PACKING pc=0x00000218d1fc8530 sp=0x000000a29aefe590
Event: 3.818 Thread 0x00000218e386fed0 DEOPT UNPACKING pc=0x00000218d17466a3 sp=0x000000a29aefe518 mode 2
Event: 3.819 Thread 0x00000218e386fed0 Uncommon trap: trap_request=0xffffffde fr.pc=0x00000218d1fc8530 relative=0x0000000000000090
Event: 3.819 Thread 0x00000218e386fed0 Uncommon trap: reason=class_check action=maybe_recompile pc=0x00000218d1fc8530 method=java.lang.Character.codePointAt(Ljava/lang/CharSequence;I)I @ 2 c2
Event: 3.819 Thread 0x00000218e386fed0 DEOPT PACKING pc=0x00000218d1fc8530 sp=0x000000a29aefe590
Event: 3.819 Thread 0x00000218e386fed0 DEOPT UNPACKING pc=0x00000218d17466a3 sp=0x000000a29aefe518 mode 2

Classes loaded (20 events):
Event: 4.011 Loading class sun/reflect/annotation/TypeAnnotation
Event: 4.012 Loading class sun/reflect/annotation/TypeAnnotation done
Event: 4.012 Loading class sun/reflect/annotation/TypeAnnotation$TypeAnnotationTarget
Event: 4.012 Loading class sun/reflect/annotation/TypeAnnotation$TypeAnnotationTarget done
Event: 4.012 Loading class sun/reflect/annotation/TypeAnnotation$LocationInfo
Event: 4.012 Loading class sun/reflect/annotation/TypeAnnotation$LocationInfo done
Event: 4.012 Loading class sun/reflect/annotation/TypeAnnotation$LocationInfo$Location
Event: 4.012 Loading class sun/reflect/annotation/TypeAnnotation$LocationInfo$Location done
Event: 4.012 Loading class sun/reflect/annotation/AnnotatedTypeFactory
Event: 4.012 Loading class sun/reflect/annotation/AnnotatedTypeFactory done
Event: 4.012 Loading class sun/reflect/annotation/AnnotatedTypeFactory$AnnotatedTypeBaseImpl
Event: 4.012 Loading class sun/reflect/annotation/AnnotatedTypeFactory$AnnotatedTypeBaseImpl done
Event: 4.012 Loading class java/util/stream/Streams$ConcatSpliterator$OfRef
Event: 4.013 Loading class java/util/stream/Streams$ConcatSpliterator
Event: 4.013 Loading class java/util/stream/Streams$ConcatSpliterator done
Event: 4.013 Loading class java/util/stream/Streams$ConcatSpliterator$OfRef done
Event: 4.013 Loading class java/util/stream/Streams$2
Event: 4.013 Loading class java/util/stream/Streams$2 done
Event: 4.054 Loading class java/lang/annotation/ElementType
Event: 4.054 Loading class java/lang/annotation/ElementType done

Classes unloaded (7 events):
Event: 3.242 Thread 0x00000218c76958f0 Unloading class 0x0000000100250400 'java/lang/invoke/LambdaForm$MH+0x0000000100250400'
Event: 3.242 Thread 0x00000218c76958f0 Unloading class 0x0000000100250000 'java/lang/invoke/LambdaForm$MH+0x0000000100250000'
Event: 3.242 Thread 0x00000218c76958f0 Unloading class 0x000000010024fc00 'java/lang/invoke/LambdaForm$MH+0x000000010024fc00'
Event: 3.242 Thread 0x00000218c76958f0 Unloading class 0x000000010024f800 'java/lang/invoke/LambdaForm$MH+0x000000010024f800'
Event: 3.242 Thread 0x00000218c76958f0 Unloading class 0x000000010024f400 'java/lang/invoke/LambdaForm$BMH+0x000000010024f400'
Event: 3.242 Thread 0x00000218c76958f0 Unloading class 0x000000010024f000 'java/lang/invoke/LambdaForm$DMH+0x000000010024f000'
Event: 3.242 Thread 0x00000218c76958f0 Unloading class 0x000000010024c400 'java/lang/invoke/LambdaForm$DMH+0x000000010024c400'

Classes redefined (0 events):
No events

Internal exceptions (20 events):
Event: 3.591 Thread 0x00000218c760e190 Exception <a 'java/lang/NoSuchMethodError'{0x00000000eade5ad0}: 'void java.lang.invoke.DirectMethodHandle$Holder.invokeSpecial(java.lang.Object, java.lang.Object, java.lang.Object, java.lang.Object, java.lang.Object, java.lang.Object)'> (0x00000000eade5ad0) 
thrown [s\src\hotspot\share\interpreter\linkResolver.cpp, line 759]
Event: 3.593 Thread 0x00000218c760e190 Exception <a 'java/lang/IncompatibleClassChangeError'{0x00000000eadef250}: Found class java.lang.Object, but interface was expected> (0x00000000eadef250) 
thrown [s\src\hotspot\share\interpreter\linkResolver.cpp, line 826]
Event: 3.779 Thread 0x00000218e386e070 Exception <a 'java/lang/NoSuchMethodError'{0x00000000ebaf42d0}: 'java.lang.Object java.lang.invoke.DirectMethodHandle$Holder.invokeStaticInit(java.lang.Object, java.lang.Object, java.lang.Object, java.lang.Object, java.lang.Object, java.lang.Object, java.lang.Object)'> (0x00000000ebaf42d0) 
thrown [s\src\hotspot\share\interpreter\linkResolver.cpp, line 759]
Event: 3.780 Thread 0x00000218e386e070 Exception <a 'java/lang/NoSuchMethodError'{0x00000000ebafdb88}: 'java.lang.Object java.lang.invoke.DirectMethodHandle$Holder.invokeSpecial(java.lang.Object, java.lang.Object, java.lang.Object, java.lang.Object, java.lang.Object, java.lang.Object, java.lang.Object, java.lang.Object, java.lang.Object)'> (0x00000000ebafdb88) 
thrown [s\src\hotspot\share\interpreter\linkResolver.cpp, line 759]
Event: 3.781 Thread 0x00000218e386e070 Exception <a 'java/lang/NoSuchMethodError'{0x00000000ebb031e0}: 'java.lang.Object java.lang.invoke.Invokers$Holder.invoke_MT(java.lang.Object, java.lang.Object, java.lang.Object, java.lang.Object, java.lang.Object, java.lang.Object, java.lang.Object, java.lang.Object, java.lang.Object)'> (0x00000000ebb031e0) 
thrown [s\src\hotspot\share\interpreter\linkResolver.cpp, line 759]
Event: 3.787 Thread 0x00000218e386fed0 Exception <a 'java/lang/NoSuchMethodError'{0x00000000ebb6d578}: 'int java.lang.invoke.DirectMethodHandle$Holder.invokeVirtual(java.lang.Object, java.lang.Object, java.lang.Object)'> (0x00000000ebb6d578) 
thrown [s\src\hotspot\share\interpreter\linkResolver.cpp, line 759]
Event: 3.788 Thread 0x00000218e386fed0 Exception <a 'java/lang/NoSuchMethodError'{0x00000000ebb712e0}: 'int java.lang.invoke.DirectMethodHandle$Holder.invokeVirtual(java.lang.Object, java.lang.Object)'> (0x00000000ebb712e0) 
thrown [s\src\hotspot\share\interpreter\linkResolver.cpp, line 759]
Event: 3.790 Thread 0x00000218e386fed0 Exception <a 'java/lang/NoSuchMethodError'{0x00000000ebb75f08}: 'int java.lang.invoke.DirectMethodHandle$Holder.invokeStaticInit(java.lang.Object, int, int)'> (0x00000000ebb75f08) 
thrown [s\src\hotspot\share\interpreter\linkResolver.cpp, line 759]
Event: 3.792 Thread 0x00000218e386fed0 Exception <a 'java/lang/NoSuchMethodError'{0x00000000ebb7e2c0}: 'int java.lang.invoke.DirectMethodHandle$Holder.invokeStaticInit(java.lang.Object, long, long)'> (0x00000000ebb7e2c0) 
thrown [s\src\hotspot\share\interpreter\linkResolver.cpp, line 759]
Event: 3.793 Thread 0x00000218e386fed0 Exception <a 'java/lang/NoSuchMethodError'{0x00000000ebb85f18}: 'int java.lang.invoke.DirectMethodHandle$Holder.invokeStaticInit(java.lang.Object, float, float)'> (0x00000000ebb85f18) 
thrown [s\src\hotspot\share\interpreter\linkResolver.cpp, line 759]
Event: 3.794 Thread 0x00000218e386fed0 Exception <a 'java/lang/NoSuchMethodError'{0x00000000ebb8d948}: 'int java.lang.invoke.DirectMethodHandle$Holder.invokeStaticInit(java.lang.Object, double, double)'> (0x00000000ebb8d948) 
thrown [s\src\hotspot\share\interpreter\linkResolver.cpp, line 759]
Event: 3.794 Thread 0x00000218e386fed0 Exception <a 'java/lang/NoSuchMethodError'{0x00000000ebb928e0}: 'int java.lang.invoke.DirectMethodHandle$Holder.invokeStatic(java.lang.Object, long)'> (0x00000000ebb928e0) 
thrown [s\src\hotspot\share\interpreter\linkResolver.cpp, line 759]
Event: 3.800 Thread 0x00000218e386e070 Exception <a 'java/lang/NoSuchMethodError'{0x00000000ebbd4700}: 'int java.lang.invoke.Invokers$Holder.linkToTargetMethod(java.lang.Object, java.lang.Object)'> (0x00000000ebbd4700) 
thrown [s\src\hotspot\share\interpreter\linkResolver.cpp, line 759]
Event: 3.800 Thread 0x00000218e386fed0 Exception <a 'java/lang/NoSuchMethodError'{0x00000000ebbd37e8}: 'int java.lang.invoke.Invokers$Holder.linkToTargetMethod(java.lang.Object, java.lang.Object)'> (0x00000000ebbd37e8) 
thrown [s\src\hotspot\share\interpreter\linkResolver.cpp, line 759]
Event: 3.801 Thread 0x00000218e386e070 Exception <a 'java/lang/NoSuchMethodError'{0x00000000ebbed2c8}: 'int java.lang.invoke.DirectMethodHandle$Holder.invokeSpecial(java.lang.Object, java.lang.Object, java.lang.Object, java.lang.Object)'> (0x00000000ebbed2c8) 
thrown [s\src\hotspot\share\interpreter\linkResolver.cpp, line 759]
Event: 3.803 Thread 0x00000218e386e070 Exception <a 'java/lang/NoSuchMethodError'{0x00000000ebc26950}: 'java.lang.Object java.lang.invoke.DirectMethodHandle$Holder.invokeStatic(java.lang.Object, int, java.lang.Object, java.lang.Object)'> (0x00000000ebc26950) 
thrown [s\src\hotspot\share\interpreter\linkResolver.cpp, line 759]
Event: 3.803 Thread 0x00000218e386e070 Exception <a 'java/lang/NoSuchMethodError'{0x00000000ebc2d680}: 'java.lang.Object java.lang.invoke.DelegatingMethodHandle$Holder.delegate(java.lang.Object, int, java.lang.Object, java.lang.Object)'> (0x00000000ebc2d680) 
thrown [s\src\hotspot\share\interpreter\linkResolver.cpp, line 759]
Event: 3.808 Thread 0x00000218e386e070 Exception <a 'java/lang/NoSuchMethodError'{0x00000000ebc566b0}: 'int java.lang.invoke.Invokers$Holder.linkToTargetMethod(java.lang.Object, java.lang.Object, java.lang.Object)'> (0x00000000ebc566b0) 
thrown [s\src\hotspot\share\interpreter\linkResolver.cpp, line 759]
Event: 3.849 Thread 0x00000218e386fed0 Exception <a 'java/lang/NoSuchMethodError'{0x00000000ebdb7b58}: 'java.lang.Object java.lang.invoke.DirectMethodHandle$Holder.invokeSpecialIFC(java.lang.Object, java.lang.Object, java.lang.Object, java.lang.Object)'> (0x00000000ebdb7b58) 
thrown [s\src\hotspot\share\interpreter\linkResolver.cpp, line 759]
Event: 4.031 Thread 0x00000218e386fed0 Exception <a 'java/lang/NoSuchMethodError'{0x00000000eb15d8b0}: 'int java.lang.invoke.DirectMethodHandle$Holder.invokeStatic(java.lang.Object, java.lang.Object, java.lang.Object, java.lang.Object, java.lang.Object)'> (0x00000000eb15d8b0) 
thrown [s\src\hotspot\share\interpreter\linkResolver.cpp, line 759]

VM Operations (20 events):
Event: 3.139 Executing VM operation: HandshakeAllThreads
Event: 3.139 Executing VM operation: HandshakeAllThreads done
Event: 3.157 Executing VM operation: HandshakeAllThreads
Event: 3.157 Executing VM operation: HandshakeAllThreads done
Event: 3.236 Executing VM operation: HandshakeAllThreads
Event: 3.236 Executing VM operation: HandshakeAllThreads done
Event: 3.236 Executing VM operation: CollectForMetadataAllocation
Event: 3.257 Executing VM operation: CollectForMetadataAllocation done
Event: 3.288 Executing VM operation: HandshakeAllThreads
Event: 3.288 Executing VM operation: HandshakeAllThreads done
Event: 3.335 Executing VM operation: HandshakeAllThreads
Event: 3.335 Executing VM operation: HandshakeAllThreads done
Event: 3.562 Executing VM operation: ParallelGCFailedAllocation
Event: 3.564 Executing VM operation: ParallelGCFailedAllocation done
Event: 3.802 Executing VM operation: HandshakeAllThreads
Event: 3.802 Executing VM operation: HandshakeAllThreads done
Event: 3.807 Executing VM operation: HandshakeAllThreads
Event: 3.807 Executing VM operation: HandshakeAllThreads done
Event: 3.932 Executing VM operation: ParallelGCFailedAllocation
Event: 3.935 Executing VM operation: ParallelGCFailedAllocation done

Events (20 events):
Event: 3.456 Thread 0x00000218e3870e00 Thread added: 0x00000218e3870e00
Event: 3.456 Thread 0x00000218e386efa0 Thread added: 0x00000218e386efa0
Event: 3.456 Thread 0x00000218e3871820 Thread added: 0x00000218e3871820
Event: 3.456 Thread 0x00000218e386f9c0 Thread added: 0x00000218e386f9c0
Event: 3.456 Thread 0x00000218e38703e0 Thread added: 0x00000218e38703e0
Event: 3.456 Thread 0x00000218e38708f0 Thread added: 0x00000218e38708f0
Event: 3.457 Thread 0x00000218e5eaba30 Thread added: 0x00000218e5eaba30
Event: 3.457 Thread 0x00000218e5eace70 Thread added: 0x00000218e5eace70
Event: 3.457 Thread 0x00000218e5eabf40 Thread added: 0x00000218e5eabf40
Event: 3.457 Thread 0x00000218e5eaa5f0 Thread added: 0x00000218e5eaa5f0
Event: 3.457 Thread 0x00000218e5eb1040 Thread added: 0x00000218e5eb1040
Event: 3.457 Thread 0x00000218e5eaa0e0 Thread added: 0x00000218e5eaa0e0
Event: 3.457 Thread 0x00000218e5eafc00 Thread added: 0x00000218e5eafc00
Event: 3.457 Thread 0x00000218e5eac450 Thread added: 0x00000218e5eac450
Event: 3.457 Thread 0x00000218e5eae7c0 Thread added: 0x00000218e5eae7c0
Event: 3.469 Thread 0x00000218e5eaf6f0 Thread added: 0x00000218e5eaf6f0
Event: 3.634 Thread 0x00000218e5eaab00 Thread added: 0x00000218e5eaab00
Event: 3.634 Thread 0x00000218e5eadda0 Thread added: 0x00000218e5eadda0
Event: 3.958 Thread 0x00000218e5eb0110 Thread added: 0x00000218e5eb0110
Event: 4.080 Thread 0x00000218e3272e40 Thread exited: 0x00000218e3272e40


Dynamic libraries:
0x00007ff6282f0000 - 0x00007ff6282fe000 	c:\Users\tarun\.vscode\extensions\redhat.java-1.34.0-win32-x64\jre\17.0.12-win32-x86_64\bin\java.exe
0x00007ffc57770000 - 0x00007ffc57987000 	C:\WINDOWS\SYSTEM32\ntdll.dll
0x00007ffc56c50000 - 0x00007ffc56d14000 	C:\WINDOWS\System32\KERNEL32.DLL
0x00007ffc54fd0000 - 0x00007ffc5537d000 	C:\WINDOWS\System32\KERNELBASE.dll
0x00007ffc55380000 - 0x00007ffc55491000 	C:\WINDOWS\System32\ucrtbase.dll
0x00007ffc3c2f0000 - 0x00007ffc3c30b000 	c:\Users\tarun\.vscode\extensions\redhat.java-1.34.0-win32-x64\jre\17.0.12-win32-x86_64\bin\VCRUNTIME140.dll
0x00007ffc3c6c0000 - 0x00007ffc3c6d7000 	c:\Users\tarun\.vscode\extensions\redhat.java-1.34.0-win32-x64\jre\17.0.12-win32-x86_64\bin\jli.dll
0x00007ffc57520000 - 0x00007ffc576ce000 	C:\WINDOWS\System32\USER32.dll
0x00007ffc3b250000 - 0x00007ffc3b4e3000 	C:\WINDOWS\WinSxS\amd64_microsoft.windows.common-controls_6595b64144ccf1df_6.0.22621.3672_none_2713b9d173822955\COMCTL32.dll
0x00007ffc54b00000 - 0x00007ffc54b26000 	C:\WINDOWS\System32\win32u.dll
0x00007ffc56e20000 - 0x00007ffc56ec7000 	C:\WINDOWS\System32\msvcrt.dll
0x00007ffc55fe0000 - 0x00007ffc56009000 	C:\WINDOWS\System32\GDI32.dll
0x00007ffc54d40000 - 0x00007ffc54e59000 	C:\WINDOWS\System32\gdi32full.dll
0x00007ffc54c20000 - 0x00007ffc54cba000 	C:\WINDOWS\System32\msvcp_win.dll
0x00007ffc555d0000 - 0x00007ffc55601000 	C:\WINDOWS\System32\IMM32.DLL
0x00007ffc4ee70000 - 0x00007ffc4ee7c000 	c:\Users\tarun\.vscode\extensions\redhat.java-1.34.0-win32-x64\jre\17.0.12-win32-x86_64\bin\vcruntime140_1.dll
0x00007ffbf6dc0000 - 0x00007ffbf6e4d000 	c:\Users\tarun\.vscode\extensions\redhat.java-1.34.0-win32-x64\jre\17.0.12-win32-x86_64\bin\msvcp140.dll
0x00007ffbf3f60000 - 0x00007ffbf4bca000 	c:\Users\tarun\.vscode\extensions\redhat.java-1.34.0-win32-x64\jre\17.0.12-win32-x86_64\bin\server\jvm.dll
0x00007ffc56ab0000 - 0x00007ffc56b62000 	C:\WINDOWS\System32\ADVAPI32.dll
0x00007ffc56120000 - 0x00007ffc561c9000 	C:\WINDOWS\System32\sechost.dll
0x00007ffc54b30000 - 0x00007ffc54b58000 	C:\WINDOWS\System32\bcrypt.dll
0x00007ffc554a0000 - 0x00007ffc555b4000 	C:\WINDOWS\System32\RPCRT4.dll
0x00007ffc561d0000 - 0x00007ffc56241000 	C:\WINDOWS\System32\WS2_32.dll
0x00007ffc53940000 - 0x00007ffc5398d000 	C:\WINDOWS\SYSTEM32\POWRPROF.dll
0x00007ffc4ccb0000 - 0x00007ffc4cce4000 	C:\WINDOWS\SYSTEM32\WINMM.dll
0x00007ffc47370000 - 0x00007ffc4737a000 	C:\WINDOWS\SYSTEM32\VERSION.dll
0x00007ffc53920000 - 0x00007ffc53933000 	C:\WINDOWS\SYSTEM32\UMPDC.dll
0x00007ffc53bd0000 - 0x00007ffc53be8000 	C:\WINDOWS\SYSTEM32\kernel.appcore.dll
0x00007ffc4ec80000 - 0x00007ffc4ec8a000 	c:\Users\tarun\.vscode\extensions\redhat.java-1.34.0-win32-x64\jre\17.0.12-win32-x86_64\bin\jimage.dll
0x00007ffc522b0000 - 0x00007ffc524e2000 	C:\WINDOWS\SYSTEM32\DBGHELP.DLL
0x00007ffc57190000 - 0x00007ffc5751e000 	C:\WINDOWS\System32\combase.dll
0x00007ffc56b70000 - 0x00007ffc56c47000 	C:\WINDOWS\System32\OLEAUT32.dll
0x00007ffc46e50000 - 0x00007ffc46e82000 	C:\WINDOWS\SYSTEM32\dbgcore.DLL
0x00007ffc54cc0000 - 0x00007ffc54d3b000 	C:\WINDOWS\System32\bcryptPrimitives.dll
0x00007ffc4cc70000 - 0x00007ffc4cc7e000 	c:\Users\tarun\.vscode\extensions\redhat.java-1.34.0-win32-x64\jre\17.0.12-win32-x86_64\bin\instrument.dll
0x00007ffc3c2c0000 - 0x00007ffc3c2e5000 	c:\Users\tarun\.vscode\extensions\redhat.java-1.34.0-win32-x64\jre\17.0.12-win32-x86_64\bin\java.dll
0x00007ffc4cbc0000 - 0x00007ffc4cbd8000 	c:\Users\tarun\.vscode\extensions\redhat.java-1.34.0-win32-x64\jre\17.0.12-win32-x86_64\bin\zip.dll
0x00007ffc55770000 - 0x00007ffc55fd7000 	C:\WINDOWS\System32\SHELL32.dll
0x00007ffc529d0000 - 0x00007ffc532cf000 	C:\WINDOWS\SYSTEM32\windows.storage.dll
0x00007ffc52890000 - 0x00007ffc529cf000 	C:\WINDOWS\SYSTEM32\wintypes.dll
0x00007ffc56250000 - 0x00007ffc56349000 	C:\WINDOWS\System32\SHCORE.dll
0x00007ffc563e0000 - 0x00007ffc5643e000 	C:\WINDOWS\System32\shlwapi.dll
0x00007ffc549c0000 - 0x00007ffc549e7000 	C:\WINDOWS\SYSTEM32\profapi.dll
0x00007ffc360a0000 - 0x00007ffc360b9000 	C:\Users\tarun\.vscode\extensions\redhat.java-1.34.0-win32-x64\jre\17.0.12-win32-x86_64\bin\net.dll
0x00007ffc4feb0000 - 0x00007ffc4ffe6000 	C:\WINDOWS\SYSTEM32\WINHTTP.dll
0x00007ffc54040000 - 0x00007ffc540a9000 	C:\WINDOWS\system32\mswsock.dll
0x00007ffc30450000 - 0x00007ffc30466000 	C:\Users\tarun\.vscode\extensions\redhat.java-1.34.0-win32-x64\jre\17.0.12-win32-x86_64\bin\nio.dll
0x00007ffc4cc00000 - 0x00007ffc4cc10000 	c:\Users\tarun\.vscode\extensions\redhat.java-1.34.0-win32-x64\jre\17.0.12-win32-x86_64\bin\verify.dll
0x00007ffc25cd0000 - 0x00007ffc25d15000 	C:\Users\tarun\AppData\Roaming\Code\User\globalStorage\redhat.java\1.34.0\config_win\org.eclipse.equinox.launcher\org.eclipse.equinox.launcher.win32.win32.x86_64_1.2.1100.v20240722-2106\eclipse_11904.dll
0x00007ffc568d0000 - 0x00007ffc56a75000 	C:\WINDOWS\System32\ole32.dll
0x00007ffc54290000 - 0x00007ffc542ab000 	C:\WINDOWS\SYSTEM32\CRYPTSP.dll
0x00007ffc53b30000 - 0x00007ffc53b65000 	C:\WINDOWS\system32\rsaenh.dll
0x00007ffc54130000 - 0x00007ffc54158000 	C:\WINDOWS\SYSTEM32\USERENV.dll
0x00007ffc542b0000 - 0x00007ffc542bc000 	C:\WINDOWS\SYSTEM32\CRYPTBASE.dll
0x00007ffc535f0000 - 0x00007ffc5361d000 	C:\WINDOWS\SYSTEM32\IPHLPAPI.DLL
0x00007ffc56aa0000 - 0x00007ffc56aa9000 	C:\WINDOWS\System32\NSI.dll
0x00007ffc4fe90000 - 0x00007ffc4fea9000 	C:\WINDOWS\SYSTEM32\dhcpcsvc6.DLL
0x00007ffc4fdc0000 - 0x00007ffc4fddf000 	C:\WINDOWS\SYSTEM32\dhcpcsvc.DLL
0x00007ffc53620000 - 0x00007ffc53718000 	C:\WINDOWS\SYSTEM32\DNSAPI.dll
0x00007ffc19420000 - 0x00007ffc19465000 	C:\Users\tarun\AppData\Local\Temp\jna-110131454\jna16488130282421726726.dll
0x00007ffc555c0000 - 0x00007ffc555c8000 	C:\WINDOWS\System32\PSAPI.DLL

dbghelp: loaded successfully - version: 4.0.5 - missing functions: none
symbol engine: initialized successfully - sym options: 0x614 - pdb path: .;c:\Users\tarun\.vscode\extensions\redhat.java-1.34.0-win32-x64\jre\17.0.12-win32-x86_64\bin;C:\WINDOWS\SYSTEM32;C:\WINDOWS\WinSxS\amd64_microsoft.windows.common-controls_6595b64144ccf1df_6.0.22621.3672_none_2713b9d173822955;c:\Users\tarun\.vscode\extensions\redhat.java-1.34.0-win32-x64\jre\17.0.12-win32-x86_64\bin\server;C:\Users\tarun\AppData\Roaming\Code\User\globalStorage\redhat.java\1.34.0\config_win\org.eclipse.equinox.launcher\org.eclipse.equinox.launcher.win32.win32.x86_64_1.2.1100.v20240722-2106;C:\Users\tarun\AppData\Local\Temp\jna-110131454

VM Arguments:
jvm_args: --add-modules=ALL-SYSTEM --add-opens=java.base/java.util=ALL-UNNAMED --add-opens=java.base/java.lang=ALL-UNNAMED --add-opens=java.base/sun.nio.fs=ALL-UNNAMED -Declipse.application=org.eclipse.jdt.ls.core.id1 -Dosgi.bundles.defaultStartLevel=4 -Declipse.product=org.eclipse.jdt.ls.core.product -Djava.import.generatesMetadataFilesAtProjectRoot=false -DDetectVMInstallationsJob.disabled=true -Dfile.encoding=utf8 -XX:+UseParallelGC -XX:GCTimeRatio=4 -XX:AdaptiveSizePolicyWeight=90 -Dsun.zip.disableMemoryMapping=true -Xmx1G -Xms100m -Xlog:disable -javaagent:c:\Users\tarun\.vscode\extensions\redhat.java-1.34.0-win32-x64\lombok\lombok-1.18.33.jar -XX:+HeapDumpOnOutOfMemoryError -XX:HeapDumpPath=c:\Users\tarun\AppData\Roaming\Code\User\workspaceStorage\cd0ca4ecfc7cdd1afcd594bee28b1c39\redhat.java -Daether.dependencyCollector.impl=bf 
java_command: c:\Users\tarun\.vscode\extensions\redhat.java-1.34.0-win32-x64\server\plugins\org.eclipse.equinox.launcher_1.6.900.v20240613-2009.jar -configuration c:\Users\tarun\AppData\Roaming\Code\User\globalStorage\redhat.java\1.34.0\config_win -data c:\Users\tarun\AppData\Roaming\Code\User\workspaceStorage\cd0ca4ecfc7cdd1afcd594bee28b1c39\redhat.java\jdt_ws --pipe=\\.\pipe\lsp-3bfa82c8189a41d19e2a7430fce6629b-sock
java_class_path (initial): c:\Users\tarun\.vscode\extensions\redhat.java-1.34.0-win32-x64\server\plugins\org.eclipse.equinox.launcher_1.6.900.v20240613-2009.jar
Launcher Type: SUN_STANDARD

[Global flags]
    uintx AdaptiveSizePolicyWeight                 = 90                                        {product} {command line}
     intx CICompilerCount                          = 12                                        {product} {ergonomic}
    uintx GCTimeRatio                              = 4                                         {product} {command line}
     bool HeapDumpOnOutOfMemoryError               = true                                   {manageable} {command line}
    ccstr HeapDumpPath                             = c:\Users\tarun\AppData\Roaming\Code\User\workspaceStorage\cd0ca4ecfc7cdd1afcd594bee28b1c39\redhat.java         {manageable} {command line}
   size_t InitialHeapSize                          = 104857600                                 {product} {command line}
   size_t MaxHeapSize                              = 1073741824                                {product} {command line}
   size_t MaxNewSize                               = 357564416                                 {product} {ergonomic}
   size_t MinHeapDeltaBytes                        = 524288                                    {product} {ergonomic}
   size_t MinHeapSize                              = 104857600                                 {product} {command line}
   size_t NewSize                                  = 34603008                                  {product} {ergonomic}
    uintx NonNMethodCodeHeapSize                   = 7602480                                {pd product} {ergonomic}
    uintx NonProfiledCodeHeapSize                  = 122027880                              {pd product} {ergonomic}
   size_t OldSize                                  = 70254592                                  {product} {ergonomic}
    uintx ProfiledCodeHeapSize                     = 122027880                              {pd product} {ergonomic}
    uintx ReservedCodeCacheSize                    = 251658240                              {pd product} {ergonomic}
     bool SegmentedCodeCache                       = true                                      {product} {ergonomic}
   size_t SoftMaxHeapSize                          = 1073741824                             {manageable} {ergonomic}
     bool UseCompressedClassPointers               = true                           {product lp64_product} {ergonomic}
     bool UseCompressedOops                        = true                           {product lp64_product} {ergonomic}
     bool UseLargePagesIndividualAllocation        = false                                  {pd product} {ergonomic}
     bool UseParallelGC                            = true                                      {product} {command line}

Logging:
Log output configuration:
 #0: stdout all=off uptime,level,tags
 #1: stderr all=off uptime,level,tags

Environment Variables:
JAVA_HOME=C:\Program Files\Microsoft\jdk-17.0.12.7-hotspot\
PATH=C:\Program Files\Microsoft\jdk-17.0.12.7-hotspot\bin;C:\Program Files\Common Files\Oracle\Java\javapath;C:\WINDOWS\system32;C:\WINDOWS;C:\WINDOWS\System32\Wbem;C:\WINDOWS\System32\WindowsPowerShell\v1.0\;C:\WINDOWS\System32\OpenSSH\;C:\Program Files\NVIDIA Corporation\NVIDIA NvDLISR;C:\Program Files (x86)\NVIDIA Corporation\PhysX\Common;C:\ProgramData\chocolatey\bin;C:\Program Files\nodejs\;C:\Program Files\Git\cmd;C:\Program Files\dotnet\;C:\Users\tarun\.console-ninja\.bin;C:\Users\tarun\AppData\Local\Microsoft\WindowsApps;C:\Users\tarun\AppData\Local\Programs\Microsoft VS Code\bin;C:\Users\tarun\AppData\Roaming\npm;C:\Users\tarun\AppData\Local\Android\Sdk;C:\Users\tarun\AppData\Local\Android\Sdk\platform-tools;C:\php-8.3.11;C:\Users\tarun\.dotnet\tools
USERNAME=tarun
OS=Windows_NT
PROCESSOR_IDENTIFIER=Intel64 Family 6 Model 154 Stepping 3, GenuineIntel
TMP=C:\Users\tarun\AppData\Local\Temp
TEMP=C:\Users\tarun\AppData\Local\Temp



Periodic native trim disabled


---------------  S Y S T E M  ---------------

OS:
 Windows 11 , 64 bit Build 22621 (10.0.22621.3958)
OS uptime: 1 days 1:11 hours
Hyper-V role detected

CPU: total 16 (initial active 16) (8 cores per cpu, 2 threads per core) family 6 model 154 stepping 3 microcode 0x42a, cx8, cmov, fxsr, ht, mmx, 3dnowpref, sse, sse2, sse3, ssse3, sse4.1, sse4.2, popcnt, lzcnt, tsc, tscinvbit, avx, avx2, aes, erms, clmul, bmi1, bmi2, adx, sha, fma, vzeroupper, clflush, clflushopt, clwb, hv
Processor Information for processor 0
  Max Mhz: 1700, Current Mhz: 1700, Mhz Limit: 1700
Processor Information for processor 1
  Max Mhz: 1700, Current Mhz: 1700, Mhz Limit: 1700
Processor Information for processor 2
  Max Mhz: 1700, Current Mhz: 1700, Mhz Limit: 1700
Processor Information for processor 3
  Max Mhz: 1700, Current Mhz: 1700, Mhz Limit: 1700
Processor Information for processor 4
  Max Mhz: 1700, Current Mhz: 1700, Mhz Limit: 1700
Processor Information for processor 5
  Max Mhz: 1700, Current Mhz: 1700, Mhz Limit: 1700
Processor Information for processor 6
  Max Mhz: 1700, Current Mhz: 1700, Mhz Limit: 1700
Processor Information for processor 7
  Max Mhz: 1700, Current Mhz: 1700, Mhz Limit: 1700
Processor Information for processor 8
  Max Mhz: 1700, Current Mhz: 1200, Mhz Limit: 1190
Processor Information for processor 9
  Max Mhz: 1700, Current Mhz: 1200, Mhz Limit: 1190
Processor Information for processor 10
  Max Mhz: 1700, Current Mhz: 1200, Mhz Limit: 1190
Processor Information for processor 11
  Max Mhz: 1700, Current Mhz: 1200, Mhz Limit: 1190
Processor Information for processor 12
  Max Mhz: 1700, Current Mhz: 1200, Mhz Limit: 1190
Processor Information for processor 13
  Max Mhz: 1700, Current Mhz: 1200, Mhz Limit: 1190
Processor Information for processor 14
  Max Mhz: 1700, Current Mhz: 1200, Mhz Limit: 1190
Processor Information for processor 15
  Max Mhz: 1700, Current Mhz: 1200, Mhz Limit: 1190

Memory: 4k page, system-wide physical 16088M (3035M free)
TotalPageFile size 16088M (AvailPageFile size 184M)
current process WorkingSet (physical memory assigned to process): 198M, peak: 209M
current process commit charge ("private bytes"): 313M, peak: 323M

vm_info: OpenJDK 64-Bit Server VM (17.0.12+7) for windows-amd64 JRE (17.0.12+7), built on Jul 16 2024 22:08:24 by "admin" with MS VC++ 16.10 / 16.11 (VS2019)

END.
