#
# There is insufficient memory for the Java Runtime Environment to continue.
# Native memory allocation (malloc) failed to allocate 814736 bytes. Error detail: Chunk::new
# Possible reasons:
#   The system is out of physical RAM or swap space
#   This process is running with CompressedOops enabled, and the Java Heap may be blocking the growth of the native heap
# Possible solutions:
#   Reduce memory load on the system
#   Increase physical memory or swap space
#   Check if swap backing store is full
#   Decrease Java heap size (-Xmx/-Xms)
#   Decrease number of Java threads
#   Decrease Java thread stack sizes (-Xss)
#   Set larger code cache with -XX:ReservedCodeCacheSize=
#   JVM is running with Unscaled Compressed Oops mode in which the Java heap is
#     placed in the first 4GB address space. The Java Heap base address is the
#     maximum limit for the native heap growth. Please use -XX:HeapBaseMinAddress
#     to set the Java Heap base and to place the Java Heap above 4GB virtual address.
# This output file may be truncated or incomplete.
#
#  Out of Memory Error (arena.cpp:191), pid=14408, tid=22660
#
# JRE version: OpenJDK Runtime Environment Temurin-17.0.12+7 (17.0.12+7) (build 17.0.12+7)
# Java VM: OpenJDK 64-Bit Server VM Temurin-17.0.12+7 (17.0.12+7, mixed mode, tiered, compressed oops, compressed class ptrs, parallel gc, windows-amd64)
# No core dump will be written. Minidumps are not enabled by default on client versions of Windows
#

---------------  S U M M A R Y ------------

Command Line: --add-modules=ALL-SYSTEM --add-opens=java.base/java.util=ALL-UNNAMED --add-opens=java.base/java.lang=ALL-UNNAMED --add-opens=java.base/sun.nio.fs=ALL-UNNAMED -Declipse.application=org.eclipse.jdt.ls.core.id1 -Dosgi.bundles.defaultStartLevel=4 -Declipse.product=org.eclipse.jdt.ls.core.product -Djava.import.generatesMetadataFilesAtProjectRoot=false -DDetectVMInstallationsJob.disabled=true -Dfile.encoding=utf8 -XX:+UseParallelGC -XX:GCTimeRatio=4 -XX:AdaptiveSizePolicyWeight=90 -Dsun.zip.disableMemoryMapping=true -Xmx1G -Xms100m -Xlog:disable -javaagent:c:\Users\tarun\.vscode\extensions\redhat.java-1.35.0-win32-x64\lombok\lombok-1.18.33.jar -XX:+HeapDumpOnOutOfMemoryError -XX:HeapDumpPath=c:\Users\tarun\AppData\Roaming\Code\User\workspaceStorage\3e039541554babdccf2a8c9dffd2df79\redhat.java -Daether.dependencyCollector.impl=bf c:\Users\tarun\.vscode\extensions\redhat.java-1.35.0-win32-x64\server\plugins\org.eclipse.equinox.launcher_1.6.900.v20240613-2009.jar -configuration c:\Users\tarun\AppData\Roaming\Code\User\globalStorage\redhat.java\1.35.0\config_win -data c:\Users\tarun\AppData\Roaming\Code\User\workspaceStorage\3e039541554babdccf2a8c9dffd2df79\redhat.java\jdt_ws --pipe=\\.\pipe\lsp-2bb93188afacef28dbc0faa1d30fc8c1-sock

Host: 12th Gen Intel(R) Core(TM) i5-1240P, 16 cores, 15G,  Windows 11 , 64 bit Build 22621 (10.0.22621.3958)
Time: Sat Sep 28 12:32:43 2024 India Standard Time elapsed time: 21.937655 seconds (0d 0h 0m 21s)

---------------  T H R E A D  ---------------

Current thread (0x000001e02bb82bf0):  JavaThread "C2 CompilerThread1" daemon [_thread_in_native, id=22660, stack(0x0000003149b00000,0x0000003149c00000)]


Current CompileTask:
C2:  21937 8217   !   4       org.eclipse.osgi.internal.loader.classpath.ClasspathManager::defineClass (636 bytes)

Stack: [0x0000003149b00000,0x0000003149c00000]
Native frames: (J=compiled Java code, j=interpreted, Vv=VM code, C=native code)
V  [jvm.dll+0x67f929]
V  [jvm.dll+0x8371ba]
V  [jvm.dll+0x838c7e]
V  [jvm.dll+0x8392e3]
V  [jvm.dll+0x24834f]
V  [jvm.dll+0xac9d4]
V  [jvm.dll+0xad01c]
V  [jvm.dll+0x2af96f]
V  [jvm.dll+0x5868d7]
V  [jvm.dll+0x2231c2]
V  [jvm.dll+0x2235bf]
V  [jvm.dll+0x21c6e0]
V  [jvm.dll+0x219be1]
V  [jvm.dll+0x1a58bd]
V  [jvm.dll+0x229a2d]
V  [jvm.dll+0x227bdc]
V  [jvm.dll+0x7ec1f7]
V  [jvm.dll+0x7e65dc]
V  [jvm.dll+0x67e7f7]
C  [ucrtbase.dll+0x29333]
C  [KERNEL32.DLL+0x1257d]
C  [ntdll.dll+0x5af08]


---------------  P R O C E S S  ---------------

Threads class SMR info:
_java_thread_list=0x000001e030a52a30, length=63, elements={
0x000001e00fd6ab10, 0x000001e023bf7da0, 0x000001e023bf9b40, 0x000001e029014330,
0x000001e029014fc0, 0x000001e029015d50, 0x000001e029017fa0, 0x000001e02901b450,
0x000001e02901f930, 0x000001e02905f1f0, 0x000001e00fdcf9e0, 0x000001e02af525b0,
0x000001e02b733030, 0x000001e02b77b0e0, 0x000001e02be0ea80, 0x000001e02bc8dbe0,
0x000001e02bdc7010, 0x000001e02c0994c0, 0x000001e02c0999d0, 0x000001e02c098aa0,
0x000001e02c099ee0, 0x000001e02c09a900, 0x000001e02c09a3f0, 0x000001e02c098fb0,
0x000001e02c09ae10, 0x000001e02c098080, 0x000001e02c098590, 0x000001e02df450a0,
0x000001e02df46f00, 0x000001e02df44680, 0x000001e02df48340, 0x000001e02df43240,
0x000001e02df42d30, 0x000001e02df42820, 0x000001e02df47410, 0x000001e02df464e0,
0x000001e02df455b0, 0x000001e02df43750, 0x000001e02df42310, 0x000001e02df45fd0,
0x000001e02df45ac0, 0x000001e02df47e30, 0x000001e02df469f0, 0x000001e02df48850,
0x000001e02df418f0, 0x000001e02df48d60, 0x000001e02df44170, 0x000001e02c09b830,
0x000001e030ca58f0, 0x000001e030ca8680, 0x000001e030ca6820, 0x000001e030ca4ed0,
0x000001e030ca7240, 0x000001e030caa9f0, 0x000001e030cac850, 0x000001e030ca7750,
0x000001e030ca6310, 0x000001e02bb82bf0, 0x000001e02bb84130, 0x000001e02bb81c00,
0x000001e02bb85bc0, 0x000001e02bb7f180, 0x000001e030ca6d30
}

Java Threads: ( => current thread )
  0x000001e00fd6ab10 JavaThread "main" [_thread_blocked, id=15136, stack(0x0000003148e00000,0x0000003148f00000)]
  0x000001e023bf7da0 JavaThread "Reference Handler" daemon [_thread_blocked, id=2088, stack(0x0000003149100000,0x0000003149200000)]
  0x000001e023bf9b40 JavaThread "Finalizer" daemon [_thread_blocked, id=21400, stack(0x0000003149200000,0x0000003149300000)]
  0x000001e029014330 JavaThread "Signal Dispatcher" daemon [_thread_blocked, id=15072, stack(0x0000003149300000,0x0000003149400000)]
  0x000001e029014fc0 JavaThread "Attach Listener" daemon [_thread_blocked, id=16060, stack(0x0000003149400000,0x0000003149500000)]
  0x000001e029015d50 JavaThread "Service Thread" daemon [_thread_blocked, id=3304, stack(0x0000003149500000,0x0000003149600000)]
  0x000001e029017fa0 JavaThread "Monitor Deflation Thread" daemon [_thread_blocked, id=20636, stack(0x0000003149600000,0x0000003149700000)]
  0x000001e02901b450 JavaThread "C2 CompilerThread0" daemon [_thread_blocked, id=19756, stack(0x0000003149700000,0x0000003149800000)]
  0x000001e02901f930 JavaThread "C1 CompilerThread0" daemon [_thread_blocked, id=17660, stack(0x0000003149800000,0x0000003149900000)]
  0x000001e02905f1f0 JavaThread "Sweeper thread" daemon [_thread_blocked, id=20956, stack(0x0000003149900000,0x0000003149a00000)]
  0x000001e00fdcf9e0 JavaThread "Common-Cleaner" daemon [_thread_blocked, id=384, stack(0x0000003149a00000,0x0000003149b00000)]
  0x000001e02af525b0 JavaThread "Notification Thread" daemon [_thread_blocked, id=5036, stack(0x0000003149f00000,0x000000314a000000)]
  0x000001e02b733030 JavaThread "Active Thread: Equinox Container: c139870e-332c-4864-8c45-52ab004de1bb" [_thread_blocked, id=23180, stack(0x000000314a700000,0x000000314a800000)]
  0x000001e02b77b0e0 JavaThread "Framework Event Dispatcher: Equinox Container: c139870e-332c-4864-8c45-52ab004de1bb" daemon [_thread_blocked, id=23204, stack(0x000000314a800000,0x000000314a900000)]
  0x000001e02be0ea80 JavaThread "Start Level: Equinox Container: c139870e-332c-4864-8c45-52ab004de1bb" daemon [_thread_blocked, id=23208, stack(0x000000314a900000,0x000000314aa00000)]
  0x000001e02bc8dbe0 JavaThread "Bundle File Closer" daemon [_thread_blocked, id=23224, stack(0x000000314ac00000,0x000000314ad00000)]
  0x000001e02bdc7010 JavaThread "SCR Component Actor" daemon [_thread_blocked, id=23240, stack(0x000000314ae00000,0x000000314af00000)]
  0x000001e02c0994c0 JavaThread "Worker-JM" [_thread_blocked, id=23316, stack(0x000000314b200000,0x000000314b300000)]
  0x000001e02c0999d0 JavaThread "JNA Cleaner" daemon [_thread_blocked, id=22616, stack(0x000000314a400000,0x000000314a500000)]
  0x000001e02c098aa0 JavaThread "Worker-0: Synchronize Gradle projects with workspace" [_thread_in_native, id=22584, stack(0x000000314a500000,0x000000314a600000)]
  0x000001e02c099ee0 JavaThread "Worker-1: Initialize workspace" [_thread_in_vm, id=22548, stack(0x000000314b400000,0x000000314b500000)]
  0x000001e02c09a900 JavaThread "Worker-2" [_thread_blocked, id=22956, stack(0x000000314b700000,0x000000314b800000)]
  0x000001e02c09a3f0 JavaThread "Java indexing" daemon [_thread_blocked, id=2200, stack(0x000000314ba00000,0x000000314bb00000)]
  0x000001e02c098fb0 JavaThread "Thread-2" daemon [_thread_in_native, id=19692, stack(0x000000314bb00000,0x000000314bc00000)]
  0x000001e02c09ae10 JavaThread "Thread-3" daemon [_thread_in_native, id=23312, stack(0x000000314bc00000,0x000000314bd00000)]
  0x000001e02c098080 JavaThread "Thread-4" daemon [_thread_in_native, id=23308, stack(0x000000314bd00000,0x000000314be00000)]
  0x000001e02c098590 JavaThread "Thread-5" daemon [_thread_in_native, id=23304, stack(0x000000314be00000,0x000000314bf00000)]
  0x000001e02df450a0 JavaThread "Thread-6" daemon [_thread_in_native, id=23300, stack(0x000000314bf00000,0x000000314c000000)]
  0x000001e02df46f00 JavaThread "Thread-7" daemon [_thread_in_native, id=13840, stack(0x000000314c000000,0x000000314c100000)]
  0x000001e02df44680 JavaThread "Thread-8" daemon [_thread_in_native, id=18228, stack(0x000000314c100000,0x000000314c200000)]
  0x000001e02df48340 JavaThread "Thread-9" daemon [_thread_in_native, id=15080, stack(0x000000314c200000,0x000000314c300000)]
  0x000001e02df43240 JavaThread "Thread-10" daemon [_thread_in_native, id=20024, stack(0x000000314c300000,0x000000314c400000)]
  0x000001e02df42d30 JavaThread "Thread-11" daemon [_thread_in_native, id=18196, stack(0x000000314c400000,0x000000314c500000)]
  0x000001e02df42820 JavaThread "Thread-12" daemon [_thread_in_native, id=11412, stack(0x000000314c500000,0x000000314c600000)]
  0x000001e02df47410 JavaThread "Thread-13" daemon [_thread_in_native, id=14656, stack(0x000000314c600000,0x000000314c700000)]
  0x000001e02df464e0 JavaThread "Thread-14" daemon [_thread_in_native, id=20836, stack(0x000000314c700000,0x000000314c800000)]
  0x000001e02df455b0 JavaThread "Thread-15" daemon [_thread_in_native, id=5504, stack(0x000000314c800000,0x000000314c900000)]
  0x000001e02df43750 JavaThread "Thread-16" daemon [_thread_in_native, id=2536, stack(0x000000314c900000,0x000000314ca00000)]
  0x000001e02df42310 JavaThread "Thread-17" daemon [_thread_in_native, id=20648, stack(0x000000314ca00000,0x000000314cb00000)]
  0x000001e02df45fd0 JavaThread "Thread-18" daemon [_thread_in_native, id=18656, stack(0x000000314cb00000,0x000000314cc00000)]
  0x000001e02df45ac0 JavaThread "pool-2-thread-1" [_thread_blocked, id=19760, stack(0x000000314cc00000,0x000000314cd00000)]
  0x000001e02df47e30 JavaThread "WorkspaceEventsHandler" [_thread_blocked, id=23504, stack(0x000000314cd00000,0x000000314ce00000)]
  0x000001e02df469f0 JavaThread "pool-1-thread-1" [_thread_blocked, id=23488, stack(0x000000314ce00000,0x000000314cf00000)]
  0x000001e02df48850 JavaThread "Worker-3" [_thread_blocked, id=23480, stack(0x000000314cf00000,0x000000314d000000)]
  0x000001e02df418f0 JavaThread "Timer-0" [_thread_blocked, id=6396, stack(0x000000314d200000,0x000000314d300000)]
  0x000001e02df48d60 JavaThread "Timer-1" [_thread_blocked, id=23284, stack(0x000000314d300000,0x000000314d400000)]
  0x000001e02df44170 JavaThread "Timer-2" [_thread_blocked, id=17056, stack(0x000000314d500000,0x000000314d600000)]
  0x000001e02c09b830 JavaThread "Exec process" [_thread_blocked, id=21352, stack(0x000000314b800000,0x000000314b900000)]
  0x000001e030ca58f0 JavaThread "Exec process Thread 2" [_thread_blocked, id=23368, stack(0x000000314b900000,0x000000314ba00000)]
  0x000001e030ca8680 JavaThread "Exec process Thread 3" [_thread_blocked, id=23388, stack(0x000000314d000000,0x000000314d100000)]
  0x000001e030ca6820 JavaThread "Timer-3" [_thread_blocked, id=23532, stack(0x000000314d100000,0x000000314d200000)]
  0x000001e030ca4ed0 JavaThread "Timer-4" [_thread_blocked, id=23528, stack(0x000000314d400000,0x000000314d500000)]
  0x000001e030ca7240 JavaThread "Timer-5" [_thread_blocked, id=23508, stack(0x000000314d600000,0x000000314d700000)]
  0x000001e030caa9f0 JavaThread "Timer-6" [_thread_blocked, id=2104, stack(0x000000314d700000,0x000000314d800000)]
  0x000001e030cac850 JavaThread "Timer-7" [_thread_blocked, id=23492, stack(0x000000314d800000,0x000000314d900000)]
  0x000001e030ca7750 JavaThread "Timer-8" [_thread_blocked, id=23540, stack(0x000000314b500000,0x000000314b600000)]
  0x000001e030ca6310 JavaThread "Timer-9" [_thread_blocked, id=23352, stack(0x000000314de00000,0x000000314df00000)]
=>0x000001e02bb82bf0 JavaThread "C2 CompilerThread1" daemon [_thread_in_native, id=22660, stack(0x0000003149b00000,0x0000003149c00000)]
  0x000001e02bb84130 JavaThread "C2 CompilerThread2" daemon [_thread_blocked, id=22716, stack(0x0000003149c00000,0x0000003149d00000)]
  0x000001e02bb81c00 JavaThread "C2 CompilerThread3" daemon [_thread_blocked, id=22972, stack(0x000000314af00000,0x000000314b000000)]
  0x000001e02bb85bc0 JavaThread "C1 CompilerThread1" daemon [_thread_blocked, id=23320, stack(0x000000314b600000,0x000000314b700000)]
  0x000001e02bb7f180 JavaThread "C1 CompilerThread2" daemon [_thread_blocked, id=15108, stack(0x000000314d900000,0x000000314da00000)]
  0x000001e030ca6d30 JavaThread "ForkJoinPool.commonPool-worker-1" daemon [_thread_blocked, id=17816, stack(0x000000314da00000,0x000000314db00000)]

Other Threads:
  0x000001e028fcc910 VMThread "VM Thread" [stack: 0x0000003149000000,0x0000003149100000] [id=9812]
  0x000001e02afc7970 WatcherThread [stack: 0x000000314a000000,0x000000314a100000] [id=15052]
  0x000001e00fd81e10 GCTaskThread "GC Thread#0" [stack: 0x0000003148f00000,0x0000003149000000] [id=20948]
  0x000001e02b42b070 GCTaskThread "GC Thread#1" [stack: 0x0000003149d00000,0x0000003149e00000] [id=23084]
  0x000001e029228340 GCTaskThread "GC Thread#2" [stack: 0x0000003149e00000,0x0000003149f00000] [id=23088]
  0x000001e029228600 GCTaskThread "GC Thread#3" [stack: 0x000000314a100000,0x000000314a200000] [id=23092]
  0x000001e02b613930 GCTaskThread "GC Thread#4" [stack: 0x000000314a200000,0x000000314a300000] [id=23096]
  0x000001e02b613bf0 GCTaskThread "GC Thread#5" [stack: 0x000000314a300000,0x000000314a400000] [id=23100]
  0x000001e02b7e3290 GCTaskThread "GC Thread#6" [stack: 0x000000314aa00000,0x000000314ab00000] [id=23212]
  0x000001e02b78ac50 GCTaskThread "GC Thread#7" [stack: 0x000000314ab00000,0x000000314ac00000] [id=23216]
  0x000001e02bffac40 GCTaskThread "GC Thread#8" [stack: 0x000000314ad00000,0x000000314ae00000] [id=23236]
  0x000001e02bc624f0 GCTaskThread "GC Thread#9" [stack: 0x000000314a600000,0x000000314a700000] [id=23260]
  0x000001e02bc627b0 GCTaskThread "GC Thread#10" [stack: 0x000000314b000000,0x000000314b100000] [id=23264]
  0x000001e02c095800 GCTaskThread "GC Thread#11" [stack: 0x000000314b100000,0x000000314b200000] [id=23268]
  0x000001e02c096040 GCTaskThread "GC Thread#12" [stack: 0x000000314b300000,0x000000314b400000] [id=23452]

Threads with active compile tasks:
C2 CompilerThread0    21960 8143   !   4       sun.nio.fs.WindowsFileSystemProvider::isSameFile (180 bytes)
C2 CompilerThread1    21960 8217   !   4       org.eclipse.osgi.internal.loader.classpath.ClasspathManager::defineClass (636 bytes)
C1 CompilerThread2    21960 8345       3       org.eclipse.core.internal.resources.Container::members (55 bytes)

VM state: not at safepoint (normal execution)

VM Mutex/Monitor currently owned by a thread:  ([mutex/lock_event])
[0x000001e00fd65b00] SystemDictionary_lock - owner thread: 0x000001e02c099ee0
[0x000001e00fd67020] Compile_lock - owner thread: 0x000001e02c099ee0
[0x000001e00fd66d50] MethodCompileQueue_lock - owner thread: 0x000001e02901b450

Heap address: 0x00000000c0000000, size: 1024 MB, Compressed Oops mode: 32-bit

CDS archive(s) not mapped
Compressed class space mapped at: 0x0000000100000000-0x0000000140000000, reserved size: 1073741824
Narrow klass base: 0x0000000000000000, Narrow klass shift: 3, Narrow klass range: 0x140000000

GC Precious Log:
 CPUs: 16 total, 16 available
 Memory: 16088M
 Large Page Support: Disabled
 NUMA Support: Disabled
 Compressed Oops: Enabled (32-bit)
 Alignments: Space 512K, Generation 512K, Heap 2M
 Heap Min Capacity: 100M
 Heap Initial Capacity: 100M
 Heap Max Capacity: 1G
 Pre-touch: Disabled
 Parallel Workers: 13

Heap:
 PSYoungGen      total 13824K, used 1070K [0x00000000eab00000, 0x00000000eba00000, 0x0000000100000000)
  eden space 13312K, 4% used [0x00000000eab00000,0x00000000eab8b880,0x00000000eb800000)
  from space 512K, 100% used [0x00000000eb880000,0x00000000eb900000,0x00000000eb900000)
  to   space 1024K, 0% used [0x00000000eb900000,0x00000000eb900000,0x00000000eba00000)
 ParOldGen       total 68608K, used 43728K [0x00000000c0000000, 0x00000000c4300000, 0x00000000eab00000)
  object space 68608K, 63% used [0x00000000c0000000,0x00000000c2ab4200,0x00000000c4300000)
 Metaspace       used 70191K, committed 71360K, reserved 1114112K
  class space    used 8601K, committed 9088K, reserved 1048576K

Card table byte_map: [0x000001e00f720000,0x000001e00f930000] _byte_map_base: 0x000001e00f120000

Marking Bits: (ParMarkBitMap*) 0x00007ffc844858b0
 Begin Bits: [0x000001e021a00000, 0x000001e022a00000)
 End Bits:   [0x000001e022a00000, 0x000001e023a00000)

Polling page: 0x000001e00dd60000

Metaspace:

Usage:
  Non-class:     60.15 MB used.
      Class:      8.40 MB used.
       Both:     68.55 MB used.

Virtual space:
  Non-class space:       64.00 MB reserved,      60.81 MB ( 95%) committed,  1 nodes.
      Class space:        1.00 GB reserved,       8.88 MB ( <1%) committed,  1 nodes.
             Both:        1.06 GB reserved,      69.69 MB (  6%) committed. 

Chunk freelists:
   Non-Class:  2.41 MB
       Class:  7.00 MB
        Both:  9.41 MB

MaxMetaspaceSize: unlimited
CompressedClassSpaceSize: 1.00 GB
Initial GC threshold: 21.00 MB
Current GC threshold: 97.31 MB
CDS: off
MetaspaceReclaimPolicy: balanced
 - commit_granule_bytes: 65536.
 - commit_granule_words: 8192.
 - virtual_space_node_default_size: 8388608.
 - enlarge_chunks_in_place: 1.
 - new_chunks_are_fully_committed: 0.
 - uncommit_free_chunks: 1.
 - use_allocation_guard: 0.
 - handle_deallocations: 1.


Internal statistics:

num_allocs_failed_limit: 9.
num_arena_births: 796.
num_arena_deaths: 28.
num_vsnodes_births: 2.
num_vsnodes_deaths: 0.
num_space_committed: 1115.
num_space_uncommitted: 0.
num_chunks_returned_to_freelist: 41.
num_chunks_taken_from_freelist: 3500.
num_chunk_merges: 9.
num_chunk_splits: 2279.
num_chunks_enlarged: 1497.
num_inconsistent_stats: 0.

CodeHeap 'non-profiled nmethods': size=119168Kb used=5144Kb max_used=5144Kb free=114023Kb
 bounds [0x000001e01a5a0000, 0x000001e01aab0000, 0x000001e021a00000]
CodeHeap 'profiled nmethods': size=119104Kb used=13747Kb max_used=13747Kb free=105356Kb
 bounds [0x000001e012a00000, 0x000001e013770000, 0x000001e019e50000]
CodeHeap 'non-nmethods': size=7488Kb used=2450Kb max_used=3081Kb free=5038Kb
 bounds [0x000001e019e50000, 0x000001e01a160000, 0x000001e01a5a0000]
 total_blobs=7703 nmethods=7037 adapters=577
 compilation: enabled
              stopped_count=0, restarted_count=0
 full_count=0

Compilation events (20 events):
Event: 21.873 Thread 0x000001e02901f930 nmethod 8335 0x000001e013769310 code [0x000001e013769500, 0x000001e013769aa8]
Event: 21.873 Thread 0x000001e02bb85bc0 nmethod 8333 0x000001e013769d10 code [0x000001e013769f20, 0x000001e01376a688]
Event: 21.874 Thread 0x000001e02bb81c00 8337       4       com.sun.jna.Memory::getInt (14 bytes)
Event: 21.875 Thread 0x000001e02bb7f180 8339       3       java.lang.invoke.MemberName::equals (24 bytes)
Event: 21.875 Thread 0x000001e02bb7f180 nmethod 8339 0x000001e01376aa10 code [0x000001e01376abc0, 0x000001e01376af68]
Event: 21.875 Thread 0x000001e02bb81c00 nmethod 8337 0x000001e01aa98090 code [0x000001e01aa98220, 0x000001e01aa98328]
Event: 21.875 Thread 0x000001e02bb81c00 8338       4       com.sun.jna.Pointer::getInt (10 bytes)
Event: 21.876 Thread 0x000001e02bb81c00 nmethod 8338 0x000001e01aa98490 code [0x000001e01aa98620, 0x000001e01aa986c8]
Event: 21.876 Thread 0x000001e02901f930 8340       3       org.eclipse.lsp4j.jsonrpc.json.adapters.TypeUtils::isTwoTuple (39 bytes)
Event: 21.878 Thread 0x000001e02901f930 nmethod 8340 0x000001e01376b010 code [0x000001e01376b200, 0x000001e01376b8c8]
Event: 21.885 Thread 0x000001e02bb85bc0 8341       1       org.eclipse.lsp4j.jsonrpc.messages.Message::setJsonHandler (6 bytes)
Event: 21.885 Thread 0x000001e02bb85bc0 nmethod 8341 0x000001e01aa98790 code [0x000001e01aa98920, 0x000001e01aa989f8]
Event: 21.885 Thread 0x000001e02901f930 8342       3       com.google.gson.stream.JsonWriter::openScope (19 bytes)
Event: 21.885 Thread 0x000001e02bb7f180 8343       3       com.google.gson.stream.JsonWriter::closeScope (95 bytes)
Event: 21.886 Thread 0x000001e02901f930 nmethod 8342 0x000001e01376ba10 code [0x000001e01376bbc0, 0x000001e01376be28]
Event: 21.886 Thread 0x000001e02bb7f180 nmethod 8343 0x000001e01376bf90 code [0x000001e01376c220, 0x000001e01376ccd8]
Event: 21.898 Thread 0x000001e02bb84130 nmethod 8312 0x000001e01aa98a90 code [0x000001e01aa98d00, 0x000001e01aa9b888]
Event: 21.900 Thread 0x000001e02bb7f180 8344       3       org.eclipse.core.internal.resources.Container::isLocal (75 bytes)
Event: 21.901 Thread 0x000001e02bb7f180 nmethod 8344 0x000001e01376d110 code [0x000001e01376d300, 0x000001e01376d998]
Event: 21.924 Thread 0x000001e02bb7f180 8345       3       org.eclipse.core.internal.resources.Container::members (55 bytes)

GC Heap History (20 events):
Event: 9.576 GC heap before
{Heap before GC invocations=51 (full 3):
 PSYoungGen      total 14848K, used 13568K [0x00000000eab00000, 0x00000000eba80000, 0x0000000100000000)
  eden space 13312K, 100% used [0x00000000eab00000,0x00000000eb800000,0x00000000eb800000)
  from space 1536K, 16% used [0x00000000eb800000,0x00000000eb840000,0x00000000eb980000)
  to   space 512K, 0% used [0x00000000eba00000,0x00000000eba00000,0x00000000eba80000)
 ParOldGen       total 68608K, used 40999K [0x00000000c0000000, 0x00000000c4300000, 0x00000000eab00000)
  object space 68608K, 59% used [0x00000000c0000000,0x00000000c2809c68,0x00000000c4300000)
 Metaspace       used 66642K, committed 67776K, reserved 1114112K
  class space    used 8151K, committed 8704K, reserved 1048576K
}
Event: 9.577 GC heap after
{Heap after GC invocations=51 (full 3):
 PSYoungGen      total 13824K, used 503K [0x00000000eab00000, 0x00000000ebb00000, 0x0000000100000000)
  eden space 13312K, 0% used [0x00000000eab00000,0x00000000eab00000,0x00000000eb800000)
  from space 512K, 98% used [0x00000000eba00000,0x00000000eba7dc80,0x00000000eba80000)
  to   space 1536K, 0% used [0x00000000eb800000,0x00000000eb800000,0x00000000eb980000)
 ParOldGen       total 68608K, used 41831K [0x00000000c0000000, 0x00000000c4300000, 0x00000000eab00000)
  object space 68608K, 60% used [0x00000000c0000000,0x00000000c28d9ca0,0x00000000c4300000)
 Metaspace       used 66642K, committed 67776K, reserved 1114112K
  class space    used 8151K, committed 8704K, reserved 1048576K
}
Event: 9.632 GC heap before
{Heap before GC invocations=52 (full 3):
 PSYoungGen      total 13824K, used 13815K [0x00000000eab00000, 0x00000000ebb00000, 0x0000000100000000)
  eden space 13312K, 100% used [0x00000000eab00000,0x00000000eb800000,0x00000000eb800000)
  from space 512K, 98% used [0x00000000eba00000,0x00000000eba7dc80,0x00000000eba80000)
  to   space 1536K, 0% used [0x00000000eb800000,0x00000000eb800000,0x00000000eb980000)
 ParOldGen       total 68608K, used 41831K [0x00000000c0000000, 0x00000000c4300000, 0x00000000eab00000)
  object space 68608K, 60% used [0x00000000c0000000,0x00000000c28d9ca0,0x00000000c4300000)
 Metaspace       used 66759K, committed 67968K, reserved 1114112K
  class space    used 8170K, committed 8704K, reserved 1048576K
}
Event: 9.632 GC heap after
{Heap after GC invocations=52 (full 3):
 PSYoungGen      total 14848K, used 384K [0x00000000eab00000, 0x00000000eba80000, 0x0000000100000000)
  eden space 13312K, 0% used [0x00000000eab00000,0x00000000eab00000,0x00000000eb800000)
  from space 1536K, 25% used [0x00000000eb800000,0x00000000eb860000,0x00000000eb980000)
  to   space 1024K, 0% used [0x00000000eb980000,0x00000000eb980000,0x00000000eba80000)
 ParOldGen       total 68608K, used 41887K [0x00000000c0000000, 0x00000000c4300000, 0x00000000eab00000)
  object space 68608K, 61% used [0x00000000c0000000,0x00000000c28e7ca0,0x00000000c4300000)
 Metaspace       used 66759K, committed 67968K, reserved 1114112K
  class space    used 8170K, committed 8704K, reserved 1048576K
}
Event: 10.212 GC heap before
{Heap before GC invocations=53 (full 3):
 PSYoungGen      total 14848K, used 13696K [0x00000000eab00000, 0x00000000eba80000, 0x0000000100000000)
  eden space 13312K, 100% used [0x00000000eab00000,0x00000000eb800000,0x00000000eb800000)
  from space 1536K, 25% used [0x00000000eb800000,0x00000000eb860000,0x00000000eb980000)
  to   space 1024K, 0% used [0x00000000eb980000,0x00000000eb980000,0x00000000eba80000)
 ParOldGen       total 68608K, used 41887K [0x00000000c0000000, 0x00000000c4300000, 0x00000000eab00000)
  object space 68608K, 61% used [0x00000000c0000000,0x00000000c28e7ca0,0x00000000c4300000)
 Metaspace       used 68488K, committed 69632K, reserved 1114112K
  class space    used 8408K, committed 8960K, reserved 1048576K
}
Event: 10.214 GC heap after
{Heap after GC invocations=53 (full 3):
 PSYoungGen      total 14336K, used 768K [0x00000000eab00000, 0x00000000eba80000, 0x0000000100000000)
  eden space 13312K, 0% used [0x00000000eab00000,0x00000000eab00000,0x00000000eb800000)
  from space 1024K, 75% used [0x00000000eb980000,0x00000000eba40000,0x00000000eba80000)
  to   space 1024K, 0% used [0x00000000eb880000,0x00000000eb880000,0x00000000eb980000)
 ParOldGen       total 68608K, used 42031K [0x00000000c0000000, 0x00000000c4300000, 0x00000000eab00000)
  object space 68608K, 61% used [0x00000000c0000000,0x00000000c290bca0,0x00000000c4300000)
 Metaspace       used 68488K, committed 69632K, reserved 1114112K
  class space    used 8408K, committed 8960K, reserved 1048576K
}
Event: 10.673 GC heap before
{Heap before GC invocations=54 (full 3):
 PSYoungGen      total 14336K, used 14080K [0x00000000eab00000, 0x00000000eba80000, 0x0000000100000000)
  eden space 13312K, 100% used [0x00000000eab00000,0x00000000eb800000,0x00000000eb800000)
  from space 1024K, 75% used [0x00000000eb980000,0x00000000eba40000,0x00000000eba80000)
  to   space 1024K, 0% used [0x00000000eb880000,0x00000000eb880000,0x00000000eb980000)
 ParOldGen       total 68608K, used 42031K [0x00000000c0000000, 0x00000000c4300000, 0x00000000eab00000)
  object space 68608K, 61% used [0x00000000c0000000,0x00000000c290bca0,0x00000000c4300000)
 Metaspace       used 68698K, committed 69824K, reserved 1114112K
  class space    used 8421K, committed 8960K, reserved 1048576K
}
Event: 10.674 GC heap after
{Heap after GC invocations=54 (full 3):
 PSYoungGen      total 13824K, used 416K [0x00000000eab00000, 0x00000000eba00000, 0x0000000100000000)
  eden space 13312K, 0% used [0x00000000eab00000,0x00000000eab00000,0x00000000eb800000)
  from space 512K, 81% used [0x00000000eb880000,0x00000000eb8e8000,0x00000000eb900000)
  to   space 1024K, 0% used [0x00000000eb900000,0x00000000eb900000,0x00000000eba00000)
 ParOldGen       total 68608K, used 42683K [0x00000000c0000000, 0x00000000c4300000, 0x00000000eab00000)
  object space 68608K, 62% used [0x00000000c0000000,0x00000000c29aecf0,0x00000000c4300000)
 Metaspace       used 68698K, committed 69824K, reserved 1114112K
  class space    used 8421K, committed 8960K, reserved 1048576K
}
Event: 10.779 GC heap before
{Heap before GC invocations=55 (full 3):
 PSYoungGen      total 13824K, used 13728K [0x00000000eab00000, 0x00000000eba00000, 0x0000000100000000)
  eden space 13312K, 100% used [0x00000000eab00000,0x00000000eb800000,0x00000000eb800000)
  from space 512K, 81% used [0x00000000eb880000,0x00000000eb8e8000,0x00000000eb900000)
  to   space 1024K, 0% used [0x00000000eb900000,0x00000000eb900000,0x00000000eba00000)
 ParOldGen       total 68608K, used 42683K [0x00000000c0000000, 0x00000000c4300000, 0x00000000eab00000)
  object space 68608K, 62% used [0x00000000c0000000,0x00000000c29aecf0,0x00000000c4300000)
 Metaspace       used 68761K, committed 69888K, reserved 1114112K
  class space    used 8432K, committed 8960K, reserved 1048576K
}
Event: 10.780 GC heap after
{Heap after GC invocations=55 (full 3):
 PSYoungGen      total 13824K, used 384K [0x00000000eab00000, 0x00000000eb980000, 0x0000000100000000)
  eden space 13312K, 0% used [0x00000000eab00000,0x00000000eab00000,0x00000000eb800000)
  from space 512K, 75% used [0x00000000eb900000,0x00000000eb960010,0x00000000eb980000)
  to   space 512K, 0% used [0x00000000eb880000,0x00000000eb880000,0x00000000eb900000)
 ParOldGen       total 68608K, used 42811K [0x00000000c0000000, 0x00000000c4300000, 0x00000000eab00000)
  object space 68608K, 62% used [0x00000000c0000000,0x00000000c29cecf0,0x00000000c4300000)
 Metaspace       used 68761K, committed 69888K, reserved 1114112K
  class space    used 8432K, committed 8960K, reserved 1048576K
}
Event: 15.247 GC heap before
{Heap before GC invocations=56 (full 3):
 PSYoungGen      total 13824K, used 13696K [0x00000000eab00000, 0x00000000eb980000, 0x0000000100000000)
  eden space 13312K, 100% used [0x00000000eab00000,0x00000000eb800000,0x00000000eb800000)
  from space 512K, 75% used [0x00000000eb900000,0x00000000eb960010,0x00000000eb980000)
  to   space 512K, 0% used [0x00000000eb880000,0x00000000eb880000,0x00000000eb900000)
 ParOldGen       total 68608K, used 42811K [0x00000000c0000000, 0x00000000c4300000, 0x00000000eab00000)
  object space 68608K, 62% used [0x00000000c0000000,0x00000000c29cecf0,0x00000000c4300000)
 Metaspace       used 69115K, committed 70272K, reserved 1114112K
  class space    used 8489K, committed 9024K, reserved 1048576K
}
Event: 15.248 GC heap after
{Heap after GC invocations=56 (full 3):
 PSYoungGen      total 13824K, used 505K [0x00000000eab00000, 0x00000000eba00000, 0x0000000100000000)
  eden space 13312K, 0% used [0x00000000eab00000,0x00000000eab00000,0x00000000eb800000)
  from space 512K, 98% used [0x00000000eb880000,0x00000000eb8fe4b0,0x00000000eb900000)
  to   space 1024K, 0% used [0x00000000eb900000,0x00000000eb900000,0x00000000eba00000)
 ParOldGen       total 68608K, used 43011K [0x00000000c0000000, 0x00000000c4300000, 0x00000000eab00000)
  object space 68608K, 62% used [0x00000000c0000000,0x00000000c2a00d00,0x00000000c4300000)
 Metaspace       used 69115K, committed 70272K, reserved 1114112K
  class space    used 8489K, committed 9024K, reserved 1048576K
}
Event: 16.063 GC heap before
{Heap before GC invocations=57 (full 3):
 PSYoungGen      total 13824K, used 13817K [0x00000000eab00000, 0x00000000eba00000, 0x0000000100000000)
  eden space 13312K, 100% used [0x00000000eab00000,0x00000000eb800000,0x00000000eb800000)
  from space 512K, 98% used [0x00000000eb880000,0x00000000eb8fe4b0,0x00000000eb900000)
  to   space 1024K, 0% used [0x00000000eb900000,0x00000000eb900000,0x00000000eba00000)
 ParOldGen       total 68608K, used 43011K [0x00000000c0000000, 0x00000000c4300000, 0x00000000eab00000)
  object space 68608K, 62% used [0x00000000c0000000,0x00000000c2a00d00,0x00000000c4300000)
 Metaspace       used 69153K, committed 70336K, reserved 1114112K
  class space    used 8489K, committed 9024K, reserved 1048576K
}
Event: 16.065 GC heap after
{Heap after GC invocations=57 (full 3):
 PSYoungGen      total 13824K, used 192K [0x00000000eab00000, 0x00000000eb980000, 0x0000000100000000)
  eden space 13312K, 0% used [0x00000000eab00000,0x00000000eab00000,0x00000000eb800000)
  from space 512K, 37% used [0x00000000eb900000,0x00000000eb930000,0x00000000eb980000)
  to   space 512K, 0% used [0x00000000eb880000,0x00000000eb880000,0x00000000eb900000)
 ParOldGen       total 68608K, used 43456K [0x00000000c0000000, 0x00000000c4300000, 0x00000000eab00000)
  object space 68608K, 63% used [0x00000000c0000000,0x00000000c2a70200,0x00000000c4300000)
 Metaspace       used 69153K, committed 70336K, reserved 1114112K
  class space    used 8489K, committed 9024K, reserved 1048576K
}
Event: 21.405 GC heap before
{Heap before GC invocations=58 (full 3):
 PSYoungGen      total 13824K, used 13504K [0x00000000eab00000, 0x00000000eb980000, 0x0000000100000000)
  eden space 13312K, 100% used [0x00000000eab00000,0x00000000eb800000,0x00000000eb800000)
  from space 512K, 37% used [0x00000000eb900000,0x00000000eb930000,0x00000000eb980000)
  to   space 512K, 0% used [0x00000000eb880000,0x00000000eb880000,0x00000000eb900000)
 ParOldGen       total 68608K, used 43456K [0x00000000c0000000, 0x00000000c4300000, 0x00000000eab00000)
  object space 68608K, 63% used [0x00000000c0000000,0x00000000c2a70200,0x00000000c4300000)
 Metaspace       used 69234K, committed 70336K, reserved 1114112K
  class space    used 8502K, committed 9024K, reserved 1048576K
}
Event: 21.406 GC heap after
{Heap after GC invocations=58 (full 3):
 PSYoungGen      total 13824K, used 416K [0x00000000eab00000, 0x00000000eb980000, 0x0000000100000000)
  eden space 13312K, 0% used [0x00000000eab00000,0x00000000eab00000,0x00000000eb800000)
  from space 512K, 81% used [0x00000000eb880000,0x00000000eb8e8000,0x00000000eb900000)
  to   space 512K, 0% used [0x00000000eb900000,0x00000000eb900000,0x00000000eb980000)
 ParOldGen       total 68608K, used 43504K [0x00000000c0000000, 0x00000000c4300000, 0x00000000eab00000)
  object space 68608K, 63% used [0x00000000c0000000,0x00000000c2a7c200,0x00000000c4300000)
 Metaspace       used 69234K, committed 70336K, reserved 1114112K
  class space    used 8502K, committed 9024K, reserved 1048576K
}
Event: 21.566 GC heap before
{Heap before GC invocations=59 (full 3):
 PSYoungGen      total 13824K, used 13728K [0x00000000eab00000, 0x00000000eb980000, 0x0000000100000000)
  eden space 13312K, 100% used [0x00000000eab00000,0x00000000eb800000,0x00000000eb800000)
  from space 512K, 81% used [0x00000000eb880000,0x00000000eb8e8000,0x00000000eb900000)
  to   space 512K, 0% used [0x00000000eb900000,0x00000000eb900000,0x00000000eb980000)
 ParOldGen       total 68608K, used 43504K [0x00000000c0000000, 0x00000000c4300000, 0x00000000eab00000)
  object space 68608K, 63% used [0x00000000c0000000,0x00000000c2a7c200,0x00000000c4300000)
 Metaspace       used 69237K, committed 70336K, reserved 1114112K
  class space    used 8502K, committed 9024K, reserved 1048576K
}
Event: 21.569 GC heap after
{Heap after GC invocations=59 (full 3):
 PSYoungGen      total 13824K, used 160K [0x00000000eab00000, 0x00000000eb980000, 0x0000000100000000)
  eden space 13312K, 0% used [0x00000000eab00000,0x00000000eab00000,0x00000000eb800000)
  from space 512K, 31% used [0x00000000eb900000,0x00000000eb928000,0x00000000eb980000)
  to   space 512K, 0% used [0x00000000eb880000,0x00000000eb880000,0x00000000eb900000)
 ParOldGen       total 68608K, used 43656K [0x00000000c0000000, 0x00000000c4300000, 0x00000000eab00000)
  object space 68608K, 63% used [0x00000000c0000000,0x00000000c2aa2200,0x00000000c4300000)
 Metaspace       used 69237K, committed 70336K, reserved 1114112K
  class space    used 8502K, committed 9024K, reserved 1048576K
}
Event: 21.892 GC heap before
{Heap before GC invocations=60 (full 3):
 PSYoungGen      total 13824K, used 13472K [0x00000000eab00000, 0x00000000eb980000, 0x0000000100000000)
  eden space 13312K, 100% used [0x00000000eab00000,0x00000000eb800000,0x00000000eb800000)
  from space 512K, 31% used [0x00000000eb900000,0x00000000eb928000,0x00000000eb980000)
  to   space 512K, 0% used [0x00000000eb880000,0x00000000eb880000,0x00000000eb900000)
 ParOldGen       total 68608K, used 43656K [0x00000000c0000000, 0x00000000c4300000, 0x00000000eab00000)
  object space 68608K, 63% used [0x00000000c0000000,0x00000000c2aa2200,0x00000000c4300000)
 Metaspace       used 70158K, committed 71296K, reserved 1114112K
  class space    used 8598K, committed 9088K, reserved 1048576K
}
Event: 21.894 GC heap after
{Heap after GC invocations=60 (full 3):
 PSYoungGen      total 13824K, used 512K [0x00000000eab00000, 0x00000000eba00000, 0x0000000100000000)
  eden space 13312K, 0% used [0x00000000eab00000,0x00000000eab00000,0x00000000eb800000)
  from space 512K, 100% used [0x00000000eb880000,0x00000000eb900000,0x00000000eb900000)
  to   space 1024K, 0% used [0x00000000eb900000,0x00000000eb900000,0x00000000eba00000)
 ParOldGen       total 68608K, used 43728K [0x00000000c0000000, 0x00000000c4300000, 0x00000000eab00000)
  object space 68608K, 63% used [0x00000000c0000000,0x00000000c2ab4200,0x00000000c4300000)
 Metaspace       used 70158K, committed 71296K, reserved 1114112K
  class space    used 8598K, committed 9088K, reserved 1048576K
}

Dll operation events (15 events):
Event: 0.012 Loaded shared library c:\Users\tarun\.vscode\extensions\redhat.java-1.35.0-win32-x64\jre\17.0.12-win32-x86_64\bin\java.dll
Event: 0.261 Loaded shared library c:\Users\tarun\.vscode\extensions\redhat.java-1.35.0-win32-x64\jre\17.0.12-win32-x86_64\bin\zip.dll
Event: 0.267 Loaded shared library C:\Users\tarun\.vscode\extensions\redhat.java-1.35.0-win32-x64\jre\17.0.12-win32-x86_64\bin\instrument.dll
Event: 0.285 Loaded shared library C:\Users\tarun\.vscode\extensions\redhat.java-1.35.0-win32-x64\jre\17.0.12-win32-x86_64\bin\net.dll
Event: 0.288 Loaded shared library C:\Users\tarun\.vscode\extensions\redhat.java-1.35.0-win32-x64\jre\17.0.12-win32-x86_64\bin\nio.dll
Event: 0.297 Loaded shared library C:\Users\tarun\.vscode\extensions\redhat.java-1.35.0-win32-x64\jre\17.0.12-win32-x86_64\bin\zip.dll
Event: 0.320 Loaded shared library C:\Users\tarun\.vscode\extensions\redhat.java-1.35.0-win32-x64\jre\17.0.12-win32-x86_64\bin\jimage.dll
Event: 0.408 Loaded shared library c:\Users\tarun\.vscode\extensions\redhat.java-1.35.0-win32-x64\jre\17.0.12-win32-x86_64\bin\verify.dll
Event: 1.746 Loaded shared library C:\Users\tarun\AppData\Roaming\Code\User\globalStorage\redhat.java\1.35.0\config_win\org.eclipse.equinox.launcher\org.eclipse.equinox.launcher.win32.win32.x86_64_1.2.1100.v20240722-2106\eclipse_11904.dll
Event: 3.116 Loaded shared library C:\Users\tarun\AppData\Local\Temp\jna-110131454\jna13364415293285436112.dll
Event: 7.089 Loaded shared library C:\Users\tarun\.gradle\native\c067742578af261105cb4f569cf0c3c89f3d7b1fecec35dd04571415982c5e48\windows-amd64\native-platform.dll
Event: 7.763 Loaded shared library C:\Users\tarun\.vscode\extensions\redhat.java-1.35.0-win32-x64\jre\17.0.12-win32-x86_64\bin\management.dll
Event: 7.766 Loaded shared library C:\Users\tarun\.vscode\extensions\redhat.java-1.35.0-win32-x64\jre\17.0.12-win32-x86_64\bin\management_ext.dll
Event: 9.732 Loaded shared library C:\Users\tarun\.vscode\extensions\redhat.java-1.35.0-win32-x64\jre\17.0.12-win32-x86_64\bin\extnet.dll
Event: 9.784 Loaded shared library C:\Users\tarun\.vscode\extensions\redhat.java-1.35.0-win32-x64\jre\17.0.12-win32-x86_64\bin\sunmscapi.dll

Deoptimization events (20 events):
Event: 21.706 Thread 0x000001e02df469f0 DEOPT PACKING pc=0x000001e01a76eae8 sp=0x000000314cefdbe0
Event: 21.706 Thread 0x000001e02df469f0 DEOPT UNPACKING pc=0x000001e019ea66a3 sp=0x000000314cefdb90 mode 2
Event: 21.708 Thread 0x000001e02df469f0 Uncommon trap: trap_request=0xffffffc6 fr.pc=0x000001e01aa89354 relative=0x0000000000000974
Event: 21.708 Thread 0x000001e02df469f0 Uncommon trap: reason=bimorphic_or_optimized_type_check action=maybe_recompile pc=0x000001e01aa89354 method=java.util.Comparator.lambda$thenComparing$36697e65$1(Ljava/util/Comparator;Ljava/lang/Object;Ljava/lang/Object;)I @ 23 c2
Event: 21.708 Thread 0x000001e02df469f0 DEOPT PACKING pc=0x000001e01aa89354 sp=0x000000314cefdb10
Event: 21.708 Thread 0x000001e02df469f0 DEOPT UNPACKING pc=0x000001e019ea66a3 sp=0x000000314cefda48 mode 2
Event: 21.830 Thread 0x000001e02c099ee0 DEOPT PACKING pc=0x000001e01361b9c7 sp=0x000000314b4fe6d0
Event: 21.830 Thread 0x000001e02c099ee0 DEOPT UNPACKING pc=0x000001e019ea6e43 sp=0x000000314b4fdbe8 mode 0
Event: 21.850 Thread 0x000001e02c099ee0 Uncommon trap: trap_request=0xffffff45 fr.pc=0x000001e01a9c38f8 relative=0x0000000000000158
Event: 21.850 Thread 0x000001e02c099ee0 Uncommon trap: reason=unstable_if action=reinterpret pc=0x000001e01a9c38f8 method=java.net.URI.decode(Ljava/lang/String;Z)Ljava/lang/String; @ 23 c2
Event: 21.850 Thread 0x000001e02c099ee0 DEOPT PACKING pc=0x000001e01a9c38f8 sp=0x000000314b4fdf50
Event: 21.850 Thread 0x000001e02c099ee0 DEOPT UNPACKING pc=0x000001e019ea66a3 sp=0x000000314b4fdea0 mode 2
Event: 21.851 Thread 0x000001e02c099ee0 Uncommon trap: trap_request=0xffffff45 fr.pc=0x000001e01a9cbe78 relative=0x0000000000000798
Event: 21.851 Thread 0x000001e02c099ee0 Uncommon trap: reason=unstable_if action=reinterpret pc=0x000001e01a9cbe78 method=java.net.URI.quote(Ljava/lang/String;JJ)Ljava/lang/String; @ 56 c2
Event: 21.851 Thread 0x000001e02c099ee0 DEOPT PACKING pc=0x000001e01a9cbe78 sp=0x000000314b4fdf50
Event: 21.851 Thread 0x000001e02c099ee0 DEOPT UNPACKING pc=0x000001e019ea66a3 sp=0x000000314b4fde78 mode 2
Event: 21.865 Thread 0x000001e030ca6d30 Uncommon trap: trap_request=0xffffff45 fr.pc=0x000001e01a7f2674 relative=0x0000000000000074
Event: 21.865 Thread 0x000001e030ca6d30 Uncommon trap: reason=unstable_if action=reinterpret pc=0x000001e01a7f2674 method=org.eclipse.jdt.ls.core.internal.CancellableProgressMonitor.isCanceled()Z @ 13 c2
Event: 21.865 Thread 0x000001e030ca6d30 DEOPT PACKING pc=0x000001e01a7f2674 sp=0x000000314dafead0
Event: 21.865 Thread 0x000001e030ca6d30 DEOPT UNPACKING pc=0x000001e019ea66a3 sp=0x000000314dafea68 mode 2

Classes loaded (20 events):
Event: 21.823 Loading class java/util/stream/ReduceOps$5
Event: 21.823 Loading class java/util/stream/ReduceOps$5 done
Event: 21.824 Loading class java/util/stream/ReduceOps$CountingSink$OfRef
Event: 21.824 Loading class java/util/stream/ReduceOps$CountingSink
Event: 21.824 Loading class java/util/stream/ReduceOps$CountingSink done
Event: 21.824 Loading class java/util/stream/ReduceOps$CountingSink$OfRef done
Event: 21.829 Loading class java/util/stream/ReduceOps$1
Event: 21.829 Loading class java/util/stream/ReduceOps$1 done
Event: 21.829 Loading class java/util/stream/ReduceOps$1ReducingSink
Event: 21.829 Loading class java/util/stream/ReduceOps$1ReducingSink done
Event: 21.858 Loading class java/util/concurrent/CompletableFuture$UniApply
Event: 21.858 Loading class java/util/concurrent/CompletableFuture$UniCompletion
Event: 21.858 Loading class java/util/concurrent/CompletableFuture$UniCompletion done
Event: 21.858 Loading class java/util/concurrent/CompletableFuture$UniApply done
Event: 21.859 Loading class java/util/concurrent/ForkJoinPool$DefaultCommonPoolForkJoinWorkerThreadFactory$1
Event: 21.860 Loading class java/util/concurrent/ForkJoinPool$DefaultCommonPoolForkJoinWorkerThreadFactory$1 done
Event: 21.862 Loading class java/util/concurrent/CompletableFuture$UniAccept
Event: 21.862 Loading class java/util/concurrent/CompletableFuture$UniAccept done
Event: 21.862 Loading class java/util/concurrent/CompletableFuture$UniExceptionally
Event: 21.863 Loading class java/util/concurrent/CompletableFuture$UniExceptionally done

Classes unloaded (14 events):
Event: 4.316 Thread 0x000001e028fcc910 Unloading class 0x0000000100250400 'java/lang/invoke/LambdaForm$MH+0x0000000100250400'
Event: 4.316 Thread 0x000001e028fcc910 Unloading class 0x0000000100250000 'java/lang/invoke/LambdaForm$MH+0x0000000100250000'
Event: 4.316 Thread 0x000001e028fcc910 Unloading class 0x000000010024fc00 'java/lang/invoke/LambdaForm$MH+0x000000010024fc00'
Event: 4.316 Thread 0x000001e028fcc910 Unloading class 0x000000010024f800 'java/lang/invoke/LambdaForm$MH+0x000000010024f800'
Event: 4.316 Thread 0x000001e028fcc910 Unloading class 0x000000010024f400 'java/lang/invoke/LambdaForm$BMH+0x000000010024f400'
Event: 4.316 Thread 0x000001e028fcc910 Unloading class 0x000000010024f000 'java/lang/invoke/LambdaForm$DMH+0x000000010024f000'
Event: 4.316 Thread 0x000001e028fcc910 Unloading class 0x000000010024c400 'java/lang/invoke/LambdaForm$DMH+0x000000010024c400'
Event: 7.843 Thread 0x000001e028fcc910 Unloading class 0x000000010044e800 'java/lang/invoke/LambdaForm$MH+0x000000010044e800'
Event: 7.843 Thread 0x000001e028fcc910 Unloading class 0x000000010044dc00 'java/lang/invoke/LambdaForm$MH+0x000000010044dc00'
Event: 7.843 Thread 0x000001e028fcc910 Unloading class 0x000000010044d800 'java/lang/invoke/LambdaForm$MH+0x000000010044d800'
Event: 7.843 Thread 0x000001e028fcc910 Unloading class 0x000000010044d000 'java/lang/invoke/LambdaForm$MH+0x000000010044d000'
Event: 7.843 Thread 0x000001e028fcc910 Unloading class 0x000000010044c800 'java/lang/invoke/LambdaForm$DMH+0x000000010044c800'
Event: 7.843 Thread 0x000001e028fcc910 Unloading class 0x000000010044bc00 'java/lang/invoke/LambdaForm$MH+0x000000010044bc00'
Event: 7.843 Thread 0x000001e028fcc910 Unloading class 0x000000010044b400 'java/lang/invoke/LambdaForm$MH+0x000000010044b400'

Classes redefined (0 events):
No events

Internal exceptions (20 events):
Event: 21.516 Thread 0x000001e02c09a900 Exception <a 'sun/nio/fs/WindowsException'{0x00000000eb327878}> (0x00000000eb327878) 
thrown [s\src\hotspot\share\prims\jni.cpp, line 516]
Event: 21.516 Thread 0x000001e02c09a900 Exception <a 'sun/nio/fs/WindowsException'{0x00000000eb32c840}> (0x00000000eb32c840) 
thrown [s\src\hotspot\share\prims\jni.cpp, line 516]
Event: 21.516 Thread 0x000001e02c09a900 Exception <a 'sun/nio/fs/WindowsException'{0x00000000eb332fb0}> (0x00000000eb332fb0) 
thrown [s\src\hotspot\share\prims\jni.cpp, line 516]
Event: 21.516 Thread 0x000001e02c09a900 Exception <a 'sun/nio/fs/WindowsException'{0x00000000eb3381e0}> (0x00000000eb3381e0) 
thrown [s\src\hotspot\share\prims\jni.cpp, line 516]
Event: 21.666 Thread 0x000001e02df469f0 Implicit null exception at 0x000001e01a8ff9ef to 0x000001e01a8ffe6c
Event: 21.666 Thread 0x000001e02df469f0 Exception <a 'sun/nio/fs/WindowsException'{0x00000000eaf316d8}> (0x00000000eaf316d8) 
thrown [s\src\hotspot\share\prims\jni.cpp, line 516]
Event: 21.666 Thread 0x000001e02df469f0 Exception <a 'sun/nio/fs/WindowsException'{0x00000000eaf31f98}> (0x00000000eaf31f98) 
thrown [s\src\hotspot\share\prims\jni.cpp, line 516]
Event: 21.667 Thread 0x000001e02df469f0 Exception <a 'sun/nio/fs/WindowsException'{0x00000000eaf3e9b8}> (0x00000000eaf3e9b8) 
thrown [s\src\hotspot\share\prims\jni.cpp, line 516]
Event: 21.668 Thread 0x000001e02df469f0 Exception <a 'sun/nio/fs/WindowsException'{0x00000000eaf3f238}> (0x00000000eaf3f238) 
thrown [s\src\hotspot\share\prims\jni.cpp, line 516]
Event: 21.713 Thread 0x000001e02df469f0 Exception <a 'sun/nio/fs/WindowsException'{0x00000000eb118500}> (0x00000000eb118500) 
thrown [s\src\hotspot\share\prims\jni.cpp, line 516]
Event: 21.714 Thread 0x000001e02df469f0 Exception <a 'sun/nio/fs/WindowsException'{0x00000000eb119260}> (0x00000000eb119260) 
thrown [s\src\hotspot\share\prims\jni.cpp, line 516]
Event: 21.715 Thread 0x000001e02df469f0 Exception <a 'sun/nio/fs/WindowsException'{0x00000000eb136860}> (0x00000000eb136860) 
thrown [s\src\hotspot\share\prims\jni.cpp, line 516]
Event: 21.715 Thread 0x000001e02df469f0 Exception <a 'sun/nio/fs/WindowsException'{0x00000000eb137388}> (0x00000000eb137388) 
thrown [s\src\hotspot\share\prims\jni.cpp, line 516]
Event: 21.715 Thread 0x000001e02df469f0 Exception <a 'sun/nio/fs/WindowsException'{0x00000000eb146438}> (0x00000000eb146438) 
thrown [s\src\hotspot\share\prims\jni.cpp, line 516]
Event: 21.716 Thread 0x000001e02df469f0 Exception <a 'sun/nio/fs/WindowsException'{0x00000000eb147028}> (0x00000000eb147028) 
thrown [s\src\hotspot\share\prims\jni.cpp, line 516]
Event: 21.721 Thread 0x000001e02df469f0 Exception <a 'sun/nio/fs/WindowsException'{0x00000000eb180400}> (0x00000000eb180400) 
thrown [s\src\hotspot\share\prims\jni.cpp, line 516]
Event: 21.721 Thread 0x000001e02df469f0 Exception <a 'sun/nio/fs/WindowsException'{0x00000000eb18b840}> (0x00000000eb18b840) 
thrown [s\src\hotspot\share\prims\jni.cpp, line 516]
Event: 21.722 Thread 0x000001e02df469f0 Exception <a 'sun/nio/fs/WindowsException'{0x00000000eb190bc0}> (0x00000000eb190bc0) 
thrown [s\src\hotspot\share\prims\jni.cpp, line 516]
Event: 21.722 Thread 0x000001e02df469f0 Exception <a 'sun/nio/fs/WindowsException'{0x00000000eb1914e8}> (0x00000000eb1914e8) 
thrown [s\src\hotspot\share\prims\jni.cpp, line 516]
Event: 21.858 Thread 0x000001e02c099ee0 Exception <a 'java/lang/NoSuchMethodError'{0x00000000eb635c40}: 'java.lang.Object java.lang.invoke.DirectMethodHandle$Holder.invokeStatic(java.lang.Object, java.lang.Object, int, java.lang.Object)'> (0x00000000eb635c40) 
thrown [s\src\hotspot\share\interpreter\linkResolver.cpp, line 759]

VM Operations (20 events):
Event: 15.246 Executing VM operation: ParallelGCFailedAllocation
Event: 15.248 Executing VM operation: ParallelGCFailedAllocation done
Event: 16.063 Executing VM operation: ParallelGCFailedAllocation
Event: 16.065 Executing VM operation: ParallelGCFailedAllocation done
Event: 17.066 Executing VM operation: Cleanup
Event: 17.066 Executing VM operation: Cleanup done
Event: 18.066 Executing VM operation: Cleanup
Event: 18.066 Executing VM operation: Cleanup done
Event: 21.071 Executing VM operation: Cleanup
Event: 21.071 Executing VM operation: Cleanup done
Event: 21.405 Executing VM operation: ParallelGCFailedAllocation
Event: 21.406 Executing VM operation: ParallelGCFailedAllocation done
Event: 21.566 Executing VM operation: ParallelGCFailedAllocation
Event: 21.569 Executing VM operation: ParallelGCFailedAllocation done
Event: 21.733 Executing VM operation: HandshakeAllThreads
Event: 21.733 Executing VM operation: HandshakeAllThreads done
Event: 21.735 Executing VM operation: HandshakeAllThreads
Event: 21.736 Executing VM operation: HandshakeAllThreads done
Event: 21.892 Executing VM operation: ParallelGCFailedAllocation
Event: 21.894 Executing VM operation: ParallelGCFailedAllocation done

Events (20 events):
Event: 14.991 Thread 0x000001e030ca7c60 Thread added: 0x000001e030ca7c60
Event: 14.991 Thread 0x000001e030cac340 Thread exited: 0x000001e030cac340
Event: 15.189 Thread 0x000001e02bb85670 Thread exited: 0x000001e02bb85670
Event: 15.200 Thread 0x000001e02bb7e190 Thread exited: 0x000001e02bb7e190
Event: 15.200 Thread 0x000001e02bb82bf0 Thread exited: 0x000001e02bb82bf0
Event: 15.204 Thread 0x000001e02bb806c0 Thread exited: 0x000001e02bb806c0
Event: 15.204 Thread 0x000001e02bb80170 Thread exited: 0x000001e02bb80170
Event: 15.204 Thread 0x000001e02bb84bd0 Thread exited: 0x000001e02bb84bd0
Event: 15.757 Thread 0x000001e02bb7fc20 Thread exited: 0x000001e02bb7fc20
Event: 16.477 Thread 0x000001e02bb81160 Thread exited: 0x000001e02bb81160
Event: 17.818 Thread 0x000001e02bb826a0 Thread exited: 0x000001e02bb826a0
Event: 21.343 Thread 0x000001e030ca7c60 Thread exited: 0x000001e030ca7c60
Event: 21.346 Thread 0x000001e030ca6d30 Thread exited: 0x000001e030ca6d30
Event: 21.350 Thread 0x000001e02bb82bf0 Thread added: 0x000001e02bb82bf0
Event: 21.351 Thread 0x000001e02bb84130 Thread added: 0x000001e02bb84130
Event: 21.353 Thread 0x000001e02bb81c00 Thread added: 0x000001e02bb81c00
Event: 21.380 Thread 0x000001e030cabe30 Thread exited: 0x000001e030cabe30
Event: 21.800 Thread 0x000001e02bb85bc0 Thread added: 0x000001e02bb85bc0
Event: 21.801 Thread 0x000001e02bb7f180 Thread added: 0x000001e02bb7f180
Event: 21.861 Thread 0x000001e030ca6d30 Thread added: 0x000001e030ca6d30


Dynamic libraries:
0x00007ff64da30000 - 0x00007ff64da3e000 	c:\Users\tarun\.vscode\extensions\redhat.java-1.35.0-win32-x64\jre\17.0.12-win32-x86_64\bin\java.exe
0x00007ffd06a50000 - 0x00007ffd06c67000 	C:\WINDOWS\SYSTEM32\ntdll.dll
0x00007ffd060d0000 - 0x00007ffd06194000 	C:\WINDOWS\System32\KERNEL32.DLL
0x00007ffd043c0000 - 0x00007ffd04777000 	C:\WINDOWS\System32\KERNELBASE.dll
0x00007ffd042a0000 - 0x00007ffd043b1000 	C:\WINDOWS\System32\ucrtbase.dll
0x00007ffce6220000 - 0x00007ffce623b000 	c:\Users\tarun\.vscode\extensions\redhat.java-1.35.0-win32-x64\jre\17.0.12-win32-x86_64\bin\VCRUNTIME140.dll
0x00007ffce62b0000 - 0x00007ffce62c7000 	c:\Users\tarun\.vscode\extensions\redhat.java-1.35.0-win32-x64\jre\17.0.12-win32-x86_64\bin\jli.dll
0x00007ffd06750000 - 0x00007ffd068ff000 	C:\WINDOWS\System32\USER32.dll
0x00007ffd03e00000 - 0x00007ffd03e26000 	C:\WINDOWS\System32\win32u.dll
0x00007ffce9a10000 - 0x00007ffce9ca3000 	C:\WINDOWS\WinSxS\amd64_microsoft.windows.common-controls_6595b64144ccf1df_6.0.22621.3672_none_2713b9d173822955\COMCTL32.dll
0x00007ffd05620000 - 0x00007ffd05649000 	C:\WINDOWS\System32\GDI32.dll
0x00007ffd05fb0000 - 0x00007ffd06057000 	C:\WINDOWS\System32\msvcrt.dll
0x00007ffd03ea0000 - 0x00007ffd03fb8000 	C:\WINDOWS\System32\gdi32full.dll
0x00007ffd03d60000 - 0x00007ffd03dfa000 	C:\WINDOWS\System32\msvcp_win.dll
0x00007ffd06310000 - 0x00007ffd06341000 	C:\WINDOWS\System32\IMM32.DLL
0x00007ffcfbb90000 - 0x00007ffcfbb9c000 	c:\Users\tarun\.vscode\extensions\redhat.java-1.35.0-win32-x64\jre\17.0.12-win32-x86_64\bin\vcruntime140_1.dll
0x00007ffcd07f0000 - 0x00007ffcd087d000 	c:\Users\tarun\.vscode\extensions\redhat.java-1.35.0-win32-x64\jre\17.0.12-win32-x86_64\bin\msvcp140.dll
0x00007ffc838e0000 - 0x00007ffc8454a000 	c:\Users\tarun\.vscode\extensions\redhat.java-1.35.0-win32-x64\jre\17.0.12-win32-x86_64\bin\server\jvm.dll
0x00007ffd05120000 - 0x00007ffd051d2000 	C:\WINDOWS\System32\ADVAPI32.dll
0x00007ffd05070000 - 0x00007ffd05118000 	C:\WINDOWS\System32\sechost.dll
0x00007ffd04040000 - 0x00007ffd04068000 	C:\WINDOWS\System32\bcrypt.dll
0x00007ffd05750000 - 0x00007ffd05864000 	C:\WINDOWS\System32\RPCRT4.dll
0x00007ffd06650000 - 0x00007ffd066c1000 	C:\WINDOWS\System32\WS2_32.dll
0x00007ffcf7230000 - 0x00007ffcf723a000 	C:\WINDOWS\SYSTEM32\VERSION.dll
0x00007ffd02c10000 - 0x00007ffd02c5d000 	C:\WINDOWS\SYSTEM32\POWRPROF.dll
0x00007ffcfdae0000 - 0x00007ffcfdb14000 	C:\WINDOWS\SYSTEM32\WINMM.dll
0x00007ffd02bf0000 - 0x00007ffd02c03000 	C:\WINDOWS\SYSTEM32\UMPDC.dll
0x00007ffd02ea0000 - 0x00007ffd02eb8000 	C:\WINDOWS\SYSTEM32\kernel.appcore.dll
0x00007ffcfaad0000 - 0x00007ffcfaada000 	c:\Users\tarun\.vscode\extensions\redhat.java-1.35.0-win32-x64\jre\17.0.12-win32-x86_64\bin\jimage.dll
0x00007ffd010f0000 - 0x00007ffd01322000 	C:\WINDOWS\SYSTEM32\DBGHELP.DLL
0x00007ffd05290000 - 0x00007ffd0561e000 	C:\WINDOWS\System32\combase.dll
0x00007ffd063c0000 - 0x00007ffd06497000 	C:\WINDOWS\System32\OLEAUT32.dll
0x00007ffcfe410000 - 0x00007ffcfe442000 	C:\WINDOWS\SYSTEM32\dbgcore.DLL
0x00007ffd03fc0000 - 0x00007ffd0403b000 	C:\WINDOWS\System32\bcryptPrimitives.dll
0x00007ffcfbc70000 - 0x00007ffcfbc7e000 	c:\Users\tarun\.vscode\extensions\redhat.java-1.35.0-win32-x64\jre\17.0.12-win32-x86_64\bin\instrument.dll
0x00007ffcdbc80000 - 0x00007ffcdbca5000 	c:\Users\tarun\.vscode\extensions\redhat.java-1.35.0-win32-x64\jre\17.0.12-win32-x86_64\bin\java.dll
0x00007ffce6060000 - 0x00007ffce6078000 	c:\Users\tarun\.vscode\extensions\redhat.java-1.35.0-win32-x64\jre\17.0.12-win32-x86_64\bin\zip.dll
0x00007ffd04780000 - 0x00007ffd04fe9000 	C:\WINDOWS\System32\SHELL32.dll
0x00007ffd01c90000 - 0x00007ffd0258f000 	C:\WINDOWS\SYSTEM32\windows.storage.dll
0x00007ffd01b50000 - 0x00007ffd01c8f000 	C:\WINDOWS\SYSTEM32\wintypes.dll
0x00007ffd06900000 - 0x00007ffd069f9000 	C:\WINDOWS\System32\SHCORE.dll
0x00007ffd06350000 - 0x00007ffd063ae000 	C:\WINDOWS\System32\shlwapi.dll
0x00007ffd03c90000 - 0x00007ffd03cb7000 	C:\WINDOWS\SYSTEM32\profapi.dll
0x00007ffce3f80000 - 0x00007ffce3f99000 	C:\Users\tarun\.vscode\extensions\redhat.java-1.35.0-win32-x64\jre\17.0.12-win32-x86_64\bin\net.dll
0x00007ffcff440000 - 0x00007ffcff576000 	C:\WINDOWS\SYSTEM32\WINHTTP.dll
0x00007ffd03310000 - 0x00007ffd03379000 	C:\WINDOWS\system32\mswsock.dll
0x00007ffce3ee0000 - 0x00007ffce3ef6000 	C:\Users\tarun\.vscode\extensions\redhat.java-1.35.0-win32-x64\jre\17.0.12-win32-x86_64\bin\nio.dll
0x00007ffcfbbe0000 - 0x00007ffcfbbf0000 	c:\Users\tarun\.vscode\extensions\redhat.java-1.35.0-win32-x64\jre\17.0.12-win32-x86_64\bin\verify.dll
0x00007ffcd30d0000 - 0x00007ffcd3115000 	C:\Users\tarun\AppData\Roaming\Code\User\globalStorage\redhat.java\1.35.0\config_win\org.eclipse.equinox.launcher\org.eclipse.equinox.launcher.win32.win32.x86_64_1.2.1100.v20240722-2106\eclipse_11904.dll
0x00007ffd064a0000 - 0x00007ffd06645000 	C:\WINDOWS\System32\ole32.dll
0x00007ffd03560000 - 0x00007ffd0357b000 	C:\WINDOWS\SYSTEM32\CRYPTSP.dll
0x00007ffd02e00000 - 0x00007ffd02e35000 	C:\WINDOWS\system32\rsaenh.dll
0x00007ffd03400000 - 0x00007ffd03428000 	C:\WINDOWS\SYSTEM32\USERENV.dll
0x00007ffd03580000 - 0x00007ffd0358c000 	C:\WINDOWS\SYSTEM32\CRYPTBASE.dll
0x00007ffd02870000 - 0x00007ffd0289d000 	C:\WINDOWS\SYSTEM32\IPHLPAPI.DLL
0x00007ffd063b0000 - 0x00007ffd063b9000 	C:\WINDOWS\System32\NSI.dll
0x00007ffcff370000 - 0x00007ffcff389000 	C:\WINDOWS\SYSTEM32\dhcpcsvc6.DLL
0x00007ffcff350000 - 0x00007ffcff36f000 	C:\WINDOWS\SYSTEM32\dhcpcsvc.DLL
0x00007ffd028e0000 - 0x00007ffd029e2000 	C:\WINDOWS\SYSTEM32\DNSAPI.dll
0x00007ffce7190000 - 0x00007ffce71d9000 	C:\Users\tarun\AppData\Local\Temp\jna-110131454\jna13364415293285436112.dll
0x00007ffd06300000 - 0x00007ffd06308000 	C:\WINDOWS\System32\PSAPI.DLL
0x00007ffc86590000 - 0x00007ffc865b7000 	C:\Users\tarun\.gradle\native\c067742578af261105cb4f569cf0c3c89f3d7b1fecec35dd04571415982c5e48\windows-amd64\native-platform.dll
0x00007ffcf3c10000 - 0x00007ffcf3c19000 	C:\Users\tarun\.vscode\extensions\redhat.java-1.35.0-win32-x64\jre\17.0.12-win32-x86_64\bin\management.dll
0x00007ffcf3c00000 - 0x00007ffcf3c0b000 	C:\Users\tarun\.vscode\extensions\redhat.java-1.35.0-win32-x64\jre\17.0.12-win32-x86_64\bin\management_ext.dll
0x00007ffcfd120000 - 0x00007ffcfd129000 	C:\Users\tarun\.vscode\extensions\redhat.java-1.35.0-win32-x64\jre\17.0.12-win32-x86_64\bin\extnet.dll
0x00007ffce86e0000 - 0x00007ffce86ee000 	C:\Users\tarun\.vscode\extensions\redhat.java-1.35.0-win32-x64\jre\17.0.12-win32-x86_64\bin\sunmscapi.dll
0x00007ffd04130000 - 0x00007ffd04296000 	C:\WINDOWS\System32\CRYPT32.dll
0x00007ffd03700000 - 0x00007ffd0372e000 	C:\WINDOWS\SYSTEM32\ncrypt.dll
0x00007ffd036c0000 - 0x00007ffd036f7000 	C:\WINDOWS\SYSTEM32\NTASN1.dll
0x00007ffcc2f20000 - 0x00007ffcc2f28000 	C:\WINDOWS\system32\wshunix.dll

dbghelp: loaded successfully - version: 4.0.5 - missing functions: none
symbol engine: initialized successfully - sym options: 0x614 - pdb path: .;c:\Users\tarun\.vscode\extensions\redhat.java-1.35.0-win32-x64\jre\17.0.12-win32-x86_64\bin;C:\WINDOWS\SYSTEM32;C:\WINDOWS\WinSxS\amd64_microsoft.windows.common-controls_6595b64144ccf1df_6.0.22621.3672_none_2713b9d173822955;c:\Users\tarun\.vscode\extensions\redhat.java-1.35.0-win32-x64\jre\17.0.12-win32-x86_64\bin\server;C:\Users\tarun\AppData\Roaming\Code\User\globalStorage\redhat.java\1.35.0\config_win\org.eclipse.equinox.launcher\org.eclipse.equinox.launcher.win32.win32.x86_64_1.2.1100.v20240722-2106;C:\Users\tarun\AppData\Local\Temp\jna-110131454;C:\Users\tarun\.gradle\native\c067742578af261105cb4f569cf0c3c89f3d7b1fecec35dd04571415982c5e48\windows-amd64

VM Arguments:
jvm_args: --add-modules=ALL-SYSTEM --add-opens=java.base/java.util=ALL-UNNAMED --add-opens=java.base/java.lang=ALL-UNNAMED --add-opens=java.base/sun.nio.fs=ALL-UNNAMED -Declipse.application=org.eclipse.jdt.ls.core.id1 -Dosgi.bundles.defaultStartLevel=4 -Declipse.product=org.eclipse.jdt.ls.core.product -Djava.import.generatesMetadataFilesAtProjectRoot=false -DDetectVMInstallationsJob.disabled=true -Dfile.encoding=utf8 -XX:+UseParallelGC -XX:GCTimeRatio=4 -XX:AdaptiveSizePolicyWeight=90 -Dsun.zip.disableMemoryMapping=true -Xmx1G -Xms100m -Xlog:disable -javaagent:c:\Users\tarun\.vscode\extensions\redhat.java-1.35.0-win32-x64\lombok\lombok-1.18.33.jar -XX:+HeapDumpOnOutOfMemoryError -XX:HeapDumpPath=c:\Users\tarun\AppData\Roaming\Code\User\workspaceStorage\3e039541554babdccf2a8c9dffd2df79\redhat.java -Daether.dependencyCollector.impl=bf 
java_command: c:\Users\tarun\.vscode\extensions\redhat.java-1.35.0-win32-x64\server\plugins\org.eclipse.equinox.launcher_1.6.900.v20240613-2009.jar -configuration c:\Users\tarun\AppData\Roaming\Code\User\globalStorage\redhat.java\1.35.0\config_win -data c:\Users\tarun\AppData\Roaming\Code\User\workspaceStorage\3e039541554babdccf2a8c9dffd2df79\redhat.java\jdt_ws --pipe=\\.\pipe\lsp-2bb93188afacef28dbc0faa1d30fc8c1-sock
java_class_path (initial): c:\Users\tarun\.vscode\extensions\redhat.java-1.35.0-win32-x64\server\plugins\org.eclipse.equinox.launcher_1.6.900.v20240613-2009.jar
Launcher Type: SUN_STANDARD

[Global flags]
    uintx AdaptiveSizePolicyWeight                 = 90                                        {product} {command line}
     intx CICompilerCount                          = 12                                        {product} {ergonomic}
    uintx GCTimeRatio                              = 4                                         {product} {command line}
     bool HeapDumpOnOutOfMemoryError               = true                                   {manageable} {command line}
    ccstr HeapDumpPath                             = c:\Users\tarun\AppData\Roaming\Code\User\workspaceStorage\3e039541554babdccf2a8c9dffd2df79\redhat.java         {manageable} {command line}
   size_t InitialHeapSize                          = 104857600                                 {product} {command line}
   size_t MaxHeapSize                              = 1073741824                                {product} {command line}
   size_t MaxNewSize                               = 357564416                                 {product} {ergonomic}
   size_t MinHeapDeltaBytes                        = 524288                                    {product} {ergonomic}
   size_t MinHeapSize                              = 104857600                                 {product} {command line}
   size_t NewSize                                  = 34603008                                  {product} {ergonomic}
    uintx NonNMethodCodeHeapSize                   = 7602480                                {pd product} {ergonomic}
    uintx NonProfiledCodeHeapSize                  = 122027880                              {pd product} {ergonomic}
   size_t OldSize                                  = 70254592                                  {product} {ergonomic}
    uintx ProfiledCodeHeapSize                     = 122027880                              {pd product} {ergonomic}
    uintx ReservedCodeCacheSize                    = 251658240                              {pd product} {ergonomic}
     bool SegmentedCodeCache                       = true                                      {product} {ergonomic}
   size_t SoftMaxHeapSize                          = 1073741824                             {manageable} {ergonomic}
     bool UseCompressedClassPointers               = true                           {product lp64_product} {ergonomic}
     bool UseCompressedOops                        = true                           {product lp64_product} {ergonomic}
     bool UseLargePagesIndividualAllocation        = false                                  {pd product} {ergonomic}
     bool UseParallelGC                            = true                                      {product} {command line}

Logging:
Log output configuration:
 #0: stdout all=off uptime,level,tags
 #1: stderr all=off uptime,level,tags

Environment Variables:
JAVA_HOME=C:\Program Files\Microsoft\jdk-17.0.12.7-hotspot\
PATH=C:\Program Files\Microsoft\jdk-17.0.12.7-hotspot\bin;C:\Program Files\Common Files\Oracle\Java\javapath;C:\WINDOWS\system32;C:\WINDOWS;C:\WINDOWS\System32\Wbem;C:\WINDOWS\System32\WindowsPowerShell\v1.0\;C:\WINDOWS\System32\OpenSSH\;C:\Program Files\NVIDIA Corporation\NVIDIA NvDLISR;C:\Program Files (x86)\NVIDIA Corporation\PhysX\Common;C:\ProgramData\chocolatey\bin;C:\Program Files\nodejs\;C:\Program Files\Git\cmd;C:\Program Files\dotnet\;C:\Users\tarun\.console-ninja\.bin;C:\Users\tarun\AppData\Local\Microsoft\WindowsApps;C:\Users\tarun\AppData\Local\Programs\Microsoft VS Code\bin;C:\Users\tarun\AppData\Roaming\npm;C:\Users\tarun\AppData\Local\Android\Sdk;C:\Users\tarun\AppData\Local\Android\Sdk\platform-tools;C:\php-8.3.11;C:\Users\tarun\.dotnet\tools
USERNAME=tarun
OS=Windows_NT
PROCESSOR_IDENTIFIER=Intel64 Family 6 Model 154 Stepping 3, GenuineIntel
TMP=C:\Users\tarun\AppData\Local\Temp
TEMP=C:\Users\tarun\AppData\Local\Temp



Periodic native trim disabled


---------------  S Y S T E M  ---------------

OS:
 Windows 11 , 64 bit Build 22621 (10.0.22621.3958)
OS uptime: 0 days 3:13 hours
Hyper-V role detected

CPU: total 16 (initial active 16) (8 cores per cpu, 2 threads per core) family 6 model 154 stepping 3 microcode 0x42a, cx8, cmov, fxsr, ht, mmx, 3dnowpref, sse, sse2, sse3, ssse3, sse4.1, sse4.2, popcnt, lzcnt, tsc, tscinvbit, avx, avx2, aes, erms, clmul, bmi1, bmi2, adx, sha, fma, vzeroupper, clflush, clflushopt, clwb, hv
Processor Information for processor 0
  Max Mhz: 1700, Current Mhz: 1700, Mhz Limit: 1700
Processor Information for processor 1
  Max Mhz: 1700, Current Mhz: 1700, Mhz Limit: 1700
Processor Information for processor 2
  Max Mhz: 1700, Current Mhz: 1700, Mhz Limit: 1700
Processor Information for processor 3
  Max Mhz: 1700, Current Mhz: 1700, Mhz Limit: 1700
Processor Information for processor 4
  Max Mhz: 1700, Current Mhz: 1700, Mhz Limit: 1700
Processor Information for processor 5
  Max Mhz: 1700, Current Mhz: 1700, Mhz Limit: 1700
Processor Information for processor 6
  Max Mhz: 1700, Current Mhz: 1700, Mhz Limit: 1700
Processor Information for processor 7
  Max Mhz: 1700, Current Mhz: 1700, Mhz Limit: 1700
Processor Information for processor 8
  Max Mhz: 1700, Current Mhz: 1200, Mhz Limit: 1190
Processor Information for processor 9
  Max Mhz: 1700, Current Mhz: 1200, Mhz Limit: 1190
Processor Information for processor 10
  Max Mhz: 1700, Current Mhz: 1200, Mhz Limit: 1190
Processor Information for processor 11
  Max Mhz: 1700, Current Mhz: 1200, Mhz Limit: 1190
Processor Information for processor 12
  Max Mhz: 1700, Current Mhz: 1200, Mhz Limit: 1190
Processor Information for processor 13
  Max Mhz: 1700, Current Mhz: 1200, Mhz Limit: 1190
Processor Information for processor 14
  Max Mhz: 1700, Current Mhz: 1200, Mhz Limit: 1190
Processor Information for processor 15
  Max Mhz: 1700, Current Mhz: 1200, Mhz Limit: 1190

Memory: 4k page, system-wide physical 16088M (4066M free)
TotalPageFile size 16088M (AvailPageFile size 4M)
current process WorkingSet (physical memory assigned to process): 267M, peak: 292M
current process commit charge ("private bytes"): 351M, peak: 380M

vm_info: OpenJDK 64-Bit Server VM (17.0.12+7) for windows-amd64 JRE (17.0.12+7), built on Jul 16 2024 22:08:24 by "admin" with MS VC++ 16.10 / 16.11 (VS2019)

END.
